Building DAG of jobs...
Using shell: /bin/bash
Provided cluster nodes: 1000
Job counts:
	count	jobs
	36	ExtractProxySnps
	2	FindProxySnps
	39	Harmonize
	42	MrPresso
	1	all
	43	html_Report
	163

[Tue Dec 11 17:23:13 2018]
rule ExtractProxySnps:
    input: 3_Scripts/ExtractProxySNPs.R, 1_RawData/GWAS/audit_GWAS.Processed.gz, 2_DerivedData/hdl/audit/hdl_5e-8_audit_SNPs.txt, 2_DerivedData/hdl/audit/hdl_5e-8_audit_Proxys.txt
    output: 2_DerivedData/hdl/audit/hdl_5e-8_audit_ProxySNPs.txt, 2_DerivedData/hdl/audit/hdl_5e-8_audit_MatchedProxys.csv
    jobid: 515
    wildcards: ExposureCode=hdl, OutcomeCode=audit, Pthreshold=5e-8


[Tue Dec 11 17:23:14 2018]
rule ExtractProxySnps:
    input: 3_Scripts/ExtractProxySNPs.R, 1_RawData/GWAS/audit_GWAS.Processed.gz, 2_DerivedData/educ/audit/educ_5e-8_audit_SNPs.txt, 2_DerivedData/educ/audit/educ_5e-8_audit_Proxys.txt
    output: 2_DerivedData/educ/audit/educ_5e-8_audit_ProxySNPs.txt, 2_DerivedData/educ/audit/educ_5e-8_audit_MatchedProxys.csv
    jobid: 316
    wildcards: ExposureCode=educ, OutcomeCode=audit, Pthreshold=5e-8


[Tue Dec 11 17:23:15 2018]
rule ExtractProxySnps:
    input: 3_Scripts/ExtractProxySNPs.R, 1_RawData/GWAS/audit_GWAS.Processed.gz, 2_DerivedData/dbp/audit/dbp_5e-6_audit_SNPs.txt, 2_DerivedData/dbp/audit/dbp_5e-6_audit_Proxys.txt
    output: 2_DerivedData/dbp/audit/dbp_5e-6_audit_ProxySNPs.txt, 2_DerivedData/dbp/audit/dbp_5e-6_audit_MatchedProxys.csv
    jobid: 317
    wildcards: ExposureCode=dbp, OutcomeCode=audit, Pthreshold=5e-6


[Tue Dec 11 17:23:16 2018]
rule ExtractProxySnps:
    input: 3_Scripts/ExtractProxySNPs.R, 1_RawData/GWAS/audit_GWAS.Processed.gz, 2_DerivedData/dep/audit/dep_5e-6_audit_SNPs.txt, 2_DerivedData/dep/audit/dep_5e-6_audit_Proxys.txt
    output: 2_DerivedData/dep/audit/dep_5e-6_audit_ProxySNPs.txt, 2_DerivedData/dep/audit/dep_5e-6_audit_MatchedProxys.csv
    jobid: 556
    wildcards: ExposureCode=dep, OutcomeCode=audit, Pthreshold=5e-6


[Tue Dec 11 17:23:17 2018]
rule ExtractProxySnps:
    input: 3_Scripts/ExtractProxySNPs.R, 1_RawData/GWAS/audit_GWAS.Processed.gz, 2_DerivedData/fish/audit/fish_5e-6_audit_SNPs.txt, 2_DerivedData/fish/audit/fish_5e-6_audit_Proxys.txt
    output: 2_DerivedData/fish/audit/fish_5e-6_audit_ProxySNPs.txt, 2_DerivedData/fish/audit/fish_5e-6_audit_MatchedProxys.csv
    jobid: 357
    wildcards: ExposureCode=fish, OutcomeCode=audit, Pthreshold=5e-6


[Tue Dec 11 17:23:18 2018]
rule ExtractProxySnps:
    input: 3_Scripts/ExtractProxySNPs.R, 1_RawData/GWAS/audit_GWAS.Processed.gz, 2_DerivedData/sociso/audit/sociso_5e-8_audit_SNPs.txt, 2_DerivedData/sociso/audit/sociso_5e-8_audit_Proxys.txt
    output: 2_DerivedData/sociso/audit/sociso_5e-8_audit_ProxySNPs.txt, 2_DerivedData/sociso/audit/sociso_5e-8_audit_MatchedProxys.csv
    jobid: 431
    wildcards: ExposureCode=sociso, OutcomeCode=audit, Pthreshold=5e-8


[Tue Dec 11 17:23:19 2018]
rule ExtractProxySnps:
    input: 3_Scripts/ExtractProxySNPs.R, 1_RawData/GWAS/audit_GWAS.Processed.gz, 2_DerivedData/pp/audit/pp_5e-8_audit_SNPs.txt, 2_DerivedData/pp/audit/pp_5e-8_audit_Proxys.txt
    output: 2_DerivedData/pp/audit/pp_5e-8_audit_ProxySNPs.txt, 2_DerivedData/pp/audit/pp_5e-8_audit_MatchedProxys.csv
    jobid: 408
    wildcards: ExposureCode=pp, OutcomeCode=audit, Pthreshold=5e-8


[Tue Dec 11 17:23:20 2018]
rule MrPresso:
    input: 3_Scripts/MRPRESSO.R, 2_DerivedData/sleep/alcd/sleep_5e-8_alcd_MRdat.csv
    output: 2_DerivedData/sleep/alcd/sleep_5e-8_alcd_mrpresso.txt, 2_DerivedData/sleep/alcd/sleep_5e-8_alcd_mrpresso_global.txt, 2_DerivedData/sleep/alcd/sleep_5e-8_alcd_mrpresso_MRdat.csv
    jobid: 427
    wildcards: ExposureCode=sleep, OutcomeCode=alcd, Pthreshold=5e-8


[Tue Dec 11 17:23:21 2018]
rule ExtractProxySnps:
    input: 3_Scripts/ExtractProxySNPs.R, 1_RawData/GWAS/audit_GWAS.Processed.gz, 2_DerivedData/hear/audit/hear_5e-6_audit_SNPs.txt, 2_DerivedData/hear/audit/hear_5e-6_audit_Proxys.txt
    output: 2_DerivedData/hear/audit/hear_5e-6_audit_ProxySNPs.txt, 2_DerivedData/hear/audit/hear_5e-6_audit_MatchedProxys.csv
    jobid: 436
    wildcards: ExposureCode=hear, OutcomeCode=audit, Pthreshold=5e-6


[Tue Dec 11 17:23:22 2018]
rule Harmonize:
    input: 3_Scripts/DataHarmonization.R, 2_DerivedData/evrsmk/evrsmk_5e-8_SNPs.txt, 2_DerivedData/evrsmk/alcc/evrsmk_5e-8_alcc_ProxySNPs.txt
    output: 2_DerivedData/evrsmk/alcc/evrsmk_5e-8_alcc_MRdat.csv
    jobid: 674
    wildcards: ExposureCode=evrsmk, OutcomeCode=alcc, Pthreshold=5e-8


[Tue Dec 11 17:23:23 2018]
rule ExtractProxySnps:
    input: 3_Scripts/ExtractProxySNPs.R, 1_RawData/GWAS/audit_GWAS.Processed.gz, 2_DerivedData/mvpa/audit/mvpa_5e-6_audit_SNPs.txt, 2_DerivedData/mvpa/audit/mvpa_5e-6_audit_Proxys.txt
    output: 2_DerivedData/mvpa/audit/mvpa_5e-6_audit_ProxySNPs.txt, 2_DerivedData/mvpa/audit/mvpa_5e-6_audit_MatchedProxys.csv
    jobid: 432
    wildcards: ExposureCode=mvpa, OutcomeCode=audit, Pthreshold=5e-6


[Tue Dec 11 17:23:24 2018]
rule ExtractProxySnps:
    input: 3_Scripts/ExtractProxySNPs.R, 1_RawData/GWAS/audit_GWAS.Processed.gz, 2_DerivedData/bmi/audit/bmi_5e-8_audit_SNPs.txt, 2_DerivedData/bmi/audit/bmi_5e-8_audit_Proxys.txt
    output: 2_DerivedData/bmi/audit/bmi_5e-8_audit_ProxySNPs.txt, 2_DerivedData/bmi/audit/bmi_5e-8_audit_MatchedProxys.csv
    jobid: 503
    wildcards: ExposureCode=bmi, OutcomeCode=audit, Pthreshold=5e-8


[Tue Dec 11 17:23:25 2018]
localrule FindProxySnps:
    input: 3_Scripts/FindProxySNPs.R, 2_DerivedData/mvpa/alcd/mvpa_5e-8_alcd_SNPs.txt
    output: 2_DerivedData/mvpa/alcd/mvpa_5e-8_alcd_Proxys.txt
    jobid: 837
    wildcards: ExposureCode=mvpa, OutcomeCode=alcd, Pthreshold=5e-8


[Tue Dec 11 17:23:26 2018]
rule ExtractProxySnps:
    input: 3_Scripts/ExtractProxySNPs.R, 1_RawData/GWAS/audit_GWAS.Processed.gz, 2_DerivedData/fish/audit/fish_5e-8_audit_SNPs.txt, 2_DerivedData/fish/audit/fish_5e-8_audit_Proxys.txt
    output: 2_DerivedData/fish/audit/fish_5e-8_audit_ProxySNPs.txt, 2_DerivedData/fish/audit/fish_5e-8_audit_MatchedProxys.csv
    jobid: 198
    wildcards: ExposureCode=fish, OutcomeCode=audit, Pthreshold=5e-8


[Tue Dec 11 17:23:27 2018]
rule ExtractProxySnps:
    input: 3_Scripts/ExtractProxySNPs.R, 1_RawData/GWAS/audit_GWAS.Processed.gz, 2_DerivedData/dep/audit/dep_5e-8_audit_SNPs.txt, 2_DerivedData/dep/audit/dep_5e-8_audit_Proxys.txt
    output: 2_DerivedData/dep/audit/dep_5e-8_audit_ProxySNPs.txt, 2_DerivedData/dep/audit/dep_5e-8_audit_MatchedProxys.csv
    jobid: 365
    wildcards: ExposureCode=dep, OutcomeCode=audit, Pthreshold=5e-8


[Tue Dec 11 17:23:28 2018]
rule MrPresso:
    input: 3_Scripts/MRPRESSO.R, 2_DerivedData/sleep/audit/sleep_5e-8_audit_MRdat.csv
    output: 2_DerivedData/sleep/audit/sleep_5e-8_audit_mrpresso.txt, 2_DerivedData/sleep/audit/sleep_5e-8_audit_mrpresso_global.txt, 2_DerivedData/sleep/audit/sleep_5e-8_audit_mrpresso_MRdat.csv
    jobid: 236
    wildcards: ExposureCode=sleep, OutcomeCode=audit, Pthreshold=5e-8


[Tue Dec 11 17:23:29 2018]
rule ExtractProxySnps:
    input: 3_Scripts/ExtractProxySNPs.R, 1_RawData/GWAS/audit_GWAS.Processed.gz, 2_DerivedData/dbp/audit/dbp_5e-8_audit_SNPs.txt, 2_DerivedData/dbp/audit/dbp_5e-8_audit_Proxys.txt
    output: 2_DerivedData/dbp/audit/dbp_5e-8_audit_ProxySNPs.txt, 2_DerivedData/dbp/audit/dbp_5e-8_audit_MatchedProxys.csv
    jobid: 222
    wildcards: ExposureCode=dbp, OutcomeCode=audit, Pthreshold=5e-8


[Tue Dec 11 17:23:31 2018]
rule ExtractProxySnps:
    input: 3_Scripts/ExtractProxySNPs.R, 1_RawData/GWAS/audit_GWAS.Processed.gz, 2_DerivedData/educ/audit/educ_5e-6_audit_SNPs.txt, 2_DerivedData/educ/audit/educ_5e-6_audit_Proxys.txt
    output: 2_DerivedData/educ/audit/educ_5e-6_audit_ProxySNPs.txt, 2_DerivedData/educ/audit/educ_5e-6_audit_MatchedProxys.csv
    jobid: 402
    wildcards: ExposureCode=educ, OutcomeCode=audit, Pthreshold=5e-6


[Tue Dec 11 17:23:32 2018]
rule ExtractProxySnps:
    input: 3_Scripts/ExtractProxySNPs.R, 1_RawData/GWAS/audit_GWAS.Processed.gz, 2_DerivedData/hdl/audit/hdl_5e-6_audit_SNPs.txt, 2_DerivedData/hdl/audit/hdl_5e-6_audit_Proxys.txt
    output: 2_DerivedData/hdl/audit/hdl_5e-6_audit_ProxySNPs.txt, 2_DerivedData/hdl/audit/hdl_5e-6_audit_MatchedProxys.csv
    jobid: 175
    wildcards: ExposureCode=hdl, OutcomeCode=audit, Pthreshold=5e-6

[Tue Dec 11 17:23:32 2018]
Error in rule FindProxySnps:
    jobid: 837
    output: 2_DerivedData/mvpa/alcd/mvpa_5e-8_alcd_Proxys.txt

RuleException:
CalledProcessError in line 99 of /sc/orga/projects/LOAD/shea/Projects/2_MR/mr.smk:
Command ' module load plink/1.90 R/3.4.3 curl/7.61.0;  Rscript 3_Scripts/FindProxySNPs.R 2_DerivedData/mvpa/alcd/mvpa_5e-8_alcd_SNPs.txt 2_DerivedData/mvpa/alcd/mvpa_5e-8_alcd ' returned non-zero exit status 1.
  File "/sc/orga/projects/LOAD/shea/Projects/2_MR/mr.smk", line 99, in __rule_FindProxySnps
  File "/sc/orga/work/andres12/conda_envs/py3/lib/python3.6/concurrent/futures/thread.py", line 56, in run
Job failed, going on with independent jobs.

[Tue Dec 11 17:23:33 2018]
rule ExtractProxySnps:
    input: 3_Scripts/ExtractProxySNPs.R, 1_RawData/GWAS/audit_GWAS.Processed.gz, 2_DerivedData/ldl/audit/ldl_5e-6_audit_SNPs.txt, 2_DerivedData/ldl/audit/ldl_5e-6_audit_Proxys.txt
    output: 2_DerivedData/ldl/audit/ldl_5e-6_audit_ProxySNPs.txt, 2_DerivedData/ldl/audit/ldl_5e-6_audit_MatchedProxys.csv
    jobid: 604
    wildcards: ExposureCode=ldl, OutcomeCode=audit, Pthreshold=5e-6


[Tue Dec 11 17:23:34 2018]
rule ExtractProxySnps:
    input: 3_Scripts/ExtractProxySNPs.R, 1_RawData/GWAS/audit_GWAS.Processed.gz, 2_DerivedData/pp/audit/pp_5e-6_audit_SNPs.txt, 2_DerivedData/pp/audit/pp_5e-6_audit_Proxys.txt
    output: 2_DerivedData/pp/audit/pp_5e-6_audit_ProxySNPs.txt, 2_DerivedData/pp/audit/pp_5e-6_audit_MatchedProxys.csv
    jobid: 475
    wildcards: ExposureCode=pp, OutcomeCode=audit, Pthreshold=5e-6


[Tue Dec 11 17:23:35 2018]
rule ExtractProxySnps:
    input: 3_Scripts/ExtractProxySNPs.R, 1_RawData/GWAS/audit_GWAS.Processed.gz, 2_DerivedData/sociso/audit/sociso_5e-6_audit_SNPs.txt, 2_DerivedData/sociso/audit/sociso_5e-6_audit_Proxys.txt
    output: 2_DerivedData/sociso/audit/sociso_5e-6_audit_ProxySNPs.txt, 2_DerivedData/sociso/audit/sociso_5e-6_audit_MatchedProxys.csv
    jobid: 615
    wildcards: ExposureCode=sociso, OutcomeCode=audit, Pthreshold=5e-6


[Tue Dec 11 17:23:36 2018]
localrule FindProxySnps:
    input: 3_Scripts/FindProxySNPs.R, 2_DerivedData/sleep/audit/sleep_5e-6_audit_SNPs.txt
    output: 2_DerivedData/sleep/audit/sleep_5e-6_audit_Proxys.txt
    jobid: 701
    wildcards: ExposureCode=sleep, OutcomeCode=audit, Pthreshold=5e-6


[Tue Dec 11 17:23:37 2018]
rule ExtractProxySnps:
    input: 3_Scripts/ExtractProxySNPs.R, 1_RawData/GWAS/audit_GWAS.Processed.gz, 2_DerivedData/mvpa/audit/mvpa_5e-8_audit_SNPs.txt, 2_DerivedData/mvpa/audit/mvpa_5e-8_audit_Proxys.txt
    output: 2_DerivedData/mvpa/audit/mvpa_5e-8_audit_ProxySNPs.txt, 2_DerivedData/mvpa/audit/mvpa_5e-8_audit_MatchedProxys.csv
    jobid: 410
    wildcards: ExposureCode=mvpa, OutcomeCode=audit, Pthreshold=5e-8


[Tue Dec 11 17:23:38 2018]
rule ExtractProxySnps:
    input: 3_Scripts/ExtractProxySNPs.R, 1_RawData/GWAS/audit_GWAS.Processed.gz, 2_DerivedData/hear/audit/hear_5e-8_audit_SNPs.txt, 2_DerivedData/hear/audit/hear_5e-8_audit_Proxys.txt
    output: 2_DerivedData/hear/audit/hear_5e-8_audit_ProxySNPs.txt, 2_DerivedData/hear/audit/hear_5e-8_audit_MatchedProxys.csv
    jobid: 546
    wildcards: ExposureCode=hear, OutcomeCode=audit, Pthreshold=5e-8


[Tue Dec 11 17:23:39 2018]
rule ExtractProxySnps:
    input: 3_Scripts/ExtractProxySNPs.R, 1_RawData/GWAS/audit_GWAS.Processed.gz, 2_DerivedData/bmi/audit/bmi_5e-6_audit_SNPs.txt, 2_DerivedData/bmi/audit/bmi_5e-6_audit_Proxys.txt
    output: 2_DerivedData/bmi/audit/bmi_5e-6_audit_ProxySNPs.txt, 2_DerivedData/bmi/audit/bmi_5e-6_audit_MatchedProxys.csv
    jobid: 461
    wildcards: ExposureCode=bmi, OutcomeCode=audit, Pthreshold=5e-6


[Tue Dec 11 17:23:40 2018]
rule html_Report:
    input: 3_Scripts/mr_report.Rmd, 1_RawData/MRTraits.csv, 2_DerivedData/pp/pp_5e-6_SNPs.txt, 2_DerivedData/pp/alcd/pp_5e-6_alcd_SNPs.txt, 2_DerivedData/pp/alcd/pp_5e-6_alcd_MatchedProxys.csv, 2_DerivedData/pp/alcd/pp_5e-6_alcd_mrpresso_MRdat.csv, 2_DerivedData/pp/alcd/pp_5e-6_alcd_mrpresso_global.txt
    output: 4_Output/pp/alcd/pp_5e-6_alcd_MR_Analaysis.html
    jobid: 11
    wildcards: ExposureCode=pp, OutcomeCode=alcd, Pthreshold=5e-6

[Tue Dec 11 17:23:40 2018]
Error in rule FindProxySnps:
    jobid: 701
    output: 2_DerivedData/sleep/audit/sleep_5e-6_audit_Proxys.txt

RuleException:
CalledProcessError in line 99 of /sc/orga/projects/LOAD/shea/Projects/2_MR/mr.smk:
Command ' module load plink/1.90 R/3.4.3 curl/7.61.0;  Rscript 3_Scripts/FindProxySNPs.R 2_DerivedData/sleep/audit/sleep_5e-6_audit_SNPs.txt 2_DerivedData/sleep/audit/sleep_5e-6_audit ' returned non-zero exit status 1.
  File "/sc/orga/projects/LOAD/shea/Projects/2_MR/mr.smk", line 99, in __rule_FindProxySnps
  File "/sc/orga/work/andres12/conda_envs/py3/lib/python3.6/concurrent/futures/thread.py", line 56, in run
Job failed, going on with independent jobs.

[Tue Dec 11 17:23:41 2018]
rule Harmonize:
    input: 3_Scripts/DataHarmonization.R, 2_DerivedData/evrsmk/evrsmk_5e-8_SNPs.txt, 2_DerivedData/evrsmk/audit/evrsmk_5e-8_audit_ProxySNPs.txt
    output: 2_DerivedData/evrsmk/audit/evrsmk_5e-8_audit_MRdat.csv
    jobid: 888
    wildcards: ExposureCode=evrsmk, OutcomeCode=audit, Pthreshold=5e-8


[Tue Dec 11 17:23:42 2018]
rule ExtractProxySnps:
    input: 3_Scripts/ExtractProxySNPs.R, 1_RawData/GWAS/audit_GWAS.Processed.gz, 2_DerivedData/mdd/audit/mdd_5e-8_audit_SNPs.txt, 2_DerivedData/mdd/audit/mdd_5e-8_audit_Proxys.txt
    output: 2_DerivedData/mdd/audit/mdd_5e-8_audit_ProxySNPs.txt, 2_DerivedData/mdd/audit/mdd_5e-8_audit_MatchedProxys.csv
    jobid: 589
    wildcards: ExposureCode=mdd, OutcomeCode=audit, Pthreshold=5e-8


[Tue Dec 11 17:23:43 2018]
rule ExtractProxySnps:
    input: 3_Scripts/ExtractProxySNPs.R, 1_RawData/GWAS/audit_GWAS.Processed.gz, 2_DerivedData/smkukbb/audit/smkukbb_5e-6_audit_SNPs.txt, 2_DerivedData/smkukbb/audit/smkukbb_5e-6_audit_Proxys.txt
    output: 2_DerivedData/smkukbb/audit/smkukbb_5e-6_audit_ProxySNPs.txt, 2_DerivedData/smkukbb/audit/smkukbb_5e-6_audit_MatchedProxys.csv
    jobid: 220
    wildcards: ExposureCode=smkukbb, OutcomeCode=audit, Pthreshold=5e-6


[Tue Dec 11 17:23:44 2018]
rule ExtractProxySnps:
    input: 3_Scripts/ExtractProxySNPs.R, 1_RawData/GWAS/audit_GWAS.Processed.gz, 2_DerivedData/sbp/audit/sbp_5e-6_audit_SNPs.txt, 2_DerivedData/sbp/audit/sbp_5e-6_audit_Proxys.txt
    output: 2_DerivedData/sbp/audit/sbp_5e-6_audit_ProxySNPs.txt, 2_DerivedData/sbp/audit/sbp_5e-6_audit_MatchedProxys.csv
    jobid: 343
    wildcards: ExposureCode=sbp, OutcomeCode=audit, Pthreshold=5e-6


[Tue Dec 11 17:23:45 2018]
rule ExtractProxySnps:
    input: 3_Scripts/ExtractProxySNPs.R, 1_RawData/GWAS/audit_GWAS.Processed.gz, 2_DerivedData/ldl/audit/ldl_5e-8_audit_SNPs.txt, 2_DerivedData/ldl/audit/ldl_5e-8_audit_Proxys.txt
    output: 2_DerivedData/ldl/audit/ldl_5e-8_audit_ProxySNPs.txt, 2_DerivedData/ldl/audit/ldl_5e-8_audit_MatchedProxys.csv
    jobid: 406
    wildcards: ExposureCode=ldl, OutcomeCode=audit, Pthreshold=5e-8


[Tue Dec 11 17:23:46 2018]
rule ExtractProxySnps:
    input: 3_Scripts/ExtractProxySNPs.R, 1_RawData/GWAS/audit_GWAS.Processed.gz, 2_DerivedData/diab/audit/diab_5e-6_audit_SNPs.txt, 2_DerivedData/diab/audit/diab_5e-6_audit_Proxys.txt
    output: 2_DerivedData/diab/audit/diab_5e-6_audit_ProxySNPs.txt, 2_DerivedData/diab/audit/diab_5e-6_audit_MatchedProxys.csv
    jobid: 260
    wildcards: ExposureCode=diab, OutcomeCode=audit, Pthreshold=5e-6


[Tue Dec 11 17:23:47 2018]
rule ExtractProxySnps:
    input: 3_Scripts/ExtractProxySNPs.R, 1_RawData/GWAS/audit_GWAS.Processed.gz, 2_DerivedData/trig/audit/trig_5e-8_audit_SNPs.txt, 2_DerivedData/trig/audit/trig_5e-8_audit_Proxys.txt
    output: 2_DerivedData/trig/audit/trig_5e-8_audit_ProxySNPs.txt, 2_DerivedData/trig/audit/trig_5e-8_audit_MatchedProxys.csv
    jobid: 526
    wildcards: ExposureCode=trig, OutcomeCode=audit, Pthreshold=5e-8


[Tue Dec 11 17:23:48 2018]
rule ExtractProxySnps:
    input: 3_Scripts/ExtractProxySNPs.R, 1_RawData/GWAS/audit_GWAS.Processed.gz, 2_DerivedData/tc/audit/tc_5e-8_audit_SNPs.txt, 2_DerivedData/tc/audit/tc_5e-8_audit_Proxys.txt
    output: 2_DerivedData/tc/audit/tc_5e-8_audit_ProxySNPs.txt, 2_DerivedData/tc/audit/tc_5e-8_audit_MatchedProxys.csv
    jobid: 242
    wildcards: ExposureCode=tc, OutcomeCode=audit, Pthreshold=5e-8


[Tue Dec 11 17:23:49 2018]
rule ExtractProxySnps:
    input: 3_Scripts/ExtractProxySNPs.R, 1_RawData/GWAS/audit_GWAS.Processed.gz, 2_DerivedData/mdd/audit/mdd_5e-6_audit_SNPs.txt, 2_DerivedData/mdd/audit/mdd_5e-6_audit_Proxys.txt
    output: 2_DerivedData/mdd/audit/mdd_5e-6_audit_ProxySNPs.txt, 2_DerivedData/mdd/audit/mdd_5e-6_audit_MatchedProxys.csv
    jobid: 422
    wildcards: ExposureCode=mdd, OutcomeCode=audit, Pthreshold=5e-6


[Tue Dec 11 17:23:50 2018]
rule Harmonize:
    input: 3_Scripts/DataHarmonization.R, 2_DerivedData/evrsmk/evrsmk_5e-8_SNPs.txt, 2_DerivedData/evrsmk/alcd/evrsmk_5e-8_alcd_ProxySNPs.txt
    output: 2_DerivedData/evrsmk/alcd/evrsmk_5e-8_alcd_MRdat.csv
    jobid: 839
    wildcards: ExposureCode=evrsmk, OutcomeCode=alcd, Pthreshold=5e-8


[Tue Dec 11 17:23:51 2018]
rule MrPresso:
    input: 3_Scripts/MRPRESSO.R, 2_DerivedData/sleep/alcc/sleep_5e-8_alcc_MRdat.csv
    output: 2_DerivedData/sleep/alcc/sleep_5e-8_alcc_mrpresso.txt, 2_DerivedData/sleep/alcc/sleep_5e-8_alcc_mrpresso_global.txt, 2_DerivedData/sleep/alcc/sleep_5e-8_alcc_mrpresso_MRdat.csv
    jobid: 155
    wildcards: ExposureCode=sleep, OutcomeCode=alcc, Pthreshold=5e-8


[Tue Dec 11 17:23:52 2018]
rule ExtractProxySnps:
    input: 3_Scripts/ExtractProxySNPs.R, 1_RawData/GWAS/audit_GWAS.Processed.gz, 2_DerivedData/sbp/audit/sbp_5e-8_audit_SNPs.txt, 2_DerivedData/sbp/audit/sbp_5e-8_audit_Proxys.txt
    output: 2_DerivedData/sbp/audit/sbp_5e-8_audit_ProxySNPs.txt, 2_DerivedData/sbp/audit/sbp_5e-8_audit_MatchedProxys.csv
    jobid: 449
    wildcards: ExposureCode=sbp, OutcomeCode=audit, Pthreshold=5e-8


[Tue Dec 11 17:23:53 2018]
rule ExtractProxySnps:
    input: 3_Scripts/ExtractProxySNPs.R, 1_RawData/GWAS/audit_GWAS.Processed.gz, 2_DerivedData/smkukbb/audit/smkukbb_5e-8_audit_SNPs.txt, 2_DerivedData/smkukbb/audit/smkukbb_5e-8_audit_Proxys.txt
    output: 2_DerivedData/smkukbb/audit/smkukbb_5e-8_audit_ProxySNPs.txt, 2_DerivedData/smkukbb/audit/smkukbb_5e-8_audit_MatchedProxys.csv
    jobid: 338
    wildcards: ExposureCode=smkukbb, OutcomeCode=audit, Pthreshold=5e-8


[Tue Dec 11 17:23:54 2018]
rule ExtractProxySnps:
    input: 3_Scripts/ExtractProxySNPs.R, 1_RawData/GWAS/audit_GWAS.Processed.gz, 2_DerivedData/tc/audit/tc_5e-6_audit_SNPs.txt, 2_DerivedData/tc/audit/tc_5e-6_audit_Proxys.txt
    output: 2_DerivedData/tc/audit/tc_5e-6_audit_ProxySNPs.txt, 2_DerivedData/tc/audit/tc_5e-6_audit_MatchedProxys.csv
    jobid: 370
    wildcards: ExposureCode=tc, OutcomeCode=audit, Pthreshold=5e-6


[Tue Dec 11 17:23:55 2018]
rule ExtractProxySnps:
    input: 3_Scripts/ExtractProxySNPs.R, 1_RawData/GWAS/audit_GWAS.Processed.gz, 2_DerivedData/diab/audit/diab_5e-8_audit_SNPs.txt, 2_DerivedData/diab/audit/diab_5e-8_audit_Proxys.txt
    output: 2_DerivedData/diab/audit/diab_5e-8_audit_ProxySNPs.txt, 2_DerivedData/diab/audit/diab_5e-8_audit_MatchedProxys.csv
    jobid: 606
    wildcards: ExposureCode=diab, OutcomeCode=audit, Pthreshold=5e-8


[Tue Dec 11 17:23:56 2018]
rule ExtractProxySnps:
    input: 3_Scripts/ExtractProxySNPs.R, 1_RawData/GWAS/audit_GWAS.Processed.gz, 2_DerivedData/trig/audit/trig_5e-6_audit_SNPs.txt, 2_DerivedData/trig/audit/trig_5e-6_audit_Proxys.txt
    output: 2_DerivedData/trig/audit/trig_5e-6_audit_ProxySNPs.txt, 2_DerivedData/trig/audit/trig_5e-6_audit_MatchedProxys.csv
    jobid: 187
    wildcards: ExposureCode=trig, OutcomeCode=audit, Pthreshold=5e-6

[Tue Dec 11 17:26:49 2018]
Finished job 11.
1 of 163 steps (0.61%) done
[Tue Dec 11 17:27:14 2018]
Error in rule ExtractProxySnps:
    jobid: 515
    output: 2_DerivedData/hdl/audit/hdl_5e-8_audit_ProxySNPs.txt, 2_DerivedData/hdl/audit/hdl_5e-8_audit_MatchedProxys.csv

ClusterJobException in line 101 of /sc/orga/projects/LOAD/shea/Projects/2_MR/mr.smk:
Error executing rule ExtractProxySnps on cluster (jobid: 515, external: 47713, jobscript: /sc/orga/projects/LOAD/shea/Projects/2_MR/.snakemake/tmp.uid_5uwp/snakejob.ExtractProxySnps.515.sh). For detailed error see the cluster log.
Job failed, going on with independent jobs.
[Tue Dec 11 17:27:14 2018]
Error in rule ExtractProxySnps:
    jobid: 316
    output: 2_DerivedData/educ/audit/educ_5e-8_audit_ProxySNPs.txt, 2_DerivedData/educ/audit/educ_5e-8_audit_MatchedProxys.csv

ClusterJobException in line 101 of /sc/orga/projects/LOAD/shea/Projects/2_MR/mr.smk:
Error executing rule ExtractProxySnps on cluster (jobid: 316, external: 47728, jobscript: /sc/orga/projects/LOAD/shea/Projects/2_MR/.snakemake/tmp.uid_5uwp/snakejob.ExtractProxySnps.316.sh). For detailed error see the cluster log.
Job failed, going on with independent jobs.
[Tue Dec 11 17:27:28 2018]
Error in rule ExtractProxySnps:
    jobid: 317
    output: 2_DerivedData/dbp/audit/dbp_5e-6_audit_ProxySNPs.txt, 2_DerivedData/dbp/audit/dbp_5e-6_audit_MatchedProxys.csv

ClusterJobException in line 101 of /sc/orga/projects/LOAD/shea/Projects/2_MR/mr.smk:
Error executing rule ExtractProxySnps on cluster (jobid: 317, external: 47744, jobscript: /sc/orga/projects/LOAD/shea/Projects/2_MR/.snakemake/tmp.uid_5uwp/snakejob.ExtractProxySnps.317.sh). For detailed error see the cluster log.
Job failed, going on with independent jobs.
[Tue Dec 11 17:27:28 2018]
Error in rule ExtractProxySnps:
    jobid: 556
    output: 2_DerivedData/dep/audit/dep_5e-6_audit_ProxySNPs.txt, 2_DerivedData/dep/audit/dep_5e-6_audit_MatchedProxys.csv

ClusterJobException in line 101 of /sc/orga/projects/LOAD/shea/Projects/2_MR/mr.smk:
Error executing rule ExtractProxySnps on cluster (jobid: 556, external: 47759, jobscript: /sc/orga/projects/LOAD/shea/Projects/2_MR/.snakemake/tmp.uid_5uwp/snakejob.ExtractProxySnps.556.sh). For detailed error see the cluster log.
Job failed, going on with independent jobs.
[Tue Dec 11 17:27:42 2018]
Error in rule MrPresso:
    jobid: 427
    output: 2_DerivedData/sleep/alcd/sleep_5e-8_alcd_mrpresso.txt, 2_DerivedData/sleep/alcd/sleep_5e-8_alcd_mrpresso_global.txt, 2_DerivedData/sleep/alcd/sleep_5e-8_alcd_mrpresso_MRdat.csv

ClusterJobException in line 128 of /sc/orga/projects/LOAD/shea/Projects/2_MR/mr.smk:
Error executing rule MrPresso on cluster (jobid: 427, external: 47844, jobscript: /sc/orga/projects/LOAD/shea/Projects/2_MR/.snakemake/tmp.uid_5uwp/snakejob.MrPresso.427.sh). For detailed error see the cluster log.
Job failed, going on with independent jobs.
[Tue Dec 11 17:27:42 2018]
Error in rule Harmonize:
    jobid: 674
    output: 2_DerivedData/evrsmk/alcc/evrsmk_5e-8_alcc_MRdat.csv

ClusterJobException in line 115 of /sc/orga/projects/LOAD/shea/Projects/2_MR/mr.smk:
Error executing rule Harmonize on cluster (jobid: 674, external: 47881, jobscript: /sc/orga/projects/LOAD/shea/Projects/2_MR/.snakemake/tmp.uid_5uwp/snakejob.Harmonize.674.sh). For detailed error see the cluster log.
Job failed, going on with independent jobs.
[Tue Dec 11 17:27:55 2018]
Error in rule ExtractProxySnps:
    jobid: 357
    output: 2_DerivedData/fish/audit/fish_5e-6_audit_ProxySNPs.txt, 2_DerivedData/fish/audit/fish_5e-6_audit_MatchedProxys.csv

ClusterJobException in line 101 of /sc/orga/projects/LOAD/shea/Projects/2_MR/mr.smk:
Error executing rule ExtractProxySnps on cluster (jobid: 357, external: 47774, jobscript: /sc/orga/projects/LOAD/shea/Projects/2_MR/.snakemake/tmp.uid_5uwp/snakejob.ExtractProxySnps.357.sh). For detailed error see the cluster log.
Job failed, going on with independent jobs.
[Tue Dec 11 17:27:55 2018]
Error in rule ExtractProxySnps:
    jobid: 431
    output: 2_DerivedData/sociso/audit/sociso_5e-8_audit_ProxySNPs.txt, 2_DerivedData/sociso/audit/sociso_5e-8_audit_MatchedProxys.csv

ClusterJobException in line 101 of /sc/orga/projects/LOAD/shea/Projects/2_MR/mr.smk:
Error executing rule ExtractProxySnps on cluster (jobid: 431, external: 47808, jobscript: /sc/orga/projects/LOAD/shea/Projects/2_MR/.snakemake/tmp.uid_5uwp/snakejob.ExtractProxySnps.431.sh). For detailed error see the cluster log.
Job failed, going on with independent jobs.
[Tue Dec 11 17:27:55 2018]
Error in rule ExtractProxySnps:
    jobid: 408
    output: 2_DerivedData/pp/audit/pp_5e-8_audit_ProxySNPs.txt, 2_DerivedData/pp/audit/pp_5e-8_audit_MatchedProxys.csv

ClusterJobException in line 101 of /sc/orga/projects/LOAD/shea/Projects/2_MR/mr.smk:
Error executing rule ExtractProxySnps on cluster (jobid: 408, external: 47826, jobscript: /sc/orga/projects/LOAD/shea/Projects/2_MR/.snakemake/tmp.uid_5uwp/snakejob.ExtractProxySnps.408.sh). For detailed error see the cluster log.
Job failed, going on with independent jobs.
[Tue Dec 11 17:28:08 2018]
Error in rule MrPresso:
    jobid: 236
    output: 2_DerivedData/sleep/audit/sleep_5e-8_audit_mrpresso.txt, 2_DerivedData/sleep/audit/sleep_5e-8_audit_mrpresso_global.txt, 2_DerivedData/sleep/audit/sleep_5e-8_audit_mrpresso_MRdat.csv

ClusterJobException in line 128 of /sc/orga/projects/LOAD/shea/Projects/2_MR/mr.smk:
Error executing rule MrPresso on cluster (jobid: 236, external: 47966, jobscript: /sc/orga/projects/LOAD/shea/Projects/2_MR/.snakemake/tmp.uid_5uwp/snakejob.MrPresso.236.sh). For detailed error see the cluster log.
Job failed, going on with independent jobs.
[Tue Dec 11 17:28:09 2018]
Error in rule Harmonize:
    jobid: 888
    output: 2_DerivedData/evrsmk/audit/evrsmk_5e-8_audit_MRdat.csv

ClusterJobException in line 115 of /sc/orga/projects/LOAD/shea/Projects/2_MR/mr.smk:
Error executing rule Harmonize on cluster (jobid: 888, external: 48164, jobscript: /sc/orga/projects/LOAD/shea/Projects/2_MR/.snakemake/tmp.uid_5uwp/snakejob.Harmonize.888.sh). For detailed error see the cluster log.
Job failed, going on with independent jobs.
[Tue Dec 11 17:28:23 2018]
Error in rule Harmonize:
    jobid: 839
    output: 2_DerivedData/evrsmk/alcd/evrsmk_5e-8_alcd_MRdat.csv

ClusterJobException in line 115 of /sc/orga/projects/LOAD/shea/Projects/2_MR/mr.smk:
Error executing rule Harmonize on cluster (jobid: 839, external: 48302, jobscript: /sc/orga/projects/LOAD/shea/Projects/2_MR/.snakemake/tmp.uid_5uwp/snakejob.Harmonize.839.sh). For detailed error see the cluster log.
Job failed, going on with independent jobs.
[Tue Dec 11 17:28:33 2018]
Error in rule ExtractProxySnps:
    jobid: 432
    output: 2_DerivedData/mvpa/audit/mvpa_5e-6_audit_ProxySNPs.txt, 2_DerivedData/mvpa/audit/mvpa_5e-6_audit_MatchedProxys.csv

ClusterJobException in line 101 of /sc/orga/projects/LOAD/shea/Projects/2_MR/mr.smk:
Error executing rule ExtractProxySnps on cluster (jobid: 432, external: 47896, jobscript: /sc/orga/projects/LOAD/shea/Projects/2_MR/.snakemake/tmp.uid_5uwp/snakejob.ExtractProxySnps.432.sh). For detailed error see the cluster log.
Job failed, going on with independent jobs.
[Tue Dec 11 17:28:57 2018]
Error in rule ExtractProxySnps:
    jobid: 503
    output: 2_DerivedData/bmi/audit/bmi_5e-8_audit_ProxySNPs.txt, 2_DerivedData/bmi/audit/bmi_5e-8_audit_MatchedProxys.csv

ClusterJobException in line 101 of /sc/orga/projects/LOAD/shea/Projects/2_MR/mr.smk:
Error executing rule ExtractProxySnps on cluster (jobid: 503, external: 47911, jobscript: /sc/orga/projects/LOAD/shea/Projects/2_MR/.snakemake/tmp.uid_5uwp/snakejob.ExtractProxySnps.503.sh). For detailed error see the cluster log.
Job failed, going on with independent jobs.
[Tue Dec 11 17:29:33 2018]
Error in rule ExtractProxySnps:
    jobid: 365
    output: 2_DerivedData/dep/audit/dep_5e-8_audit_ProxySNPs.txt, 2_DerivedData/dep/audit/dep_5e-8_audit_MatchedProxys.csv

ClusterJobException in line 101 of /sc/orga/projects/LOAD/shea/Projects/2_MR/mr.smk:
Error executing rule ExtractProxySnps on cluster (jobid: 365, external: 47951, jobscript: /sc/orga/projects/LOAD/shea/Projects/2_MR/.snakemake/tmp.uid_5uwp/snakejob.ExtractProxySnps.365.sh). For detailed error see the cluster log.
Job failed, going on with independent jobs.
[Tue Dec 11 17:29:35 2018]
Error in rule MrPresso:
    jobid: 155
    output: 2_DerivedData/sleep/alcc/sleep_5e-8_alcc_mrpresso.txt, 2_DerivedData/sleep/alcc/sleep_5e-8_alcc_mrpresso_global.txt, 2_DerivedData/sleep/alcc/sleep_5e-8_alcc_mrpresso_MRdat.csv

ClusterJobException in line 128 of /sc/orga/projects/LOAD/shea/Projects/2_MR/mr.smk:
Error executing rule MrPresso on cluster (jobid: 155, external: 48318, jobscript: /sc/orga/projects/LOAD/shea/Projects/2_MR/.snakemake/tmp.uid_5uwp/snakejob.MrPresso.155.sh). For detailed error see the cluster log.
Job failed, going on with independent jobs.
[Tue Dec 11 17:29:57 2018]
Error in rule ExtractProxySnps:
    jobid: 222
    output: 2_DerivedData/dbp/audit/dbp_5e-8_audit_ProxySNPs.txt, 2_DerivedData/dbp/audit/dbp_5e-8_audit_MatchedProxys.csv

ClusterJobException in line 101 of /sc/orga/projects/LOAD/shea/Projects/2_MR/mr.smk:
Error executing rule ExtractProxySnps on cluster (jobid: 222, external: 47981, jobscript: /sc/orga/projects/LOAD/shea/Projects/2_MR/.snakemake/tmp.uid_5uwp/snakejob.ExtractProxySnps.222.sh). For detailed error see the cluster log.
Job failed, going on with independent jobs.
[Tue Dec 11 17:30:57 2018]
Error in rule ExtractProxySnps:
    jobid: 475
    output: 2_DerivedData/pp/audit/pp_5e-6_audit_ProxySNPs.txt, 2_DerivedData/pp/audit/pp_5e-6_audit_MatchedProxys.csv

ClusterJobException in line 101 of /sc/orga/projects/LOAD/shea/Projects/2_MR/mr.smk:
Error executing rule ExtractProxySnps on cluster (jobid: 475, external: 48054, jobscript: /sc/orga/projects/LOAD/shea/Projects/2_MR/.snakemake/tmp.uid_5uwp/snakejob.ExtractProxySnps.475.sh). For detailed error see the cluster log.
Job failed, going on with independent jobs.
[Tue Dec 11 17:30:57 2018]
Error in rule ExtractProxySnps:
    jobid: 604
    output: 2_DerivedData/ldl/audit/ldl_5e-6_audit_ProxySNPs.txt, 2_DerivedData/ldl/audit/ldl_5e-6_audit_MatchedProxys.csv

ClusterJobException in line 101 of /sc/orga/projects/LOAD/shea/Projects/2_MR/mr.smk:
Error executing rule ExtractProxySnps on cluster (jobid: 604, external: 48033, jobscript: /sc/orga/projects/LOAD/shea/Projects/2_MR/.snakemake/tmp.uid_5uwp/snakejob.ExtractProxySnps.604.sh). For detailed error see the cluster log.
Job failed, going on with independent jobs.
[Tue Dec 11 17:31:09 2018]
Error in rule ExtractProxySnps:
    jobid: 198
    output: 2_DerivedData/fish/audit/fish_5e-8_audit_ProxySNPs.txt, 2_DerivedData/fish/audit/fish_5e-8_audit_MatchedProxys.csv

ClusterJobException in line 101 of /sc/orga/projects/LOAD/shea/Projects/2_MR/mr.smk:
Error executing rule ExtractProxySnps on cluster (jobid: 198, external: 47936, jobscript: /sc/orga/projects/LOAD/shea/Projects/2_MR/.snakemake/tmp.uid_5uwp/snakejob.ExtractProxySnps.198.sh). For detailed error see the cluster log.
Job failed, going on with independent jobs.
[Tue Dec 11 17:31:21 2018]
Error in rule ExtractProxySnps:
    jobid: 410
    output: 2_DerivedData/mvpa/audit/mvpa_5e-8_audit_ProxySNPs.txt, 2_DerivedData/mvpa/audit/mvpa_5e-8_audit_MatchedProxys.csv

ClusterJobException in line 101 of /sc/orga/projects/LOAD/shea/Projects/2_MR/mr.smk:
Error executing rule ExtractProxySnps on cluster (jobid: 410, external: 48098, jobscript: /sc/orga/projects/LOAD/shea/Projects/2_MR/.snakemake/tmp.uid_5uwp/snakejob.ExtractProxySnps.410.sh). For detailed error see the cluster log.
Job failed, going on with independent jobs.
[Tue Dec 11 17:31:33 2018]
Error in rule ExtractProxySnps:
    jobid: 589
    output: 2_DerivedData/mdd/audit/mdd_5e-8_audit_ProxySNPs.txt, 2_DerivedData/mdd/audit/mdd_5e-8_audit_MatchedProxys.csv

ClusterJobException in line 101 of /sc/orga/projects/LOAD/shea/Projects/2_MR/mr.smk:
Error executing rule ExtractProxySnps on cluster (jobid: 589, external: 48179, jobscript: /sc/orga/projects/LOAD/shea/Projects/2_MR/.snakemake/tmp.uid_5uwp/snakejob.ExtractProxySnps.589.sh). For detailed error see the cluster log.
Job failed, going on with independent jobs.
[Tue Dec 11 17:31:33 2018]
Error in rule ExtractProxySnps:
    jobid: 220
    output: 2_DerivedData/smkukbb/audit/smkukbb_5e-6_audit_ProxySNPs.txt, 2_DerivedData/smkukbb/audit/smkukbb_5e-6_audit_MatchedProxys.csv

ClusterJobException in line 101 of /sc/orga/projects/LOAD/shea/Projects/2_MR/mr.smk:
Error executing rule ExtractProxySnps on cluster (jobid: 220, external: 48194, jobscript: /sc/orga/projects/LOAD/shea/Projects/2_MR/.snakemake/tmp.uid_5uwp/snakejob.ExtractProxySnps.220.sh). For detailed error see the cluster log.
Job failed, going on with independent jobs.
[Tue Dec 11 17:31:44 2018]
Error in rule ExtractProxySnps:
    jobid: 526
    output: 2_DerivedData/trig/audit/trig_5e-8_audit_ProxySNPs.txt, 2_DerivedData/trig/audit/trig_5e-8_audit_MatchedProxys.csv

ClusterJobException in line 101 of /sc/orga/projects/LOAD/shea/Projects/2_MR/mr.smk:
Error executing rule ExtractProxySnps on cluster (jobid: 526, external: 48255, jobscript: /sc/orga/projects/LOAD/shea/Projects/2_MR/.snakemake/tmp.uid_5uwp/snakejob.ExtractProxySnps.526.sh). For detailed error see the cluster log.
Job failed, going on with independent jobs.
[Tue Dec 11 17:31:44 2018]
Error in rule ExtractProxySnps:
    jobid: 175
    output: 2_DerivedData/hdl/audit/hdl_5e-6_audit_ProxySNPs.txt, 2_DerivedData/hdl/audit/hdl_5e-6_audit_MatchedProxys.csv

ClusterJobException in line 101 of /sc/orga/projects/LOAD/shea/Projects/2_MR/mr.smk:
Error executing rule ExtractProxySnps on cluster (jobid: 175, external: 48016, jobscript: /sc/orga/projects/LOAD/shea/Projects/2_MR/.snakemake/tmp.uid_5uwp/snakejob.ExtractProxySnps.175.sh). For detailed error see the cluster log.
Job failed, going on with independent jobs.
[Tue Dec 11 17:31:45 2018]
Error in rule ExtractProxySnps:
    jobid: 242
    output: 2_DerivedData/tc/audit/tc_5e-8_audit_ProxySNPs.txt, 2_DerivedData/tc/audit/tc_5e-8_audit_MatchedProxys.csv

ClusterJobException in line 101 of /sc/orga/projects/LOAD/shea/Projects/2_MR/mr.smk:
Error executing rule ExtractProxySnps on cluster (jobid: 242, external: 48270, jobscript: /sc/orga/projects/LOAD/shea/Projects/2_MR/.snakemake/tmp.uid_5uwp/snakejob.ExtractProxySnps.242.sh). For detailed error see the cluster log.
Job failed, going on with independent jobs.
[Tue Dec 11 17:31:55 2018]
Error in rule ExtractProxySnps:
    jobid: 449
    output: 2_DerivedData/sbp/audit/sbp_5e-8_audit_ProxySNPs.txt, 2_DerivedData/sbp/audit/sbp_5e-8_audit_MatchedProxys.csv

ClusterJobException in line 101 of /sc/orga/projects/LOAD/shea/Projects/2_MR/mr.smk:
Error executing rule ExtractProxySnps on cluster (jobid: 449, external: 48333, jobscript: /sc/orga/projects/LOAD/shea/Projects/2_MR/.snakemake/tmp.uid_5uwp/snakejob.ExtractProxySnps.449.sh). For detailed error see the cluster log.
Job failed, going on with independent jobs.
[Tue Dec 11 17:31:56 2018]
Error in rule ExtractProxySnps:
    jobid: 370
    output: 2_DerivedData/tc/audit/tc_5e-6_audit_ProxySNPs.txt, 2_DerivedData/tc/audit/tc_5e-6_audit_MatchedProxys.csv

ClusterJobException in line 101 of /sc/orga/projects/LOAD/shea/Projects/2_MR/mr.smk:
Error executing rule ExtractProxySnps on cluster (jobid: 370, external: 48363, jobscript: /sc/orga/projects/LOAD/shea/Projects/2_MR/.snakemake/tmp.uid_5uwp/snakejob.ExtractProxySnps.370.sh). For detailed error see the cluster log.
Job failed, going on with independent jobs.
[Tue Dec 11 17:32:06 2018]
Error in rule ExtractProxySnps:
    jobid: 260
    output: 2_DerivedData/diab/audit/diab_5e-6_audit_ProxySNPs.txt, 2_DerivedData/diab/audit/diab_5e-6_audit_MatchedProxys.csv

ClusterJobException in line 101 of /sc/orga/projects/LOAD/shea/Projects/2_MR/mr.smk:
Error executing rule ExtractProxySnps on cluster (jobid: 260, external: 48240, jobscript: /sc/orga/projects/LOAD/shea/Projects/2_MR/.snakemake/tmp.uid_5uwp/snakejob.ExtractProxySnps.260.sh). For detailed error see the cluster log.
Job failed, going on with independent jobs.
[Tue Dec 11 17:32:06 2018]
Error in rule ExtractProxySnps:
    jobid: 338
    output: 2_DerivedData/smkukbb/audit/smkukbb_5e-8_audit_ProxySNPs.txt, 2_DerivedData/smkukbb/audit/smkukbb_5e-8_audit_MatchedProxys.csv

ClusterJobException in line 101 of /sc/orga/projects/LOAD/shea/Projects/2_MR/mr.smk:
Error executing rule ExtractProxySnps on cluster (jobid: 338, external: 48348, jobscript: /sc/orga/projects/LOAD/shea/Projects/2_MR/.snakemake/tmp.uid_5uwp/snakejob.ExtractProxySnps.338.sh). For detailed error see the cluster log.
Job failed, going on with independent jobs.
[Tue Dec 11 17:32:17 2018]
Error in rule ExtractProxySnps:
    jobid: 406
    output: 2_DerivedData/ldl/audit/ldl_5e-8_audit_ProxySNPs.txt, 2_DerivedData/ldl/audit/ldl_5e-8_audit_MatchedProxys.csv

ClusterJobException in line 101 of /sc/orga/projects/LOAD/shea/Projects/2_MR/mr.smk:
Error executing rule ExtractProxySnps on cluster (jobid: 406, external: 48225, jobscript: /sc/orga/projects/LOAD/shea/Projects/2_MR/.snakemake/tmp.uid_5uwp/snakejob.ExtractProxySnps.406.sh). For detailed error see the cluster log.
Job failed, going on with independent jobs.
[Tue Dec 11 17:32:48 2018]
Error in rule ExtractProxySnps:
    jobid: 343
    output: 2_DerivedData/sbp/audit/sbp_5e-6_audit_ProxySNPs.txt, 2_DerivedData/sbp/audit/sbp_5e-6_audit_MatchedProxys.csv

ClusterJobException in line 101 of /sc/orga/projects/LOAD/shea/Projects/2_MR/mr.smk:
Error executing rule ExtractProxySnps on cluster (jobid: 343, external: 48209, jobscript: /sc/orga/projects/LOAD/shea/Projects/2_MR/.snakemake/tmp.uid_5uwp/snakejob.ExtractProxySnps.343.sh). For detailed error see the cluster log.
Job failed, going on with independent jobs.
[Tue Dec 11 17:32:58 2018]
Error in rule ExtractProxySnps:
    jobid: 402
    output: 2_DerivedData/educ/audit/educ_5e-6_audit_ProxySNPs.txt, 2_DerivedData/educ/audit/educ_5e-6_audit_MatchedProxys.csv

ClusterJobException in line 101 of /sc/orga/projects/LOAD/shea/Projects/2_MR/mr.smk:
Error executing rule ExtractProxySnps on cluster (jobid: 402, external: 48000, jobscript: /sc/orga/projects/LOAD/shea/Projects/2_MR/.snakemake/tmp.uid_5uwp/snakejob.ExtractProxySnps.402.sh). For detailed error see the cluster log.
Job failed, going on with independent jobs.
[Tue Dec 11 17:33:08 2018]
Error in rule ExtractProxySnps:
    jobid: 546
    output: 2_DerivedData/hear/audit/hear_5e-8_audit_ProxySNPs.txt, 2_DerivedData/hear/audit/hear_5e-8_audit_MatchedProxys.csv

ClusterJobException in line 101 of /sc/orga/projects/LOAD/shea/Projects/2_MR/mr.smk:
Error executing rule ExtractProxySnps on cluster (jobid: 546, external: 48113, jobscript: /sc/orga/projects/LOAD/shea/Projects/2_MR/.snakemake/tmp.uid_5uwp/snakejob.ExtractProxySnps.546.sh). For detailed error see the cluster log.
Job failed, going on with independent jobs.
[Tue Dec 11 17:33:08 2018]
Error in rule ExtractProxySnps:
    jobid: 461
    output: 2_DerivedData/bmi/audit/bmi_5e-6_audit_ProxySNPs.txt, 2_DerivedData/bmi/audit/bmi_5e-6_audit_MatchedProxys.csv

ClusterJobException in line 101 of /sc/orga/projects/LOAD/shea/Projects/2_MR/mr.smk:
Error executing rule ExtractProxySnps on cluster (jobid: 461, external: 48132, jobscript: /sc/orga/projects/LOAD/shea/Projects/2_MR/.snakemake/tmp.uid_5uwp/snakejob.ExtractProxySnps.461.sh). For detailed error see the cluster log.
Job failed, going on with independent jobs.
[Tue Dec 11 17:33:18 2018]
Error in rule ExtractProxySnps:
    jobid: 606
    output: 2_DerivedData/diab/audit/diab_5e-8_audit_ProxySNPs.txt, 2_DerivedData/diab/audit/diab_5e-8_audit_MatchedProxys.csv

ClusterJobException in line 101 of /sc/orga/projects/LOAD/shea/Projects/2_MR/mr.smk:
Error executing rule ExtractProxySnps on cluster (jobid: 606, external: 48378, jobscript: /sc/orga/projects/LOAD/shea/Projects/2_MR/.snakemake/tmp.uid_5uwp/snakejob.ExtractProxySnps.606.sh). For detailed error see the cluster log.
Job failed, going on with independent jobs.
[Tue Dec 11 17:33:48 2018]
Error in rule ExtractProxySnps:
    jobid: 615
    output: 2_DerivedData/sociso/audit/sociso_5e-6_audit_ProxySNPs.txt, 2_DerivedData/sociso/audit/sociso_5e-6_audit_MatchedProxys.csv

ClusterJobException in line 101 of /sc/orga/projects/LOAD/shea/Projects/2_MR/mr.smk:
Error executing rule ExtractProxySnps on cluster (jobid: 615, external: 48069, jobscript: /sc/orga/projects/LOAD/shea/Projects/2_MR/.snakemake/tmp.uid_5uwp/snakejob.ExtractProxySnps.615.sh). For detailed error see the cluster log.
Job failed, going on with independent jobs.
[Tue Dec 11 17:34:18 2018]
Error in rule ExtractProxySnps:
    jobid: 422
    output: 2_DerivedData/mdd/audit/mdd_5e-6_audit_ProxySNPs.txt, 2_DerivedData/mdd/audit/mdd_5e-6_audit_MatchedProxys.csv

ClusterJobException in line 101 of /sc/orga/projects/LOAD/shea/Projects/2_MR/mr.smk:
Error executing rule ExtractProxySnps on cluster (jobid: 422, external: 48285, jobscript: /sc/orga/projects/LOAD/shea/Projects/2_MR/.snakemake/tmp.uid_5uwp/snakejob.ExtractProxySnps.422.sh). For detailed error see the cluster log.
Job failed, going on with independent jobs.
[Tue Dec 11 17:34:58 2018]
Error in rule ExtractProxySnps:
    jobid: 187
    output: 2_DerivedData/trig/audit/trig_5e-6_audit_ProxySNPs.txt, 2_DerivedData/trig/audit/trig_5e-6_audit_MatchedProxys.csv

ClusterJobException in line 101 of /sc/orga/projects/LOAD/shea/Projects/2_MR/mr.smk:
Error executing rule ExtractProxySnps on cluster (jobid: 187, external: 48393, jobscript: /sc/orga/projects/LOAD/shea/Projects/2_MR/.snakemake/tmp.uid_5uwp/snakejob.ExtractProxySnps.187.sh). For detailed error see the cluster log.
Job failed, going on with independent jobs.
[Tue Dec 11 17:38:38 2018]
Error in rule ExtractProxySnps:
    jobid: 436
    output: 2_DerivedData/hear/audit/hear_5e-6_audit_ProxySNPs.txt, 2_DerivedData/hear/audit/hear_5e-6_audit_MatchedProxys.csv

ClusterJobException in line 101 of /sc/orga/projects/LOAD/shea/Projects/2_MR/mr.smk:
Error executing rule ExtractProxySnps on cluster (jobid: 436, external: 47865, jobscript: /sc/orga/projects/LOAD/shea/Projects/2_MR/.snakemake/tmp.uid_5uwp/snakejob.ExtractProxySnps.436.sh). For detailed error see the cluster log.
Job failed, going on with independent jobs.
Exiting because a job execution failed. Look above for error message
Complete log: /sc/orga/projects/LOAD/shea/Projects/2_MR/.snakemake/log/2018-12-11T172310.147888.snakemake.log
