*********************************************************************
* LD Score Regression (LDSC)
* Version 1.0.0
* (C) 2014-2015 Brendan Bulik-Sullivan and Hilary Finucane
* Broad Institute of MIT and Harvard / MIT Department of Mathematics
* GNU General Public License v3
*********************************************************************
Call: 
./ldsc.py \
--ref-ld-chr /Users/sheaandrews/Programs/ldsc/eur_w_ld_chr/ \
--out 2_DerivedData/LDSC/aaos_hear \
--rg 1_RawData/LDSC/aaos_GWAS.sumstats.gz,1_RawData/LDSC/hear_GWAS.sumstats.gz \
--w-ld-chr /Users/sheaandrews/Programs/ldsc/eur_w_ld_chr/ 

Beginning analysis at Fri Nov 30 13:26:24 2018
Reading summary statistics from 1_RawData/LDSC/aaos_GWAS.sumstats.gz ...
Read summary statistics for 1188253 SNPs.
Reading reference panel LD Score from /Users/sheaandrews/Programs/ldsc/eur_w_ld_chr/[1-22] ...
Read reference panel LD Scores for 1290028 SNPs.
Removing partitioned LD Scores with zero variance.
Reading regression weight LD Score from /Users/sheaandrews/Programs/ldsc/eur_w_ld_chr/[1-22] ...
Read regression weight LD Scores for 1290028 SNPs.
After merging with reference panel LD, 1178825 SNPs remain.
After merging with regression SNP LD, 1178825 SNPs remain.
Computing rg for phenotype 2/2
Reading summary statistics from 1_RawData/LDSC/hear_GWAS.sumstats.gz ...
Read summary statistics for 1217311 SNPs.
After merging with summary statistics, 1178825 SNPs remain.
1168731 SNPs with valid alleles.

Heritability of phenotype 1
---------------------------
Total Observed scale h2: 0.0916 (0.0206)
Lambda GC: 1.0679
Mean Chi^2: 1.0718
Intercept: 0.9998 (0.0186)
Ratio < 0 (usually indicates GC correction).

Heritability of phenotype 2/2
-----------------------------
Total Observed scale h2: 0.0409 (0.0023)
Lambda GC: 1.2431
Mean Chi^2: 1.3021
Intercept: 1.0176 (0.0086)
Ratio: 0.0583 (0.0286)

Genetic Covariance
------------------
Total Observed scale gencov: -0.0019 (0.0035)
Mean z1*z2: -0.0043
Intercept: 0.0015 (0.0051)

Genetic Correlation
-------------------
Genetic Correlation: -0.0317 (0.0564)
Z-score: -0.5611
P: 0.5747


Summary of Genetic Correlation Results
p1                                    p2      rg      se       z       p  h2_obs  h2_obs_se  h2_int  h2_int_se  gcov_int  gcov_int_se
1_RawData/LDSC/aaos_GWAS.sumstats.gz  1_RawData/LDSC/hear_GWAS.sumstats.gz -0.0317  0.0564 -0.5611  0.5747  0.0409     0.0023  1.0176     0.0086    0.0015       0.0051

Analysis finished at Fri Nov 30 13:26:37 2018
Total time elapsed: 13.27s
