*********************************************************************
* LD Score Regression (LDSC)
* Version 1.0.0
* (C) 2014-2015 Brendan Bulik-Sullivan and Hilary Finucane
* Broad Institute of MIT and Harvard / MIT Department of Mathematics
* GNU General Public License v3
*********************************************************************
Call: 
./ldsc.py \
--ref-ld-chr /Users/sheaandrews/Programs/ldsc/eur_w_ld_chr/ \
--out 2_DerivedData/LDSC/aaos_sleep \
--rg 1_RawData/LDSC/aaos_GWAS.sumstats.gz,1_RawData/LDSC/sleep_GWAS.sumstats.gz \
--w-ld-chr /Users/sheaandrews/Programs/ldsc/eur_w_ld_chr/ 

Beginning analysis at Fri Nov 30 11:22:02 2018
Reading summary statistics from 1_RawData/LDSC/aaos_GWAS.sumstats.gz ...
Read summary statistics for 1188253 SNPs.
Reading reference panel LD Score from /Users/sheaandrews/Programs/ldsc/eur_w_ld_chr/[1-22] ...
Read reference panel LD Scores for 1290028 SNPs.
Removing partitioned LD Scores with zero variance.
Reading regression weight LD Score from /Users/sheaandrews/Programs/ldsc/eur_w_ld_chr/[1-22] ...
Read regression weight LD Scores for 1290028 SNPs.
After merging with reference panel LD, 1178825 SNPs remain.
After merging with regression SNP LD, 1178825 SNPs remain.
Computing rg for phenotype 2/2
Reading summary statistics from 1_RawData/LDSC/sleep_GWAS.sumstats.gz ...
Read summary statistics for 1217311 SNPs.
After merging with summary statistics, 1178825 SNPs remain.
1167143 SNPs with valid alleles.

Heritability of phenotype 1
---------------------------
Total Observed scale h2: 0.0913 (0.0199)
Lambda GC: 1.0649
Mean Chi^2: 1.0715
Intercept: 0.9997 (0.0182)
Ratio < 0 (usually indicates GC correction).

Heritability of phenotype 2/2
-----------------------------
Total Observed scale h2: 0.0567 (0.0059)
Lambda GC: 1.1144
Mean Chi^2: 1.1406
Intercept: 1.0151 (0.0079)
Ratio: 0.1072 (0.056)

Genetic Covariance
------------------
Total Observed scale gencov: 0.0077 (0.0068)
Mean z1*z2: 0.0045
Intercept: -0.0069 (0.0044)

Genetic Correlation
-------------------
Genetic Correlation: 0.1075 (0.0958)
Z-score: 1.1216
P: 0.262


Summary of Genetic Correlation Results
p1                                     p2      rg      se       z      p  h2_obs  h2_obs_se  h2_int  h2_int_se  gcov_int  gcov_int_se
1_RawData/LDSC/aaos_GWAS.sumstats.gz  1_RawData/LDSC/sleep_GWAS.sumstats.gz  0.1075  0.0958  1.1216  0.262  0.0567     0.0059  1.0151     0.0079   -0.0069       0.0044

Analysis finished at Fri Nov 30 11:22:14 2018
Total time elapsed: 12.5s
