*********************************************************************
* LD Score Regression (LDSC)
* Version 1.0.0
* (C) 2014-2015 Brendan Bulik-Sullivan and Hilary Finucane
* Broad Institute of MIT and Harvard / MIT Department of Mathematics
* GNU General Public License v3
*********************************************************************
Call: 
./ldsc.py \
--ref-ld-chr /Users/sheaandrews/Programs/ldsc/eur_w_ld_chr/ \
--out 2_DerivedData/LDSC/aaos_hipv \
--rg 1_RawData/LDSC/aaos_GWAS.sumstats.gz,1_RawData/LDSC/hipv_GWAS.sumstats.gz \
--w-ld-chr /Users/sheaandrews/Programs/ldsc/eur_w_ld_chr/ 

Beginning analysis at Fri Nov 30 12:54:56 2018
Reading summary statistics from 1_RawData/LDSC/aaos_GWAS.sumstats.gz ...
Read summary statistics for 1188253 SNPs.
Reading reference panel LD Score from /Users/sheaandrews/Programs/ldsc/eur_w_ld_chr/[1-22] ...
Read reference panel LD Scores for 1290028 SNPs.
Removing partitioned LD Scores with zero variance.
Reading regression weight LD Score from /Users/sheaandrews/Programs/ldsc/eur_w_ld_chr/[1-22] ...
Read regression weight LD Scores for 1290028 SNPs.
After merging with reference panel LD, 1178825 SNPs remain.
After merging with regression SNP LD, 1178825 SNPs remain.
Computing rg for phenotype 2/2
Reading summary statistics from 1_RawData/LDSC/hipv_GWAS.sumstats.gz ...
Read summary statistics for 1217311 SNPs.
After merging with summary statistics, 1178825 SNPs remain.
1158975 SNPs with valid alleles.

Heritability of phenotype 1
---------------------------
Total Observed scale h2: 0.0881 (0.0223)
Lambda GC: 1.0679
Mean Chi^2: 1.0727
Intercept: 1.0027 (0.0199)
Ratio: 0.0374 (0.2735)

Heritability of phenotype 2/2
-----------------------------
Total Observed scale h2: 0.1423 (0.0241)
Lambda GC: 1.0588
Mean Chi^2: 1.08
Intercept: 1.0035 (0.0079)
Ratio: 0.0442 (0.0985)

Genetic Covariance
------------------
Total Observed scale gencov: -0.0078 (0.0125)
Mean z1*z2: -0.0149
Intercept: -0.0098 (0.0057)

Genetic Correlation
-------------------
Genetic Correlation: -0.0695 (0.1094)
Z-score: -0.6353
P: 0.5252


Summary of Genetic Correlation Results
p1                                    p2      rg      se       z       p  h2_obs  h2_obs_se  h2_int  h2_int_se  gcov_int  gcov_int_se
1_RawData/LDSC/aaos_GWAS.sumstats.gz  1_RawData/LDSC/hipv_GWAS.sumstats.gz -0.0695  0.1094 -0.6353  0.5252  0.1423     0.0241  1.0035     0.0079   -0.0098       0.0057

Analysis finished at Fri Nov 30 12:55:09 2018
Total time elapsed: 13.35s
