*********************************************************************
* LD Score Regression (LDSC)
* Version 1.0.0
* (C) 2014-2015 Brendan Bulik-Sullivan and Hilary Finucane
* Broad Institute of MIT and Harvard / MIT Department of Mathematics
* GNU General Public License v3
*********************************************************************
Call: 
./ldsc.py \
--ref-ld-chr /Users/sheaandrews/Programs/ldsc/eur_w_ld_chr/ \
--out 2_DerivedData/LDSC/aaos_insom \
--rg 1_RawData/LDSC/aaos_GWAS.sumstats.gz,1_RawData/LDSC/insom_GWAS.sumstats.gz \
--w-ld-chr /Users/sheaandrews/Programs/ldsc/eur_w_ld_chr/ 

Beginning analysis at Fri Nov 30 09:36:52 2018
Reading summary statistics from 1_RawData/LDSC/aaos_GWAS.sumstats.gz ...
Read summary statistics for 1188253 SNPs.
Reading reference panel LD Score from /Users/sheaandrews/Programs/ldsc/eur_w_ld_chr/[1-22] ...
Read reference panel LD Scores for 1290028 SNPs.
Removing partitioned LD Scores with zero variance.
Reading regression weight LD Score from /Users/sheaandrews/Programs/ldsc/eur_w_ld_chr/[1-22] ...
Read regression weight LD Scores for 1290028 SNPs.
After merging with reference panel LD, 1178825 SNPs remain.
After merging with regression SNP LD, 1178825 SNPs remain.
Computing rg for phenotype 2/2
Reading summary statistics from 1_RawData/LDSC/insom_GWAS.sumstats.gz ...
Read summary statistics for 1217311 SNPs.
After merging with summary statistics, 1178825 SNPs remain.
1128608 SNPs with valid alleles.

Heritability of phenotype 1
---------------------------
Total Observed scale h2: 0.0904 (0.0212)
Lambda GC: 1.0679
Mean Chi^2: 1.0737
Intercept: 1.0013 (0.0194)
Ratio: 0.0181 (0.2634)

Heritability of phenotype 2/2
-----------------------------
Total Observed scale h2: 0.0461 (0.0021)
Lambda GC: 1.3101
Mean Chi^2: 1.3663
Intercept: 1.0127 (0.0089)
Ratio: 0.0348 (0.0242)

Genetic Covariance
------------------
Total Observed scale gencov: 0.0038 (0.0035)
Mean z1*z2: 0.0169
Intercept: 0.0062 (0.0052)

Genetic Correlation
-------------------
Genetic Correlation: 0.0584 (0.0547)
Z-score: 1.068
P: 0.2855


Summary of Genetic Correlation Results
p1                                     p2      rg      se      z       p  h2_obs  h2_obs_se  h2_int  h2_int_se  gcov_int  gcov_int_se
1_RawData/LDSC/aaos_GWAS.sumstats.gz  1_RawData/LDSC/insom_GWAS.sumstats.gz  0.0584  0.0547  1.068  0.2855  0.0461     0.0021  1.0127     0.0089    0.0062       0.0052

Analysis finished at Fri Nov 30 09:37:05 2018
Total time elapsed: 12.74s
