*********************************************************************
* LD Score Regression (LDSC)
* Version 1.0.0
* (C) 2014-2015 Brendan Bulik-Sullivan and Hilary Finucane
* Broad Institute of MIT and Harvard / MIT Department of Mathematics
* GNU General Public License v3
*********************************************************************
Call: 
./ldsc.py \
--ref-ld-chr /Users/sheaandrews/Programs/ldsc/eur_w_ld_chr/ \
--out 2_DerivedData/LDSC/ab42_alcd \
--rg 1_RawData/LDSC/ab42_GWAS.sumstats.gz,1_RawData/LDSC/alcd_GWAS.sumstats.gz \
--w-ld-chr /Users/sheaandrews/Programs/ldsc/eur_w_ld_chr/ 

Beginning analysis at Fri Nov 30 10:33:29 2018
Reading summary statistics from 1_RawData/LDSC/ab42_GWAS.sumstats.gz ...
Read summary statistics for 1007523 SNPs.
Reading reference panel LD Score from /Users/sheaandrews/Programs/ldsc/eur_w_ld_chr/[1-22] ...
Read reference panel LD Scores for 1290028 SNPs.
Removing partitioned LD Scores with zero variance.
Reading regression weight LD Score from /Users/sheaandrews/Programs/ldsc/eur_w_ld_chr/[1-22] ...
Read regression weight LD Scores for 1290028 SNPs.
After merging with reference panel LD, 1003938 SNPs remain.
After merging with regression SNP LD, 1003938 SNPs remain.
Computing rg for phenotype 2/2
Reading summary statistics from 1_RawData/LDSC/alcd_GWAS.sumstats.gz ...
Read summary statistics for 1217311 SNPs.
After merging with summary statistics, 1003938 SNPs remain.
994092 SNPs with valid alleles.

Heritability of phenotype 1
---------------------------
Total Observed scale h2: 0.1873 (0.1693)
Lambda GC: 1.0285
Mean Chi^2: 1.0377
Intercept: 1.0258 (0.0099)
Ratio: 0.6849 (0.2624)

Heritability of phenotype 2/2
-----------------------------
Total Observed scale h2: 0.1759 (0.0493)
Lambda GC: 1.0588
Mean Chi^2: 1.0565
Intercept: 1.0255 (0.0063)
Ratio: 0.4509 (0.1122)

Genetic Covariance
------------------
Total Observed scale gencov: -0.0778 (0.0564)
Mean z1*z2: -0.0036
Intercept: 0.0048 (0.0045)

Genetic Correlation
-------------------
Genetic Correlation: -0.4287 (0.3932)
Z-score: -1.0902
P: 0.2756


Summary of Genetic Correlation Results
p1                                    p2      rg      se       z       p  h2_obs  h2_obs_se  h2_int  h2_int_se  gcov_int  gcov_int_se
1_RawData/LDSC/ab42_GWAS.sumstats.gz  1_RawData/LDSC/alcd_GWAS.sumstats.gz -0.4287  0.3932 -1.0902  0.2756  0.1759     0.0493  1.0255     0.0063    0.0048       0.0045

Analysis finished at Fri Nov 30 10:33:41 2018
Total time elapsed: 12.07s
