*********************************************************************
* LD Score Regression (LDSC)
* Version 1.0.0
* (C) 2014-2015 Brendan Bulik-Sullivan and Hilary Finucane
* Broad Institute of MIT and Harvard / MIT Department of Mathematics
* GNU General Public License v3
*********************************************************************
Call: 
./ldsc.py \
--ref-ld-chr /Users/sheaandrews/Programs/ldsc/eur_w_ld_chr/ \
--out 2_DerivedData/LDSC/ab42_trig \
--rg 1_RawData/LDSC/ab42_GWAS.sumstats.gz,1_RawData/LDSC/trig_GWAS.sumstats.gz \
--w-ld-chr /Users/sheaandrews/Programs/ldsc/eur_w_ld_chr/ 

Beginning analysis at Fri Nov 30 10:36:19 2018
Reading summary statistics from 1_RawData/LDSC/ab42_GWAS.sumstats.gz ...
Read summary statistics for 1007523 SNPs.
Reading reference panel LD Score from /Users/sheaandrews/Programs/ldsc/eur_w_ld_chr/[1-22] ...
Read reference panel LD Scores for 1290028 SNPs.
Removing partitioned LD Scores with zero variance.
Reading regression weight LD Score from /Users/sheaandrews/Programs/ldsc/eur_w_ld_chr/[1-22] ...
Read regression weight LD Scores for 1290028 SNPs.
After merging with reference panel LD, 1003938 SNPs remain.
After merging with regression SNP LD, 1003938 SNPs remain.
Computing rg for phenotype 2/2
Reading summary statistics from 1_RawData/LDSC/trig_GWAS.sumstats.gz ...
Read summary statistics for 1217311 SNPs.
After merging with summary statistics, 1003938 SNPs remain.
899718 SNPs with valid alleles.

Heritability of phenotype 1
---------------------------
Total Observed scale h2: 0.2164 (0.1714)
Lambda GC: 1.0285
Mean Chi^2: 1.0369
Intercept: 1.0234 (0.0092)
Ratio: 0.633 (0.25)

Heritability of phenotype 2/2
-----------------------------
Total Observed scale h2: 0.2786 (0.0617)
Lambda GC: 1.0075
Mean Chi^2: 1.2339
Intercept: 0.7325 (0.0406)
Ratio < 0 (usually indicates GC correction).

Genetic Covariance
------------------
Total Observed scale gencov: -0.0187 (0.0259)
Mean z1*z2: -0.0095
Intercept: -0.0014 (0.0061)

Genetic Correlation
-------------------
Genetic Correlation: -0.0763 (0.1042)
Z-score: -0.7324
P: 0.4639


Summary of Genetic Correlation Results
p1                                    p2      rg      se       z       p  h2_obs  h2_obs_se  h2_int  h2_int_se  gcov_int  gcov_int_se
1_RawData/LDSC/ab42_GWAS.sumstats.gz  1_RawData/LDSC/trig_GWAS.sumstats.gz -0.0763  0.1042 -0.7324  0.4639  0.2786     0.0617  0.7325     0.0406   -0.0014       0.0061

Analysis finished at Fri Nov 30 10:36:31 2018
Total time elapsed: 11.8s
