*********************************************************************
* LD Score Regression (LDSC)
* Version 1.0.0
* (C) 2014-2015 Brendan Bulik-Sullivan and Hilary Finucane
* Broad Institute of MIT and Harvard / MIT Department of Mathematics
* GNU General Public License v3
*********************************************************************
Call: 
./ldsc.py \
--ref-ld-chr /Users/sheaandrews/Programs/ldsc/eur_w_ld_chr/ \
--out 2_DerivedData/LDSC/ab42_sbp \
--rg 1_RawData/LDSC/ab42_GWAS.sumstats.gz,1_RawData/LDSC/sbp_GWAS.sumstats.gz \
--w-ld-chr /Users/sheaandrews/Programs/ldsc/eur_w_ld_chr/ 

Beginning analysis at Fri Nov 30 10:14:39 2018
Reading summary statistics from 1_RawData/LDSC/ab42_GWAS.sumstats.gz ...
Read summary statistics for 1007523 SNPs.
Reading reference panel LD Score from /Users/sheaandrews/Programs/ldsc/eur_w_ld_chr/[1-22] ...
Read reference panel LD Scores for 1290028 SNPs.
Removing partitioned LD Scores with zero variance.
Reading regression weight LD Score from /Users/sheaandrews/Programs/ldsc/eur_w_ld_chr/[1-22] ...
Read regression weight LD Scores for 1290028 SNPs.
After merging with reference panel LD, 1003938 SNPs remain.
After merging with regression SNP LD, 1003938 SNPs remain.
Computing rg for phenotype 2/2
Reading summary statistics from 1_RawData/LDSC/sbp_GWAS.sumstats.gz ...
Read summary statistics for 1217311 SNPs.
After merging with summary statistics, 1003938 SNPs remain.
1002744 SNPs with valid alleles.

Heritability of phenotype 1
---------------------------
Total Observed scale h2: 0.1761 (0.1664)
Lambda GC: 1.0285
Mean Chi^2: 1.0378
Intercept: 1.0266 (0.0099)
Ratio: 0.7052 (0.2625)

Heritability of phenotype 2/2
-----------------------------
Total Observed scale h2: 0.139 (0.0059)
Lambda GC: 2.1502
Mean Chi^2: 3.2515
Intercept: 1.0637 (0.037)
Ratio: 0.0283 (0.0164)

Genetic Covariance
------------------
Total Observed scale gencov: 0.0139 (0.0138)
Mean z1*z2: -0.0024
Intercept: -0.0158 (0.0073)

Genetic Correlation
-------------------
Genetic Correlation: 0.0891 (0.096)
Z-score: 0.9289
P: 0.353


Summary of Genetic Correlation Results
p1                                   p2      rg     se       z      p  h2_obs  h2_obs_se  h2_int  h2_int_se  gcov_int  gcov_int_se
1_RawData/LDSC/ab42_GWAS.sumstats.gz  1_RawData/LDSC/sbp_GWAS.sumstats.gz  0.0891  0.096  0.9289  0.353   0.139     0.0059  1.0637      0.037   -0.0158       0.0073

Analysis finished at Fri Nov 30 10:14:51 2018
Total time elapsed: 12.31s
