*********************************************************************
* LD Score Regression (LDSC)
* Version 1.0.0
* (C) 2014-2015 Brendan Bulik-Sullivan and Hilary Finucane
* Broad Institute of MIT and Harvard / MIT Department of Mathematics
* GNU General Public License v3
*********************************************************************
Call: 
./ldsc.py \
--ref-ld-chr /Users/sheaandrews/Programs/ldsc/eur_w_ld_chr/ \
--out 2_DerivedData/LDSC/ab42_as \
--rg 1_RawData/LDSC/ab42_GWAS.sumstats.gz,1_RawData/LDSC/as_GWAS.sumstats.gz \
--w-ld-chr /Users/sheaandrews/Programs/ldsc/eur_w_ld_chr/ 

Beginning analysis at Fri Nov 30 12:22:37 2018
Reading summary statistics from 1_RawData/LDSC/ab42_GWAS.sumstats.gz ...
Read summary statistics for 1007523 SNPs.
Reading reference panel LD Score from /Users/sheaandrews/Programs/ldsc/eur_w_ld_chr/[1-22] ...
Read reference panel LD Scores for 1290028 SNPs.
Removing partitioned LD Scores with zero variance.
Reading regression weight LD Score from /Users/sheaandrews/Programs/ldsc/eur_w_ld_chr/[1-22] ...
Read regression weight LD Scores for 1290028 SNPs.
After merging with reference panel LD, 1003938 SNPs remain.
After merging with regression SNP LD, 1003938 SNPs remain.
Computing rg for phenotype 2/2
Reading summary statistics from 1_RawData/LDSC/as_GWAS.sumstats.gz ...
Read summary statistics for 1217311 SNPs.
After merging with summary statistics, 1003938 SNPs remain.
1003895 SNPs with valid alleles.

Heritability of phenotype 1
---------------------------
Total Observed scale h2: 0.1835 (0.1673)
Lambda GC: 1.0285
Mean Chi^2: 1.0377
Intercept: 1.0261 (0.01)
Ratio: 0.692 (0.2651)

Heritability of phenotype 2/2
-----------------------------
Total Observed scale h2: 0.0121 (0.0016)
Lambda GC: 1.1301
Mean Chi^2: 1.1571
Intercept: 1.0424 (0.0087)
Ratio: 0.2698 (0.0552)

Genetic Covariance
------------------
Total Observed scale gencov: -0.0105 (0.0096)
Mean z1*z2: -0.0082
Intercept: -6.7292e-05 (0.0056)

Genetic Correlation
-------------------
Genetic Correlation: -0.2241 (0.2258)
Z-score: -0.9927
P: 0.3209


Summary of Genetic Correlation Results
p1                                  p2      rg      se       z       p  h2_obs  h2_obs_se  h2_int  h2_int_se    gcov_int  gcov_int_se
1_RawData/LDSC/ab42_GWAS.sumstats.gz  1_RawData/LDSC/as_GWAS.sumstats.gz -0.2241  0.2258 -0.9927  0.3209  0.0121     0.0016  1.0424     0.0087 -6.7292e-05       0.0056

Analysis finished at Fri Nov 30 12:22:51 2018
Total time elapsed: 13.99s
