*********************************************************************
* LD Score Regression (LDSC)
* Version 1.0.0
* (C) 2014-2015 Brendan Bulik-Sullivan and Hilary Finucane
* Broad Institute of MIT and Harvard / MIT Department of Mathematics
* GNU General Public License v3
*********************************************************************
Call: 
./ldsc.py \
--ref-ld-chr /Users/sheaandrews/Programs/ldsc/eur_w_ld_chr/ \
--out 2_DerivedData/LDSC/ab42_ab42 \
--rg 1_RawData/LDSC/ab42_GWAS.sumstats.gz,1_RawData/LDSC/ab42_GWAS.sumstats.gz \
--w-ld-chr /Users/sheaandrews/Programs/ldsc/eur_w_ld_chr/ 

Beginning analysis at Fri Nov 30 11:04:19 2018
Reading summary statistics from 1_RawData/LDSC/ab42_GWAS.sumstats.gz ...
Read summary statistics for 1007523 SNPs.
Reading reference panel LD Score from /Users/sheaandrews/Programs/ldsc/eur_w_ld_chr/[1-22] ...
Read reference panel LD Scores for 1290028 SNPs.
Removing partitioned LD Scores with zero variance.
Reading regression weight LD Score from /Users/sheaandrews/Programs/ldsc/eur_w_ld_chr/[1-22] ...
Read regression weight LD Scores for 1290028 SNPs.
After merging with reference panel LD, 1003938 SNPs remain.
After merging with regression SNP LD, 1003938 SNPs remain.
Computing rg for phenotype 2/2
Reading summary statistics from 1_RawData/LDSC/ab42_GWAS.sumstats.gz ...
Read summary statistics for 1217311 SNPs.
After merging with summary statistics, 1003938 SNPs remain.
1003938 SNPs with valid alleles.

Heritability of phenotype 1
---------------------------
Total Observed scale h2: 0.1829 (0.1673)
Lambda GC: 1.0285
Mean Chi^2: 1.0377
Intercept: 1.0261 (0.01)
Ratio: 0.6932 (0.2649)

Heritability of phenotype 2/2
-----------------------------
Total Observed scale h2: 0.1829 (0.1673)
Lambda GC: 1.0285
Mean Chi^2: 1.0377
Intercept: 1.0261 (0.01)
Ratio: 0.6932 (0.2649)

Genetic Covariance
------------------
Total Observed scale gencov: 0.1829 (0.1673)
Mean z1*z2: 1.0377
Intercept: 1.0261 (0.01)

Genetic Correlation
-------------------
Genetic Correlation: 1. (7.9376e-07)
Z-score: 1259829.9693
P: 0.


Summary of Genetic Correlation Results
p1                                    p2   rg          se           z    p  h2_obs  h2_obs_se  h2_int  h2_int_se  gcov_int  gcov_int_se
1_RawData/LDSC/ab42_GWAS.sumstats.gz  1_RawData/LDSC/ab42_GWAS.sumstats.gz  1.0  7.9376e-07  1.2598e+06  0.0  0.1829     0.1673  1.0261       0.01    1.0261         0.01

Analysis finished at Fri Nov 30 11:04:31 2018
Total time elapsed: 12.12s
