*********************************************************************
* LD Score Regression (LDSC)
* Version 1.0.0
* (C) 2014-2015 Brendan Bulik-Sullivan and Hilary Finucane
* Broad Institute of MIT and Harvard / MIT Department of Mathematics
* GNU General Public License v3
*********************************************************************
Call: 
./ldsc.py \
--ref-ld-chr /Users/sheaandrews/Programs/ldsc/eur_w_ld_chr/ \
--out 2_DerivedData/LDSC/ab42_fish \
--rg 1_RawData/LDSC/ab42_GWAS.sumstats.gz,1_RawData/LDSC/fish_GWAS.sumstats.gz \
--w-ld-chr /Users/sheaandrews/Programs/ldsc/eur_w_ld_chr/ 

Beginning analysis at Fri Nov 30 12:00:55 2018
Reading summary statistics from 1_RawData/LDSC/ab42_GWAS.sumstats.gz ...
Read summary statistics for 1007523 SNPs.
Reading reference panel LD Score from /Users/sheaandrews/Programs/ldsc/eur_w_ld_chr/[1-22] ...
Read reference panel LD Scores for 1290028 SNPs.
Removing partitioned LD Scores with zero variance.
Reading regression weight LD Score from /Users/sheaandrews/Programs/ldsc/eur_w_ld_chr/[1-22] ...
Read regression weight LD Scores for 1290028 SNPs.
After merging with reference panel LD, 1003938 SNPs remain.
After merging with regression SNP LD, 1003938 SNPs remain.
Computing rg for phenotype 2/2
Reading summary statistics from 1_RawData/LDSC/fish_GWAS.sumstats.gz ...
Read summary statistics for 1217311 SNPs.
After merging with summary statistics, 1003938 SNPs remain.
995695 SNPs with valid alleles.

Heritability of phenotype 1
---------------------------
Total Observed scale h2: 0.1931 (0.1696)
Lambda GC: 1.0285
Mean Chi^2: 1.0377
Intercept: 1.0255 (0.01)
Ratio: 0.676 (0.2643)

Heritability of phenotype 2/2
-----------------------------
Total Observed scale h2: 0.0629 (0.0032)
Lambda GC: 1.453
Mean Chi^2: 1.6257
Intercept: 1.0109 (0.0141)
Ratio: 0.0175 (0.0226)

Genetic Covariance
------------------
Total Observed scale gencov: 0.0007 (0.013)
Mean z1*z2: -0.0057
Intercept: -0.0062 (0.0061)

Genetic Correlation
-------------------
Genetic Correlation: 0.0061 (0.1181)
Z-score: 0.0516
P: 0.9588


Summary of Genetic Correlation Results
p1                                    p2      rg      se       z       p  h2_obs  h2_obs_se  h2_int  h2_int_se  gcov_int  gcov_int_se
1_RawData/LDSC/ab42_GWAS.sumstats.gz  1_RawData/LDSC/fish_GWAS.sumstats.gz  0.0061  0.1181  0.0516  0.9588  0.0629     0.0032  1.0109     0.0141   -0.0062       0.0061

Analysis finished at Fri Nov 30 12:01:09 2018
Total time elapsed: 13.96s
