*********************************************************************
* LD Score Regression (LDSC)
* Version 1.0.0
* (C) 2014-2015 Brendan Bulik-Sullivan and Hilary Finucane
* Broad Institute of MIT and Harvard / MIT Department of Mathematics
* GNU General Public License v3
*********************************************************************
Call: 
./ldsc.py \
--ref-ld-chr /Users/sheaandrews/Programs/ldsc/eur_w_ld_chr/ \
--out 2_DerivedData/LDSC/ab42_mvpa \
--rg 1_RawData/LDSC/ab42_GWAS.sumstats.gz,1_RawData/LDSC/mvpa_GWAS.sumstats.gz \
--w-ld-chr /Users/sheaandrews/Programs/ldsc/eur_w_ld_chr/ 

Beginning analysis at Fri Nov 30 12:55:39 2018
Reading summary statistics from 1_RawData/LDSC/ab42_GWAS.sumstats.gz ...
Read summary statistics for 1007523 SNPs.
Reading reference panel LD Score from /Users/sheaandrews/Programs/ldsc/eur_w_ld_chr/[1-22] ...
Read reference panel LD Scores for 1290028 SNPs.
Removing partitioned LD Scores with zero variance.
Reading regression weight LD Score from /Users/sheaandrews/Programs/ldsc/eur_w_ld_chr/[1-22] ...
Read regression weight LD Scores for 1290028 SNPs.
After merging with reference panel LD, 1003938 SNPs remain.
After merging with regression SNP LD, 1003938 SNPs remain.
Computing rg for phenotype 2/2
Reading summary statistics from 1_RawData/LDSC/mvpa_GWAS.sumstats.gz ...
Read summary statistics for 1217311 SNPs.
After merging with summary statistics, 1003938 SNPs remain.
1003436 SNPs with valid alleles.

Heritability of phenotype 1
---------------------------
Total Observed scale h2: 0.1837 (0.1671)
Lambda GC: 1.0285
Mean Chi^2: 1.0377
Intercept: 1.0261 (0.01)
Ratio: 0.6916 (0.2648)

Heritability of phenotype 2/2
-----------------------------
Total Observed scale h2: 0.0465 (0.0024)
Lambda GC: 1.3101
Mean Chi^2: 1.3744
Intercept: 1.0115 (0.0102)
Ratio: 0.0306 (0.0273)

Genetic Covariance
------------------
Total Observed scale gencov: -0.0041 (0.0126)
Mean z1*z2: -0.0025
Intercept: 0.0025 (0.0059)

Genetic Correlation
-------------------
Genetic Correlation: -0.044 (0.1377)
Z-score: -0.3194
P: 0.7494


Summary of Genetic Correlation Results
p1                                    p2     rg      se       z       p  h2_obs  h2_obs_se  h2_int  h2_int_se  gcov_int  gcov_int_se
1_RawData/LDSC/ab42_GWAS.sumstats.gz  1_RawData/LDSC/mvpa_GWAS.sumstats.gz -0.044  0.1377 -0.3194  0.7494  0.0465     0.0024  1.0115     0.0102    0.0025       0.0059

Analysis finished at Fri Nov 30 12:55:54 2018
Total time elapsed: 15.12s
