*********************************************************************
* LD Score Regression (LDSC)
* Version 1.0.0
* (C) 2014-2015 Brendan Bulik-Sullivan and Hilary Finucane
* Broad Institute of MIT and Harvard / MIT Department of Mathematics
* GNU General Public License v3
*********************************************************************
Call: 
./ldsc.py \
--ref-ld-chr /Users/sheaandrews/Programs/ldsc/eur_w_ld_chr/ \
--out 2_DerivedData/LDSC/ab42_pp \
--rg 1_RawData/LDSC/ab42_GWAS.sumstats.gz,1_RawData/LDSC/pp_GWAS.sumstats.gz \
--w-ld-chr /Users/sheaandrews/Programs/ldsc/eur_w_ld_chr/ 

Beginning analysis at Fri Nov 30 10:17:29 2018
Reading summary statistics from 1_RawData/LDSC/ab42_GWAS.sumstats.gz ...
Read summary statistics for 1007523 SNPs.
Reading reference panel LD Score from /Users/sheaandrews/Programs/ldsc/eur_w_ld_chr/[1-22] ...
Read reference panel LD Scores for 1290028 SNPs.
Removing partitioned LD Scores with zero variance.
Reading regression weight LD Score from /Users/sheaandrews/Programs/ldsc/eur_w_ld_chr/[1-22] ...
Read regression weight LD Scores for 1290028 SNPs.
After merging with reference panel LD, 1003938 SNPs remain.
After merging with regression SNP LD, 1003938 SNPs remain.
Computing rg for phenotype 2/2
Reading summary statistics from 1_RawData/LDSC/pp_GWAS.sumstats.gz ...
Read summary statistics for 1217311 SNPs.
After merging with summary statistics, 1003938 SNPs remain.
1002768 SNPs with valid alleles.

Heritability of phenotype 1
---------------------------
Total Observed scale h2: 0.1765 (0.1666)
Lambda GC: 1.0285
Mean Chi^2: 1.0378
Intercept: 1.0266 (0.0099)
Ratio: 0.7047 (0.2632)

Heritability of phenotype 2/2
-----------------------------
Total Observed scale h2: 0.1214 (0.0052)
Lambda GC: 1.9631
Mean Chi^2: 2.8848
Intercept: 1.0137 (0.0313)
Ratio: 0.0072 (0.0166)

Genetic Covariance
------------------
Total Observed scale gencov: 0.0179 (0.0132)
Mean z1*z2: 0.0016
Intercept: -0.0152 (0.008)

Genetic Correlation
-------------------
Genetic Correlation: 0.1226 (0.1075)
Z-score: 1.14
P: 0.2543


Summary of Genetic Correlation Results
p1                                  p2      rg      se     z       p  h2_obs  h2_obs_se  h2_int  h2_int_se  gcov_int  gcov_int_se
1_RawData/LDSC/ab42_GWAS.sumstats.gz  1_RawData/LDSC/pp_GWAS.sumstats.gz  0.1226  0.1075  1.14  0.2543  0.1214     0.0052  1.0137     0.0313   -0.0152        0.008

Analysis finished at Fri Nov 30 10:17:41 2018
Total time elapsed: 12.09s
