*********************************************************************
* LD Score Regression (LDSC)
* Version 1.0.0
* (C) 2014-2015 Brendan Bulik-Sullivan and Hilary Finucane
* Broad Institute of MIT and Harvard / MIT Department of Mathematics
* GNU General Public License v3
*********************************************************************
Call: 
./ldsc.py \
--ref-ld-chr /Users/sheaandrews/Programs/ldsc/eur_w_ld_chr/ \
--out 2_DerivedData/LDSC/ab42_svs \
--rg 1_RawData/LDSC/ab42_GWAS.sumstats.gz,1_RawData/LDSC/svs_GWAS.sumstats.gz \
--w-ld-chr /Users/sheaandrews/Programs/ldsc/eur_w_ld_chr/ 

Beginning analysis at Fri Nov 30 12:23:36 2018
Reading summary statistics from 1_RawData/LDSC/ab42_GWAS.sumstats.gz ...
Read summary statistics for 1007523 SNPs.
Reading reference panel LD Score from /Users/sheaandrews/Programs/ldsc/eur_w_ld_chr/[1-22] ...
Read reference panel LD Scores for 1290028 SNPs.
Removing partitioned LD Scores with zero variance.
Reading regression weight LD Score from /Users/sheaandrews/Programs/ldsc/eur_w_ld_chr/[1-22] ...
Read regression weight LD Scores for 1290028 SNPs.
After merging with reference panel LD, 1003938 SNPs remain.
After merging with regression SNP LD, 1003938 SNPs remain.
Computing rg for phenotype 2/2
Reading summary statistics from 1_RawData/LDSC/svs_GWAS.sumstats.gz ...
Read summary statistics for 1217311 SNPs.
After merging with summary statistics, 1003938 SNPs remain.
1003880 SNPs with valid alleles.

Heritability of phenotype 1
---------------------------
Total Observed scale h2: 0.1845 (0.1674)
Lambda GC: 1.0285
Mean Chi^2: 1.0377
Intercept: 1.026 (0.01)
Ratio: 0.6903 (0.2649)

Heritability of phenotype 2/2
-----------------------------
Total Observed scale h2: 0.0026 (0.0012)
Lambda GC: 1.0802
Mean Chi^2: 1.0953
Intercept: 1.0698 (0.008)
Ratio: 0.7328 (0.084)

Genetic Covariance
------------------
Total Observed scale gencov: -0.0069 (0.0093)
Mean z1*z2: -0.0029
Intercept: 0.0023 (0.0056)

Genetic Correlation
-------------------
Genetic Correlation: -0.3129 (0.477)
Z-score: -0.656
P: 0.5118


Summary of Genetic Correlation Results
p1                                   p2      rg     se      z       p  h2_obs  h2_obs_se  h2_int  h2_int_se  gcov_int  gcov_int_se
1_RawData/LDSC/ab42_GWAS.sumstats.gz  1_RawData/LDSC/svs_GWAS.sumstats.gz -0.3129  0.477 -0.656  0.5118  0.0026     0.0012  1.0698      0.008    0.0023       0.0056

Analysis finished at Fri Nov 30 12:23:50 2018
Total time elapsed: 14.02s
