*********************************************************************
* LD Score Regression (LDSC)
* Version 1.0.0
* (C) 2014-2015 Brendan Bulik-Sullivan and Hilary Finucane
* Broad Institute of MIT and Harvard / MIT Department of Mathematics
* GNU General Public License v3
*********************************************************************
Call: 
./ldsc.py \
--ref-ld-chr /Users/sheaandrews/Programs/ldsc/eur_w_ld_chr/ \
--out 2_DerivedData/LDSC/ab42_alcc \
--rg 1_RawData/LDSC/ab42_GWAS.sumstats.gz,1_RawData/LDSC/alcc_GWAS.sumstats.gz \
--w-ld-chr /Users/sheaandrews/Programs/ldsc/eur_w_ld_chr/ 

Beginning analysis at Fri Nov 30 09:16:49 2018
Reading summary statistics from 1_RawData/LDSC/ab42_GWAS.sumstats.gz ...
Read summary statistics for 1007523 SNPs.
Reading reference panel LD Score from /Users/sheaandrews/Programs/ldsc/eur_w_ld_chr/[1-22] ...
Read reference panel LD Scores for 1290028 SNPs.
Removing partitioned LD Scores with zero variance.
Reading regression weight LD Score from /Users/sheaandrews/Programs/ldsc/eur_w_ld_chr/[1-22] ...
Read regression weight LD Scores for 1290028 SNPs.
After merging with reference panel LD, 1003938 SNPs remain.
After merging with regression SNP LD, 1003938 SNPs remain.
Computing rg for phenotype 2/2
Reading summary statistics from 1_RawData/LDSC/alcc_GWAS.sumstats.gz ...
Read summary statistics for 1217311 SNPs.
After merging with summary statistics, 1003938 SNPs remain.
936572 SNPs with valid alleles.

Heritability of phenotype 1
---------------------------
Total Observed scale h2: 0.2158 (0.1574)
Lambda GC: 1.0285
Mean Chi^2: 1.0359
Intercept: 1.0222 (0.0078)
Ratio: 0.6173 (0.2167)

Heritability of phenotype 2/2
-----------------------------
Total Observed scale h2: 0.0798 (0.0063)
Lambda GC: 1.1651
Mean Chi^2: 1.1965
Intercept: 1.009 (0.0086)
Ratio: 0.0457 (0.0439)

Genetic Covariance
------------------
Total Observed scale gencov: -0.0272 (0.019)
Mean z1*z2: -0.0066
Intercept: 0.0044 (0.0051)

Genetic Correlation
-------------------
Genetic Correlation: -0.2072 (0.1614)
Z-score: -1.2842
P: 0.1991


Summary of Genetic Correlation Results
p1                                    p2      rg      se       z       p  h2_obs  h2_obs_se  h2_int  h2_int_se  gcov_int  gcov_int_se
1_RawData/LDSC/ab42_GWAS.sumstats.gz  1_RawData/LDSC/alcc_GWAS.sumstats.gz -0.2072  0.1614 -1.2842  0.1991  0.0798     0.0063   1.009     0.0086    0.0044       0.0051

Analysis finished at Fri Nov 30 09:17:02 2018
Total time elapsed: 12.7s
