*********************************************************************
* LD Score Regression (LDSC)
* Version 1.0.0
* (C) 2014-2015 Brendan Bulik-Sullivan and Hilary Finucane
* Broad Institute of MIT and Harvard / MIT Department of Mathematics
* GNU General Public License v3
*********************************************************************
Call: 
./ldsc.py \
--ref-ld-chr /Users/sheaandrews/Programs/ldsc/eur_w_ld_chr/ \
--out 2_DerivedData/LDSC/ais_ces \
--rg 1_RawData/LDSC/ais_GWAS.sumstats.gz,1_RawData/LDSC/ces_GWAS.sumstats.gz \
--w-ld-chr /Users/sheaandrews/Programs/ldsc/eur_w_ld_chr/ 

Beginning analysis at Fri Nov 30 13:34:40 2018
Reading summary statistics from 1_RawData/LDSC/ais_GWAS.sumstats.gz ...
Read summary statistics for 1189201 SNPs.
Reading reference panel LD Score from /Users/sheaandrews/Programs/ldsc/eur_w_ld_chr/[1-22] ...
Read reference panel LD Scores for 1290028 SNPs.
Removing partitioned LD Scores with zero variance.
Reading regression weight LD Score from /Users/sheaandrews/Programs/ldsc/eur_w_ld_chr/[1-22] ...
Read regression weight LD Scores for 1290028 SNPs.
After merging with reference panel LD, 1180339 SNPs remain.
After merging with regression SNP LD, 1180339 SNPs remain.
Computing rg for phenotype 2/2
Reading summary statistics from 1_RawData/LDSC/ces_GWAS.sumstats.gz ...
Read summary statistics for 1217311 SNPs.
After merging with summary statistics, 1180339 SNPs remain.
1179474 SNPs with valid alleles.

Heritability of phenotype 1
---------------------------
Total Observed scale h2: 0.0133 (0.0014)
Lambda GC: 1.1238
Mean Chi^2: 1.1401
Intercept: 1.0223 (0.0072)
Ratio: 0.1589 (0.0514)

Heritability of phenotype 2/2
-----------------------------
Total Observed scale h2: 0.0069 (0.0013)
Lambda GC: 1.1082
Mean Chi^2: 1.1195
Intercept: 1.0573 (0.0067)
Ratio: 0.4792 (0.0557)

Genetic Covariance
------------------
Total Observed scale gencov: 0.0087 (0.001)
Mean z1*z2: 0.586
Intercept: 0.5094 (0.0057)

Genetic Correlation
-------------------
Genetic Correlation: 0.9016 (0.0536)
Z-score: 16.8232
P: 1.6507e-63


Summary of Genetic Correlation Results
p1                                   p2      rg      se        z           p  h2_obs  h2_obs_se  h2_int  h2_int_se  gcov_int  gcov_int_se
1_RawData/LDSC/ais_GWAS.sumstats.gz  1_RawData/LDSC/ces_GWAS.sumstats.gz  0.9016  0.0536  16.8232  1.6507e-63  0.0069     0.0013  1.0573     0.0067    0.5094       0.0057

Analysis finished at Fri Nov 30 13:34:54 2018
Total time elapsed: 13.67s
