*********************************************************************
* LD Score Regression (LDSC)
* Version 1.0.0
* (C) 2014-2015 Brendan Bulik-Sullivan and Hilary Finucane
* Broad Institute of MIT and Harvard / MIT Department of Mathematics
* GNU General Public License v3
*********************************************************************
Call: 
./ldsc.py \
--ref-ld-chr /Users/sheaandrews/Programs/ldsc/eur_w_ld_chr/ \
--out 2_DerivedData/LDSC/ais_trig \
--rg 1_RawData/LDSC/ais_GWAS.sumstats.gz,1_RawData/LDSC/trig_GWAS.sumstats.gz \
--w-ld-chr /Users/sheaandrews/Programs/ldsc/eur_w_ld_chr/ 

Beginning analysis at Fri Nov 30 11:47:57 2018
Reading summary statistics from 1_RawData/LDSC/ais_GWAS.sumstats.gz ...
Read summary statistics for 1189201 SNPs.
Reading reference panel LD Score from /Users/sheaandrews/Programs/ldsc/eur_w_ld_chr/[1-22] ...
Read reference panel LD Scores for 1290028 SNPs.
Removing partitioned LD Scores with zero variance.
Reading regression weight LD Score from /Users/sheaandrews/Programs/ldsc/eur_w_ld_chr/[1-22] ...
Read regression weight LD Scores for 1290028 SNPs.
After merging with reference panel LD, 1180339 SNPs remain.
After merging with regression SNP LD, 1180339 SNPs remain.
Computing rg for phenotype 2/2
Reading summary statistics from 1_RawData/LDSC/trig_GWAS.sumstats.gz ...
Read summary statistics for 1217311 SNPs.
After merging with summary statistics, 1180339 SNPs remain.
1028027 SNPs with valid alleles.

Heritability of phenotype 1
---------------------------
Total Observed scale h2: 0.0125 (0.0015)
Lambda GC: 1.1238
Mean Chi^2: 1.1426
Intercept: 1.0305 (0.0081)
Ratio: 0.2143 (0.0566)

Heritability of phenotype 2/2
-----------------------------
Total Observed scale h2: 0.2698 (0.0576)
Lambda GC: 1.0016
Mean Chi^2: 1.2166
Intercept: 0.7573 (0.0351)
Ratio < 0 (usually indicates GC correction).

Genetic Covariance
------------------
Total Observed scale gencov: 0.0088 (0.0023)
Mean z1*z2: 0.0359
Intercept: 0.0016 (0.0052)

Genetic Correlation
-------------------
Genetic Correlation: 0.1521 (0.0414)
Z-score: 3.6716
P: 0.0002


Summary of Genetic Correlation Results
p1                                    p2      rg      se       z       p  h2_obs  h2_obs_se  h2_int  h2_int_se  gcov_int  gcov_int_se
1_RawData/LDSC/ais_GWAS.sumstats.gz  1_RawData/LDSC/trig_GWAS.sumstats.gz  0.1521  0.0414  3.6716  0.0002  0.2698     0.0576  0.7573     0.0351    0.0016       0.0052

Analysis finished at Fri Nov 30 11:48:10 2018
Total time elapsed: 13.17s
