*********************************************************************
* LD Score Regression (LDSC)
* Version 1.0.0
* (C) 2014-2015 Brendan Bulik-Sullivan and Hilary Finucane
* Broad Institute of MIT and Harvard / MIT Department of Mathematics
* GNU General Public License v3
*********************************************************************
Call: 
./ldsc.py \
--ref-ld-chr /Users/sheaandrews/Programs/ldsc/eur_w_ld_chr/ \
--out 2_DerivedData/LDSC/ais_ais \
--rg 1_RawData/LDSC/ais_GWAS.sumstats.gz,1_RawData/LDSC/ais_GWAS.sumstats.gz \
--w-ld-chr /Users/sheaandrews/Programs/ldsc/eur_w_ld_chr/ 

Beginning analysis at Fri Nov 30 13:32:05 2018
Reading summary statistics from 1_RawData/LDSC/ais_GWAS.sumstats.gz ...
Read summary statistics for 1189201 SNPs.
Reading reference panel LD Score from /Users/sheaandrews/Programs/ldsc/eur_w_ld_chr/[1-22] ...
Read reference panel LD Scores for 1290028 SNPs.
Removing partitioned LD Scores with zero variance.
Reading regression weight LD Score from /Users/sheaandrews/Programs/ldsc/eur_w_ld_chr/[1-22] ...
Read regression weight LD Scores for 1290028 SNPs.
After merging with reference panel LD, 1180339 SNPs remain.
After merging with regression SNP LD, 1180339 SNPs remain.
Computing rg for phenotype 2/2
Reading summary statistics from 1_RawData/LDSC/ais_GWAS.sumstats.gz ...
Read summary statistics for 1217311 SNPs.
After merging with summary statistics, 1180339 SNPs remain.
1180339 SNPs with valid alleles.

Heritability of phenotype 1
---------------------------
Total Observed scale h2: 0.0133 (0.0014)
Lambda GC: 1.1238
Mean Chi^2: 1.1399
Intercept: 1.022 (0.0071)
Ratio: 0.1576 (0.0507)

Heritability of phenotype 2/2
-----------------------------
Total Observed scale h2: 0.0133 (0.0014)
Lambda GC: 1.1238
Mean Chi^2: 1.1399
Intercept: 1.022 (0.0071)
Ratio: 0.1576 (0.0507)

Genetic Covariance
------------------
Total Observed scale gencov: 0.0133 (0.0014)
Mean z1*z2: 1.1399
Intercept: 1.022 (0.0071)

Genetic Correlation
-------------------
Genetic Correlation: 1. (2.4667e-07)
Z-score: 4054060.012
P: 0.


Summary of Genetic Correlation Results
p1                                   p2   rg          se           z    p  h2_obs  h2_obs_se  h2_int  h2_int_se  gcov_int  gcov_int_se
1_RawData/LDSC/ais_GWAS.sumstats.gz  1_RawData/LDSC/ais_GWAS.sumstats.gz  1.0  2.4667e-07  4.0541e+06  0.0  0.0133     0.0014   1.022     0.0071     1.022       0.0071

Analysis finished at Fri Nov 30 13:32:19 2018
Total time elapsed: 13.52s
