*********************************************************************
* LD Score Regression (LDSC)
* Version 1.0.0
* (C) 2014-2015 Brendan Bulik-Sullivan and Hilary Finucane
* Broad Institute of MIT and Harvard / MIT Department of Mathematics
* GNU General Public License v3
*********************************************************************
Call: 
./ldsc.py \
--ref-ld-chr /Users/sheaandrews/Programs/ldsc/eur_w_ld_chr/ \
--out 2_DerivedData/LDSC/ais_sbp \
--rg 1_RawData/LDSC/ais_GWAS.sumstats.gz,1_RawData/LDSC/sbp_GWAS.sumstats.gz \
--w-ld-chr /Users/sheaandrews/Programs/ldsc/eur_w_ld_chr/ 

Beginning analysis at Fri Nov 30 10:57:34 2018
Reading summary statistics from 1_RawData/LDSC/ais_GWAS.sumstats.gz ...
Read summary statistics for 1189201 SNPs.
Reading reference panel LD Score from /Users/sheaandrews/Programs/ldsc/eur_w_ld_chr/[1-22] ...
Read reference panel LD Scores for 1290028 SNPs.
Removing partitioned LD Scores with zero variance.
Reading regression weight LD Score from /Users/sheaandrews/Programs/ldsc/eur_w_ld_chr/[1-22] ...
Read regression weight LD Scores for 1290028 SNPs.
After merging with reference panel LD, 1180339 SNPs remain.
After merging with regression SNP LD, 1180339 SNPs remain.
Computing rg for phenotype 2/2
Reading summary statistics from 1_RawData/LDSC/sbp_GWAS.sumstats.gz ...
Read summary statistics for 1217311 SNPs.
After merging with summary statistics, 1180339 SNPs remain.
1167340 SNPs with valid alleles.

Heritability of phenotype 1
---------------------------
Total Observed scale h2: 0.0128 (0.0014)
Lambda GC: 1.1238
Mean Chi^2: 1.1414
Intercept: 1.027 (0.0071)
Ratio: 0.1908 (0.0502)

Heritability of phenotype 2/2
-----------------------------
Total Observed scale h2: 0.1399 (0.0059)
Lambda GC: 2.0855
Mean Chi^2: 3.1368
Intercept: 1.0711 (0.0321)
Ratio: 0.0333 (0.015)

Genetic Covariance
------------------
Total Observed scale gencov: 0.0136 (0.0017)
Mean z1*z2: 0.1938
Intercept: 0.0398 (0.0084)

Genetic Correlation
-------------------
Genetic Correlation: 0.3221 (0.0357)
Z-score: 9.0155
P: 1.9605e-19


Summary of Genetic Correlation Results
p1                                   p2      rg      se       z           p  h2_obs  h2_obs_se  h2_int  h2_int_se  gcov_int  gcov_int_se
1_RawData/LDSC/ais_GWAS.sumstats.gz  1_RawData/LDSC/sbp_GWAS.sumstats.gz  0.3221  0.0357  9.0155  1.9605e-19  0.1399     0.0059  1.0711     0.0321    0.0398       0.0084

Analysis finished at Fri Nov 30 10:57:46 2018
Total time elapsed: 12.43s
