*********************************************************************
* LD Score Regression (LDSC)
* Version 1.0.0
* (C) 2014-2015 Brendan Bulik-Sullivan and Hilary Finucane
* Broad Institute of MIT and Harvard / MIT Department of Mathematics
* GNU General Public License v3
*********************************************************************
Call: 
./ldsc.py \
--ref-ld-chr /Users/sheaandrews/Programs/ldsc/eur_w_ld_chr/ \
--out 2_DerivedData/LDSC/ais_sleep \
--rg 1_RawData/LDSC/ais_GWAS.sumstats.gz,1_RawData/LDSC/sleep_GWAS.sumstats.gz \
--w-ld-chr /Users/sheaandrews/Programs/ldsc/eur_w_ld_chr/ 

Beginning analysis at Fri Nov 30 11:07:27 2018
Reading summary statistics from 1_RawData/LDSC/ais_GWAS.sumstats.gz ...
Read summary statistics for 1189201 SNPs.
Reading reference panel LD Score from /Users/sheaandrews/Programs/ldsc/eur_w_ld_chr/[1-22] ...
Read reference panel LD Scores for 1290028 SNPs.
Removing partitioned LD Scores with zero variance.
Reading regression weight LD Score from /Users/sheaandrews/Programs/ldsc/eur_w_ld_chr/[1-22] ...
Read regression weight LD Scores for 1290028 SNPs.
After merging with reference panel LD, 1180339 SNPs remain.
After merging with regression SNP LD, 1180339 SNPs remain.
Computing rg for phenotype 2/2
Reading summary statistics from 1_RawData/LDSC/sleep_GWAS.sumstats.gz ...
Read summary statistics for 1217311 SNPs.
After merging with summary statistics, 1180339 SNPs remain.
1168799 SNPs with valid alleles.

Heritability of phenotype 1
---------------------------
Total Observed scale h2: 0.0133 (0.0013)
Lambda GC: 1.1238
Mean Chi^2: 1.14
Intercept: 1.0224 (0.007)
Ratio: 0.1599 (0.0497)

Heritability of phenotype 2/2
-----------------------------
Total Observed scale h2: 0.0577 (0.0059)
Lambda GC: 1.1144
Mean Chi^2: 1.1404
Intercept: 1.013 (0.0077)
Ratio: 0.0924 (0.0548)

Genetic Covariance
------------------
Total Observed scale gencov: -0.0016 (0.0017)
Mean z1*z2: -0.0015
Intercept: 0.0056 (0.0045)

Genetic Correlation
-------------------
Genetic Correlation: -0.0589 (0.061)
Z-score: -0.9641
P: 0.335


Summary of Genetic Correlation Results
p1                                     p2      rg     se       z      p  h2_obs  h2_obs_se  h2_int  h2_int_se  gcov_int  gcov_int_se
1_RawData/LDSC/ais_GWAS.sumstats.gz  1_RawData/LDSC/sleep_GWAS.sumstats.gz -0.0589  0.061 -0.9641  0.335  0.0577     0.0059   1.013     0.0077    0.0056       0.0045

Analysis finished at Fri Nov 30 11:07:39 2018
Total time elapsed: 12.52s
