*********************************************************************
* LD Score Regression (LDSC)
* Version 1.0.0
* (C) 2014-2015 Brendan Bulik-Sullivan and Hilary Finucane
* Broad Institute of MIT and Harvard / MIT Department of Mathematics
* GNU General Public License v3
*********************************************************************
Call: 
./ldsc.py \
--ref-ld-chr /Users/sheaandrews/Programs/ldsc/eur_w_ld_chr/ \
--out 2_DerivedData/LDSC/ais_smkukbb \
--rg 1_RawData/LDSC/ais_GWAS.sumstats.gz,1_RawData/LDSC/smkukbb_GWAS.sumstats.gz \
--w-ld-chr /Users/sheaandrews/Programs/ldsc/eur_w_ld_chr/ 

Beginning analysis at Fri Nov 30 13:03:51 2018
Reading summary statistics from 1_RawData/LDSC/ais_GWAS.sumstats.gz ...
Read summary statistics for 1189201 SNPs.
Reading reference panel LD Score from /Users/sheaandrews/Programs/ldsc/eur_w_ld_chr/[1-22] ...
Read reference panel LD Scores for 1290028 SNPs.
Removing partitioned LD Scores with zero variance.
Reading regression weight LD Score from /Users/sheaandrews/Programs/ldsc/eur_w_ld_chr/[1-22] ...
Read regression weight LD Scores for 1290028 SNPs.
After merging with reference panel LD, 1180339 SNPs remain.
After merging with regression SNP LD, 1180339 SNPs remain.
Computing rg for phenotype 2/2
Reading summary statistics from 1_RawData/LDSC/smkukbb_GWAS.sumstats.gz ...
Read summary statistics for 1217311 SNPs.
After merging with summary statistics, 1180339 SNPs remain.
1164271 SNPs with valid alleles.

Heritability of phenotype 1
---------------------------
Total Observed scale h2: 0.0134 (0.0013)
Lambda GC: 1.1238
Mean Chi^2: 1.1408
Intercept: 1.022 (0.0069)
Ratio: 0.1562 (0.049)

Heritability of phenotype 2/2
-----------------------------
Total Observed scale h2: 0.0997 (0.0035)
Lambda GC: 1.6372
Mean Chi^2: 1.9194
Intercept: 1.0228 (0.0104)
Ratio: 0.0248 (0.0113)

Genetic Covariance
------------------
Total Observed scale gencov: 0.0085 (0.0013)
Mean z1*z2: 0.08
Intercept: 0.0048 (0.0059)

Genetic Correlation
-------------------
Genetic Correlation: 0.2339 (0.0357)
Z-score: 6.5564
P: 5.5108e-11


Summary of Genetic Correlation Results
p1                                       p2      rg      se       z           p  h2_obs  h2_obs_se  h2_int  h2_int_se  gcov_int  gcov_int_se
1_RawData/LDSC/ais_GWAS.sumstats.gz  1_RawData/LDSC/smkukbb_GWAS.sumstats.gz  0.2339  0.0357  6.5564  5.5108e-11  0.0997     0.0035  1.0228     0.0104    0.0048       0.0059

Analysis finished at Fri Nov 30 13:04:05 2018
Total time elapsed: 14.43s
