*********************************************************************
* LD Score Regression (LDSC)
* Version 1.0.0
* (C) 2014-2015 Brendan Bulik-Sullivan and Hilary Finucane
* Broad Institute of MIT and Harvard / MIT Department of Mathematics
* GNU General Public License v3
*********************************************************************
Call: 
./ldsc.py \
--ref-ld-chr /Users/sheaandrews/Programs/ldsc/eur_w_ld_chr/ \
--out 2_DerivedData/LDSC/alcc_tau \
--rg 1_RawData/LDSC/alcc_GWAS.sumstats.gz,1_RawData/LDSC/tau_GWAS.sumstats.gz \
--w-ld-chr /Users/sheaandrews/Programs/ldsc/eur_w_ld_chr/ 

Beginning analysis at Fri Nov 30 09:17:31 2018
Reading summary statistics from 1_RawData/LDSC/alcc_GWAS.sumstats.gz ...
Read summary statistics for 1083944 SNPs.
Reading reference panel LD Score from /Users/sheaandrews/Programs/ldsc/eur_w_ld_chr/[1-22] ...
Read reference panel LD Scores for 1290028 SNPs.
Removing partitioned LD Scores with zero variance.
Reading regression weight LD Score from /Users/sheaandrews/Programs/ldsc/eur_w_ld_chr/[1-22] ...
Read regression weight LD Scores for 1290028 SNPs.
After merging with reference panel LD, 1079365 SNPs remain.
After merging with regression SNP LD, 1079365 SNPs remain.
Computing rg for phenotype 2/2
Reading summary statistics from 1_RawData/LDSC/tau_GWAS.sumstats.gz ...
Read summary statistics for 1217311 SNPs.
After merging with summary statistics, 1079365 SNPs remain.
936572 SNPs with valid alleles.

Heritability of phenotype 1
---------------------------
Total Observed scale h2: 0.0798 (0.0063)
Lambda GC: 1.1651
Mean Chi^2: 1.1965
Intercept: 1.009 (0.0086)
Ratio: 0.0457 (0.0439)

Heritability of phenotype 2/2
-----------------------------
Total Observed scale h2: 0.0686 (0.166)
Lambda GC: 1.0225
Mean Chi^2: 1.0276
Intercept: 1.0233 (0.0075)
Ratio: 0.8417 (0.2708)

Genetic Covariance
------------------
Total Observed scale gencov: -0.0259 (0.0207)
Mean z1*z2: -0.0038
Intercept: 0.0066 (0.0059)

Genetic Correlation
-------------------
Genetic Correlation: -0.3496 (0.54)
Z-score: -0.6475
P: 0.5173


Summary of Genetic Correlation Results
p1                                   p2      rg    se       z       p  h2_obs  h2_obs_se  h2_int  h2_int_se  gcov_int  gcov_int_se
1_RawData/LDSC/alcc_GWAS.sumstats.gz  1_RawData/LDSC/tau_GWAS.sumstats.gz -0.3496  0.54 -0.6475  0.5173  0.0686      0.166  1.0233     0.0075    0.0066       0.0059

Analysis finished at Fri Nov 30 09:17:43 2018
Total time elapsed: 12.42s
