*********************************************************************
* LD Score Regression (LDSC)
* Version 1.0.0
* (C) 2014-2015 Brendan Bulik-Sullivan and Hilary Finucane
* Broad Institute of MIT and Harvard / MIT Department of Mathematics
* GNU General Public License v3
*********************************************************************
Call: 
./ldsc.py \
--ref-ld-chr /Users/sheaandrews/Programs/ldsc/eur_w_ld_chr/ \
--out 2_DerivedData/LDSC/alcc_evrsmk \
--rg 1_RawData/LDSC/alcc_GWAS.sumstats.gz,1_RawData/LDSC/evrsmk_GWAS.sumstats.gz \
--w-ld-chr /Users/sheaandrews/Programs/ldsc/eur_w_ld_chr/ 

Beginning analysis at Fri Nov 30 09:39:53 2018
Reading summary statistics from 1_RawData/LDSC/alcc_GWAS.sumstats.gz ...
Read summary statistics for 1083944 SNPs.
Reading reference panel LD Score from /Users/sheaandrews/Programs/ldsc/eur_w_ld_chr/[1-22] ...
Read reference panel LD Scores for 1290028 SNPs.
Removing partitioned LD Scores with zero variance.
Reading regression weight LD Score from /Users/sheaandrews/Programs/ldsc/eur_w_ld_chr/[1-22] ...
Read regression weight LD Scores for 1290028 SNPs.
After merging with reference panel LD, 1079365 SNPs remain.
After merging with regression SNP LD, 1079365 SNPs remain.
Computing rg for phenotype 2/2
Reading summary statistics from 1_RawData/LDSC/evrsmk_GWAS.sumstats.gz ...
Read summary statistics for 1217311 SNPs.
After merging with summary statistics, 1079365 SNPs remain.
1077597 SNPs with valid alleles.

Heritability of phenotype 1
---------------------------
Total Observed scale h2: 0.0796 (0.0062)
Lambda GC: 1.1587
Mean Chi^2: 1.188
Intercept: 1.0125 (0.008)
Ratio: 0.0663 (0.0427)

Heritability of phenotype 2/2
-----------------------------
Total Observed scale h2: 0.0755 (0.0034)
Lambda GC: 1.4316
Mean Chi^2: 1.5621
Intercept: 1.0226 (0.0106)
Ratio: 0.0402 (0.0188)

Genetic Covariance
------------------
Total Observed scale gencov: 0.0259 (0.0029)
Mean z1*z2: 0.1741
Intercept: 0.0725 (0.0057)

Genetic Correlation
-------------------
Genetic Correlation: 0.3345 (0.0336)
Z-score: 9.9642
P: 2.1855e-23


Summary of Genetic Correlation Results
p1                                      p2      rg      se       z           p  h2_obs  h2_obs_se  h2_int  h2_int_se  gcov_int  gcov_int_se
1_RawData/LDSC/alcc_GWAS.sumstats.gz  1_RawData/LDSC/evrsmk_GWAS.sumstats.gz  0.3345  0.0336  9.9642  2.1855e-23  0.0755     0.0034  1.0226     0.0106    0.0725       0.0057

Analysis finished at Fri Nov 30 09:40:07 2018
Total time elapsed: 13.73s
