*********************************************************************
* LD Score Regression (LDSC)
* Version 1.0.0
* (C) 2014-2015 Brendan Bulik-Sullivan and Hilary Finucane
* Broad Institute of MIT and Harvard / MIT Department of Mathematics
* GNU General Public License v3
*********************************************************************
Call: 
./ldsc.py \
--ref-ld-chr /Users/sheaandrews/Programs/ldsc/eur_w_ld_chr/ \
--out 2_DerivedData/LDSC/alcc_insom \
--rg 1_RawData/LDSC/alcc_GWAS.sumstats.gz,1_RawData/LDSC/insom_GWAS.sumstats.gz \
--w-ld-chr /Users/sheaandrews/Programs/ldsc/eur_w_ld_chr/ 

Beginning analysis at Fri Nov 30 08:42:38 2018
Reading summary statistics from 1_RawData/LDSC/alcc_GWAS.sumstats.gz ...
Read summary statistics for 1083944 SNPs.
Reading reference panel LD Score from /Users/sheaandrews/Programs/ldsc/eur_w_ld_chr/[1-22] ...
Read reference panel LD Scores for 1290028 SNPs.
Removing partitioned LD Scores with zero variance.
Reading regression weight LD Score from /Users/sheaandrews/Programs/ldsc/eur_w_ld_chr/[1-22] ...
Read regression weight LD Scores for 1290028 SNPs.
After merging with reference panel LD, 1079365 SNPs remain.
After merging with regression SNP LD, 1079365 SNPs remain.
Computing rg for phenotype 2/2
Reading summary statistics from 1_RawData/LDSC/insom_GWAS.sumstats.gz ...
Read summary statistics for 1217311 SNPs.
After merging with summary statistics, 1079365 SNPs remain.
1041715 SNPs with valid alleles.

Heritability of phenotype 1
---------------------------
Total Observed scale h2: 0.0814 (0.006)
Lambda GC: 1.1619
Mean Chi^2: 1.1905
Intercept: 1.0085 (0.0078)
Ratio: 0.0447 (0.0411)

Heritability of phenotype 2/2
-----------------------------
Total Observed scale h2: 0.0462 (0.0021)
Lambda GC: 1.3135
Mean Chi^2: 1.3703
Intercept: 1.0163 (0.009)
Ratio: 0.044 (0.0244)

Genetic Covariance
------------------
Total Observed scale gencov: -0.0009 (0.0024)
Mean z1*z2: -0.0061
Intercept: -0.0067 (0.0054)

Genetic Correlation
-------------------
Genetic Correlation: -0.0147 (0.0395)
Z-score: -0.373
P: 0.7091


Summary of Genetic Correlation Results
p1                                     p2      rg      se      z       p  h2_obs  h2_obs_se  h2_int  h2_int_se  gcov_int  gcov_int_se
1_RawData/LDSC/alcc_GWAS.sumstats.gz  1_RawData/LDSC/insom_GWAS.sumstats.gz -0.0147  0.0395 -0.373  0.7091  0.0462     0.0021  1.0163      0.009   -0.0067       0.0054

Analysis finished at Fri Nov 30 08:42:50 2018
Total time elapsed: 12.83s
