*********************************************************************
* LD Score Regression (LDSC)
* Version 1.0.0
* (C) 2014-2015 Brendan Bulik-Sullivan and Hilary Finucane
* Broad Institute of MIT and Harvard / MIT Department of Mathematics
* GNU General Public License v3
*********************************************************************
Call: 
./ldsc.py \
--ref-ld-chr /Users/sheaandrews/Programs/ldsc/eur_w_ld_chr/ \
--out 2_DerivedData/LDSC/alcc_alcc \
--rg 1_RawData/LDSC/alcc_GWAS.sumstats.gz,1_RawData/LDSC/alcc_GWAS.sumstats.gz \
--w-ld-chr /Users/sheaandrews/Programs/ldsc/eur_w_ld_chr/ 

Beginning analysis at Fri Nov 30 08:45:20 2018
Reading summary statistics from 1_RawData/LDSC/alcc_GWAS.sumstats.gz ...
Read summary statistics for 1083944 SNPs.
Reading reference panel LD Score from /Users/sheaandrews/Programs/ldsc/eur_w_ld_chr/[1-22] ...
Read reference panel LD Scores for 1290028 SNPs.
Removing partitioned LD Scores with zero variance.
Reading regression weight LD Score from /Users/sheaandrews/Programs/ldsc/eur_w_ld_chr/[1-22] ...
Read regression weight LD Scores for 1290028 SNPs.
After merging with reference panel LD, 1079365 SNPs remain.
After merging with regression SNP LD, 1079365 SNPs remain.
Computing rg for phenotype 2/2
Reading summary statistics from 1_RawData/LDSC/alcc_GWAS.sumstats.gz ...
Read summary statistics for 1217311 SNPs.
After merging with summary statistics, 1079365 SNPs remain.
1079365 SNPs with valid alleles.

Heritability of phenotype 1
---------------------------
Total Observed scale h2: 0.0796 (0.0063)
Lambda GC: 1.1587
Mean Chi^2: 1.1878
Intercept: 1.0125 (0.0081)
Ratio: 0.0666 (0.043)

Heritability of phenotype 2/2
-----------------------------
Total Observed scale h2: 0.0796 (0.0063)
Lambda GC: 1.1587
Mean Chi^2: 1.1878
Intercept: 1.0125 (0.0081)
Ratio: 0.0666 (0.043)

Genetic Covariance
------------------
Total Observed scale gencov: 0.0796 (0.0063)
Mean z1*z2: 1.1878
Intercept: 1.0125 (0.0081)

Genetic Correlation
-------------------
Genetic Correlation: 1. (5.2065e-06)
Z-score: 192066.2577
P: 0.


Summary of Genetic Correlation Results
p1                                    p2   rg          se            z    p  h2_obs  h2_obs_se  h2_int  h2_int_se  gcov_int  gcov_int_se
1_RawData/LDSC/alcc_GWAS.sumstats.gz  1_RawData/LDSC/alcc_GWAS.sumstats.gz  1.0  5.2065e-06  192066.2577  0.0  0.0796     0.0063  1.0125     0.0081    1.0125       0.0081

Analysis finished at Fri Nov 30 08:45:33 2018
Total time elapsed: 12.65s
