*********************************************************************
* LD Score Regression (LDSC)
* Version 1.0.0
* (C) 2014-2015 Brendan Bulik-Sullivan and Hilary Finucane
* Broad Institute of MIT and Harvard / MIT Department of Mathematics
* GNU General Public License v3
*********************************************************************
Call: 
./ldsc.py \
--ref-ld-chr /Users/sheaandrews/Programs/ldsc/eur_w_ld_chr/ \
--out 2_DerivedData/LDSC/alcc_as \
--rg 1_RawData/LDSC/alcc_GWAS.sumstats.gz,1_RawData/LDSC/as_GWAS.sumstats.gz \
--w-ld-chr /Users/sheaandrews/Programs/ldsc/eur_w_ld_chr/ 

Beginning analysis at Fri Nov 30 10:04:31 2018
Reading summary statistics from 1_RawData/LDSC/alcc_GWAS.sumstats.gz ...
Read summary statistics for 1083944 SNPs.
Reading reference panel LD Score from /Users/sheaandrews/Programs/ldsc/eur_w_ld_chr/[1-22] ...
Read reference panel LD Scores for 1290028 SNPs.
Removing partitioned LD Scores with zero variance.
Reading regression weight LD Score from /Users/sheaandrews/Programs/ldsc/eur_w_ld_chr/[1-22] ...
Read regression weight LD Scores for 1290028 SNPs.
After merging with reference panel LD, 1079365 SNPs remain.
After merging with regression SNP LD, 1079365 SNPs remain.
Computing rg for phenotype 2/2
Reading summary statistics from 1_RawData/LDSC/as_GWAS.sumstats.gz ...
Read summary statistics for 1217311 SNPs.
After merging with summary statistics, 1079365 SNPs remain.
1079093 SNPs with valid alleles.

Heritability of phenotype 1
---------------------------
Total Observed scale h2: 0.0797 (0.0063)
Lambda GC: 1.1587
Mean Chi^2: 1.1878
Intercept: 1.0121 (0.0081)
Ratio: 0.0645 (0.043)

Heritability of phenotype 2/2
-----------------------------
Total Observed scale h2: 0.0126 (0.0013)
Lambda GC: 1.127
Mean Chi^2: 1.1505
Intercept: 1.0384 (0.0075)
Ratio: 0.2548 (0.0498)

Genetic Covariance
------------------
Total Observed scale gencov: -0.0003 (0.0018)
Mean z1*z2: -0.0025
Intercept: 0.0007 (0.0048)

Genetic Correlation
-------------------
Genetic Correlation: -0.008 (0.0566)
Z-score: -0.1419
P: 0.8872


Summary of Genetic Correlation Results
p1                                  p2     rg      se       z       p  h2_obs  h2_obs_se  h2_int  h2_int_se  gcov_int  gcov_int_se
1_RawData/LDSC/alcc_GWAS.sumstats.gz  1_RawData/LDSC/as_GWAS.sumstats.gz -0.008  0.0566 -0.1419  0.8872  0.0126     0.0013  1.0384     0.0075    0.0007       0.0048

Analysis finished at Fri Nov 30 10:04:43 2018
Total time elapsed: 12.19s
