*********************************************************************
* LD Score Regression (LDSC)
* Version 1.0.0
* (C) 2014-2015 Brendan Bulik-Sullivan and Hilary Finucane
* Broad Institute of MIT and Harvard / MIT Department of Mathematics
* GNU General Public License v3
*********************************************************************
Call: 
./ldsc.py \
--ref-ld-chr /Users/sheaandrews/Programs/ldsc/eur_w_ld_chr/ \
--out 2_DerivedData/LDSC/alcc_hear \
--rg 1_RawData/LDSC/alcc_GWAS.sumstats.gz,1_RawData/LDSC/hear_GWAS.sumstats.gz \
--w-ld-chr /Users/sheaandrews/Programs/ldsc/eur_w_ld_chr/ 

Beginning analysis at Fri Nov 30 09:44:08 2018
Reading summary statistics from 1_RawData/LDSC/alcc_GWAS.sumstats.gz ...
Read summary statistics for 1083944 SNPs.
Reading reference panel LD Score from /Users/sheaandrews/Programs/ldsc/eur_w_ld_chr/[1-22] ...
Read reference panel LD Scores for 1290028 SNPs.
Removing partitioned LD Scores with zero variance.
Reading regression weight LD Score from /Users/sheaandrews/Programs/ldsc/eur_w_ld_chr/[1-22] ...
Read regression weight LD Scores for 1290028 SNPs.
After merging with reference panel LD, 1079365 SNPs remain.
After merging with regression SNP LD, 1079365 SNPs remain.
Computing rg for phenotype 2/2
Reading summary statistics from 1_RawData/LDSC/hear_GWAS.sumstats.gz ...
Read summary statistics for 1217311 SNPs.
After merging with summary statistics, 1079365 SNPs remain.
1077596 SNPs with valid alleles.

Heritability of phenotype 1
---------------------------
Total Observed scale h2: 0.0797 (0.0062)
Lambda GC: 1.1587
Mean Chi^2: 1.188
Intercept: 1.0124 (0.008)
Ratio: 0.066 (0.0427)

Heritability of phenotype 2/2
-----------------------------
Total Observed scale h2: 0.0412 (0.0024)
Lambda GC: 1.2464
Mean Chi^2: 1.3078
Intercept: 1.0191 (0.0093)
Ratio: 0.0622 (0.0302)

Genetic Covariance
------------------
Total Observed scale gencov: 0.0026 (0.0025)
Mean z1*z2: 0.0147
Intercept: 0.0045 (0.0054)

Genetic Correlation
-------------------
Genetic Correlation: 0.0455 (0.0427)
Z-score: 1.0644
P: 0.2871


Summary of Genetic Correlation Results
p1                                    p2      rg      se       z       p  h2_obs  h2_obs_se  h2_int  h2_int_se  gcov_int  gcov_int_se
1_RawData/LDSC/alcc_GWAS.sumstats.gz  1_RawData/LDSC/hear_GWAS.sumstats.gz  0.0455  0.0427  1.0644  0.2871  0.0412     0.0024  1.0191     0.0093    0.0045       0.0054

Analysis finished at Fri Nov 30 09:44:21 2018
Total time elapsed: 12.36s
