*********************************************************************
* LD Score Regression (LDSC)
* Version 1.0.0
* (C) 2014-2015 Brendan Bulik-Sullivan and Hilary Finucane
* Broad Institute of MIT and Harvard / MIT Department of Mathematics
* GNU General Public License v3
*********************************************************************
Call: 
./ldsc.py \
--ref-ld-chr /Users/sheaandrews/Programs/ldsc/eur_w_ld_chr/ \
--out 2_DerivedData/LDSC/alcc_hipv \
--rg 1_RawData/LDSC/alcc_GWAS.sumstats.gz,1_RawData/LDSC/hipv_GWAS.sumstats.gz \
--w-ld-chr /Users/sheaandrews/Programs/ldsc/eur_w_ld_chr/ 

Beginning analysis at Fri Nov 30 09:29:20 2018
Reading summary statistics from 1_RawData/LDSC/alcc_GWAS.sumstats.gz ...
Read summary statistics for 1083944 SNPs.
Reading reference panel LD Score from /Users/sheaandrews/Programs/ldsc/eur_w_ld_chr/[1-22] ...
Read reference panel LD Scores for 1290028 SNPs.
Removing partitioned LD Scores with zero variance.
Reading regression weight LD Score from /Users/sheaandrews/Programs/ldsc/eur_w_ld_chr/[1-22] ...
Read regression weight LD Scores for 1290028 SNPs.
After merging with reference panel LD, 1079365 SNPs remain.
After merging with regression SNP LD, 1079365 SNPs remain.
Computing rg for phenotype 2/2
Reading summary statistics from 1_RawData/LDSC/hipv_GWAS.sumstats.gz ...
Read summary statistics for 1217311 SNPs.
After merging with summary statistics, 1079365 SNPs remain.
1064032 SNPs with valid alleles.

Heritability of phenotype 1
---------------------------
Total Observed scale h2: 0.0814 (0.0058)
Lambda GC: 1.1587
Mean Chi^2: 1.1888
Intercept: 1.008 (0.0077)
Ratio: 0.0424 (0.0405)

Heritability of phenotype 2/2
-----------------------------
Total Observed scale h2: 0.1546 (0.0245)
Lambda GC: 1.0588
Mean Chi^2: 1.0821
Intercept: 0.9989 (0.0081)
Ratio < 0 (usually indicates GC correction).

Genetic Covariance
------------------
Total Observed scale gencov: -0.0046 (0.0077)
Mean z1*z2: -0.0085
Intercept: -0.0023 (0.0054)

Genetic Correlation
-------------------
Genetic Correlation: -0.0409 (0.0684)
Z-score: -0.5971
P: 0.5504


Summary of Genetic Correlation Results
p1                                    p2      rg      se       z       p  h2_obs  h2_obs_se  h2_int  h2_int_se  gcov_int  gcov_int_se
1_RawData/LDSC/alcc_GWAS.sumstats.gz  1_RawData/LDSC/hipv_GWAS.sumstats.gz -0.0409  0.0684 -0.5971  0.5504  0.1546     0.0245  0.9989     0.0081   -0.0023       0.0054

Analysis finished at Fri Nov 30 09:29:33 2018
Total time elapsed: 12.69s
