*********************************************************************
* LD Score Regression (LDSC)
* Version 1.0.0
* (C) 2014-2015 Brendan Bulik-Sullivan and Hilary Finucane
* Broad Institute of MIT and Harvard / MIT Department of Mathematics
* GNU General Public License v3
*********************************************************************
Call: 
./ldsc.py \
--ref-ld-chr /Users/sheaandrews/Programs/ldsc/eur_w_ld_chr/ \
--out 2_DerivedData/LDSC/alcc_ptau \
--rg 1_RawData/LDSC/alcc_GWAS.sumstats.gz,1_RawData/LDSC/ptau_GWAS.sumstats.gz \
--w-ld-chr /Users/sheaandrews/Programs/ldsc/eur_w_ld_chr/ 

Beginning analysis at Fri Nov 30 09:14:03 2018
Reading summary statistics from 1_RawData/LDSC/alcc_GWAS.sumstats.gz ...
Read summary statistics for 1083944 SNPs.
Reading reference panel LD Score from /Users/sheaandrews/Programs/ldsc/eur_w_ld_chr/[1-22] ...
Read reference panel LD Scores for 1290028 SNPs.
Removing partitioned LD Scores with zero variance.
Reading regression weight LD Score from /Users/sheaandrews/Programs/ldsc/eur_w_ld_chr/[1-22] ...
Read regression weight LD Scores for 1290028 SNPs.
After merging with reference panel LD, 1079365 SNPs remain.
After merging with regression SNP LD, 1079365 SNPs remain.
Computing rg for phenotype 2/2
Reading summary statistics from 1_RawData/LDSC/ptau_GWAS.sumstats.gz ...
Read summary statistics for 1217311 SNPs.
After merging with summary statistics, 1079365 SNPs remain.
965701 SNPs with valid alleles.

Heritability of phenotype 1
---------------------------
Total Observed scale h2: 0.0791 (0.0066)
Lambda GC: 1.1651
Mean Chi^2: 1.1958
Intercept: 1.0118 (0.009)
Ratio: 0.0601 (0.0457)

Heritability of phenotype 2/2
-----------------------------
Total Observed scale h2: 0.1927 (0.1812)
Lambda GC: 1.0225
Mean Chi^2: 1.0154
Intercept: 1.0043 (0.0079)
Ratio: 0.2802 (0.5092)

Genetic Covariance
------------------
Total Observed scale gencov: -0.0333 (0.0224)
Mean z1*z2: -0.0061
Intercept: 0.0064 (0.0058)

Genetic Correlation
-------------------
Genetic Correlation: -0.2699 (0.2108)
Z-score: -1.2802
P: 0.2005


Summary of Genetic Correlation Results
p1                                    p2      rg      se       z       p  h2_obs  h2_obs_se  h2_int  h2_int_se  gcov_int  gcov_int_se
1_RawData/LDSC/alcc_GWAS.sumstats.gz  1_RawData/LDSC/ptau_GWAS.sumstats.gz -0.2699  0.2108 -1.2802  0.2005  0.1927     0.1812  1.0043     0.0079    0.0064       0.0058

Analysis finished at Fri Nov 30 09:14:16 2018
Total time elapsed: 12.61s
