*********************************************************************
* LD Score Regression (LDSC)
* Version 1.0.0
* (C) 2014-2015 Brendan Bulik-Sullivan and Hilary Finucane
* Broad Institute of MIT and Harvard / MIT Department of Mathematics
* GNU General Public License v3
*********************************************************************
Call: 
./ldsc.py \
--ref-ld-chr /Users/sheaandrews/Programs/ldsc/eur_w_ld_chr/ \
--out 2_DerivedData/LDSC/alcc_educ \
--rg 1_RawData/LDSC/alcc_GWAS.sumstats.gz,1_RawData/LDSC/educ_GWAS.sumstats.gz \
--w-ld-chr /Users/sheaandrews/Programs/ldsc/eur_w_ld_chr/ 

Beginning analysis at Fri Nov 30 14:22:22 2018
Reading summary statistics from 1_RawData/LDSC/alcc_GWAS.sumstats.gz ...
Read summary statistics for 1083944 SNPs.
Reading reference panel LD Score from /Users/sheaandrews/Programs/ldsc/eur_w_ld_chr/[1-22] ...
Read reference panel LD Scores for 1290028 SNPs.
Removing partitioned LD Scores with zero variance.
Reading regression weight LD Score from /Users/sheaandrews/Programs/ldsc/eur_w_ld_chr/[1-22] ...
Read regression weight LD Scores for 1290028 SNPs.
After merging with reference panel LD, 1079365 SNPs remain.
After merging with regression SNP LD, 1079365 SNPs remain.
Computing rg for phenotype 2/2
Reading summary statistics from 1_RawData/LDSC/educ_GWAS.sumstats.gz ...
Read summary statistics for 1217311 SNPs.
After merging with summary statistics, 1079365 SNPs remain.
2044 SNPs with valid alleles.
WARNING: number of SNPs less than 200k; this is almost always bad.

Heritability of phenotype 1
---------------------------
Total Observed scale h2: 0.1837 (0.0486)
Lambda GC: 1.3101
Mean Chi^2: 1.4108
Intercept: 1.0207 (0.0993)
Ratio: 0.0504 (0.2417)

Heritability of phenotype 2/2
-----------------------------
Total Observed scale h2: 0.3511 (0.0421)
Lambda GC: 48.261
Mean Chi^2: 27.549
Intercept: 19.6098 (0.6768)
Ratio: 0.701 (0.0255)

Genetic Covariance
------------------
Total Observed scale gencov: 0.1655 (0.0567)
Mean z1*z2: 1.308
Intercept: 0.2788 (0.3503)

Genetic Correlation
-------------------
Genetic Correlation: 0.6517 (0.2257)
Z-score: 2.8872
P: 0.0039


Summary of Genetic Correlation Results
p1                                    p2      rg      se       z       p  h2_obs  h2_obs_se   h2_int  h2_int_se  gcov_int  gcov_int_se
1_RawData/LDSC/alcc_GWAS.sumstats.gz  1_RawData/LDSC/educ_GWAS.sumstats.gz  0.6517  0.2257  2.8872  0.0039  0.3511     0.0421  19.6098     0.6768    0.2788       0.3503

Analysis finished at Fri Nov 30 14:22:33 2018
Total time elapsed: 10.57s
