*********************************************************************
* LD Score Regression (LDSC)
* Version 1.0.0
* (C) 2014-2015 Brendan Bulik-Sullivan and Hilary Finucane
* Broad Institute of MIT and Harvard / MIT Department of Mathematics
* GNU General Public License v3
*********************************************************************
Call: 
./ldsc.py \
--ref-ld-chr /Users/sheaandrews/Programs/ldsc/eur_w_ld_chr/ \
--out 2_DerivedData/LDSC/alcc_fish \
--rg 1_RawData/LDSC/alcc_GWAS.sumstats.gz,1_RawData/LDSC/fish_GWAS.sumstats.gz \
--w-ld-chr /Users/sheaandrews/Programs/ldsc/eur_w_ld_chr/ 

Beginning analysis at Fri Nov 30 09:41:47 2018
Reading summary statistics from 1_RawData/LDSC/alcc_GWAS.sumstats.gz ...
Read summary statistics for 1083944 SNPs.
Reading reference panel LD Score from /Users/sheaandrews/Programs/ldsc/eur_w_ld_chr/[1-22] ...
Read reference panel LD Scores for 1290028 SNPs.
Removing partitioned LD Scores with zero variance.
Reading regression weight LD Score from /Users/sheaandrews/Programs/ldsc/eur_w_ld_chr/[1-22] ...
Read regression weight LD Scores for 1290028 SNPs.
After merging with reference panel LD, 1079365 SNPs remain.
After merging with regression SNP LD, 1079365 SNPs remain.
Computing rg for phenotype 2/2
Reading summary statistics from 1_RawData/LDSC/fish_GWAS.sumstats.gz ...
Read summary statistics for 1217311 SNPs.
After merging with summary statistics, 1079365 SNPs remain.
1073786 SNPs with valid alleles.

Heritability of phenotype 1
---------------------------
Total Observed scale h2: 0.0796 (0.006)
Lambda GC: 1.1587
Mean Chi^2: 1.1883
Intercept: 1.0128 (0.0078)
Ratio: 0.0679 (0.0416)

Heritability of phenotype 2/2
-----------------------------
Total Observed scale h2: 0.0635 (0.0032)
Lambda GC: 1.4352
Mean Chi^2: 1.5997
Intercept: 1.0161 (0.0122)
Ratio: 0.0268 (0.0203)

Genetic Covariance
------------------
Total Observed scale gencov: 0.0135 (0.0028)
Mean z1*z2: 0.099
Intercept: 0.0413 (0.0063)

Genetic Correlation
-------------------
Genetic Correlation: 0.19 (0.0412)
Z-score: 4.6065
P: 4.0957e-06


Summary of Genetic Correlation Results
p1                                    p2    rg      se       z           p  h2_obs  h2_obs_se  h2_int  h2_int_se  gcov_int  gcov_int_se
1_RawData/LDSC/alcc_GWAS.sumstats.gz  1_RawData/LDSC/fish_GWAS.sumstats.gz  0.19  0.0412  4.6065  4.0957e-06  0.0635     0.0032  1.0161     0.0122    0.0413       0.0063

Analysis finished at Fri Nov 30 09:41:59 2018
Total time elapsed: 12.72s
