*********************************************************************
* LD Score Regression (LDSC)
* Version 1.0.0
* (C) 2014-2015 Brendan Bulik-Sullivan and Hilary Finucane
* Broad Institute of MIT and Harvard / MIT Department of Mathematics
* GNU General Public License v3
*********************************************************************
Call: 
./ldsc.py \
--ref-ld-chr /Users/sheaandrews/Programs/ldsc/eur_w_ld_chr/ \
--out 2_DerivedData/LDSC/alcc_educall \
--rg 1_RawData/LDSC/alcc_GWAS.sumstats.gz,1_RawData/LDSC/educall_GWAS.sumstats.gz \
--w-ld-chr /Users/sheaandrews/Programs/ldsc/eur_w_ld_chr/ 

Beginning analysis at Fri Nov 30 17:24:04 2018
Reading summary statistics from 1_RawData/LDSC/alcc_GWAS.sumstats.gz ...
Read summary statistics for 1083944 SNPs.
Reading reference panel LD Score from /Users/sheaandrews/Programs/ldsc/eur_w_ld_chr/[1-22] ...
Read reference panel LD Scores for 1290028 SNPs.
Removing partitioned LD Scores with zero variance.
Reading regression weight LD Score from /Users/sheaandrews/Programs/ldsc/eur_w_ld_chr/[1-22] ...
Read regression weight LD Scores for 1290028 SNPs.
After merging with reference panel LD, 1079365 SNPs remain.
After merging with regression SNP LD, 1079365 SNPs remain.
Computing rg for phenotype 2/2
Reading summary statistics from 1_RawData/LDSC/educall_GWAS.sumstats.gz ...
Read summary statistics for 1217311 SNPs.
After merging with summary statistics, 1079365 SNPs remain.
1071616 SNPs with valid alleles.

Heritability of phenotype 1
---------------------------
Total Observed scale h2: 0.0794 (0.0062)
Lambda GC: 1.1587
Mean Chi^2: 1.1878
Intercept: 1.0127 (0.0078)
Ratio: 0.0678 (0.0416)

Heritability of phenotype 2/2
-----------------------------
Total Observed scale h2: 0.1134 (0.0033)
Lambda GC: 2.1372
Mean Chi^2: 2.6869
Intercept: 0.9918 (0.017)
Ratio < 0 (usually indicates GC correction).

Genetic Covariance
------------------
Total Observed scale gencov: 0.0163 (0.0027)
Mean z1*z2: 0.1356
Intercept: 0.0442 (0.007)

Genetic Correlation
-------------------
Genetic Correlation: 0.1717 (0.0271)
Z-score: 6.337
P: 2.3423e-10


Summary of Genetic Correlation Results
p1                                       p2      rg      se      z           p  h2_obs  h2_obs_se  h2_int  h2_int_se  gcov_int  gcov_int_se
1_RawData/LDSC/alcc_GWAS.sumstats.gz  1_RawData/LDSC/educall_GWAS.sumstats.gz  0.1717  0.0271  6.337  2.3423e-10  0.1134     0.0033  0.9918      0.017    0.0442        0.007

Analysis finished at Fri Nov 30 17:24:17 2018
Total time elapsed: 12.57s
