*********************************************************************
* LD Score Regression (LDSC)
* Version 1.0.0
* (C) 2014-2015 Brendan Bulik-Sullivan and Hilary Finucane
* Broad Institute of MIT and Harvard / MIT Department of Mathematics
* GNU General Public License v3
*********************************************************************
Call: 
./ldsc.py \
--ref-ld-chr /Users/sheaandrews/Programs/ldsc/eur_w_ld_chr/ \
--out 2_DerivedData/LDSC/alcd_aaos \
--rg 1_RawData/LDSC/alcd_GWAS.sumstats.gz,1_RawData/LDSC/aaos_GWAS.sumstats.gz \
--w-ld-chr /Users/sheaandrews/Programs/ldsc/eur_w_ld_chr/ 

Beginning analysis at Fri Nov 30 11:54:10 2018
Reading summary statistics from 1_RawData/LDSC/alcd_GWAS.sumstats.gz ...
Read summary statistics for 1122166 SNPs.
Reading reference panel LD Score from /Users/sheaandrews/Programs/ldsc/eur_w_ld_chr/[1-22] ...
Read reference panel LD Scores for 1290028 SNPs.
Removing partitioned LD Scores with zero variance.
Reading regression weight LD Score from /Users/sheaandrews/Programs/ldsc/eur_w_ld_chr/[1-22] ...
Read regression weight LD Scores for 1290028 SNPs.
After merging with reference panel LD, 1118064 SNPs remain.
After merging with regression SNP LD, 1118064 SNPs remain.
Computing rg for phenotype 2/2
Reading summary statistics from 1_RawData/LDSC/aaos_GWAS.sumstats.gz ...
Read summary statistics for 1217311 SNPs.
After merging with summary statistics, 1118064 SNPs remain.
1118031 SNPs with valid alleles.

Heritability of phenotype 1
---------------------------
Total Observed scale h2: 0.1869 (0.0513)
Lambda GC: 1.0557
Mean Chi^2: 1.054
Intercept: 1.0227 (0.0059)
Ratio: 0.4206 (0.1093)

Heritability of phenotype 2/2
-----------------------------
Total Observed scale h2: 0.0905 (0.0199)
Lambda GC: 1.0679
Mean Chi^2: 1.0741
Intercept: 1.001 (0.0182)
Ratio: 0.0136 (0.2459)

Genetic Covariance
------------------
Total Observed scale gencov: 0.0478 (0.0187)
Mean z1*z2: 0.0208
Intercept: 0.0031 (0.0048)

Genetic Correlation
-------------------
Genetic Correlation: 0.3677 (0.1562)
Z-score: 2.3541
P: 0.0186


Summary of Genetic Correlation Results
p1                                    p2      rg      se       z       p  h2_obs  h2_obs_se  h2_int  h2_int_se  gcov_int  gcov_int_se
1_RawData/LDSC/alcd_GWAS.sumstats.gz  1_RawData/LDSC/aaos_GWAS.sumstats.gz  0.3677  0.1562  2.3541  0.0186  0.0905     0.0199   1.001     0.0182    0.0031       0.0048

Analysis finished at Fri Nov 30 11:54:25 2018
Total time elapsed: 15.42s
