*********************************************************************
* LD Score Regression (LDSC)
* Version 1.0.0
* (C) 2014-2015 Brendan Bulik-Sullivan and Hilary Finucane
* Broad Institute of MIT and Harvard / MIT Department of Mathematics
* GNU General Public License v3
*********************************************************************
Call: 
./ldsc.py \
--ref-ld-chr /Users/sheaandrews/Programs/ldsc/eur_w_ld_chr/ \
--out 2_DerivedData/LDSC/alcd_ptau \
--rg 1_RawData/LDSC/alcd_GWAS.sumstats.gz,1_RawData/LDSC/ptau_GWAS.sumstats.gz \
--w-ld-chr /Users/sheaandrews/Programs/ldsc/eur_w_ld_chr/ 

Beginning analysis at Fri Nov 30 10:27:07 2018
Reading summary statistics from 1_RawData/LDSC/alcd_GWAS.sumstats.gz ...
Read summary statistics for 1122166 SNPs.
Reading reference panel LD Score from /Users/sheaandrews/Programs/ldsc/eur_w_ld_chr/[1-22] ...
Read reference panel LD Scores for 1290028 SNPs.
Removing partitioned LD Scores with zero variance.
Reading regression weight LD Score from /Users/sheaandrews/Programs/ldsc/eur_w_ld_chr/[1-22] ...
Read regression weight LD Scores for 1290028 SNPs.
After merging with reference panel LD, 1118064 SNPs remain.
After merging with regression SNP LD, 1118064 SNPs remain.
Computing rg for phenotype 2/2
Reading summary statistics from 1_RawData/LDSC/ptau_GWAS.sumstats.gz ...
Read summary statistics for 1217311 SNPs.
After merging with summary statistics, 1118064 SNPs remain.
1025677 SNPs with valid alleles.

Heritability of phenotype 1
---------------------------
Total Observed scale h2: 0.1777 (0.0535)
Lambda GC: 1.0588
Mean Chi^2: 1.0561
Intercept: 1.0251 (0.0064)
Ratio: 0.4482 (0.1139)

Heritability of phenotype 2/2
-----------------------------
Total Observed scale h2: 0.2153 (0.1704)
Lambda GC: 1.0225
Mean Chi^2: 1.016
Intercept: 1.0036 (0.0073)
Ratio: 0.2249 (0.4536)

Genetic Covariance
------------------
Total Observed scale gencov: 0.1547 (0.0653)
Mean z1*z2: 0.0071
Intercept: -0.0086 (0.0044)

Genetic Correlation
-------------------
Genetic Correlation: 0.7909 (0.4771)
Z-score: 1.6578
P: 0.0974


Summary of Genetic Correlation Results
p1                                    p2      rg      se       z       p  h2_obs  h2_obs_se  h2_int  h2_int_se  gcov_int  gcov_int_se
1_RawData/LDSC/alcd_GWAS.sumstats.gz  1_RawData/LDSC/ptau_GWAS.sumstats.gz  0.7909  0.4771  1.6578  0.0974  0.2153     0.1704  1.0036     0.0073   -0.0086       0.0044

Analysis finished at Fri Nov 30 10:27:19 2018
Total time elapsed: 12.17s
