*********************************************************************
* LD Score Regression (LDSC)
* Version 1.0.0
* (C) 2014-2015 Brendan Bulik-Sullivan and Hilary Finucane
* Broad Institute of MIT and Harvard / MIT Department of Mathematics
* GNU General Public License v3
*********************************************************************
Call: 
./ldsc.py \
--ref-ld-chr /Users/sheaandrews/Programs/ldsc/eur_w_ld_chr/ \
--out 2_DerivedData/LDSC/alcd_sbp \
--rg 1_RawData/LDSC/alcd_GWAS.sumstats.gz,1_RawData/LDSC/sbp_GWAS.sumstats.gz \
--w-ld-chr /Users/sheaandrews/Programs/ldsc/eur_w_ld_chr/ 

Beginning analysis at Fri Nov 30 09:43:54 2018
Reading summary statistics from 1_RawData/LDSC/alcd_GWAS.sumstats.gz ...
Read summary statistics for 1122166 SNPs.
Reading reference panel LD Score from /Users/sheaandrews/Programs/ldsc/eur_w_ld_chr/[1-22] ...
Read reference panel LD Scores for 1290028 SNPs.
Removing partitioned LD Scores with zero variance.
Reading regression weight LD Score from /Users/sheaandrews/Programs/ldsc/eur_w_ld_chr/[1-22] ...
Read regression weight LD Scores for 1290028 SNPs.
After merging with reference panel LD, 1118064 SNPs remain.
After merging with regression SNP LD, 1118064 SNPs remain.
Computing rg for phenotype 2/2
Reading summary statistics from 1_RawData/LDSC/sbp_GWAS.sumstats.gz ...
Read summary statistics for 1217311 SNPs.
After merging with summary statistics, 1118064 SNPs remain.
1116978 SNPs with valid alleles.

Heritability of phenotype 1
---------------------------
Total Observed scale h2: 0.1852 (0.0513)
Lambda GC: 1.0557
Mean Chi^2: 1.054
Intercept: 1.023 (0.0059)
Ratio: 0.426 (0.1096)

Heritability of phenotype 2/2
-----------------------------
Total Observed scale h2: 0.1394 (0.0058)
Lambda GC: 2.1112
Mean Chi^2: 3.1792
Intercept: 1.0674 (0.0346)
Ratio: 0.0309 (0.0159)

Genetic Covariance
------------------
Total Observed scale gencov: 0.0239 (0.0092)
Mean z1*z2: 0.0304
Intercept: -0.0046 (0.007)

Genetic Correlation
-------------------
Genetic Correlation: 0.1489 (0.0596)
Z-score: 2.4997
P: 0.0124


Summary of Genetic Correlation Results
p1                                   p2      rg      se       z       p  h2_obs  h2_obs_se  h2_int  h2_int_se  gcov_int  gcov_int_se
1_RawData/LDSC/alcd_GWAS.sumstats.gz  1_RawData/LDSC/sbp_GWAS.sumstats.gz  0.1489  0.0596  2.4997  0.0124  0.1394     0.0058  1.0674     0.0346   -0.0046        0.007

Analysis finished at Fri Nov 30 09:44:08 2018
Total time elapsed: 13.72s
