*********************************************************************
* LD Score Regression (LDSC)
* Version 1.0.0
* (C) 2014-2015 Brendan Bulik-Sullivan and Hilary Finucane
* Broad Institute of MIT and Harvard / MIT Department of Mathematics
* GNU General Public License v3
*********************************************************************
Call: 
./ldsc.py \
--ref-ld-chr /Users/sheaandrews/Programs/ldsc/eur_w_ld_chr/ \
--out 2_DerivedData/LDSC/alcd_insom \
--rg 1_RawData/LDSC/alcd_GWAS.sumstats.gz,1_RawData/LDSC/insom_GWAS.sumstats.gz \
--w-ld-chr /Users/sheaandrews/Programs/ldsc/eur_w_ld_chr/ 

Beginning analysis at Fri Nov 30 08:50:38 2018
Reading summary statistics from 1_RawData/LDSC/alcd_GWAS.sumstats.gz ...
Read summary statistics for 1122166 SNPs.
Reading reference panel LD Score from /Users/sheaandrews/Programs/ldsc/eur_w_ld_chr/[1-22] ...
Read reference panel LD Scores for 1290028 SNPs.
Removing partitioned LD Scores with zero variance.
Reading regression weight LD Score from /Users/sheaandrews/Programs/ldsc/eur_w_ld_chr/[1-22] ...
Read regression weight LD Scores for 1290028 SNPs.
After merging with reference panel LD, 1118064 SNPs remain.
After merging with regression SNP LD, 1118064 SNPs remain.
Computing rg for phenotype 2/2
Reading summary statistics from 1_RawData/LDSC/insom_GWAS.sumstats.gz ...
Read summary statistics for 1217311 SNPs.
After merging with summary statistics, 1118064 SNPs remain.
1085026 SNPs with valid alleles.

Heritability of phenotype 1
---------------------------
Total Observed scale h2: 0.1868 (0.0547)
Lambda GC: 1.0557
Mean Chi^2: 1.0546
Intercept: 1.0229 (0.0064)
Ratio: 0.4188 (0.1179)

Heritability of phenotype 2/2
-----------------------------
Total Observed scale h2: 0.0464 (0.0021)
Lambda GC: 1.3169
Mean Chi^2: 1.3746
Intercept: 1.012 (0.0093)
Ratio: 0.0322 (0.0249)

Genetic Covariance
------------------
Total Observed scale gencov: 0.0296 (0.0075)
Mean z1*z2: 0.042
Intercept: 0.0069 (0.0053)

Genetic Correlation
-------------------
Genetic Correlation: 0.3186 (0.0898)
Z-score: 3.547
P: 0.0004


Summary of Genetic Correlation Results
p1                                     p2      rg      se      z       p  h2_obs  h2_obs_se  h2_int  h2_int_se  gcov_int  gcov_int_se
1_RawData/LDSC/alcd_GWAS.sumstats.gz  1_RawData/LDSC/insom_GWAS.sumstats.gz  0.3186  0.0898  3.547  0.0004  0.0464     0.0021   1.012     0.0093    0.0069       0.0053

Analysis finished at Fri Nov 30 08:50:50 2018
Total time elapsed: 12.22s
