*********************************************************************
* LD Score Regression (LDSC)
* Version 1.0.0
* (C) 2014-2015 Brendan Bulik-Sullivan and Hilary Finucane
* Broad Institute of MIT and Harvard / MIT Department of Mathematics
* GNU General Public License v3
*********************************************************************
Call: 
./ldsc.py \
--ref-ld-chr /Users/sheaandrews/Programs/ldsc/eur_w_ld_chr/ \
--out 2_DerivedData/LDSC/alcd_sleep \
--rg 1_RawData/LDSC/alcd_GWAS.sumstats.gz,1_RawData/LDSC/sleep_GWAS.sumstats.gz \
--w-ld-chr /Users/sheaandrews/Programs/ldsc/eur_w_ld_chr/ 

Beginning analysis at Fri Nov 30 09:55:58 2018
Reading summary statistics from 1_RawData/LDSC/alcd_GWAS.sumstats.gz ...
Read summary statistics for 1122166 SNPs.
Reading reference panel LD Score from /Users/sheaandrews/Programs/ldsc/eur_w_ld_chr/[1-22] ...
Read reference panel LD Scores for 1290028 SNPs.
Removing partitioned LD Scores with zero variance.
Reading regression weight LD Score from /Users/sheaandrews/Programs/ldsc/eur_w_ld_chr/[1-22] ...
Read regression weight LD Scores for 1290028 SNPs.
After merging with reference panel LD, 1118064 SNPs remain.
After merging with regression SNP LD, 1118064 SNPs remain.
Computing rg for phenotype 2/2
Reading summary statistics from 1_RawData/LDSC/sleep_GWAS.sumstats.gz ...
Read summary statistics for 1217311 SNPs.
After merging with summary statistics, 1118064 SNPs remain.
1113396 SNPs with valid alleles.

Heritability of phenotype 1
---------------------------
Total Observed scale h2: 0.1803 (0.0521)
Lambda GC: 1.0557
Mean Chi^2: 1.0538
Intercept: 1.0236 (0.0059)
Ratio: 0.4393 (0.1093)

Heritability of phenotype 2/2
-----------------------------
Total Observed scale h2: 0.0579 (0.0059)
Lambda GC: 1.1175
Mean Chi^2: 1.144
Intercept: 1.0126 (0.0085)
Ratio: 0.0874 (0.0589)

Genetic Covariance
------------------
Total Observed scale gencov: 0.0012 (0.011)
Mean z1*z2: -0.0071
Intercept: -0.0088 (0.005)

Genetic Correlation
-------------------
Genetic Correlation: 0.0121 (0.108)
Z-score: 0.1122
P: 0.9107


Summary of Genetic Correlation Results
p1                                     p2      rg     se       z       p  h2_obs  h2_obs_se  h2_int  h2_int_se  gcov_int  gcov_int_se
1_RawData/LDSC/alcd_GWAS.sumstats.gz  1_RawData/LDSC/sleep_GWAS.sumstats.gz  0.0121  0.108  0.1122  0.9107  0.0579     0.0059  1.0126     0.0085   -0.0088        0.005

Analysis finished at Fri Nov 30 09:56:10 2018
Total time elapsed: 12.56s
