*********************************************************************
* LD Score Regression (LDSC)
* Version 1.0.0
* (C) 2014-2015 Brendan Bulik-Sullivan and Hilary Finucane
* Broad Institute of MIT and Harvard / MIT Department of Mathematics
* GNU General Public License v3
*********************************************************************
Call: 
./ldsc.py \
--ref-ld-chr /Users/sheaandrews/Programs/ldsc/eur_w_ld_chr/ \
--out 2_DerivedData/LDSC/alcd_dep \
--rg 1_RawData/LDSC/alcd_GWAS.sumstats.gz,1_RawData/LDSC/dep_GWAS.sumstats.gz \
--w-ld-chr /Users/sheaandrews/Programs/ldsc/eur_w_ld_chr/ 

Beginning analysis at Fri Nov 30 11:12:33 2018
Reading summary statistics from 1_RawData/LDSC/alcd_GWAS.sumstats.gz ...
Read summary statistics for 1122166 SNPs.
Reading reference panel LD Score from /Users/sheaandrews/Programs/ldsc/eur_w_ld_chr/[1-22] ...
Read reference panel LD Scores for 1290028 SNPs.
Removing partitioned LD Scores with zero variance.
Reading regression weight LD Score from /Users/sheaandrews/Programs/ldsc/eur_w_ld_chr/[1-22] ...
Read regression weight LD Scores for 1290028 SNPs.
After merging with reference panel LD, 1118064 SNPs remain.
After merging with regression SNP LD, 1118064 SNPs remain.
Computing rg for phenotype 2/2
Reading summary statistics from 1_RawData/LDSC/dep_GWAS.sumstats.gz ...
Read summary statistics for 1217311 SNPs.
After merging with summary statistics, 1118064 SNPs remain.
1111840 SNPs with valid alleles.

Heritability of phenotype 1
---------------------------
Total Observed scale h2: 0.1852 (0.0553)
Lambda GC: 1.0557
Mean Chi^2: 1.0543
Intercept: 1.0232 (0.0061)
Ratio: 0.428 (0.1122)

Heritability of phenotype 2/2
-----------------------------
Total Observed scale h2: 0.0625 (0.003)
Lambda GC: 1.334
Mean Chi^2: 1.4058
Intercept: 1.0061 (0.0099)
Ratio: 0.015 (0.0244)

Genetic Covariance
------------------
Total Observed scale gencov: 0.067 (0.0086)
Mean z1*z2: 0.0714
Intercept: 0.0006 (0.0059)

Genetic Correlation
-------------------
Genetic Correlation: 0.6228 (0.1115)
Z-score: 5.588
P: 2.2974e-08


Summary of Genetic Correlation Results
p1                                   p2      rg      se      z           p  h2_obs  h2_obs_se  h2_int  h2_int_se  gcov_int  gcov_int_se
1_RawData/LDSC/alcd_GWAS.sumstats.gz  1_RawData/LDSC/dep_GWAS.sumstats.gz  0.6228  0.1115  5.588  2.2974e-08  0.0625      0.003  1.0061     0.0099    0.0006       0.0059

Analysis finished at Fri Nov 30 11:12:45 2018
Total time elapsed: 12.47s
