*********************************************************************
* LD Score Regression (LDSC)
* Version 1.0.0
* (C) 2014-2015 Brendan Bulik-Sullivan and Hilary Finucane
* Broad Institute of MIT and Harvard / MIT Department of Mathematics
* GNU General Public License v3
*********************************************************************
Call: 
./ldsc.py \
--ref-ld-chr /Users/sheaandrews/Programs/ldsc/eur_w_ld_chr/ \
--out 2_DerivedData/LDSC/alcd_cpd \
--rg 1_RawData/LDSC/alcd_GWAS.sumstats.gz,1_RawData/LDSC/cpd_GWAS.sumstats.gz \
--w-ld-chr /Users/sheaandrews/Programs/ldsc/eur_w_ld_chr/ 

Beginning analysis at Fri Nov 30 11:24:30 2018
Reading summary statistics from 1_RawData/LDSC/alcd_GWAS.sumstats.gz ...
Read summary statistics for 1122166 SNPs.
Reading reference panel LD Score from /Users/sheaandrews/Programs/ldsc/eur_w_ld_chr/[1-22] ...
Read reference panel LD Scores for 1290028 SNPs.
Removing partitioned LD Scores with zero variance.
Reading regression weight LD Score from /Users/sheaandrews/Programs/ldsc/eur_w_ld_chr/[1-22] ...
Read regression weight LD Scores for 1290028 SNPs.
After merging with reference panel LD, 1118064 SNPs remain.
After merging with regression SNP LD, 1118064 SNPs remain.
Computing rg for phenotype 2/2
Reading summary statistics from 1_RawData/LDSC/cpd_GWAS.sumstats.gz ...
Read summary statistics for 1217311 SNPs.
After merging with summary statistics, 1118064 SNPs remain.
1114252 SNPs with valid alleles.

Heritability of phenotype 1
---------------------------
Total Observed scale h2: 0.1858 (0.0536)
Lambda GC: 1.0557
Mean Chi^2: 1.0542
Intercept: 1.0231 (0.006)
Ratio: 0.4259 (0.1105)

Heritability of phenotype 2/2
-----------------------------
Total Observed scale h2: 0.0974 (0.0135)
Lambda GC: 1.1428
Mean Chi^2: 1.1678
Intercept: 1.0017 (0.0097)
Ratio: 0.0102 (0.0577)

Genetic Covariance
------------------
Total Observed scale gencov: 0.0493 (0.0146)
Mean z1*z2: 0.0222
Intercept: -0.0054 (0.0049)

Genetic Correlation
-------------------
Genetic Correlation: 0.3668 (0.1265)
Z-score: 2.8988
P: 0.0037


Summary of Genetic Correlation Results
p1                                   p2      rg      se       z       p  h2_obs  h2_obs_se  h2_int  h2_int_se  gcov_int  gcov_int_se
1_RawData/LDSC/alcd_GWAS.sumstats.gz  1_RawData/LDSC/cpd_GWAS.sumstats.gz  0.3668  0.1265  2.8988  0.0037  0.0974     0.0135  1.0017     0.0097   -0.0054       0.0049

Analysis finished at Fri Nov 30 11:24:42 2018
Total time elapsed: 12.46s
