*********************************************************************
* LD Score Regression (LDSC)
* Version 1.0.0
* (C) 2014-2015 Brendan Bulik-Sullivan and Hilary Finucane
* Broad Institute of MIT and Harvard / MIT Department of Mathematics
* GNU General Public License v3
*********************************************************************
Call: 
./ldsc.py \
--ref-ld-chr /Users/sheaandrews/Programs/ldsc/eur_w_ld_chr/ \
--out 2_DerivedData/LDSC/alcd_dbp \
--rg 1_RawData/LDSC/alcd_GWAS.sumstats.gz,1_RawData/LDSC/dbp_GWAS.sumstats.gz \
--w-ld-chr /Users/sheaandrews/Programs/ldsc/eur_w_ld_chr/ 

Beginning analysis at Fri Nov 30 09:44:36 2018
Reading summary statistics from 1_RawData/LDSC/alcd_GWAS.sumstats.gz ...
Read summary statistics for 1122166 SNPs.
Reading reference panel LD Score from /Users/sheaandrews/Programs/ldsc/eur_w_ld_chr/[1-22] ...
Read reference panel LD Scores for 1290028 SNPs.
Removing partitioned LD Scores with zero variance.
Reading regression weight LD Score from /Users/sheaandrews/Programs/ldsc/eur_w_ld_chr/[1-22] ...
Read regression weight LD Scores for 1290028 SNPs.
After merging with reference panel LD, 1118064 SNPs remain.
After merging with regression SNP LD, 1118064 SNPs remain.
Computing rg for phenotype 2/2
Reading summary statistics from 1_RawData/LDSC/dbp_GWAS.sumstats.gz ...
Read summary statistics for 1217311 SNPs.
After merging with summary statistics, 1118064 SNPs remain.
1117210 SNPs with valid alleles.

Heritability of phenotype 1
---------------------------
Total Observed scale h2: 0.1858 (0.0513)
Lambda GC: 1.0557
Mean Chi^2: 1.0539
Intercept: 1.0228 (0.0059)
Ratio: 0.4237 (0.1095)

Heritability of phenotype 2/2
-----------------------------
Total Observed scale h2: 0.1352 (0.006)
Lambda GC: 2.0641
Mean Chi^2: 3.1867
Intercept: 1.0793 (0.0377)
Ratio: 0.0363 (0.0172)

Genetic Covariance
------------------
Total Observed scale gencov: 0.0282 (0.0086)
Mean z1*z2: 0.0384
Intercept: -0.0068 (0.0065)

Genetic Correlation
-------------------
Genetic Correlation: 0.1781 (0.0598)
Z-score: 2.9795
P: 0.0029


Summary of Genetic Correlation Results
p1                                   p2      rg      se       z       p  h2_obs  h2_obs_se  h2_int  h2_int_se  gcov_int  gcov_int_se
1_RawData/LDSC/alcd_GWAS.sumstats.gz  1_RawData/LDSC/dbp_GWAS.sumstats.gz  0.1781  0.0598  2.9795  0.0029  0.1352      0.006  1.0793     0.0377   -0.0068       0.0065

Analysis finished at Fri Nov 30 09:44:49 2018
Total time elapsed: 13.45s
