*********************************************************************
* LD Score Regression (LDSC)
* Version 1.0.0
* (C) 2014-2015 Brendan Bulik-Sullivan and Hilary Finucane
* Broad Institute of MIT and Harvard / MIT Department of Mathematics
* GNU General Public License v3
*********************************************************************
Call: 
./ldsc.py \
--ref-ld-chr /Users/sheaandrews/Programs/ldsc/eur_w_ld_chr/ \
--out 2_DerivedData/LDSC/alcd_educ \
--rg 1_RawData/LDSC/alcd_GWAS.sumstats.gz,1_RawData/LDSC/educ_GWAS.sumstats.gz \
--w-ld-chr /Users/sheaandrews/Programs/ldsc/eur_w_ld_chr/ 

Beginning analysis at Fri Nov 30 14:26:33 2018
Reading summary statistics from 1_RawData/LDSC/alcd_GWAS.sumstats.gz ...
Read summary statistics for 1122166 SNPs.
Reading reference panel LD Score from /Users/sheaandrews/Programs/ldsc/eur_w_ld_chr/[1-22] ...
Read reference panel LD Scores for 1290028 SNPs.
Removing partitioned LD Scores with zero variance.
Reading regression weight LD Score from /Users/sheaandrews/Programs/ldsc/eur_w_ld_chr/[1-22] ...
Read regression weight LD Scores for 1290028 SNPs.
After merging with reference panel LD, 1118064 SNPs remain.
After merging with regression SNP LD, 1118064 SNPs remain.
Computing rg for phenotype 2/2
Reading summary statistics from 1_RawData/LDSC/educ_GWAS.sumstats.gz ...
Read summary statistics for 1217311 SNPs.
After merging with summary statistics, 1118064 SNPs remain.
2049 SNPs with valid alleles.
WARNING: number of SNPs less than 200k; this is almost always bad.

Heritability of phenotype 1
---------------------------
Total Observed scale h2: 0.3968 (0.4815)
Lambda GC: 1.127
Mean Chi^2: 1.1678
Intercept: 1.1062 (0.0858)
Ratio: 0.6327 (0.5113)

Heritability of phenotype 2/2
-----------------------------
Total Observed scale h2: 0.3695 (0.0414)
Lambda GC: 48.2713
Mean Chi^2: 27.5663
Intercept: 19.0597 (0.6324)
Ratio: 0.6798 (0.0238)

Genetic Covariance
------------------
Total Observed scale gencov: -0.2362 (0.162)
Mean z1*z2: -1.3854
Intercept: -0.9331 (0.316)

Genetic Correlation
-------------------
Genetic Correlation: -0.6169 (0.4471)
Z-score: -1.3796
P: 0.1677


Summary of Genetic Correlation Results
p1                                    p2      rg      se       z       p  h2_obs  h2_obs_se   h2_int  h2_int_se  gcov_int  gcov_int_se
1_RawData/LDSC/alcd_GWAS.sumstats.gz  1_RawData/LDSC/educ_GWAS.sumstats.gz -0.6169  0.4471 -1.3796  0.1677  0.3695     0.0414  19.0597     0.6324   -0.9331        0.316

Analysis finished at Fri Nov 30 14:26:45 2018
Total time elapsed: 11.79s
