*********************************************************************
* LD Score Regression (LDSC)
* Version 1.0.0
* (C) 2014-2015 Brendan Bulik-Sullivan and Hilary Finucane
* Broad Institute of MIT and Harvard / MIT Department of Mathematics
* GNU General Public License v3
*********************************************************************
Call: 
./ldsc.py \
--ref-ld-chr /Users/sheaandrews/Programs/ldsc/eur_w_ld_chr/ \
--out 2_DerivedData/LDSC/alcd_diab \
--rg 1_RawData/LDSC/alcd_GWAS.sumstats.gz,1_RawData/LDSC/diab_GWAS.sumstats.gz \
--w-ld-chr /Users/sheaandrews/Programs/ldsc/eur_w_ld_chr/ 

Beginning analysis at Fri Nov 30 09:04:22 2018
Reading summary statistics from 1_RawData/LDSC/alcd_GWAS.sumstats.gz ...
Read summary statistics for 1122166 SNPs.
Reading reference panel LD Score from /Users/sheaandrews/Programs/ldsc/eur_w_ld_chr/[1-22] ...
Read reference panel LD Scores for 1290028 SNPs.
Removing partitioned LD Scores with zero variance.
Reading regression weight LD Score from /Users/sheaandrews/Programs/ldsc/eur_w_ld_chr/[1-22] ...
Read regression weight LD Scores for 1290028 SNPs.
After merging with reference panel LD, 1118064 SNPs remain.
After merging with regression SNP LD, 1118064 SNPs remain.
Computing rg for phenotype 2/2
Reading summary statistics from 1_RawData/LDSC/diab_GWAS.sumstats.gz ...
Read summary statistics for 1217311 SNPs.
After merging with summary statistics, 1118064 SNPs remain.
992279 SNPs with valid alleles.

Heritability of phenotype 1
---------------------------
Total Observed scale h2: 0.1453 (0.0531)
Lambda GC: 1.0588
Mean Chi^2: 1.0569
Intercept: 1.0308 (0.007)
Ratio: 0.5416 (0.1222)

Heritability of phenotype 2/2
-----------------------------
Total Observed scale h2: 0.0534 (0.0034)
Lambda GC: 1.4494
Mean Chi^2: 1.6845
Intercept: 1.0407 (0.0179)
Ratio: 0.0595 (0.0262)

Genetic Covariance
------------------
Total Observed scale gencov: 0.0166 (0.0077)
Mean z1*z2: 0.0413
Intercept: 0.0151 (0.0072)

Genetic Correlation
-------------------
Genetic Correlation: 0.1883 (0.0952)
Z-score: 1.9788
P: 0.0478


Summary of Genetic Correlation Results
p1                                    p2      rg      se       z       p  h2_obs  h2_obs_se  h2_int  h2_int_se  gcov_int  gcov_int_se
1_RawData/LDSC/alcd_GWAS.sumstats.gz  1_RawData/LDSC/diab_GWAS.sumstats.gz  0.1883  0.0952  1.9788  0.0478  0.0534     0.0034  1.0407     0.0179    0.0151       0.0072

Analysis finished at Fri Nov 30 09:04:35 2018
Total time elapsed: 12.72s
