*********************************************************************
* LD Score Regression (LDSC)
* Version 1.0.0
* (C) 2014-2015 Brendan Bulik-Sullivan and Hilary Finucane
* Broad Institute of MIT and Harvard / MIT Department of Mathematics
* GNU General Public License v3
*********************************************************************
Call: 
./ldsc.py \
--ref-ld-chr /Users/sheaandrews/Programs/ldsc/eur_w_ld_chr/ \
--out 2_DerivedData/LDSC/alcd_evrsmk \
--rg 1_RawData/LDSC/alcd_GWAS.sumstats.gz,1_RawData/LDSC/evrsmk_GWAS.sumstats.gz \
--w-ld-chr /Users/sheaandrews/Programs/ldsc/eur_w_ld_chr/ 

Beginning analysis at Fri Nov 30 11:10:07 2018
Reading summary statistics from 1_RawData/LDSC/alcd_GWAS.sumstats.gz ...
Read summary statistics for 1122166 SNPs.
Reading reference panel LD Score from /Users/sheaandrews/Programs/ldsc/eur_w_ld_chr/[1-22] ...
Read reference panel LD Scores for 1290028 SNPs.
Removing partitioned LD Scores with zero variance.
Reading regression weight LD Score from /Users/sheaandrews/Programs/ldsc/eur_w_ld_chr/[1-22] ...
Read regression weight LD Scores for 1290028 SNPs.
After merging with reference panel LD, 1118064 SNPs remain.
After merging with regression SNP LD, 1118064 SNPs remain.
Computing rg for phenotype 2/2
Reading summary statistics from 1_RawData/LDSC/evrsmk_GWAS.sumstats.gz ...
Read summary statistics for 1217311 SNPs.
After merging with summary statistics, 1118064 SNPs remain.
1114255 SNPs with valid alleles.

Heritability of phenotype 1
---------------------------
Total Observed scale h2: 0.1857 (0.0535)
Lambda GC: 1.0557
Mean Chi^2: 1.0542
Intercept: 1.0231 (0.006)
Ratio: 0.4264 (0.1104)

Heritability of phenotype 2/2
-----------------------------
Total Observed scale h2: 0.0756 (0.0033)
Lambda GC: 1.4352
Mean Chi^2: 1.5648
Intercept: 1.0138 (0.0112)
Ratio: 0.0244 (0.0198)

Genetic Covariance
------------------
Total Observed scale gencov: 0.0605 (0.0083)
Mean z1*z2: 0.074
Intercept: 0.0067 (0.0056)

Genetic Correlation
-------------------
Genetic Correlation: 0.5104 (0.0977)
Z-score: 5.2217
P: 1.7726e-07


Summary of Genetic Correlation Results
p1                                      p2      rg      se       z           p  h2_obs  h2_obs_se  h2_int  h2_int_se  gcov_int  gcov_int_se
1_RawData/LDSC/alcd_GWAS.sumstats.gz  1_RawData/LDSC/evrsmk_GWAS.sumstats.gz  0.5104  0.0977  5.2217  1.7726e-07  0.0756     0.0033  1.0138     0.0112    0.0067       0.0056

Analysis finished at Fri Nov 30 11:10:20 2018
Total time elapsed: 12.8s
