*********************************************************************
* LD Score Regression (LDSC)
* Version 1.0.0
* (C) 2014-2015 Brendan Bulik-Sullivan and Hilary Finucane
* Broad Institute of MIT and Harvard / MIT Department of Mathematics
* GNU General Public License v3
*********************************************************************
Call: 
./ldsc.py \
--ref-ld-chr /Users/sheaandrews/Programs/ldsc/eur_w_ld_chr/ \
--out 2_DerivedData/LDSC/as_audit \
--rg 1_RawData/LDSC/as_GWAS.sumstats.gz,1_RawData/LDSC/audit_GWAS.sumstats.gz \
--w-ld-chr /Users/sheaandrews/Programs/ldsc/eur_w_ld_chr/ 

Beginning analysis at Fri Nov 30 09:34:58 2018
Reading summary statistics from 1_RawData/LDSC/as_GWAS.sumstats.gz ...
Read summary statistics for 1188293 SNPs.
Reading reference panel LD Score from /Users/sheaandrews/Programs/ldsc/eur_w_ld_chr/[1-22] ...
Read reference panel LD Scores for 1290028 SNPs.
Removing partitioned LD Scores with zero variance.
Reading regression weight LD Score from /Users/sheaandrews/Programs/ldsc/eur_w_ld_chr/[1-22] ...
Read regression weight LD Scores for 1290028 SNPs.
After merging with reference panel LD, 1179978 SNPs remain.
After merging with regression SNP LD, 1179978 SNPs remain.
Computing rg for phenotype 2/2
Reading summary statistics from 1_RawData/LDSC/audit_GWAS.sumstats.gz ...
Read summary statistics for 1217311 SNPs.
After merging with summary statistics, 1179978 SNPs remain.
1168155 SNPs with valid alleles.

Heritability of phenotype 1
---------------------------
Total Observed scale h2: 0.0128 (0.0014)
Lambda GC: 1.1238
Mean Chi^2: 1.148
Intercept: 1.0344 (0.0072)
Ratio: 0.2325 (0.0483)

Heritability of phenotype 2/2
-----------------------------
Total Observed scale h2: 0.0912 (0.0057)
Lambda GC: 1.194
Mean Chi^2: 1.2198
Intercept: 1.0043 (0.007)
Ratio: 0.0196 (0.0317)

Genetic Covariance
------------------
Total Observed scale gencov: -0.0026 (0.0019)
Mean z1*z2: -0.0081
Intercept: 0.0051 (0.0047)

Genetic Correlation
-------------------
Genetic Correlation: -0.0765 (0.0542)
Z-score: -1.4098
P: 0.1586


Summary of Genetic Correlation Results
p1                                     p2      rg      se       z       p  h2_obs  h2_obs_se  h2_int  h2_int_se  gcov_int  gcov_int_se
1_RawData/LDSC/as_GWAS.sumstats.gz  1_RawData/LDSC/audit_GWAS.sumstats.gz -0.0765  0.0542 -1.4098  0.1586  0.0912     0.0057  1.0043      0.007    0.0051       0.0047

Analysis finished at Fri Nov 30 09:35:12 2018
Total time elapsed: 13.26s
