*********************************************************************
* LD Score Regression (LDSC)
* Version 1.0.0
* (C) 2014-2015 Brendan Bulik-Sullivan and Hilary Finucane
* Broad Institute of MIT and Harvard / MIT Department of Mathematics
* GNU General Public License v3
*********************************************************************
Call: 
./ldsc.py \
--ref-ld-chr /Users/sheaandrews/Programs/ldsc/eur_w_ld_chr/ \
--out 2_DerivedData/LDSC/as_alcd \
--rg 1_RawData/LDSC/as_GWAS.sumstats.gz,1_RawData/LDSC/alcd_GWAS.sumstats.gz \
--w-ld-chr /Users/sheaandrews/Programs/ldsc/eur_w_ld_chr/ 

Beginning analysis at Fri Nov 30 11:36:51 2018
Reading summary statistics from 1_RawData/LDSC/as_GWAS.sumstats.gz ...
Read summary statistics for 1188293 SNPs.
Reading reference panel LD Score from /Users/sheaandrews/Programs/ldsc/eur_w_ld_chr/[1-22] ...
Read reference panel LD Scores for 1290028 SNPs.
Removing partitioned LD Scores with zero variance.
Reading regression weight LD Score from /Users/sheaandrews/Programs/ldsc/eur_w_ld_chr/[1-22] ...
Read regression weight LD Scores for 1290028 SNPs.
After merging with reference panel LD, 1179978 SNPs remain.
After merging with regression SNP LD, 1179978 SNPs remain.
Computing rg for phenotype 2/2
Reading summary statistics from 1_RawData/LDSC/alcd_GWAS.sumstats.gz ...
Read summary statistics for 1217311 SNPs.
After merging with summary statistics, 1179978 SNPs remain.
1118055 SNPs with valid alleles.

Heritability of phenotype 1
---------------------------
Total Observed scale h2: 0.012 (0.0015)
Lambda GC: 1.127
Mean Chi^2: 1.1521
Intercept: 1.0426 (0.0079)
Ratio: 0.2799 (0.0517)

Heritability of phenotype 2/2
-----------------------------
Total Observed scale h2: 0.1873 (0.0513)
Lambda GC: 1.0557
Mean Chi^2: 1.054
Intercept: 1.0226 (0.0059)
Ratio: 0.4196 (0.1095)

Genetic Covariance
------------------
Total Observed scale gencov: 0.0087 (0.0066)
Mean z1*z2: 0.0371
Intercept: 0.0273 (0.0052)

Genetic Correlation
-------------------
Genetic Correlation: 0.1831 (0.1448)
Z-score: 1.2651
P: 0.2058


Summary of Genetic Correlation Results
p1                                    p2      rg      se       z       p  h2_obs  h2_obs_se  h2_int  h2_int_se  gcov_int  gcov_int_se
1_RawData/LDSC/as_GWAS.sumstats.gz  1_RawData/LDSC/alcd_GWAS.sumstats.gz  0.1831  0.1448  1.2651  0.2058  0.1873     0.0513  1.0226     0.0059    0.0273       0.0052

Analysis finished at Fri Nov 30 11:37:03 2018
Total time elapsed: 12.33s
