*********************************************************************
* LD Score Regression (LDSC)
* Version 1.0.0
* (C) 2014-2015 Brendan Bulik-Sullivan and Hilary Finucane
* Broad Institute of MIT and Harvard / MIT Department of Mathematics
* GNU General Public License v3
*********************************************************************
Call: 
./ldsc.py \
--ref-ld-chr /Users/sheaandrews/Programs/ldsc/eur_w_ld_chr/ \
--out 2_DerivedData/LDSC/as_cpd \
--rg 1_RawData/LDSC/as_GWAS.sumstats.gz,1_RawData/LDSC/cpd_GWAS.sumstats.gz \
--w-ld-chr /Users/sheaandrews/Programs/ldsc/eur_w_ld_chr/ 

Beginning analysis at Fri Nov 30 13:27:06 2018
Reading summary statistics from 1_RawData/LDSC/as_GWAS.sumstats.gz ...
Read summary statistics for 1188293 SNPs.
Reading reference panel LD Score from /Users/sheaandrews/Programs/ldsc/eur_w_ld_chr/[1-22] ...
Read reference panel LD Scores for 1290028 SNPs.
Removing partitioned LD Scores with zero variance.
Reading regression weight LD Score from /Users/sheaandrews/Programs/ldsc/eur_w_ld_chr/[1-22] ...
Read regression weight LD Scores for 1290028 SNPs.
After merging with reference panel LD, 1179978 SNPs remain.
After merging with regression SNP LD, 1179978 SNPs remain.
Computing rg for phenotype 2/2
Reading summary statistics from 1_RawData/LDSC/cpd_GWAS.sumstats.gz ...
Read summary statistics for 1217311 SNPs.
After merging with summary statistics, 1179978 SNPs remain.
1170017 SNPs with valid alleles.

Heritability of phenotype 1
---------------------------
Total Observed scale h2: 0.0127 (0.0014)
Lambda GC: 1.1238
Mean Chi^2: 1.1485
Intercept: 1.0355 (0.0073)
Ratio: 0.2393 (0.0492)

Heritability of phenotype 2/2
-----------------------------
Total Observed scale h2: 0.0953 (0.0129)
Lambda GC: 1.1396
Mean Chi^2: 1.164
Intercept: 1.0055 (0.0092)
Ratio: 0.0336 (0.056)

Genetic Covariance
------------------
Total Observed scale gencov: 0.0084 (0.0021)
Mean z1*z2: 0.0341
Intercept: 0.001 (0.0049)

Genetic Correlation
-------------------
Genetic Correlation: 0.2424 (0.0599)
Z-score: 4.048
P: 5.1657e-05


Summary of Genetic Correlation Results
p1                                   p2      rg      se      z           p  h2_obs  h2_obs_se  h2_int  h2_int_se  gcov_int  gcov_int_se
1_RawData/LDSC/as_GWAS.sumstats.gz  1_RawData/LDSC/cpd_GWAS.sumstats.gz  0.2424  0.0599  4.048  5.1657e-05  0.0953     0.0129  1.0055     0.0092     0.001       0.0049

Analysis finished at Fri Nov 30 13:27:19 2018
Total time elapsed: 12.85s
