*********************************************************************
* LD Score Regression (LDSC)
* Version 1.0.0
* (C) 2014-2015 Brendan Bulik-Sullivan and Hilary Finucane
* Broad Institute of MIT and Harvard / MIT Department of Mathematics
* GNU General Public License v3
*********************************************************************
Call: 
./ldsc.py \
--ref-ld-chr /Users/sheaandrews/Programs/ldsc/eur_w_ld_chr/ \
--out 2_DerivedData/LDSC/as_fish \
--rg 1_RawData/LDSC/as_GWAS.sumstats.gz,1_RawData/LDSC/fish_GWAS.sumstats.gz \
--w-ld-chr /Users/sheaandrews/Programs/ldsc/eur_w_ld_chr/ 

Beginning analysis at Fri Nov 30 13:14:14 2018
Reading summary statistics from 1_RawData/LDSC/as_GWAS.sumstats.gz ...
Read summary statistics for 1188293 SNPs.
Reading reference panel LD Score from /Users/sheaandrews/Programs/ldsc/eur_w_ld_chr/[1-22] ...
Read reference panel LD Scores for 1290028 SNPs.
Removing partitioned LD Scores with zero variance.
Reading regression weight LD Score from /Users/sheaandrews/Programs/ldsc/eur_w_ld_chr/[1-22] ...
Read regression weight LD Scores for 1290028 SNPs.
After merging with reference panel LD, 1179978 SNPs remain.
After merging with regression SNP LD, 1179978 SNPs remain.
Computing rg for phenotype 2/2
Reading summary statistics from 1_RawData/LDSC/fish_GWAS.sumstats.gz ...
Read summary statistics for 1217311 SNPs.
After merging with summary statistics, 1179978 SNPs remain.
1164216 SNPs with valid alleles.

Heritability of phenotype 1
---------------------------
Total Observed scale h2: 0.0128 (0.0014)
Lambda GC: 1.1238
Mean Chi^2: 1.1483
Intercept: 1.0348 (0.0072)
Ratio: 0.2344 (0.0484)

Heritability of phenotype 2/2
-----------------------------
Total Observed scale h2: 0.0627 (0.0031)
Lambda GC: 1.4281
Mean Chi^2: 1.5864
Intercept: 1.0122 (0.0116)
Ratio: 0.0207 (0.0198)

Genetic Covariance
------------------
Total Observed scale gencov: -0.0009 (0.0012)
Mean z1*z2: -0.0034
Intercept: 0.0037 (0.0058)

Genetic Correlation
-------------------
Genetic Correlation: -0.0326 (0.0427)
Z-score: -0.764
P: 0.4449


Summary of Genetic Correlation Results
p1                                    p2      rg      se      z       p  h2_obs  h2_obs_se  h2_int  h2_int_se  gcov_int  gcov_int_se
1_RawData/LDSC/as_GWAS.sumstats.gz  1_RawData/LDSC/fish_GWAS.sumstats.gz -0.0326  0.0427 -0.764  0.4449  0.0627     0.0031  1.0122     0.0116    0.0037       0.0058

Analysis finished at Fri Nov 30 13:14:28 2018
Total time elapsed: 13.3s
