*********************************************************************
* LD Score Regression (LDSC)
* Version 1.0.0
* (C) 2014-2015 Brendan Bulik-Sullivan and Hilary Finucane
* Broad Institute of MIT and Harvard / MIT Department of Mathematics
* GNU General Public License v3
*********************************************************************
Call: 
./ldsc.py \
--ref-ld-chr /Users/sheaandrews/Programs/ldsc/eur_w_ld_chr/ \
--out 2_DerivedData/LDSC/as_hipv2015 \
--rg 1_RawData/LDSC/as_GWAS.sumstats.gz,1_RawData/LDSC/hipv2015_GWAS.sumstats.gz \
--w-ld-chr /Users/sheaandrews/Programs/ldsc/eur_w_ld_chr/ 

Beginning analysis at Fri Nov 30 12:38:41 2018
Reading summary statistics from 1_RawData/LDSC/as_GWAS.sumstats.gz ...
Read summary statistics for 1188293 SNPs.
Reading reference panel LD Score from /Users/sheaandrews/Programs/ldsc/eur_w_ld_chr/[1-22] ...
Read reference panel LD Scores for 1290028 SNPs.
Removing partitioned LD Scores with zero variance.
Reading regression weight LD Score from /Users/sheaandrews/Programs/ldsc/eur_w_ld_chr/[1-22] ...
Read regression weight LD Scores for 1290028 SNPs.
After merging with reference panel LD, 1179978 SNPs remain.
After merging with regression SNP LD, 1179978 SNPs remain.
Computing rg for phenotype 2/2
Reading summary statistics from 1_RawData/LDSC/hipv2015_GWAS.sumstats.gz ...
Read summary statistics for 1217311 SNPs.
After merging with summary statistics, 1179978 SNPs remain.
1156603 SNPs with valid alleles.

Heritability of phenotype 1
---------------------------
Total Observed scale h2: 0.0121 (0.0014)
Lambda GC: 1.127
Mean Chi^2: 1.1502
Intercept: 1.0409 (0.0075)
Ratio: 0.2725 (0.0498)

Heritability of phenotype 2/2
-----------------------------
Total Observed scale h2: 0.1411 (0.0389)
Lambda GC: 1.0105
Mean Chi^2: 1.0252
Intercept: 0.9874 (0.0065)
Ratio < 0 (usually indicates GC correction).

Genetic Covariance
------------------
Total Observed scale gencov: 0.0012 (0.005)
Mean z1*z2: 0.0011
Intercept: -0.001 (0.005)

Genetic Correlation
-------------------
Genetic Correlation: 0.0281 (0.1204)
Z-score: 0.2337
P: 0.8152


Summary of Genetic Correlation Results
p1                                        p2      rg      se       z       p  h2_obs  h2_obs_se  h2_int  h2_int_se  gcov_int  gcov_int_se
1_RawData/LDSC/as_GWAS.sumstats.gz  1_RawData/LDSC/hipv2015_GWAS.sumstats.gz  0.0281  0.1204  0.2337  0.8152  0.1411     0.0389  0.9874     0.0065    -0.001        0.005

Analysis finished at Fri Nov 30 12:38:54 2018
Total time elapsed: 13.0s
