*********************************************************************
* LD Score Regression (LDSC)
* Version 1.0.0
* (C) 2014-2015 Brendan Bulik-Sullivan and Hilary Finucane
* Broad Institute of MIT and Harvard / MIT Department of Mathematics
* GNU General Public License v3
*********************************************************************
Call: 
./ldsc.py \
--ref-ld-chr /Users/sheaandrews/Programs/ldsc/eur_w_ld_chr/ \
--out 2_DerivedData/LDSC/as_hipv \
--rg 1_RawData/LDSC/as_GWAS.sumstats.gz,1_RawData/LDSC/hipv_GWAS.sumstats.gz \
--w-ld-chr /Users/sheaandrews/Programs/ldsc/eur_w_ld_chr/ 

Beginning analysis at Fri Nov 30 12:42:02 2018
Reading summary statistics from 1_RawData/LDSC/as_GWAS.sumstats.gz ...
Read summary statistics for 1188293 SNPs.
Reading reference panel LD Score from /Users/sheaandrews/Programs/ldsc/eur_w_ld_chr/[1-22] ...
Read reference panel LD Scores for 1290028 SNPs.
Removing partitioned LD Scores with zero variance.
Reading regression weight LD Score from /Users/sheaandrews/Programs/ldsc/eur_w_ld_chr/[1-22] ...
Read regression weight LD Scores for 1290028 SNPs.
After merging with reference panel LD, 1179978 SNPs remain.
After merging with regression SNP LD, 1179978 SNPs remain.
Computing rg for phenotype 2/2
Reading summary statistics from 1_RawData/LDSC/hipv_GWAS.sumstats.gz ...
Read summary statistics for 1217311 SNPs.
After merging with summary statistics, 1179978 SNPs remain.
1159096 SNPs with valid alleles.

Heritability of phenotype 1
---------------------------
Total Observed scale h2: 0.0121 (0.0015)
Lambda GC: 1.127
Mean Chi^2: 1.1499
Intercept: 1.041 (0.0078)
Ratio: 0.2733 (0.0521)

Heritability of phenotype 2/2
-----------------------------
Total Observed scale h2: 0.1428 (0.0242)
Lambda GC: 1.0588
Mean Chi^2: 1.0798
Intercept: 1.0032 (0.0078)
Ratio: 0.0397 (0.098)

Genetic Covariance
------------------
Total Observed scale gencov: -9.8895e-05 (0.0037)
Mean z1*z2: -0.0041
Intercept: -0.0044 (0.005)

Genetic Correlation
-------------------
Genetic Correlation: -0.0024 (0.0891)
Z-score: -0.0267
P: 0.9787


Summary of Genetic Correlation Results
p1                                    p2      rg      se       z       p  h2_obs  h2_obs_se  h2_int  h2_int_se  gcov_int  gcov_int_se
1_RawData/LDSC/as_GWAS.sumstats.gz  1_RawData/LDSC/hipv_GWAS.sumstats.gz -0.0024  0.0891 -0.0267  0.9787  0.1428     0.0242  1.0032     0.0078   -0.0044        0.005

Analysis finished at Fri Nov 30 12:42:15 2018
Total time elapsed: 13.03s
