*********************************************************************
* LD Score Regression (LDSC)
* Version 1.0.0
* (C) 2014-2015 Brendan Bulik-Sullivan and Hilary Finucane
* Broad Institute of MIT and Harvard / MIT Department of Mathematics
* GNU General Public License v3
*********************************************************************
Call: 
./ldsc.py \
--ref-ld-chr /Users/sheaandrews/Programs/ldsc/eur_w_ld_chr/ \
--out 2_DerivedData/LDSC/as_insom \
--rg 1_RawData/LDSC/as_GWAS.sumstats.gz,1_RawData/LDSC/insom_GWAS.sumstats.gz \
--w-ld-chr /Users/sheaandrews/Programs/ldsc/eur_w_ld_chr/ 

Beginning analysis at Fri Nov 30 09:32:53 2018
Reading summary statistics from 1_RawData/LDSC/as_GWAS.sumstats.gz ...
Read summary statistics for 1188293 SNPs.
Reading reference panel LD Score from /Users/sheaandrews/Programs/ldsc/eur_w_ld_chr/[1-22] ...
Read reference panel LD Scores for 1290028 SNPs.
Removing partitioned LD Scores with zero variance.
Reading regression weight LD Score from /Users/sheaandrews/Programs/ldsc/eur_w_ld_chr/[1-22] ...
Read regression weight LD Scores for 1290028 SNPs.
After merging with reference panel LD, 1179978 SNPs remain.
After merging with regression SNP LD, 1179978 SNPs remain.
Computing rg for phenotype 2/2
Reading summary statistics from 1_RawData/LDSC/insom_GWAS.sumstats.gz ...
Read summary statistics for 1217311 SNPs.
After merging with summary statistics, 1179978 SNPs remain.
1129712 SNPs with valid alleles.

Heritability of phenotype 1
---------------------------
Total Observed scale h2: 0.0127 (0.0014)
Lambda GC: 1.127
Mean Chi^2: 1.1503
Intercept: 1.0351 (0.0072)
Ratio: 0.2333 (0.0482)

Heritability of phenotype 2/2
-----------------------------
Total Observed scale h2: 0.046 (0.0021)
Lambda GC: 1.3101
Mean Chi^2: 1.366
Intercept: 1.0136 (0.009)
Ratio: 0.0371 (0.0246)

Genetic Covariance
------------------
Total Observed scale gencov: 0.004 (0.0012)
Mean z1*z2: 0.0334
Intercept: 0.0005 (0.0053)

Genetic Correlation
-------------------
Genetic Correlation: 0.1666 (0.0479)
Z-score: 3.4742
P: 0.0005


Summary of Genetic Correlation Results
p1                                     p2      rg      se       z       p  h2_obs  h2_obs_se  h2_int  h2_int_se  gcov_int  gcov_int_se
1_RawData/LDSC/as_GWAS.sumstats.gz  1_RawData/LDSC/insom_GWAS.sumstats.gz  0.1666  0.0479  3.4742  0.0005   0.046     0.0021  1.0136      0.009    0.0005       0.0053

Analysis finished at Fri Nov 30 09:33:06 2018
Total time elapsed: 13.17s
