*********************************************************************
* LD Score Regression (LDSC)
* Version 1.0.0
* (C) 2014-2015 Brendan Bulik-Sullivan and Hilary Finucane
* Broad Institute of MIT and Harvard / MIT Department of Mathematics
* GNU General Public License v3
*********************************************************************
Call: 
./ldsc.py \
--ref-ld-chr /Users/sheaandrews/Programs/ldsc/eur_w_ld_chr/ \
--out 2_DerivedData/LDSC/as_load \
--rg 1_RawData/LDSC/as_GWAS.sumstats.gz,1_RawData/LDSC/load_GWAS.sumstats.gz \
--w-ld-chr /Users/sheaandrews/Programs/ldsc/eur_w_ld_chr/ 

Beginning analysis at Fri Nov 30 13:29:26 2018
Reading summary statistics from 1_RawData/LDSC/as_GWAS.sumstats.gz ...
Read summary statistics for 1188293 SNPs.
Reading reference panel LD Score from /Users/sheaandrews/Programs/ldsc/eur_w_ld_chr/[1-22] ...
Read reference panel LD Scores for 1290028 SNPs.
Removing partitioned LD Scores with zero variance.
Reading regression weight LD Score from /Users/sheaandrews/Programs/ldsc/eur_w_ld_chr/[1-22] ...
Read regression weight LD Scores for 1290028 SNPs.
After merging with reference panel LD, 1179978 SNPs remain.
After merging with regression SNP LD, 1179978 SNPs remain.
Computing rg for phenotype 2/2
Reading summary statistics from 1_RawData/LDSC/load_GWAS.sumstats.gz ...
Read summary statistics for 1217311 SNPs.
After merging with summary statistics, 1179978 SNPs remain.
1144438 SNPs with valid alleles.

Heritability of phenotype 1
---------------------------
Total Observed scale h2: 0.0124 (0.0014)
Lambda GC: 1.1238
Mean Chi^2: 1.1491
Intercept: 1.0381 (0.0077)
Ratio: 0.2557 (0.0517)

Heritability of phenotype 2/2
-----------------------------
Total Observed scale h2: 0.045 (0.0207)
Lambda GC: 1.0926
Mean Chi^2: 1.1145
Intercept: 1.0656 (0.0292)
Ratio: 0.5735 (0.2548)

Genetic Covariance
------------------
Total Observed scale gencov: -0.005 (0.0026)
Mean z1*z2: 0.0155
Intercept: 0.0317 (0.005)

Genetic Correlation
-------------------
Genetic Correlation: -0.2097 (0.1133)
Z-score: -1.8512
P: 0.0641


Summary of Genetic Correlation Results
p1                                    p2      rg      se       z       p  h2_obs  h2_obs_se  h2_int  h2_int_se  gcov_int  gcov_int_se
1_RawData/LDSC/as_GWAS.sumstats.gz  1_RawData/LDSC/load_GWAS.sumstats.gz -0.2097  0.1133 -1.8512  0.0641   0.045     0.0207  1.0656     0.0292    0.0317        0.005

Analysis finished at Fri Nov 30 13:29:38 2018
Total time elapsed: 12.8s
