*********************************************************************
* LD Score Regression (LDSC)
* Version 1.0.0
* (C) 2014-2015 Brendan Bulik-Sullivan and Hilary Finucane
* Broad Institute of MIT and Harvard / MIT Department of Mathematics
* GNU General Public License v3
*********************************************************************
Call: 
./ldsc.py \
--ref-ld-chr /Users/sheaandrews/Programs/ldsc/eur_w_ld_chr/ \
--out 2_DerivedData/LDSC/as_trig \
--rg 1_RawData/LDSC/as_GWAS.sumstats.gz,1_RawData/LDSC/trig_GWAS.sumstats.gz \
--w-ld-chr /Users/sheaandrews/Programs/ldsc/eur_w_ld_chr/ 

Beginning analysis at Fri Nov 30 11:48:54 2018
Reading summary statistics from 1_RawData/LDSC/as_GWAS.sumstats.gz ...
Read summary statistics for 1188293 SNPs.
Reading reference panel LD Score from /Users/sheaandrews/Programs/ldsc/eur_w_ld_chr/[1-22] ...
Read reference panel LD Scores for 1290028 SNPs.
Removing partitioned LD Scores with zero variance.
Reading regression weight LD Score from /Users/sheaandrews/Programs/ldsc/eur_w_ld_chr/[1-22] ...
Read regression weight LD Scores for 1290028 SNPs.
After merging with reference panel LD, 1179978 SNPs remain.
After merging with regression SNP LD, 1179978 SNPs remain.
Computing rg for phenotype 2/2
Reading summary statistics from 1_RawData/LDSC/trig_GWAS.sumstats.gz ...
Read summary statistics for 1217311 SNPs.
After merging with summary statistics, 1179978 SNPs remain.
1028004 SNPs with valid alleles.

Heritability of phenotype 1
---------------------------
Total Observed scale h2: 0.0124 (0.0015)
Lambda GC: 1.127
Mean Chi^2: 1.1499
Intercept: 1.0395 (0.0083)
Ratio: 0.2634 (0.0553)

Heritability of phenotype 2/2
-----------------------------
Total Observed scale h2: 0.2698 (0.0576)
Lambda GC: 1.0016
Mean Chi^2: 1.2166
Intercept: 0.7573 (0.0351)
Ratio < 0 (usually indicates GC correction).

Genetic Covariance
------------------
Total Observed scale gencov: 0.0086 (0.0022)
Mean z1*z2: 0.0334
Intercept: 0.0008 (0.0054)

Genetic Correlation
-------------------
Genetic Correlation: 0.1485 (0.0408)
Z-score: 3.6375
P: 0.0003


Summary of Genetic Correlation Results
p1                                    p2      rg      se       z       p  h2_obs  h2_obs_se  h2_int  h2_int_se  gcov_int  gcov_int_se
1_RawData/LDSC/as_GWAS.sumstats.gz  1_RawData/LDSC/trig_GWAS.sumstats.gz  0.1485  0.0408  3.6375  0.0003  0.2698     0.0576  0.7573     0.0351    0.0008       0.0054

Analysis finished at Fri Nov 30 11:49:08 2018
Total time elapsed: 13.84s
