*********************************************************************
* LD Score Regression (LDSC)
* Version 1.0.0
* (C) 2014-2015 Brendan Bulik-Sullivan and Hilary Finucane
* Broad Institute of MIT and Harvard / MIT Department of Mathematics
* GNU General Public License v3
*********************************************************************
Call: 
./ldsc.py \
--ref-ld-chr /Users/sheaandrews/Programs/ldsc/eur_w_ld_chr/ \
--out 2_DerivedData/LDSC/as_vbiany \
--rg 1_RawData/LDSC/as_GWAS.sumstats.gz,1_RawData/LDSC/vbiany_GWAS.sumstats.gz \
--w-ld-chr /Users/sheaandrews/Programs/ldsc/eur_w_ld_chr/ 

Beginning analysis at Fri Nov 30 14:04:42 2018
Reading summary statistics from 1_RawData/LDSC/as_GWAS.sumstats.gz ...
Read summary statistics for 1188293 SNPs.
Reading reference panel LD Score from /Users/sheaandrews/Programs/ldsc/eur_w_ld_chr/[1-22] ...
Read reference panel LD Scores for 1290028 SNPs.
Removing partitioned LD Scores with zero variance.
Reading regression weight LD Score from /Users/sheaandrews/Programs/ldsc/eur_w_ld_chr/[1-22] ...
Read regression weight LD Scores for 1290028 SNPs.
After merging with reference panel LD, 1179978 SNPs remain.
After merging with regression SNP LD, 1179978 SNPs remain.
Computing rg for phenotype 2/2
Reading summary statistics from 1_RawData/LDSC/vbiany_GWAS.sumstats.gz ...
Read summary statistics for 1217311 SNPs.
After merging with summary statistics, 1179978 SNPs remain.
1171954 SNPs with valid alleles.

Heritability of phenotype 1
---------------------------
Total Observed scale h2: 0.0127 (0.0014)
Lambda GC: 1.1238
Mean Chi^2: 1.1481
Intercept: 1.0359 (0.0076)
Ratio: 0.2424 (0.0515)

Heritability of phenotype 2/2
-----------------------------
Total Observed scale h2: 0.1888 (0.087)
Lambda GC: 0.9957
Mean Chi^2: 0.9972
Intercept: 0.979 (0.0067)
Ratio: NA (mean chi^2 < 1)

Genetic Covariance
------------------
Total Observed scale gencov: 0.0076 (0.0071)
Mean z1*z2: 0.0114
Intercept: 0.0053 (0.0047)

Genetic Correlation
-------------------
Genetic Correlation: 0.1556 (0.1514)
Z-score: 1.0279
P: 0.304


Summary of Genetic Correlation Results
p1                                      p2      rg      se       z      p  h2_obs  h2_obs_se  h2_int  h2_int_se  gcov_int  gcov_int_se
1_RawData/LDSC/as_GWAS.sumstats.gz  1_RawData/LDSC/vbiany_GWAS.sumstats.gz  0.1556  0.1514  1.0279  0.304  0.1888      0.087   0.979     0.0067    0.0053       0.0047

Analysis finished at Fri Nov 30 14:04:55 2018
Total time elapsed: 13.2s
