*********************************************************************
* LD Score Regression (LDSC)
* Version 1.0.0
* (C) 2014-2015 Brendan Bulik-Sullivan and Hilary Finucane
* Broad Institute of MIT and Harvard / MIT Department of Mathematics
* GNU General Public License v3
*********************************************************************
Call: 
./ldsc.py \
--ref-ld-chr /Users/sheaandrews/Programs/ldsc/eur_w_ld_chr/ \
--out 2_DerivedData/LDSC/audit_dep \
--rg 1_RawData/LDSC/audit_GWAS.sumstats.gz,1_RawData/LDSC/dep_GWAS.sumstats.gz \
--w-ld-chr /Users/sheaandrews/Programs/ldsc/eur_w_ld_chr/ 

Beginning analysis at Fri Nov 30 09:22:52 2018
Reading summary statistics from 1_RawData/LDSC/audit_GWAS.sumstats.gz ...
Read summary statistics for 1186963 SNPs.
Reading reference panel LD Score from /Users/sheaandrews/Programs/ldsc/eur_w_ld_chr/[1-22] ...
Read reference panel LD Scores for 1290028 SNPs.
Removing partitioned LD Scores with zero variance.
Reading regression weight LD Score from /Users/sheaandrews/Programs/ldsc/eur_w_ld_chr/[1-22] ...
Read regression weight LD Scores for 1290028 SNPs.
After merging with reference panel LD, 1171399 SNPs remain.
After merging with regression SNP LD, 1171399 SNPs remain.
Computing rg for phenotype 2/2
Reading summary statistics from 1_RawData/LDSC/dep_GWAS.sumstats.gz ...
Read summary statistics for 1217311 SNPs.
After merging with summary statistics, 1171399 SNPs remain.
1160928 SNPs with valid alleles.

Heritability of phenotype 1
---------------------------
Total Observed scale h2: 0.091 (0.0058)
Lambda GC: 1.194
Mean Chi^2: 1.2206
Intercept: 1.0047 (0.0071)
Ratio: 0.0214 (0.0322)

Heritability of phenotype 2/2
-----------------------------
Total Observed scale h2: 0.0624 (0.0029)
Lambda GC: 1.3272
Mean Chi^2: 1.3943
Intercept: 1.0056 (0.0088)
Ratio: 0.0142 (0.0224)

Genetic Covariance
------------------
Total Observed scale gencov: -0.0013 (0.0028)
Mean z1*z2: -0.0201
Intercept: -0.0157 (0.0056)

Genetic Correlation
-------------------
Genetic Correlation: -0.0174 (0.037)
Z-score: -0.4699
P: 0.6384


Summary of Genetic Correlation Results
p1                                   p2      rg     se       z       p  h2_obs  h2_obs_se  h2_int  h2_int_se  gcov_int  gcov_int_se
1_RawData/LDSC/audit_GWAS.sumstats.gz  1_RawData/LDSC/dep_GWAS.sumstats.gz -0.0174  0.037 -0.4699  0.6384  0.0624     0.0029  1.0056     0.0088   -0.0157       0.0056

Analysis finished at Fri Nov 30 09:23:04 2018
Total time elapsed: 12.71s
