*********************************************************************
* LD Score Regression (LDSC)
* Version 1.0.0
* (C) 2014-2015 Brendan Bulik-Sullivan and Hilary Finucane
* Broad Institute of MIT and Harvard / MIT Department of Mathematics
* GNU General Public License v3
*********************************************************************
Call: 
./ldsc.py \
--ref-ld-chr /Users/sheaandrews/Programs/ldsc/eur_w_ld_chr/ \
--out 2_DerivedData/LDSC/audit_audit \
--rg 1_RawData/LDSC/audit_GWAS.sumstats.gz,1_RawData/LDSC/audit_GWAS.sumstats.gz \
--w-ld-chr /Users/sheaandrews/Programs/ldsc/eur_w_ld_chr/ 

Beginning analysis at Fri Nov 30 08:41:42 2018
Reading summary statistics from 1_RawData/LDSC/audit_GWAS.sumstats.gz ...
Read summary statistics for 1186963 SNPs.
Reading reference panel LD Score from /Users/sheaandrews/Programs/ldsc/eur_w_ld_chr/[1-22] ...
Read reference panel LD Scores for 1290028 SNPs.
Removing partitioned LD Scores with zero variance.
Reading regression weight LD Score from /Users/sheaandrews/Programs/ldsc/eur_w_ld_chr/[1-22] ...
Read regression weight LD Scores for 1290028 SNPs.
After merging with reference panel LD, 1171399 SNPs remain.
After merging with regression SNP LD, 1171399 SNPs remain.
Computing rg for phenotype 2/2
Reading summary statistics from 1_RawData/LDSC/audit_GWAS.sumstats.gz ...
Read summary statistics for 1217311 SNPs.
After merging with summary statistics, 1171399 SNPs remain.
1171399 SNPs with valid alleles.

Heritability of phenotype 1
---------------------------
Total Observed scale h2: 0.0916 (0.0057)
Lambda GC: 1.194
Mean Chi^2: 1.2191
Intercept: 1.0031 (0.0069)
Ratio: 0.0141 (0.0314)

Heritability of phenotype 2/2
-----------------------------
Total Observed scale h2: 0.0916 (0.0057)
Lambda GC: 1.194
Mean Chi^2: 1.2191
Intercept: 1.0031 (0.0069)
Ratio: 0.0141 (0.0314)

Genetic Covariance
------------------
Total Observed scale gencov: 0.0916 (0.0057)
Mean z1*z2: 1.2191
Intercept: 1.0031 (0.0069)

Genetic Correlation
-------------------
Genetic Correlation: 1. (1.5137e-08)
Z-score: 66064682.8589
P: 0.


Summary of Genetic Correlation Results
p1                                     p2   rg          se           z    p  h2_obs  h2_obs_se  h2_int  h2_int_se  gcov_int  gcov_int_se
1_RawData/LDSC/audit_GWAS.sumstats.gz  1_RawData/LDSC/audit_GWAS.sumstats.gz  1.0  1.5137e-08  6.6065e+07  0.0  0.0916     0.0057  1.0031     0.0069    1.0031       0.0069

Analysis finished at Fri Nov 30 08:41:55 2018
Total time elapsed: 13.02s
