*********************************************************************
* LD Score Regression (LDSC)
* Version 1.0.0
* (C) 2014-2015 Brendan Bulik-Sullivan and Hilary Finucane
* Broad Institute of MIT and Harvard / MIT Department of Mathematics
* GNU General Public License v3
*********************************************************************
Call: 
./ldsc.py \
--ref-ld-chr /Users/sheaandrews/Programs/ldsc/eur_w_ld_chr/ \
--out 2_DerivedData/LDSC/audit_diab \
--rg 1_RawData/LDSC/audit_GWAS.sumstats.gz,1_RawData/LDSC/diab_GWAS.sumstats.gz \
--w-ld-chr /Users/sheaandrews/Programs/ldsc/eur_w_ld_chr/ 

Beginning analysis at Fri Nov 30 08:43:05 2018
Reading summary statistics from 1_RawData/LDSC/audit_GWAS.sumstats.gz ...
Read summary statistics for 1186963 SNPs.
Reading reference panel LD Score from /Users/sheaandrews/Programs/ldsc/eur_w_ld_chr/[1-22] ...
Read reference panel LD Scores for 1290028 SNPs.
Removing partitioned LD Scores with zero variance.
Reading regression weight LD Score from /Users/sheaandrews/Programs/ldsc/eur_w_ld_chr/[1-22] ...
Read regression weight LD Scores for 1290028 SNPs.
After merging with reference panel LD, 1171399 SNPs remain.
After merging with regression SNP LD, 1171399 SNPs remain.
Computing rg for phenotype 2/2
Reading summary statistics from 1_RawData/LDSC/diab_GWAS.sumstats.gz ...
Read summary statistics for 1217311 SNPs.
After merging with summary statistics, 1171399 SNPs remain.
1006301 SNPs with valid alleles.

Heritability of phenotype 1
---------------------------
Total Observed scale h2: 0.0917 (0.0065)
Lambda GC: 1.2103
Mean Chi^2: 1.2368
Intercept: 1.0001 (0.0099)
Ratio: 0.0003 (0.0418)

Heritability of phenotype 2/2
-----------------------------
Total Observed scale h2: 0.0533 (0.0034)
Lambda GC: 1.4494
Mean Chi^2: 1.6827
Intercept: 1.043 (0.0186)
Ratio: 0.0629 (0.0273)

Genetic Covariance
------------------
Total Observed scale gencov: -0.0105 (0.0025)
Mean z1*z2: -0.0747
Intercept: -0.0164 (0.0083)

Genetic Correlation
-------------------
Genetic Correlation: -0.1503 (0.0352)
Z-score: -4.2702
P: 1.9526e-05


Summary of Genetic Correlation Results
p1                                    p2      rg      se       z           p  h2_obs  h2_obs_se  h2_int  h2_int_se  gcov_int  gcov_int_se
1_RawData/LDSC/audit_GWAS.sumstats.gz  1_RawData/LDSC/diab_GWAS.sumstats.gz -0.1503  0.0352 -4.2702  1.9526e-05  0.0533     0.0034   1.043     0.0186   -0.0164       0.0083

Analysis finished at Fri Nov 30 08:43:18 2018
Total time elapsed: 12.9s
