*********************************************************************
* LD Score Regression (LDSC)
* Version 1.0.0
* (C) 2014-2015 Brendan Bulik-Sullivan and Hilary Finucane
* Broad Institute of MIT and Harvard / MIT Department of Mathematics
* GNU General Public License v3
*********************************************************************
Call: 
./ldsc.py \
--ref-ld-chr /Users/sheaandrews/Programs/ldsc/eur_w_ld_chr/ \
--out 2_DerivedData/LDSC/audit_ldl \
--rg 1_RawData/LDSC/audit_GWAS.sumstats.gz,1_RawData/LDSC/ldl_GWAS.sumstats.gz \
--w-ld-chr /Users/sheaandrews/Programs/ldsc/eur_w_ld_chr/ 

Beginning analysis at Fri Nov 30 08:55:22 2018
Reading summary statistics from 1_RawData/LDSC/audit_GWAS.sumstats.gz ...
Read summary statistics for 1186963 SNPs.
Reading reference panel LD Score from /Users/sheaandrews/Programs/ldsc/eur_w_ld_chr/[1-22] ...
Read reference panel LD Scores for 1290028 SNPs.
Removing partitioned LD Scores with zero variance.
Reading regression weight LD Score from /Users/sheaandrews/Programs/ldsc/eur_w_ld_chr/[1-22] ...
Read regression weight LD Scores for 1290028 SNPs.
After merging with reference panel LD, 1171399 SNPs remain.
After merging with regression SNP LD, 1171399 SNPs remain.
Computing rg for phenotype 2/2
Reading summary statistics from 1_RawData/LDSC/ldl_GWAS.sumstats.gz ...
Read summary statistics for 1217311 SNPs.
After merging with summary statistics, 1171399 SNPs remain.
1019487 SNPs with valid alleles.

Heritability of phenotype 1
---------------------------
Total Observed scale h2: 0.0907 (0.006)
Lambda GC: 1.194
Mean Chi^2: 1.2216
Intercept: 1.0058 (0.0079)
Ratio: 0.0262 (0.0357)

Heritability of phenotype 2/2
-----------------------------
Total Observed scale h2: 0.2002 (0.0494)
Lambda GC: 1.0135
Mean Chi^2: 1.1912
Intercept: 0.886 (0.0587)
Ratio < 0 (usually indicates GC correction).

Genetic Covariance
------------------
Total Observed scale gencov: -0.0022 (0.0041)
Mean z1*z2: -0.0139
Intercept: -0.0077 (0.0058)

Genetic Correlation
-------------------
Genetic Correlation: -0.0161 (0.03)
Z-score: -0.5356
P: 0.5922


Summary of Genetic Correlation Results
p1                                   p2      rg    se       z       p  h2_obs  h2_obs_se  h2_int  h2_int_se  gcov_int  gcov_int_se
1_RawData/LDSC/audit_GWAS.sumstats.gz  1_RawData/LDSC/ldl_GWAS.sumstats.gz -0.0161  0.03 -0.5356  0.5922  0.2002     0.0494   0.886     0.0587   -0.0077       0.0058

Analysis finished at Fri Nov 30 08:55:34 2018
Total time elapsed: 12.16s
