*********************************************************************
* LD Score Regression (LDSC)
* Version 1.0.0
* (C) 2014-2015 Brendan Bulik-Sullivan and Hilary Finucane
* Broad Institute of MIT and Harvard / MIT Department of Mathematics
* GNU General Public License v3
*********************************************************************
Call: 
./ldsc.py \
--ref-ld-chr /Users/sheaandrews/Programs/ldsc/eur_w_ld_chr/ \
--out 2_DerivedData/LDSC/audit_ais \
--rg 1_RawData/LDSC/audit_GWAS.sumstats.gz,1_RawData/LDSC/ais_GWAS.sumstats.gz \
--w-ld-chr /Users/sheaandrews/Programs/ldsc/eur_w_ld_chr/ 

Beginning analysis at Fri Nov 30 09:34:04 2018
Reading summary statistics from 1_RawData/LDSC/audit_GWAS.sumstats.gz ...
Read summary statistics for 1186963 SNPs.
Reading reference panel LD Score from /Users/sheaandrews/Programs/ldsc/eur_w_ld_chr/[1-22] ...
Read reference panel LD Scores for 1290028 SNPs.
Removing partitioned LD Scores with zero variance.
Reading regression weight LD Score from /Users/sheaandrews/Programs/ldsc/eur_w_ld_chr/[1-22] ...
Read regression weight LD Scores for 1290028 SNPs.
After merging with reference panel LD, 1171399 SNPs remain.
After merging with regression SNP LD, 1171399 SNPs remain.
Computing rg for phenotype 2/2
Reading summary statistics from 1_RawData/LDSC/ais_GWAS.sumstats.gz ...
Read summary statistics for 1217311 SNPs.
After merging with summary statistics, 1171399 SNPs remain.
1168441 SNPs with valid alleles.

Heritability of phenotype 1
---------------------------
Total Observed scale h2: 0.0913 (0.0057)
Lambda GC: 1.194
Mean Chi^2: 1.2197
Intercept: 1.0039 (0.0069)
Ratio: 0.0177 (0.0316)

Heritability of phenotype 2/2
-----------------------------
Total Observed scale h2: 0.0135 (0.0013)
Lambda GC: 1.1238
Mean Chi^2: 1.1404
Intercept: 1.021 (0.0068)
Ratio: 0.1496 (0.0482)

Genetic Covariance
------------------
Total Observed scale gencov: -0.0028 (0.0018)
Mean z1*z2: -0.0084
Intercept: 0.0058 (0.0045)

Genetic Correlation
-------------------
Genetic Correlation: -0.08 (0.0519)
Z-score: -1.5422
P: 0.123


Summary of Genetic Correlation Results
p1                                   p2    rg      se       z      p  h2_obs  h2_obs_se  h2_int  h2_int_se  gcov_int  gcov_int_se
1_RawData/LDSC/audit_GWAS.sumstats.gz  1_RawData/LDSC/ais_GWAS.sumstats.gz -0.08  0.0519 -1.5422  0.123  0.0135     0.0013   1.021     0.0068    0.0058       0.0045

Analysis finished at Fri Nov 30 09:34:17 2018
Total time elapsed: 12.38s
