*********************************************************************
* LD Score Regression (LDSC)
* Version 1.0.0
* (C) 2014-2015 Brendan Bulik-Sullivan and Hilary Finucane
* Broad Institute of MIT and Harvard / MIT Department of Mathematics
* GNU General Public License v3
*********************************************************************
Call: 
./ldsc.py \
--ref-ld-chr /Users/sheaandrews/Programs/ldsc/eur_w_ld_chr/ \
--out 2_DerivedData/LDSC/audit_las \
--rg 1_RawData/LDSC/audit_GWAS.sumstats.gz,1_RawData/LDSC/las_GWAS.sumstats.gz \
--w-ld-chr /Users/sheaandrews/Programs/ldsc/eur_w_ld_chr/ 

Beginning analysis at Fri Nov 30 09:33:36 2018
Reading summary statistics from 1_RawData/LDSC/audit_GWAS.sumstats.gz ...
Read summary statistics for 1186963 SNPs.
Reading reference panel LD Score from /Users/sheaandrews/Programs/ldsc/eur_w_ld_chr/[1-22] ...
Read reference panel LD Scores for 1290028 SNPs.
Removing partitioned LD Scores with zero variance.
Reading regression weight LD Score from /Users/sheaandrews/Programs/ldsc/eur_w_ld_chr/[1-22] ...
Read regression weight LD Scores for 1290028 SNPs.
After merging with reference panel LD, 1171399 SNPs remain.
After merging with regression SNP LD, 1171399 SNPs remain.
Computing rg for phenotype 2/2
Reading summary statistics from 1_RawData/LDSC/las_GWAS.sumstats.gz ...
Read summary statistics for 1217311 SNPs.
After merging with summary statistics, 1171399 SNPs remain.
1169024 SNPs with valid alleles.

Heritability of phenotype 1
---------------------------
Total Observed scale h2: 0.0915 (0.0057)
Lambda GC: 1.194
Mean Chi^2: 1.2196
Intercept: 1.0036 (0.0069)
Ratio: 0.0165 (0.0314)

Heritability of phenotype 2/2
-----------------------------
Total Observed scale h2: 0.0004 (0.0011)
Lambda GC: 1.1082
Mean Chi^2: 1.1116
Intercept: 1.1082 (0.0073)
Ratio: 0.9703 (0.0652)

Genetic Covariance
------------------
Total Observed scale gencov: -0.0004 (0.0016)
Mean z1*z2: 0.0006
Intercept: 0.0027 (0.0049)

Genetic Correlation
-------------------
Genetic Correlation: -0.0768 (0.3684)
Z-score: -0.2086
P: 0.8347


Summary of Genetic Correlation Results
p1                                   p2      rg      se       z       p  h2_obs  h2_obs_se  h2_int  h2_int_se  gcov_int  gcov_int_se
1_RawData/LDSC/audit_GWAS.sumstats.gz  1_RawData/LDSC/las_GWAS.sumstats.gz -0.0768  0.3684 -0.2086  0.8347  0.0004     0.0011  1.1082     0.0073    0.0027       0.0049

Analysis finished at Fri Nov 30 09:33:49 2018
Total time elapsed: 13.25s
