*********************************************************************
* LD Score Regression (LDSC)
* Version 1.0.0
* (C) 2014-2015 Brendan Bulik-Sullivan and Hilary Finucane
* Broad Institute of MIT and Harvard / MIT Department of Mathematics
* GNU General Public License v3
*********************************************************************
Call: 
./ldsc.py \
--ref-ld-chr /Users/sheaandrews/Programs/ldsc/eur_w_ld_chr/ \
--out 2_DerivedData/LDSC/audit_vbiany \
--rg 1_RawData/LDSC/audit_GWAS.sumstats.gz,1_RawData/LDSC/vbiany_GWAS.sumstats.gz \
--w-ld-chr /Users/sheaandrews/Programs/ldsc/eur_w_ld_chr/ 

Beginning analysis at Fri Nov 30 09:49:47 2018
Reading summary statistics from 1_RawData/LDSC/audit_GWAS.sumstats.gz ...
Read summary statistics for 1186963 SNPs.
Reading reference panel LD Score from /Users/sheaandrews/Programs/ldsc/eur_w_ld_chr/[1-22] ...
Read reference panel LD Scores for 1290028 SNPs.
Removing partitioned LD Scores with zero variance.
Reading regression weight LD Score from /Users/sheaandrews/Programs/ldsc/eur_w_ld_chr/[1-22] ...
Read regression weight LD Scores for 1290028 SNPs.
After merging with reference panel LD, 1171399 SNPs remain.
After merging with regression SNP LD, 1171399 SNPs remain.
Computing rg for phenotype 2/2
Reading summary statistics from 1_RawData/LDSC/vbiany_GWAS.sumstats.gz ...
Read summary statistics for 1217311 SNPs.
After merging with summary statistics, 1171399 SNPs remain.
1162304 SNPs with valid alleles.

Heritability of phenotype 1
---------------------------
Total Observed scale h2: 0.091 (0.0058)
Lambda GC: 1.194
Mean Chi^2: 1.2199
Intercept: 1.0046 (0.0073)
Ratio: 0.021 (0.0331)

Heritability of phenotype 2/2
-----------------------------
Total Observed scale h2: 0.1899 (0.0881)
Lambda GC: 0.9957
Mean Chi^2: 0.9972
Intercept: 0.9789 (0.0068)
Ratio: NA (mean chi^2 < 1)

Genetic Covariance
------------------
Total Observed scale gencov: 0.0141 (0.0154)
Mean z1*z2: 0.0062
Intercept: 0.0001 (0.0047)

Genetic Correlation
-------------------
Genetic Correlation: 0.1072 (0.1269)
Z-score: 0.8444
P: 0.3984


Summary of Genetic Correlation Results
p1                                      p2      rg      se       z       p  h2_obs  h2_obs_se  h2_int  h2_int_se  gcov_int  gcov_int_se
1_RawData/LDSC/audit_GWAS.sumstats.gz  1_RawData/LDSC/vbiany_GWAS.sumstats.gz  0.1072  0.1269  0.8444  0.3984  0.1899     0.0881  0.9789     0.0068    0.0001       0.0047

Analysis finished at Fri Nov 30 09:49:59 2018
Total time elapsed: 12.43s
