*********************************************************************
* LD Score Regression (LDSC)
* Version 1.0.0
* (C) 2014-2015 Brendan Bulik-Sullivan and Hilary Finucane
* Broad Institute of MIT and Harvard / MIT Department of Mathematics
* GNU General Public License v3
*********************************************************************
Call: 
./ldsc.py \
--ref-ld-chr /Users/sheaandrews/Programs/ldsc/eur_w_ld_chr/ \
--out 2_DerivedData/LDSC/bmi_vbiany \
--rg 1_RawData/LDSC/bmi_GWAS.sumstats.gz,1_RawData/LDSC/vbiany_GWAS.sumstats.gz \
--w-ld-chr /Users/sheaandrews/Programs/ldsc/eur_w_ld_chr/ 

Beginning analysis at Fri Nov 30 10:27:20 2018
Reading summary statistics from 1_RawData/LDSC/bmi_GWAS.sumstats.gz ...
Read summary statistics for 1019821 SNPs.
Reading reference panel LD Score from /Users/sheaandrews/Programs/ldsc/eur_w_ld_chr/[1-22] ...
Read reference panel LD Scores for 1290028 SNPs.
Removing partitioned LD Scores with zero variance.
Reading regression weight LD Score from /Users/sheaandrews/Programs/ldsc/eur_w_ld_chr/[1-22] ...
Read regression weight LD Scores for 1290028 SNPs.
After merging with reference panel LD, 1014967 SNPs remain.
After merging with regression SNP LD, 1014967 SNPs remain.
Computing rg for phenotype 2/2
Reading summary statistics from 1_RawData/LDSC/vbiany_GWAS.sumstats.gz ...
Read summary statistics for 1217311 SNPs.
After merging with summary statistics, 1014967 SNPs remain.
1010899 SNPs with valid alleles.

Heritability of phenotype 1
---------------------------
Total Observed scale h2: 0.2116 (0.0066)
Lambda GC: 2.7872
Mean Chi^2: 3.9413
Intercept: 1.0211 (0.0276)
Ratio: 0.0072 (0.0094)

Heritability of phenotype 2/2
-----------------------------
Total Observed scale h2: 0.1332 (0.0845)
Lambda GC: 0.9957
Mean Chi^2: 0.997
Intercept: 0.9839 (0.0071)
Ratio: NA (mean chi^2 < 1)

Genetic Covariance
------------------
Total Observed scale gencov: -0.0102 (0.0121)
Mean z1*z2: -0.0056
Intercept: 0.0088 (0.0072)

Genetic Correlation
-------------------
Genetic Correlation: -0.061 (0.0791)
Z-score: -0.7706
P: 0.441


Summary of Genetic Correlation Results
p1                                      p2     rg      se       z      p  h2_obs  h2_obs_se  h2_int  h2_int_se  gcov_int  gcov_int_se
1_RawData/LDSC/bmi_GWAS.sumstats.gz  1_RawData/LDSC/vbiany_GWAS.sumstats.gz -0.061  0.0791 -0.7706  0.441  0.1332     0.0845  0.9839     0.0071    0.0088       0.0072

Analysis finished at Fri Nov 30 10:27:32 2018
Total time elapsed: 12.09s
