*********************************************************************
* LD Score Regression (LDSC)
* Version 1.0.0
* (C) 2014-2015 Brendan Bulik-Sullivan and Hilary Finucane
* Broad Institute of MIT and Harvard / MIT Department of Mathematics
* GNU General Public License v3
*********************************************************************
Call: 
./ldsc.py \
--ref-ld-chr /Users/sheaandrews/Programs/ldsc/eur_w_ld_chr/ \
--out 2_DerivedData/LDSC/bmi_hipv \
--rg 1_RawData/LDSC/bmi_GWAS.sumstats.gz,1_RawData/LDSC/hipv_GWAS.sumstats.gz \
--w-ld-chr /Users/sheaandrews/Programs/ldsc/eur_w_ld_chr/ 

Beginning analysis at Fri Nov 30 09:37:20 2018
Reading summary statistics from 1_RawData/LDSC/bmi_GWAS.sumstats.gz ...
Read summary statistics for 1019821 SNPs.
Reading reference panel LD Score from /Users/sheaandrews/Programs/ldsc/eur_w_ld_chr/[1-22] ...
Read reference panel LD Scores for 1290028 SNPs.
Removing partitioned LD Scores with zero variance.
Reading regression weight LD Score from /Users/sheaandrews/Programs/ldsc/eur_w_ld_chr/[1-22] ...
Read regression weight LD Scores for 1290028 SNPs.
After merging with reference panel LD, 1014967 SNPs remain.
After merging with regression SNP LD, 1014967 SNPs remain.
Computing rg for phenotype 2/2
Reading summary statistics from 1_RawData/LDSC/hipv_GWAS.sumstats.gz ...
Read summary statistics for 1217311 SNPs.
After merging with summary statistics, 1014967 SNPs remain.
1006509 SNPs with valid alleles.

Heritability of phenotype 1
---------------------------
Total Observed scale h2: 0.2125 (0.0067)
Lambda GC: 2.7872
Mean Chi^2: 3.957
Intercept: 1.013 (0.0287)
Ratio: 0.0044 (0.0097)

Heritability of phenotype 2/2
-----------------------------
Total Observed scale h2: 0.1385 (0.0263)
Lambda GC: 1.0618
Mean Chi^2: 1.0811
Intercept: 1.0057 (0.0078)
Ratio: 0.0709 (0.096)

Genetic Covariance
------------------
Total Observed scale gencov: 0.0014 (0.0065)
Mean z1*z2: 0.0104
Intercept: 0.0046 (0.0086)

Genetic Correlation
-------------------
Genetic Correlation: 0.0081 (0.0383)
Z-score: 0.2115
P: 0.8325


Summary of Genetic Correlation Results
p1                                    p2      rg      se       z       p  h2_obs  h2_obs_se  h2_int  h2_int_se  gcov_int  gcov_int_se
1_RawData/LDSC/bmi_GWAS.sumstats.gz  1_RawData/LDSC/hipv_GWAS.sumstats.gz  0.0081  0.0383  0.2115  0.8325  0.1385     0.0263  1.0057     0.0078    0.0046       0.0086

Analysis finished at Fri Nov 30 09:37:33 2018
Total time elapsed: 12.59s
