*********************************************************************
* LD Score Regression (LDSC)
* Version 1.0.0
* (C) 2014-2015 Brendan Bulik-Sullivan and Hilary Finucane
* Broad Institute of MIT and Harvard / MIT Department of Mathematics
* GNU General Public License v3
*********************************************************************
Call: 
./ldsc.py \
--ref-ld-chr /Users/sheaandrews/Programs/ldsc/eur_w_ld_chr/ \
--out 2_DerivedData/LDSC/bmi_sleep \
--rg 1_RawData/LDSC/bmi_GWAS.sumstats.gz,1_RawData/LDSC/sleep_GWAS.sumstats.gz \
--w-ld-chr /Users/sheaandrews/Programs/ldsc/eur_w_ld_chr/ 

Beginning analysis at Fri Nov 30 09:04:08 2018
Reading summary statistics from 1_RawData/LDSC/bmi_GWAS.sumstats.gz ...
Read summary statistics for 1019821 SNPs.
Reading reference panel LD Score from /Users/sheaandrews/Programs/ldsc/eur_w_ld_chr/[1-22] ...
Read reference panel LD Scores for 1290028 SNPs.
Removing partitioned LD Scores with zero variance.
Reading regression weight LD Score from /Users/sheaandrews/Programs/ldsc/eur_w_ld_chr/[1-22] ...
Read regression weight LD Scores for 1290028 SNPs.
After merging with reference panel LD, 1014967 SNPs remain.
After merging with regression SNP LD, 1014967 SNPs remain.
Computing rg for phenotype 2/2
Reading summary statistics from 1_RawData/LDSC/sleep_GWAS.sumstats.gz ...
Read summary statistics for 1217311 SNPs.
After merging with summary statistics, 1014967 SNPs remain.
1009938 SNPs with valid alleles.

Heritability of phenotype 1
---------------------------
Total Observed scale h2: 0.2115 (0.0065)
Lambda GC: 2.7872
Mean Chi^2: 3.9405
Intercept: 1.0206 (0.0257)
Ratio: 0.007 (0.0087)

Heritability of phenotype 2/2
-----------------------------
Total Observed scale h2: 0.0585 (0.0057)
Lambda GC: 1.1175
Mean Chi^2: 1.1432
Intercept: 1.0124 (0.0079)
Ratio: 0.0868 (0.0553)

Genetic Covariance
------------------
Total Observed scale gencov: -0.01 (0.0034)
Mean z1*z2: -0.0381
Intercept: -0.0003 (0.0078)

Genetic Correlation
-------------------
Genetic Correlation: -0.0897 (0.0321)
Z-score: -2.7923
P: 0.0052


Summary of Genetic Correlation Results
p1                                     p2      rg      se       z       p  h2_obs  h2_obs_se  h2_int  h2_int_se  gcov_int  gcov_int_se
1_RawData/LDSC/bmi_GWAS.sumstats.gz  1_RawData/LDSC/sleep_GWAS.sumstats.gz -0.0897  0.0321 -2.7923  0.0052  0.0585     0.0057  1.0124     0.0079   -0.0003       0.0078

Analysis finished at Fri Nov 30 09:04:21 2018
Total time elapsed: 12.51s
