*********************************************************************
* LD Score Regression (LDSC)
* Version 1.0.0
* (C) 2014-2015 Brendan Bulik-Sullivan and Hilary Finucane
* Broad Institute of MIT and Harvard / MIT Department of Mathematics
* GNU General Public License v3
*********************************************************************
Call: 
./ldsc.py \
--ref-ld-chr /Users/sheaandrews/Programs/ldsc/eur_w_ld_chr/ \
--out 2_DerivedData/LDSC/bmi_load \
--rg 1_RawData/LDSC/bmi_GWAS.sumstats.gz,1_RawData/LDSC/load_GWAS.sumstats.gz \
--w-ld-chr /Users/sheaandrews/Programs/ldsc/eur_w_ld_chr/ 

Beginning analysis at Fri Nov 30 10:09:07 2018
Reading summary statistics from 1_RawData/LDSC/bmi_GWAS.sumstats.gz ...
Read summary statistics for 1019821 SNPs.
Reading reference panel LD Score from /Users/sheaandrews/Programs/ldsc/eur_w_ld_chr/[1-22] ...
Read reference panel LD Scores for 1290028 SNPs.
Removing partitioned LD Scores with zero variance.
Reading regression weight LD Score from /Users/sheaandrews/Programs/ldsc/eur_w_ld_chr/[1-22] ...
Read regression weight LD Scores for 1290028 SNPs.
After merging with reference panel LD, 1014967 SNPs remain.
After merging with regression SNP LD, 1014967 SNPs remain.
Computing rg for phenotype 2/2
Reading summary statistics from 1_RawData/LDSC/load_GWAS.sumstats.gz ...
Read summary statistics for 1217311 SNPs.
After merging with summary statistics, 1014967 SNPs remain.
992748 SNPs with valid alleles.

Heritability of phenotype 1
---------------------------
Total Observed scale h2: 0.2125 (0.0065)
Lambda GC: 2.7872
Mean Chi^2: 3.9538
Intercept: 1.0148 (0.0272)
Ratio: 0.005 (0.0092)

Heritability of phenotype 2/2
-----------------------------
Total Observed scale h2: 0.0447 (0.0215)
Lambda GC: 1.0926
Mean Chi^2: 1.112
Intercept: 1.0628 (0.0301)
Ratio: 0.5608 (0.269)

Genetic Covariance
------------------
Total Observed scale gencov: 0.0012 (0.0048)
Mean z1*z2: -0.0038
Intercept: 0.0058 (0.0106)

Genetic Correlation
-------------------
Genetic Correlation: 0.0123 (0.0495)
Z-score: 0.2492
P: 0.8032


Summary of Genetic Correlation Results
p1                                    p2      rg      se       z       p  h2_obs  h2_obs_se  h2_int  h2_int_se  gcov_int  gcov_int_se
1_RawData/LDSC/bmi_GWAS.sumstats.gz  1_RawData/LDSC/load_GWAS.sumstats.gz  0.0123  0.0495  0.2492  0.8032  0.0447     0.0215  1.0628     0.0301    0.0058       0.0106

Analysis finished at Fri Nov 30 10:09:20 2018
Total time elapsed: 12.08s
