*********************************************************************
* LD Score Regression (LDSC)
* Version 1.0.0
* (C) 2014-2015 Brendan Bulik-Sullivan and Hilary Finucane
* Broad Institute of MIT and Harvard / MIT Department of Mathematics
* GNU General Public License v3
*********************************************************************
Call: 
./ldsc.py \
--ref-ld-chr /Users/sheaandrews/Programs/ldsc/eur_w_ld_chr/ \
--out 2_DerivedData/LDSC/bmi_ptau \
--rg 1_RawData/LDSC/bmi_GWAS.sumstats.gz,1_RawData/LDSC/ptau_GWAS.sumstats.gz \
--w-ld-chr /Users/sheaandrews/Programs/ldsc/eur_w_ld_chr/ 

Beginning analysis at Fri Nov 30 09:15:53 2018
Reading summary statistics from 1_RawData/LDSC/bmi_GWAS.sumstats.gz ...
Read summary statistics for 1019821 SNPs.
Reading reference panel LD Score from /Users/sheaandrews/Programs/ldsc/eur_w_ld_chr/[1-22] ...
Read reference panel LD Scores for 1290028 SNPs.
Removing partitioned LD Scores with zero variance.
Reading regression weight LD Score from /Users/sheaandrews/Programs/ldsc/eur_w_ld_chr/[1-22] ...
Read regression weight LD Scores for 1290028 SNPs.
After merging with reference panel LD, 1014967 SNPs remain.
After merging with regression SNP LD, 1014967 SNPs remain.
Computing rg for phenotype 2/2
Reading summary statistics from 1_RawData/LDSC/ptau_GWAS.sumstats.gz ...
Read summary statistics for 1217311 SNPs.
After merging with summary statistics, 1014967 SNPs remain.
920858 SNPs with valid alleles.

Heritability of phenotype 1
---------------------------
Total Observed scale h2: 0.2134 (0.0071)
Lambda GC: 2.7872
Mean Chi^2: 4.0653
Intercept: 1.0022 (0.0301)
Ratio: 0.0007 (0.0098)

Heritability of phenotype 2/2
-----------------------------
Total Observed scale h2: 0.193 (0.1793)
Lambda GC: 1.0225
Mean Chi^2: 1.0165
Intercept: 1.0053 (0.008)
Ratio: 0.3227 (0.4843)

Genetic Covariance
------------------
Total Observed scale gencov: -0.0038 (0.0182)
Mean z1*z2: -0.0111
Intercept: -0.0049 (0.0092)

Genetic Correlation
-------------------
Genetic Correlation: -0.0188 (0.0896)
Z-score: -0.2096
P: 0.834


Summary of Genetic Correlation Results
p1                                    p2      rg      se       z      p  h2_obs  h2_obs_se  h2_int  h2_int_se  gcov_int  gcov_int_se
1_RawData/LDSC/bmi_GWAS.sumstats.gz  1_RawData/LDSC/ptau_GWAS.sumstats.gz -0.0188  0.0896 -0.2096  0.834   0.193     0.1793  1.0053      0.008   -0.0049       0.0092

Analysis finished at Fri Nov 30 09:16:08 2018
Total time elapsed: 14.69s
