*********************************************************************
* LD Score Regression (LDSC)
* Version 1.0.0
* (C) 2014-2015 Brendan Bulik-Sullivan and Hilary Finucane
* Broad Institute of MIT and Harvard / MIT Department of Mathematics
* GNU General Public License v3
*********************************************************************
Call: 
./ldsc.py \
--ref-ld-chr /Users/sheaandrews/Programs/ldsc/eur_w_ld_chr/ \
--out 2_DerivedData/LDSC/bmi_as \
--rg 1_RawData/LDSC/bmi_GWAS.sumstats.gz,1_RawData/LDSC/as_GWAS.sumstats.gz \
--w-ld-chr /Users/sheaandrews/Programs/ldsc/eur_w_ld_chr/ 

Beginning analysis at Fri Nov 30 10:10:39 2018
Reading summary statistics from 1_RawData/LDSC/bmi_GWAS.sumstats.gz ...
Read summary statistics for 1019821 SNPs.
Reading reference panel LD Score from /Users/sheaandrews/Programs/ldsc/eur_w_ld_chr/[1-22] ...
Read reference panel LD Scores for 1290028 SNPs.
Removing partitioned LD Scores with zero variance.
Reading regression weight LD Score from /Users/sheaandrews/Programs/ldsc/eur_w_ld_chr/[1-22] ...
Read regression weight LD Scores for 1290028 SNPs.
After merging with reference panel LD, 1014967 SNPs remain.
After merging with regression SNP LD, 1014967 SNPs remain.
Computing rg for phenotype 2/2
Reading summary statistics from 1_RawData/LDSC/as_GWAS.sumstats.gz ...
Read summary statistics for 1217311 SNPs.
After merging with summary statistics, 1014967 SNPs remain.
1014840 SNPs with valid alleles.

Heritability of phenotype 1
---------------------------
Total Observed scale h2: 0.2114 (0.0066)
Lambda GC: 2.7872
Mean Chi^2: 3.9406
Intercept: 1.0234 (0.0274)
Ratio: 0.008 (0.0093)

Heritability of phenotype 2/2
-----------------------------
Total Observed scale h2: 0.0124 (0.0015)
Lambda GC: 1.127
Mean Chi^2: 1.1503
Intercept: 1.0386 (0.0077)
Ratio: 0.2567 (0.0513)

Genetic Covariance
------------------
Total Observed scale gencov: 0.0107 (0.0015)
Mean z1*z2: 0.1159
Intercept: -0.0029 (0.0083)

Genetic Correlation
-------------------
Genetic Correlation: 0.21 (0.0312)
Z-score: 6.737
P: 1.6174e-11


Summary of Genetic Correlation Results
p1                                  p2    rg      se      z           p  h2_obs  h2_obs_se  h2_int  h2_int_se  gcov_int  gcov_int_se
1_RawData/LDSC/bmi_GWAS.sumstats.gz  1_RawData/LDSC/as_GWAS.sumstats.gz  0.21  0.0312  6.737  1.6174e-11  0.0124     0.0015  1.0386     0.0077   -0.0029       0.0083

Analysis finished at Fri Nov 30 10:10:51 2018
Total time elapsed: 12.57s
