*********************************************************************
* LD Score Regression (LDSC)
* Version 1.0.0
* (C) 2014-2015 Brendan Bulik-Sullivan and Hilary Finucane
* Broad Institute of MIT and Harvard / MIT Department of Mathematics
* GNU General Public License v3
*********************************************************************
Call: 
./ldsc.py \
--ref-ld-chr /Users/sheaandrews/Programs/ldsc/eur_w_ld_chr/ \
--out 2_DerivedData/LDSC/bmi_sbp \
--rg 1_RawData/LDSC/bmi_GWAS.sumstats.gz,1_RawData/LDSC/sbp_GWAS.sumstats.gz \
--w-ld-chr /Users/sheaandrews/Programs/ldsc/eur_w_ld_chr/ 

Beginning analysis at Fri Nov 30 09:01:53 2018
Reading summary statistics from 1_RawData/LDSC/bmi_GWAS.sumstats.gz ...
Read summary statistics for 1019821 SNPs.
Reading reference panel LD Score from /Users/sheaandrews/Programs/ldsc/eur_w_ld_chr/[1-22] ...
Read reference panel LD Scores for 1290028 SNPs.
Removing partitioned LD Scores with zero variance.
Reading regression weight LD Score from /Users/sheaandrews/Programs/ldsc/eur_w_ld_chr/[1-22] ...
Read regression weight LD Scores for 1290028 SNPs.
After merging with reference panel LD, 1014967 SNPs remain.
After merging with regression SNP LD, 1014967 SNPs remain.
Computing rg for phenotype 2/2
Reading summary statistics from 1_RawData/LDSC/sbp_GWAS.sumstats.gz ...
Read summary statistics for 1217311 SNPs.
After merging with summary statistics, 1014967 SNPs remain.
1011748 SNPs with valid alleles.

Heritability of phenotype 1
---------------------------
Total Observed scale h2: 0.2116 (0.0064)
Lambda GC: 2.7872
Mean Chi^2: 3.9461
Intercept: 1.0218 (0.0277)
Ratio: 0.0074 (0.0094)

Heritability of phenotype 2/2
-----------------------------
Total Observed scale h2: 0.1389 (0.0059)
Lambda GC: 2.0897
Mean Chi^2: 3.143
Intercept: 1.063 (0.0318)
Ratio: 0.0294 (0.0148)

Genetic Covariance
------------------
Total Observed scale gencov: -0.0105 (0.0029)
Mean z1*z2: -0.0935
Intercept: 0.0171 (0.0127)

Genetic Correlation
-------------------
Genetic Correlation: -0.0614 (0.0164)
Z-score: -3.7451
P: 0.0002


Summary of Genetic Correlation Results
p1                                   p2      rg      se       z       p  h2_obs  h2_obs_se  h2_int  h2_int_se  gcov_int  gcov_int_se
1_RawData/LDSC/bmi_GWAS.sumstats.gz  1_RawData/LDSC/sbp_GWAS.sumstats.gz -0.0614  0.0164 -3.7451  0.0002  0.1389     0.0059   1.063     0.0318    0.0171       0.0127

Analysis finished at Fri Nov 30 09:02:06 2018
Total time elapsed: 13.24s
