*********************************************************************
* LD Score Regression (LDSC)
* Version 1.0.0
* (C) 2014-2015 Brendan Bulik-Sullivan and Hilary Finucane
* Broad Institute of MIT and Harvard / MIT Department of Mathematics
* GNU General Public License v3
*********************************************************************
Call: 
./ldsc.py \
--ref-ld-chr /Users/sheaandrews/Programs/ldsc/eur_w_ld_chr/ \
--out 2_DerivedData/LDSC/bmi_alcd \
--rg 1_RawData/LDSC/bmi_GWAS.sumstats.gz,1_RawData/LDSC/alcd_GWAS.sumstats.gz \
--w-ld-chr /Users/sheaandrews/Programs/ldsc/eur_w_ld_chr/ 

Beginning analysis at Fri Nov 30 09:10:45 2018
Reading summary statistics from 1_RawData/LDSC/bmi_GWAS.sumstats.gz ...
Read summary statistics for 1019821 SNPs.
Reading reference panel LD Score from /Users/sheaandrews/Programs/ldsc/eur_w_ld_chr/[1-22] ...
Read reference panel LD Scores for 1290028 SNPs.
Removing partitioned LD Scores with zero variance.
Reading regression weight LD Score from /Users/sheaandrews/Programs/ldsc/eur_w_ld_chr/[1-22] ...
Read regression weight LD Scores for 1290028 SNPs.
After merging with reference panel LD, 1014967 SNPs remain.
After merging with regression SNP LD, 1014967 SNPs remain.
Computing rg for phenotype 2/2
Reading summary statistics from 1_RawData/LDSC/alcd_GWAS.sumstats.gz ...
Read summary statistics for 1217311 SNPs.
After merging with summary statistics, 1014967 SNPs remain.
982495 SNPs with valid alleles.

Heritability of phenotype 1
---------------------------
Total Observed scale h2: 0.2121 (0.0066)
Lambda GC: 2.7872
Mean Chi^2: 3.9906
Intercept: 1.0146 (0.0287)
Ratio: 0.0049 (0.0096)

Heritability of phenotype 2/2
-----------------------------
Total Observed scale h2: 0.1878 (0.0558)
Lambda GC: 1.0557
Mean Chi^2: 1.0552
Intercept: 1.0236 (0.0062)
Ratio: 0.4268 (0.1125)

Genetic Covariance
------------------
Total Observed scale gencov: 0.0225 (0.0101)
Mean z1*z2: 0.0421
Intercept: 0.0044 (0.0074)

Genetic Correlation
-------------------
Genetic Correlation: 0.1127 (0.053)
Z-score: 2.1287
P: 0.0333


Summary of Genetic Correlation Results
p1                                    p2      rg     se       z       p  h2_obs  h2_obs_se  h2_int  h2_int_se  gcov_int  gcov_int_se
1_RawData/LDSC/bmi_GWAS.sumstats.gz  1_RawData/LDSC/alcd_GWAS.sumstats.gz  0.1127  0.053  2.1287  0.0333  0.1878     0.0558  1.0236     0.0062    0.0044       0.0074

Analysis finished at Fri Nov 30 09:10:57 2018
Total time elapsed: 12.25s
