*********************************************************************
* LD Score Regression (LDSC)
* Version 1.0.0
* (C) 2014-2015 Brendan Bulik-Sullivan and Hilary Finucane
* Broad Institute of MIT and Harvard / MIT Department of Mathematics
* GNU General Public License v3
*********************************************************************
Call: 
./ldsc.py \
--ref-ld-chr /Users/sheaandrews/Programs/ldsc/eur_w_ld_chr/ \
--out 2_DerivedData/LDSC/bmi_ais \
--rg 1_RawData/LDSC/bmi_GWAS.sumstats.gz,1_RawData/LDSC/ais_GWAS.sumstats.gz \
--w-ld-chr /Users/sheaandrews/Programs/ldsc/eur_w_ld_chr/ 

Beginning analysis at Fri Nov 30 10:10:00 2018
Reading summary statistics from 1_RawData/LDSC/bmi_GWAS.sumstats.gz ...
Read summary statistics for 1019821 SNPs.
Reading reference panel LD Score from /Users/sheaandrews/Programs/ldsc/eur_w_ld_chr/[1-22] ...
Read reference panel LD Scores for 1290028 SNPs.
Removing partitioned LD Scores with zero variance.
Reading regression weight LD Score from /Users/sheaandrews/Programs/ldsc/eur_w_ld_chr/[1-22] ...
Read regression weight LD Scores for 1290028 SNPs.
After merging with reference panel LD, 1014967 SNPs remain.
After merging with regression SNP LD, 1014967 SNPs remain.
Computing rg for phenotype 2/2
Reading summary statistics from 1_RawData/LDSC/ais_GWAS.sumstats.gz ...
Read summary statistics for 1217311 SNPs.
After merging with summary statistics, 1014967 SNPs remain.
1014865 SNPs with valid alleles.

Heritability of phenotype 1
---------------------------
Total Observed scale h2: 0.2114 (0.0066)
Lambda GC: 2.7872
Mean Chi^2: 3.9405
Intercept: 1.0229 (0.0274)
Ratio: 0.0078 (0.0093)

Heritability of phenotype 2/2
-----------------------------
Total Observed scale h2: 0.013 (0.0015)
Lambda GC: 1.1238
Mean Chi^2: 1.1425
Intercept: 1.0253 (0.0078)
Ratio: 0.1772 (0.0544)

Genetic Covariance
------------------
Total Observed scale gencov: 0.0098 (0.0015)
Mean z1*z2: 0.1105
Intercept: 0.0021 (0.0076)

Genetic Correlation
-------------------
Genetic Correlation: 0.1864 (0.0311)
Z-score: 5.9907
P: 2.0897e-09


Summary of Genetic Correlation Results
p1                                   p2      rg      se       z           p  h2_obs  h2_obs_se  h2_int  h2_int_se  gcov_int  gcov_int_se
1_RawData/LDSC/bmi_GWAS.sumstats.gz  1_RawData/LDSC/ais_GWAS.sumstats.gz  0.1864  0.0311  5.9907  2.0897e-09   0.013     0.0015  1.0253     0.0078    0.0021       0.0076

Analysis finished at Fri Nov 30 10:10:12 2018
Total time elapsed: 12.15s
