*********************************************************************
* LD Score Regression (LDSC)
* Version 1.0.0
* (C) 2014-2015 Brendan Bulik-Sullivan and Hilary Finucane
* Broad Institute of MIT and Harvard / MIT Department of Mathematics
* GNU General Public License v3
*********************************************************************
Call: 
./ldsc.py \
--ref-ld-chr /Users/sheaandrews/Programs/ldsc/eur_w_ld_chr/ \
--out 2_DerivedData/LDSC/bmi_fish \
--rg 1_RawData/LDSC/bmi_GWAS.sumstats.gz,1_RawData/LDSC/fish_GWAS.sumstats.gz \
--w-ld-chr /Users/sheaandrews/Programs/ldsc/eur_w_ld_chr/ 

Beginning analysis at Fri Nov 30 09:57:56 2018
Reading summary statistics from 1_RawData/LDSC/bmi_GWAS.sumstats.gz ...
Read summary statistics for 1019821 SNPs.
Reading reference panel LD Score from /Users/sheaandrews/Programs/ldsc/eur_w_ld_chr/[1-22] ...
Read reference panel LD Scores for 1290028 SNPs.
Removing partitioned LD Scores with zero variance.
Reading regression weight LD Score from /Users/sheaandrews/Programs/ldsc/eur_w_ld_chr/[1-22] ...
Read regression weight LD Scores for 1290028 SNPs.
After merging with reference panel LD, 1014967 SNPs remain.
After merging with regression SNP LD, 1014967 SNPs remain.
Computing rg for phenotype 2/2
Reading summary statistics from 1_RawData/LDSC/fish_GWAS.sumstats.gz ...
Read summary statistics for 1217311 SNPs.
After merging with summary statistics, 1014967 SNPs remain.
1013578 SNPs with valid alleles.

Heritability of phenotype 1
---------------------------
Total Observed scale h2: 0.2113 (0.0067)
Lambda GC: 2.7872
Mean Chi^2: 3.943
Intercept: 1.025 (0.0276)
Ratio: 0.0085 (0.0094)

Heritability of phenotype 2/2
-----------------------------
Total Observed scale h2: 0.0632 (0.0033)
Lambda GC: 1.4352
Mean Chi^2: 1.5947
Intercept: 1.0074 (0.0132)
Ratio: 0.0124 (0.0222)

Genetic Covariance
------------------
Total Observed scale gencov: -0.0018 (0.0027)
Mean z1*z2: -0.0153
Intercept: -0.0372 (0.0118)

Genetic Correlation
-------------------
Genetic Correlation: -0.0156 (0.0238)
Z-score: -0.6548
P: 0.5126


Summary of Genetic Correlation Results
p1                                    p2      rg      se       z       p  h2_obs  h2_obs_se  h2_int  h2_int_se  gcov_int  gcov_int_se
1_RawData/LDSC/bmi_GWAS.sumstats.gz  1_RawData/LDSC/fish_GWAS.sumstats.gz -0.0156  0.0238 -0.6548  0.5126  0.0632     0.0033  1.0074     0.0132   -0.0372       0.0118

Analysis finished at Fri Nov 30 09:58:09 2018
Total time elapsed: 12.54s
