*********************************************************************
* LD Score Regression (LDSC)
* Version 1.0.0
* (C) 2014-2015 Brendan Bulik-Sullivan and Hilary Finucane
* Broad Institute of MIT and Harvard / MIT Department of Mathematics
* GNU General Public License v3
*********************************************************************
Call: 
./ldsc.py \
--ref-ld-chr /Users/sheaandrews/Programs/ldsc/eur_w_ld_chr/ \
--out 2_DerivedData/LDSC/bmi_diab \
--rg 1_RawData/LDSC/bmi_GWAS.sumstats.gz,1_RawData/LDSC/diab_GWAS.sumstats.gz \
--w-ld-chr /Users/sheaandrews/Programs/ldsc/eur_w_ld_chr/ 

Beginning analysis at Fri Nov 30 08:45:48 2018
Reading summary statistics from 1_RawData/LDSC/bmi_GWAS.sumstats.gz ...
Read summary statistics for 1019821 SNPs.
Reading reference panel LD Score from /Users/sheaandrews/Programs/ldsc/eur_w_ld_chr/[1-22] ...
Read reference panel LD Scores for 1290028 SNPs.
Removing partitioned LD Scores with zero variance.
Reading regression weight LD Score from /Users/sheaandrews/Programs/ldsc/eur_w_ld_chr/[1-22] ...
Read regression weight LD Scores for 1290028 SNPs.
After merging with reference panel LD, 1014967 SNPs remain.
After merging with regression SNP LD, 1014967 SNPs remain.
Computing rg for phenotype 2/2
Reading summary statistics from 1_RawData/LDSC/diab_GWAS.sumstats.gz ...
Read summary statistics for 1217311 SNPs.
After merging with summary statistics, 1014967 SNPs remain.
920962 SNPs with valid alleles.

Heritability of phenotype 1
---------------------------
Total Observed scale h2: 0.2163 (0.0074)
Lambda GC: 2.9072
Mean Chi^2: 4.0983
Intercept: 0.9372 (0.0339)
Ratio < 0 (usually indicates GC correction).

Heritability of phenotype 2/2
-----------------------------
Total Observed scale h2: 0.0526 (0.0033)
Lambda GC: 1.4459
Mean Chi^2: 1.6731
Intercept: 1.0461 (0.0181)
Ratio: 0.0686 (0.0269)

Genetic Covariance
------------------
Total Observed scale gencov: 0.0546 (0.003)
Mean z1*z2: 0.8568
Intercept: 0.122 (0.0161)

Genetic Correlation
-------------------
Genetic Correlation: 0.512 (0.0313)
Z-score: 16.3547
P: 4.0272e-60


Summary of Genetic Correlation Results
p1                                    p2     rg      se        z           p  h2_obs  h2_obs_se  h2_int  h2_int_se  gcov_int  gcov_int_se
1_RawData/LDSC/bmi_GWAS.sumstats.gz  1_RawData/LDSC/diab_GWAS.sumstats.gz  0.512  0.0313  16.3547  4.0272e-60  0.0526     0.0033  1.0461     0.0181     0.122       0.0161

Analysis finished at Fri Nov 30 08:46:01 2018
Total time elapsed: 13.15s
