*********************************************************************
* LD Score Regression (LDSC)
* Version 1.0.0
* (C) 2014-2015 Brendan Bulik-Sullivan and Hilary Finucane
* Broad Institute of MIT and Harvard / MIT Department of Mathematics
* GNU General Public License v3
*********************************************************************
Call: 
./ldsc.py \
--ref-ld-chr /Users/sheaandrews/Programs/ldsc/eur_w_ld_chr/ \
--out 2_DerivedData/LDSC/bmi_alcc \
--rg 1_RawData/LDSC/bmi_GWAS.sumstats.gz,1_RawData/LDSC/alcc_GWAS.sumstats.gz \
--w-ld-chr /Users/sheaandrews/Programs/ldsc/eur_w_ld_chr/ 

Beginning analysis at Fri Nov 30 08:46:16 2018
Reading summary statistics from 1_RawData/LDSC/bmi_GWAS.sumstats.gz ...
Read summary statistics for 1019821 SNPs.
Reading reference panel LD Score from /Users/sheaandrews/Programs/ldsc/eur_w_ld_chr/[1-22] ...
Read reference panel LD Scores for 1290028 SNPs.
Removing partitioned LD Scores with zero variance.
Reading regression weight LD Score from /Users/sheaandrews/Programs/ldsc/eur_w_ld_chr/[1-22] ...
Read regression weight LD Scores for 1290028 SNPs.
After merging with reference panel LD, 1014967 SNPs remain.
After merging with regression SNP LD, 1014967 SNPs remain.
Computing rg for phenotype 2/2
Reading summary statistics from 1_RawData/LDSC/alcc_GWAS.sumstats.gz ...
Read summary statistics for 1217311 SNPs.
After merging with summary statistics, 1014967 SNPs remain.
942341 SNPs with valid alleles.

Heritability of phenotype 1
---------------------------
Total Observed scale h2: 0.2131 (0.0069)
Lambda GC: 2.7872
Mean Chi^2: 3.9979
Intercept: 1.0415 (0.0282)
Ratio: 0.0138 (0.0094)

Heritability of phenotype 2/2
-----------------------------
Total Observed scale h2: 0.0805 (0.0061)
Lambda GC: 1.1587
Mean Chi^2: 1.1883
Intercept: 1.009 (0.0082)
Ratio: 0.048 (0.0437)

Genetic Covariance
------------------
Total Observed scale gencov: -0.0151 (0.0037)
Mean z1*z2: -0.0959
Intercept: -0.014 (0.0092)

Genetic Correlation
-------------------
Genetic Correlation: -0.1156 (0.0281)
Z-score: -4.1121
P: 3.9206e-05


Summary of Genetic Correlation Results
p1                                    p2      rg      se       z           p  h2_obs  h2_obs_se  h2_int  h2_int_se  gcov_int  gcov_int_se
1_RawData/LDSC/bmi_GWAS.sumstats.gz  1_RawData/LDSC/alcc_GWAS.sumstats.gz -0.1156  0.0281 -4.1121  3.9206e-05  0.0805     0.0061   1.009     0.0082    -0.014       0.0092

Analysis finished at Fri Nov 30 08:46:28 2018
Total time elapsed: 12.27s
