*********************************************************************
* LD Score Regression (LDSC)
* Version 1.0.0
* (C) 2014-2015 Brendan Bulik-Sullivan and Hilary Finucane
* Broad Institute of MIT and Harvard / MIT Department of Mathematics
* GNU General Public License v3
*********************************************************************
Call: 
./ldsc.py \
--ref-ld-chr /Users/sheaandrews/Programs/ldsc/eur_w_ld_chr/ \
--out 2_DerivedData/LDSC/bmi_evrsmk \
--rg 1_RawData/LDSC/bmi_GWAS.sumstats.gz,1_RawData/LDSC/evrsmk_GWAS.sumstats.gz \
--w-ld-chr /Users/sheaandrews/Programs/ldsc/eur_w_ld_chr/ 

Beginning analysis at Fri Nov 30 09:56:24 2018
Reading summary statistics from 1_RawData/LDSC/bmi_GWAS.sumstats.gz ...
Read summary statistics for 1019821 SNPs.
Reading reference panel LD Score from /Users/sheaandrews/Programs/ldsc/eur_w_ld_chr/[1-22] ...
Read reference panel LD Scores for 1290028 SNPs.
Removing partitioned LD Scores with zero variance.
Reading regression weight LD Score from /Users/sheaandrews/Programs/ldsc/eur_w_ld_chr/[1-22] ...
Read regression weight LD Scores for 1290028 SNPs.
After merging with reference panel LD, 1014967 SNPs remain.
After merging with regression SNP LD, 1014967 SNPs remain.
Computing rg for phenotype 2/2
Reading summary statistics from 1_RawData/LDSC/evrsmk_GWAS.sumstats.gz ...
Read summary statistics for 1217311 SNPs.
After merging with summary statistics, 1014967 SNPs remain.
1013660 SNPs with valid alleles.

Heritability of phenotype 1
---------------------------
Total Observed scale h2: 0.2114 (0.0067)
Lambda GC: 2.7872
Mean Chi^2: 3.9435
Intercept: 1.0241 (0.0275)
Ratio: 0.0082 (0.0094)

Heritability of phenotype 2/2
-----------------------------
Total Observed scale h2: 0.0766 (0.0033)
Lambda GC: 1.4281
Mean Chi^2: 1.5577
Intercept: 1.0081 (0.0104)
Ratio: 0.0145 (0.0186)

Genetic Covariance
------------------
Total Observed scale gencov: 0.0138 (0.0026)
Mean z1*z2: 0.1457
Intercept: 0.0121 (0.0098)

Genetic Correlation
-------------------
Genetic Correlation: 0.1086 (0.0196)
Z-score: 5.5428
P: 2.9771e-08


Summary of Genetic Correlation Results
p1                                      p2      rg      se       z           p  h2_obs  h2_obs_se  h2_int  h2_int_se  gcov_int  gcov_int_se
1_RawData/LDSC/bmi_GWAS.sumstats.gz  1_RawData/LDSC/evrsmk_GWAS.sumstats.gz  0.1086  0.0196  5.5428  2.9771e-08  0.0766     0.0033  1.0081     0.0104    0.0121       0.0098

Analysis finished at Fri Nov 30 09:56:37 2018
Total time elapsed: 12.18s
