*********************************************************************
* LD Score Regression (LDSC)
* Version 1.0.0
* (C) 2014-2015 Brendan Bulik-Sullivan and Hilary Finucane
* Broad Institute of MIT and Harvard / MIT Department of Mathematics
* GNU General Public License v3
*********************************************************************
Call: 
./ldsc.py \
--ref-ld-chr /Users/sheaandrews/Programs/ldsc/eur_w_ld_chr/ \
--out 2_DerivedData/LDSC/ces_dep \
--rg 1_RawData/LDSC/ces_GWAS.sumstats.gz,1_RawData/LDSC/dep_GWAS.sumstats.gz \
--w-ld-chr /Users/sheaandrews/Programs/ldsc/eur_w_ld_chr/ 

Beginning analysis at Fri Nov 30 13:19:41 2018
Reading summary statistics from 1_RawData/LDSC/ces_GWAS.sumstats.gz ...
Read summary statistics for 1188762 SNPs.
Reading reference panel LD Score from /Users/sheaandrews/Programs/ldsc/eur_w_ld_chr/[1-22] ...
Read reference panel LD Scores for 1290028 SNPs.
Removing partitioned LD Scores with zero variance.
Reading regression weight LD Score from /Users/sheaandrews/Programs/ldsc/eur_w_ld_chr/[1-22] ...
Read regression weight LD Scores for 1290028 SNPs.
After merging with reference panel LD, 1179870 SNPs remain.
After merging with regression SNP LD, 1179870 SNPs remain.
Computing rg for phenotype 2/2
Reading summary statistics from 1_RawData/LDSC/dep_GWAS.sumstats.gz ...
Read summary statistics for 1217311 SNPs.
After merging with summary statistics, 1179870 SNPs remain.
1166237 SNPs with valid alleles.

Heritability of phenotype 1
---------------------------
Total Observed scale h2: 0.0067 (0.0013)
Lambda GC: 1.1082
Mean Chi^2: 1.1205
Intercept: 1.0594 (0.0069)
Ratio: 0.4928 (0.0569)

Heritability of phenotype 2/2
-----------------------------
Total Observed scale h2: 0.0624 (0.003)
Lambda GC: 1.3272
Mean Chi^2: 1.3945
Intercept: 1.0059 (0.0088)
Ratio: 0.015 (0.0224)

Genetic Covariance
------------------
Total Observed scale gencov: 9.6108e-05 (0.0011)
Mean z1*z2: 0.0034
Intercept: 0.003 (0.0055)

Genetic Correlation
-------------------
Genetic Correlation: 0.0047 (0.0558)
Z-score: 0.0839
P: 0.9331


Summary of Genetic Correlation Results
p1                                   p2      rg      se       z       p  h2_obs  h2_obs_se  h2_int  h2_int_se  gcov_int  gcov_int_se
1_RawData/LDSC/ces_GWAS.sumstats.gz  1_RawData/LDSC/dep_GWAS.sumstats.gz  0.0047  0.0558  0.0839  0.9331  0.0624      0.003  1.0059     0.0088     0.003       0.0055

Analysis finished at Fri Nov 30 13:19:56 2018
Total time elapsed: 14.63s
