*********************************************************************
* LD Score Regression (LDSC)
* Version 1.0.0
* (C) 2014-2015 Brendan Bulik-Sullivan and Hilary Finucane
* Broad Institute of MIT and Harvard / MIT Department of Mathematics
* GNU General Public License v3
*********************************************************************
Call: 
./ldsc.py \
--ref-ld-chr /Users/sheaandrews/Programs/ldsc/eur_w_ld_chr/ \
--out 2_DerivedData/LDSC/ces_npany \
--rg 1_RawData/LDSC/ces_GWAS.sumstats.gz,1_RawData/LDSC/npany_GWAS.sumstats.gz \
--w-ld-chr /Users/sheaandrews/Programs/ldsc/eur_w_ld_chr/ 

Beginning analysis at Fri Nov 30 14:03:04 2018
Reading summary statistics from 1_RawData/LDSC/ces_GWAS.sumstats.gz ...
Read summary statistics for 1188762 SNPs.
Reading reference panel LD Score from /Users/sheaandrews/Programs/ldsc/eur_w_ld_chr/[1-22] ...
Read reference panel LD Scores for 1290028 SNPs.
Removing partitioned LD Scores with zero variance.
Reading regression weight LD Score from /Users/sheaandrews/Programs/ldsc/eur_w_ld_chr/[1-22] ...
Read regression weight LD Scores for 1290028 SNPs.
After merging with reference panel LD, 1179870 SNPs remain.
After merging with regression SNP LD, 1179870 SNPs remain.
Computing rg for phenotype 2/2
Reading summary statistics from 1_RawData/LDSC/npany_GWAS.sumstats.gz ...
Read summary statistics for 1217311 SNPs.
After merging with summary statistics, 1179870 SNPs remain.
1174077 SNPs with valid alleles.

Heritability of phenotype 1
---------------------------
Total Observed scale h2: 0.007 (0.0013)
Lambda GC: 1.1082
Mean Chi^2: 1.1197
Intercept: 1.0571 (0.0067)
Ratio: 0.4772 (0.0563)

Heritability of phenotype 2/2
-----------------------------
Total Observed scale h2: -0.0685 (0.0935)
Lambda GC: 0.9692
Mean Chi^2: 0.9678
Intercept: 0.9745 (0.0077)
Ratio: NA (mean chi^2 < 1)

Genetic Covariance
------------------
Total Observed scale gencov: 0.0179 (0.0066)
Mean z1*z2: -0.0148
Intercept: -0.0313 (0.0042)

Genetic Correlation
-------------------
Genetic Correlation: nan (nan) (h2  out of bounds) 
Z-score: nan (nan) (h2  out of bounds)
P: nan (nan) (h2  out of bounds)
WARNING: One of the h2's was out of bounds.
This usually indicates a data-munging error or that h2 or N is low.


Summary of Genetic Correlation Results
p1                                     p2  rg  se   z   p  h2_obs  h2_obs_se  h2_int  h2_int_se  gcov_int  gcov_int_se
1_RawData/LDSC/ces_GWAS.sumstats.gz  1_RawData/LDSC/npany_GWAS.sumstats.gz  NA  NA  NA  NA -0.0685     0.0935  0.9745     0.0077   -0.0313       0.0042

Analysis finished at Fri Nov 30 14:03:18 2018
Total time elapsed: 13.09s
