*********************************************************************
* LD Score Regression (LDSC)
* Version 1.0.0
* (C) 2014-2015 Brendan Bulik-Sullivan and Hilary Finucane
* Broad Institute of MIT and Harvard / MIT Department of Mathematics
* GNU General Public License v3
*********************************************************************
Call: 
./ldsc.py \
--ref-ld-chr /Users/sheaandrews/Programs/ldsc/eur_w_ld_chr/ \
--out 2_DerivedData/LDSC/ces_hipv2015 \
--rg 1_RawData/LDSC/ces_GWAS.sumstats.gz,1_RawData/LDSC/hipv2015_GWAS.sumstats.gz \
--w-ld-chr /Users/sheaandrews/Programs/ldsc/eur_w_ld_chr/ 

Beginning analysis at Fri Nov 30 12:39:24 2018
Reading summary statistics from 1_RawData/LDSC/ces_GWAS.sumstats.gz ...
Read summary statistics for 1188762 SNPs.
Reading reference panel LD Score from /Users/sheaandrews/Programs/ldsc/eur_w_ld_chr/[1-22] ...
Read reference panel LD Scores for 1290028 SNPs.
Removing partitioned LD Scores with zero variance.
Reading regression weight LD Score from /Users/sheaandrews/Programs/ldsc/eur_w_ld_chr/[1-22] ...
Read regression weight LD Scores for 1290028 SNPs.
After merging with reference panel LD, 1179870 SNPs remain.
After merging with regression SNP LD, 1179870 SNPs remain.
Computing rg for phenotype 2/2
Reading summary statistics from 1_RawData/LDSC/hipv2015_GWAS.sumstats.gz ...
Read summary statistics for 1217311 SNPs.
After merging with summary statistics, 1179870 SNPs remain.
1156461 SNPs with valid alleles.

Heritability of phenotype 1
---------------------------
Total Observed scale h2: 0.0062 (0.0013)
Lambda GC: 1.1082
Mean Chi^2: 1.1216
Intercept: 1.0648 (0.0072)
Ratio: 0.5331 (0.0594)

Heritability of phenotype 2/2
-----------------------------
Total Observed scale h2: 0.1407 (0.039)
Lambda GC: 1.0105
Mean Chi^2: 1.0252
Intercept: 0.9875 (0.0066)
Ratio < 0 (usually indicates GC correction).

Genetic Covariance
------------------
Total Observed scale gencov: 0.0028 (0.0056)
Mean z1*z2: 0.0014
Intercept: -0.0029 (0.0054)

Genetic Correlation
-------------------
Genetic Correlation: 0.0955 (0.1948)
Z-score: 0.4904
P: 0.6238


Summary of Genetic Correlation Results
p1                                        p2      rg      se       z       p  h2_obs  h2_obs_se  h2_int  h2_int_se  gcov_int  gcov_int_se
1_RawData/LDSC/ces_GWAS.sumstats.gz  1_RawData/LDSC/hipv2015_GWAS.sumstats.gz  0.0955  0.1948  0.4904  0.6238  0.1407      0.039  0.9875     0.0066   -0.0029       0.0054

Analysis finished at Fri Nov 30 12:39:38 2018
Total time elapsed: 13.24s
