*********************************************************************
* LD Score Regression (LDSC)
* Version 1.0.0
* (C) 2014-2015 Brendan Bulik-Sullivan and Hilary Finucane
* Broad Institute of MIT and Harvard / MIT Department of Mathematics
* GNU General Public License v3
*********************************************************************
Call: 
./ldsc.py \
--ref-ld-chr /Users/sheaandrews/Programs/ldsc/eur_w_ld_chr/ \
--out 2_DerivedData/LDSC/ces_alcc \
--rg 1_RawData/LDSC/ces_GWAS.sumstats.gz,1_RawData/LDSC/alcc_GWAS.sumstats.gz \
--w-ld-chr /Users/sheaandrews/Programs/ldsc/eur_w_ld_chr/ 

Beginning analysis at Fri Nov 30 10:05:50 2018
Reading summary statistics from 1_RawData/LDSC/ces_GWAS.sumstats.gz ...
Read summary statistics for 1188762 SNPs.
Reading reference panel LD Score from /Users/sheaandrews/Programs/ldsc/eur_w_ld_chr/[1-22] ...
Read reference panel LD Scores for 1290028 SNPs.
Removing partitioned LD Scores with zero variance.
Reading regression weight LD Score from /Users/sheaandrews/Programs/ldsc/eur_w_ld_chr/[1-22] ...
Read regression weight LD Scores for 1290028 SNPs.
After merging with reference panel LD, 1179870 SNPs remain.
After merging with regression SNP LD, 1179870 SNPs remain.
Computing rg for phenotype 2/2
Reading summary statistics from 1_RawData/LDSC/alcc_GWAS.sumstats.gz ...
Read summary statistics for 1217311 SNPs.
After merging with summary statistics, 1179870 SNPs remain.
1078927 SNPs with valid alleles.

Heritability of phenotype 1
---------------------------
Total Observed scale h2: 0.0066 (0.0013)
Lambda GC: 1.105
Mean Chi^2: 1.1192
Intercept: 1.0599 (0.0068)
Ratio: 0.5026 (0.0571)

Heritability of phenotype 2/2
-----------------------------
Total Observed scale h2: 0.0794 (0.0063)
Lambda GC: 1.1587
Mean Chi^2: 1.1879
Intercept: 1.0128 (0.0081)
Ratio: 0.0679 (0.0431)

Genetic Covariance
------------------
Total Observed scale gencov: -0.0015 (0.0018)
Mean z1*z2: -0.0037
Intercept: 0.0043 (0.0048)

Genetic Correlation
-------------------
Genetic Correlation: -0.0668 (0.0767)
Z-score: -0.8711
P: 0.3837


Summary of Genetic Correlation Results
p1                                    p2      rg      se       z       p  h2_obs  h2_obs_se  h2_int  h2_int_se  gcov_int  gcov_int_se
1_RawData/LDSC/ces_GWAS.sumstats.gz  1_RawData/LDSC/alcc_GWAS.sumstats.gz -0.0668  0.0767 -0.8711  0.3837  0.0794     0.0063  1.0128     0.0081    0.0043       0.0048

Analysis finished at Fri Nov 30 10:06:02 2018
Total time elapsed: 12.36s
