*********************************************************************
* LD Score Regression (LDSC)
* Version 1.0.0
* (C) 2014-2015 Brendan Bulik-Sullivan and Hilary Finucane
* Broad Institute of MIT and Harvard / MIT Department of Mathematics
* GNU General Public License v3
*********************************************************************
Call: 
./ldsc.py \
--ref-ld-chr /Users/sheaandrews/Programs/ldsc/eur_w_ld_chr/ \
--out 2_DerivedData/LDSC/ces_educall \
--rg 1_RawData/LDSC/ces_GWAS.sumstats.gz,1_RawData/LDSC/educall_GWAS.sumstats.gz \
--w-ld-chr /Users/sheaandrews/Programs/ldsc/eur_w_ld_chr/ 

Beginning analysis at Fri Nov 30 17:36:44 2018
Reading summary statistics from 1_RawData/LDSC/ces_GWAS.sumstats.gz ...
Read summary statistics for 1188762 SNPs.
Reading reference panel LD Score from /Users/sheaandrews/Programs/ldsc/eur_w_ld_chr/[1-22] ...
Read reference panel LD Scores for 1290028 SNPs.
Removing partitioned LD Scores with zero variance.
Reading regression weight LD Score from /Users/sheaandrews/Programs/ldsc/eur_w_ld_chr/[1-22] ...
Read regression weight LD Scores for 1290028 SNPs.
After merging with reference panel LD, 1179870 SNPs remain.
After merging with regression SNP LD, 1179870 SNPs remain.
Computing rg for phenotype 2/2
Reading summary statistics from 1_RawData/LDSC/educall_GWAS.sumstats.gz ...
Read summary statistics for 1217311 SNPs.
After merging with summary statistics, 1179870 SNPs remain.
1165689 SNPs with valid alleles.

Heritability of phenotype 1
---------------------------
Total Observed scale h2: 0.0069 (0.0013)
Lambda GC: 1.105
Mean Chi^2: 1.119
Intercept: 1.0568 (0.0067)
Ratio: 0.4768 (0.0559)

Heritability of phenotype 2/2
-----------------------------
Total Observed scale h2: 0.1123 (0.003)
Lambda GC: 2.094
Mean Chi^2: 2.6549
Intercept: 0.9805 (0.0161)
Ratio < 0 (usually indicates GC correction).

Genetic Covariance
------------------
Total Observed scale gencov: -0.0023 (0.0011)
Mean z1*z2: -0.0228
Intercept: -0.0007 (0.0059)

Genetic Correlation
-------------------
Genetic Correlation: -0.0838 (0.0424)
Z-score: -1.9762
P: 0.0481


Summary of Genetic Correlation Results
p1                                       p2      rg      se       z       p  h2_obs  h2_obs_se  h2_int  h2_int_se  gcov_int  gcov_int_se
1_RawData/LDSC/ces_GWAS.sumstats.gz  1_RawData/LDSC/educall_GWAS.sumstats.gz -0.0838  0.0424 -1.9762  0.0481  0.1123      0.003  0.9805     0.0161   -0.0007       0.0059

Analysis finished at Fri Nov 30 17:36:57 2018
Total time elapsed: 13.63s
