*********************************************************************
* LD Score Regression (LDSC)
* Version 1.0.0
* (C) 2014-2015 Brendan Bulik-Sullivan and Hilary Finucane
* Broad Institute of MIT and Harvard / MIT Department of Mathematics
* GNU General Public License v3
*********************************************************************
Call: 
./ldsc.py \
--ref-ld-chr /Users/sheaandrews/Programs/ldsc/eur_w_ld_chr/ \
--out 2_DerivedData/LDSC/ces_vbiany \
--rg 1_RawData/LDSC/ces_GWAS.sumstats.gz,1_RawData/LDSC/vbiany_GWAS.sumstats.gz \
--w-ld-chr /Users/sheaandrews/Programs/ldsc/eur_w_ld_chr/ 

Beginning analysis at Fri Nov 30 14:05:55 2018
Reading summary statistics from 1_RawData/LDSC/ces_GWAS.sumstats.gz ...
Read summary statistics for 1188762 SNPs.
Reading reference panel LD Score from /Users/sheaandrews/Programs/ldsc/eur_w_ld_chr/[1-22] ...
Read reference panel LD Scores for 1290028 SNPs.
Removing partitioned LD Scores with zero variance.
Reading regression weight LD Score from /Users/sheaandrews/Programs/ldsc/eur_w_ld_chr/[1-22] ...
Read regression weight LD Scores for 1290028 SNPs.
After merging with reference panel LD, 1179870 SNPs remain.
After merging with regression SNP LD, 1179870 SNPs remain.
Computing rg for phenotype 2/2
Reading summary statistics from 1_RawData/LDSC/vbiany_GWAS.sumstats.gz ...
Read summary statistics for 1217311 SNPs.
After merging with summary statistics, 1179870 SNPs remain.
1171800 SNPs with valid alleles.

Heritability of phenotype 1
---------------------------
Total Observed scale h2: 0.007 (0.0013)
Lambda GC: 1.1082
Mean Chi^2: 1.1197
Intercept: 1.0564 (0.0068)
Ratio: 0.4713 (0.0569)

Heritability of phenotype 2/2
-----------------------------
Total Observed scale h2: 0.1844 (0.0883)
Lambda GC: 0.9957
Mean Chi^2: 0.9972
Intercept: 0.9795 (0.0068)
Ratio: NA (mean chi^2 < 1)

Genetic Covariance
------------------
Total Observed scale gencov: -0.0046 (0.007)
Mean z1*z2: 0.0048
Intercept: 0.0096 (0.0049)

Genetic Correlation
-------------------
Genetic Correlation: -0.1274 (0.2002)
Z-score: -0.6366
P: 0.5244


Summary of Genetic Correlation Results
p1                                      p2      rg      se       z       p  h2_obs  h2_obs_se  h2_int  h2_int_se  gcov_int  gcov_int_se
1_RawData/LDSC/ces_GWAS.sumstats.gz  1_RawData/LDSC/vbiany_GWAS.sumstats.gz -0.1274  0.2002 -0.6366  0.5244  0.1844     0.0883  0.9795     0.0068    0.0096       0.0049

Analysis finished at Fri Nov 30 14:06:09 2018
Total time elapsed: 13.73s
