*********************************************************************
* LD Score Regression (LDSC)
* Version 1.0.0
* (C) 2014-2015 Brendan Bulik-Sullivan and Hilary Finucane
* Broad Institute of MIT and Harvard / MIT Department of Mathematics
* GNU General Public License v3
*********************************************************************
Call: 
./ldsc.py \
--ref-ld-chr /Users/sheaandrews/Programs/ldsc/eur_w_ld_chr/ \
--out 2_DerivedData/LDSC/cpd_pp \
--rg 1_RawData/LDSC/cpd_GWAS.sumstats.gz,1_RawData/LDSC/pp_GWAS.sumstats.gz \
--w-ld-chr /Users/sheaandrews/Programs/ldsc/eur_w_ld_chr/ 

Beginning analysis at Fri Nov 30 10:51:34 2018
Reading summary statistics from 1_RawData/LDSC/cpd_GWAS.sumstats.gz ...
Read summary statistics for 1176898 SNPs.
Reading reference panel LD Score from /Users/sheaandrews/Programs/ldsc/eur_w_ld_chr/[1-22] ...
Read reference panel LD Scores for 1290028 SNPs.
Removing partitioned LD Scores with zero variance.
Reading regression weight LD Score from /Users/sheaandrews/Programs/ldsc/eur_w_ld_chr/[1-22] ...
Read regression weight LD Scores for 1290028 SNPs.
After merging with reference panel LD, 1170393 SNPs remain.
After merging with regression SNP LD, 1170393 SNPs remain.
Computing rg for phenotype 2/2
Reading summary statistics from 1_RawData/LDSC/pp_GWAS.sumstats.gz ...
Read summary statistics for 1217311 SNPs.
After merging with summary statistics, 1170393 SNPs remain.
1162751 SNPs with valid alleles.

Heritability of phenotype 1
---------------------------
Total Observed scale h2: 0.0958 (0.0131)
Lambda GC: 1.1396
Mean Chi^2: 1.1643
Intercept: 1.0045 (0.0096)
Ratio: 0.0276 (0.0585)

Heritability of phenotype 2/2
-----------------------------
Total Observed scale h2: 0.1217 (0.0048)
Lambda GC: 1.9095
Mean Chi^2: 2.7962
Intercept: 1.0289 (0.0282)
Ratio: 0.0161 (0.0157)

Genetic Covariance
------------------
Total Observed scale gencov: 0.0088 (0.0029)
Mean z1*z2: 0.043
Intercept: -0.0036 (0.0066)

Genetic Correlation
-------------------
Genetic Correlation: 0.0819 (0.0277)
Z-score: 2.9552
P: 0.0031


Summary of Genetic Correlation Results
p1                                  p2      rg      se       z       p  h2_obs  h2_obs_se  h2_int  h2_int_se  gcov_int  gcov_int_se
1_RawData/LDSC/cpd_GWAS.sumstats.gz  1_RawData/LDSC/pp_GWAS.sumstats.gz  0.0819  0.0277  2.9552  0.0031  0.1217     0.0048  1.0289     0.0282   -0.0036       0.0066

Analysis finished at Fri Nov 30 10:51:47 2018
Total time elapsed: 12.44s
