*********************************************************************
* LD Score Regression (LDSC)
* Version 1.0.0
* (C) 2014-2015 Brendan Bulik-Sullivan and Hilary Finucane
* Broad Institute of MIT and Harvard / MIT Department of Mathematics
* GNU General Public License v3
*********************************************************************
Call: 
./ldsc.py \
--ref-ld-chr /Users/sheaandrews/Programs/ldsc/eur_w_ld_chr/ \
--out 2_DerivedData/LDSC/cpd_dep \
--rg 1_RawData/LDSC/cpd_GWAS.sumstats.gz,1_RawData/LDSC/dep_GWAS.sumstats.gz \
--w-ld-chr /Users/sheaandrews/Programs/ldsc/eur_w_ld_chr/ 

Beginning analysis at Fri Nov 30 12:58:29 2018
Reading summary statistics from 1_RawData/LDSC/cpd_GWAS.sumstats.gz ...
Read summary statistics for 1176898 SNPs.
Reading reference panel LD Score from /Users/sheaandrews/Programs/ldsc/eur_w_ld_chr/[1-22] ...
Read reference panel LD Scores for 1290028 SNPs.
Removing partitioned LD Scores with zero variance.
Reading regression weight LD Score from /Users/sheaandrews/Programs/ldsc/eur_w_ld_chr/[1-22] ...
Read regression weight LD Scores for 1290028 SNPs.
After merging with reference panel LD, 1170393 SNPs remain.
After merging with regression SNP LD, 1170393 SNPs remain.
Computing rg for phenotype 2/2
Reading summary statistics from 1_RawData/LDSC/dep_GWAS.sumstats.gz ...
Read summary statistics for 1217311 SNPs.
After merging with summary statistics, 1170393 SNPs remain.
1166006 SNPs with valid alleles.

Heritability of phenotype 1
---------------------------
Total Observed scale h2: 0.0948 (0.0129)
Lambda GC: 1.1396
Mean Chi^2: 1.1642
Intercept: 1.0063 (0.0093)
Ratio: 0.0385 (0.0566)

Heritability of phenotype 2/2
-----------------------------
Total Observed scale h2: 0.0622 (0.003)
Lambda GC: 1.3272
Mean Chi^2: 1.3946
Intercept: 1.0069 (0.0088)
Ratio: 0.0174 (0.0224)

Genetic Covariance
------------------
Total Observed scale gencov: 0.0091 (0.0028)
Mean z1*z2: 0.0455
Intercept: 0.0164 (0.0051)

Genetic Correlation
-------------------
Genetic Correlation: 0.1186 (0.0368)
Z-score: 3.2209
P: 0.0013


Summary of Genetic Correlation Results
p1                                   p2      rg      se       z       p  h2_obs  h2_obs_se  h2_int  h2_int_se  gcov_int  gcov_int_se
1_RawData/LDSC/cpd_GWAS.sumstats.gz  1_RawData/LDSC/dep_GWAS.sumstats.gz  0.1186  0.0368  3.2209  0.0013  0.0622      0.003  1.0069     0.0088    0.0164       0.0051

Analysis finished at Fri Nov 30 12:58:43 2018
Total time elapsed: 13.76s
