*********************************************************************
* LD Score Regression (LDSC)
* Version 1.0.0
* (C) 2014-2015 Brendan Bulik-Sullivan and Hilary Finucane
* Broad Institute of MIT and Harvard / MIT Department of Mathematics
* GNU General Public License v3
*********************************************************************
Call: 
./ldsc.py \
--ref-ld-chr /Users/sheaandrews/Programs/ldsc/eur_w_ld_chr/ \
--out 2_DerivedData/LDSC/cpd_las \
--rg 1_RawData/LDSC/cpd_GWAS.sumstats.gz,1_RawData/LDSC/las_GWAS.sumstats.gz \
--w-ld-chr /Users/sheaandrews/Programs/ldsc/eur_w_ld_chr/ 

Beginning analysis at Fri Nov 30 13:25:28 2018
Reading summary statistics from 1_RawData/LDSC/cpd_GWAS.sumstats.gz ...
Read summary statistics for 1176898 SNPs.
Reading reference panel LD Score from /Users/sheaandrews/Programs/ldsc/eur_w_ld_chr/[1-22] ...
Read reference panel LD Scores for 1290028 SNPs.
Removing partitioned LD Scores with zero variance.
Reading regression weight LD Score from /Users/sheaandrews/Programs/ldsc/eur_w_ld_chr/[1-22] ...
Read regression weight LD Scores for 1290028 SNPs.
After merging with reference panel LD, 1170393 SNPs remain.
After merging with regression SNP LD, 1170393 SNPs remain.
Computing rg for phenotype 2/2
Reading summary statistics from 1_RawData/LDSC/las_GWAS.sumstats.gz ...
Read summary statistics for 1217311 SNPs.
After merging with summary statistics, 1170393 SNPs remain.
1170097 SNPs with valid alleles.

Heritability of phenotype 1
---------------------------
Total Observed scale h2: 0.0952 (0.0129)
Lambda GC: 1.1396
Mean Chi^2: 1.164
Intercept: 1.0057 (0.0092)
Ratio: 0.035 (0.0561)

Heritability of phenotype 2/2
-----------------------------
Total Observed scale h2: 0.0006 (0.0012)
Lambda GC: 1.105
Mean Chi^2: 1.111
Intercept: 1.1056 (0.0075)
Ratio: 0.9508 (0.0676)

Genetic Covariance
------------------
Total Observed scale gencov: 0.006 (0.0019)
Mean z1*z2: 0.0266
Intercept: 0.0025 (0.0046)

Genetic Correlation
-------------------
Genetic Correlation: 0.7919 (1.1084)
Z-score: 0.7144
P: 0.475


Summary of Genetic Correlation Results
p1                                   p2      rg      se       z      p  h2_obs  h2_obs_se  h2_int  h2_int_se  gcov_int  gcov_int_se
1_RawData/LDSC/cpd_GWAS.sumstats.gz  1_RawData/LDSC/las_GWAS.sumstats.gz  0.7919  1.1084  0.7144  0.475  0.0006     0.0012  1.1056     0.0075    0.0025       0.0046

Analysis finished at Fri Nov 30 13:25:41 2018
Total time elapsed: 12.96s
