*********************************************************************
* LD Score Regression (LDSC)
* Version 1.0.0
* (C) 2014-2015 Brendan Bulik-Sullivan and Hilary Finucane
* Broad Institute of MIT and Harvard / MIT Department of Mathematics
* GNU General Public License v3
*********************************************************************
Call: 
./ldsc.py \
--ref-ld-chr /Users/sheaandrews/Programs/ldsc/eur_w_ld_chr/ \
--out 2_DerivedData/LDSC/cpd_ptau \
--rg 1_RawData/LDSC/cpd_GWAS.sumstats.gz,1_RawData/LDSC/ptau_GWAS.sumstats.gz \
--w-ld-chr /Users/sheaandrews/Programs/ldsc/eur_w_ld_chr/ 

Beginning analysis at Fri Nov 30 11:55:27 2018
Reading summary statistics from 1_RawData/LDSC/cpd_GWAS.sumstats.gz ...
Read summary statistics for 1176898 SNPs.
Reading reference panel LD Score from /Users/sheaandrews/Programs/ldsc/eur_w_ld_chr/[1-22] ...
Read reference panel LD Scores for 1290028 SNPs.
Removing partitioned LD Scores with zero variance.
Reading regression weight LD Score from /Users/sheaandrews/Programs/ldsc/eur_w_ld_chr/[1-22] ...
Read regression weight LD Scores for 1290028 SNPs.
After merging with reference panel LD, 1170393 SNPs remain.
After merging with regression SNP LD, 1170393 SNPs remain.
Computing rg for phenotype 2/2
Reading summary statistics from 1_RawData/LDSC/ptau_GWAS.sumstats.gz ...
Read summary statistics for 1217311 SNPs.
After merging with summary statistics, 1170393 SNPs remain.
1036239 SNPs with valid alleles.

Heritability of phenotype 1
---------------------------
Total Observed scale h2: 0.0976 (0.0135)
Lambda GC: 1.1459
Mean Chi^2: 1.1721
Intercept: 1.0012 (0.01)
Ratio: 0.0067 (0.0584)

Heritability of phenotype 2/2
-----------------------------
Total Observed scale h2: 0.1991 (0.1744)
Lambda GC: 1.0225
Mean Chi^2: 1.0162
Intercept: 1.0048 (0.0078)
Ratio: 0.2938 (0.4773)

Genetic Covariance
------------------
Total Observed scale gencov: 0.0112 (0.0254)
Mean z1*z2: -0.0022
Intercept: -0.007 (0.0055)

Genetic Correlation
-------------------
Genetic Correlation: 0.0802 (0.1922)
Z-score: 0.4172
P: 0.6765


Summary of Genetic Correlation Results
p1                                    p2      rg      se       z       p  h2_obs  h2_obs_se  h2_int  h2_int_se  gcov_int  gcov_int_se
1_RawData/LDSC/cpd_GWAS.sumstats.gz  1_RawData/LDSC/ptau_GWAS.sumstats.gz  0.0802  0.1922  0.4172  0.6765  0.1991     0.1744  1.0048     0.0078    -0.007       0.0055

Analysis finished at Fri Nov 30 11:55:39 2018
Total time elapsed: 12.58s
