*********************************************************************
* LD Score Regression (LDSC)
* Version 1.0.0
* (C) 2014-2015 Brendan Bulik-Sullivan and Hilary Finucane
* Broad Institute of MIT and Harvard / MIT Department of Mathematics
* GNU General Public License v3
*********************************************************************
Call: 
./ldsc.py \
--ref-ld-chr /Users/sheaandrews/Programs/ldsc/eur_w_ld_chr/ \
--out 2_DerivedData/LDSC/cpd_bmi \
--rg 1_RawData/LDSC/cpd_GWAS.sumstats.gz,1_RawData/LDSC/bmi_GWAS.sumstats.gz \
--w-ld-chr /Users/sheaandrews/Programs/ldsc/eur_w_ld_chr/ 

Beginning analysis at Fri Nov 30 10:06:30 2018
Reading summary statistics from 1_RawData/LDSC/cpd_GWAS.sumstats.gz ...
Read summary statistics for 1176898 SNPs.
Reading reference panel LD Score from /Users/sheaandrews/Programs/ldsc/eur_w_ld_chr/[1-22] ...
Read reference panel LD Scores for 1290028 SNPs.
Removing partitioned LD Scores with zero variance.
Reading regression weight LD Score from /Users/sheaandrews/Programs/ldsc/eur_w_ld_chr/[1-22] ...
Read regression weight LD Scores for 1290028 SNPs.
After merging with reference panel LD, 1170393 SNPs remain.
After merging with regression SNP LD, 1170393 SNPs remain.
Computing rg for phenotype 2/2
Reading summary statistics from 1_RawData/LDSC/bmi_GWAS.sumstats.gz ...
Read summary statistics for 1217311 SNPs.
After merging with summary statistics, 1170393 SNPs remain.
1013664 SNPs with valid alleles.

Heritability of phenotype 1
---------------------------
Total Observed scale h2: 0.0962 (0.0139)
Lambda GC: 1.1396
Mean Chi^2: 1.1634
Intercept: 1.0023 (0.0095)
Ratio: 0.0138 (0.0583)

Heritability of phenotype 2/2
-----------------------------
Total Observed scale h2: 0.2114 (0.0067)
Lambda GC: 2.7872
Mean Chi^2: 3.9435
Intercept: 1.0244 (0.0276)
Ratio: 0.0083 (0.0094)

Genetic Covariance
------------------
Total Observed scale gencov: 0.0462 (0.0039)
Mean z1*z2: 0.2741
Intercept: 0.0564 (0.009)

Genetic Correlation
-------------------
Genetic Correlation: 0.3237 (0.0367)
Z-score: 8.8128
P: 1.2211e-18


Summary of Genetic Correlation Results
p1                                   p2      rg      se       z           p  h2_obs  h2_obs_se  h2_int  h2_int_se  gcov_int  gcov_int_se
1_RawData/LDSC/cpd_GWAS.sumstats.gz  1_RawData/LDSC/bmi_GWAS.sumstats.gz  0.3237  0.0367  8.8128  1.2211e-18  0.2114     0.0067  1.0244     0.0276    0.0564        0.009

Analysis finished at Fri Nov 30 10:06:42 2018
Total time elapsed: 12.24s
