*********************************************************************
* LD Score Regression (LDSC)
* Version 1.0.0
* (C) 2014-2015 Brendan Bulik-Sullivan and Hilary Finucane
* Broad Institute of MIT and Harvard / MIT Department of Mathematics
* GNU General Public License v3
*********************************************************************
Call: 
./ldsc.py \
--ref-ld-chr /Users/sheaandrews/Programs/ldsc/eur_w_ld_chr/ \
--out 2_DerivedData/LDSC/cpd_ces \
--rg 1_RawData/LDSC/cpd_GWAS.sumstats.gz,1_RawData/LDSC/ces_GWAS.sumstats.gz \
--w-ld-chr /Users/sheaandrews/Programs/ldsc/eur_w_ld_chr/ 

Beginning analysis at Fri Nov 30 13:27:34 2018
Reading summary statistics from 1_RawData/LDSC/cpd_GWAS.sumstats.gz ...
Read summary statistics for 1176898 SNPs.
Reading reference panel LD Score from /Users/sheaandrews/Programs/ldsc/eur_w_ld_chr/[1-22] ...
Read reference panel LD Scores for 1290028 SNPs.
Removing partitioned LD Scores with zero variance.
Reading regression weight LD Score from /Users/sheaandrews/Programs/ldsc/eur_w_ld_chr/[1-22] ...
Read regression weight LD Scores for 1290028 SNPs.
After merging with reference panel LD, 1170393 SNPs remain.
After merging with regression SNP LD, 1170393 SNPs remain.
Computing rg for phenotype 2/2
Reading summary statistics from 1_RawData/LDSC/ces_GWAS.sumstats.gz ...
Read summary statistics for 1217311 SNPs.
After merging with summary statistics, 1170393 SNPs remain.
1169711 SNPs with valid alleles.

Heritability of phenotype 1
---------------------------
Total Observed scale h2: 0.0952 (0.0129)
Lambda GC: 1.1396
Mean Chi^2: 1.1639
Intercept: 1.0056 (0.0092)
Ratio: 0.034 (0.056)

Heritability of phenotype 2/2
-----------------------------
Total Observed scale h2: 0.0068 (0.0013)
Lambda GC: 1.1082
Mean Chi^2: 1.1203
Intercept: 1.0588 (0.0068)
Ratio: 0.4883 (0.0564)

Genetic Covariance
------------------
Total Observed scale gencov: 0.0018 (0.0018)
Mean z1*z2: 0.0151
Intercept: 0.0072 (0.005)

Genetic Correlation
-------------------
Genetic Correlation: 0.0699 (0.0724)
Z-score: 0.9651
P: 0.3345


Summary of Genetic Correlation Results
p1                                   p2      rg      se       z       p  h2_obs  h2_obs_se  h2_int  h2_int_se  gcov_int  gcov_int_se
1_RawData/LDSC/cpd_GWAS.sumstats.gz  1_RawData/LDSC/ces_GWAS.sumstats.gz  0.0699  0.0724  0.9651  0.3345  0.0068     0.0013  1.0588     0.0068    0.0072        0.005

Analysis finished at Fri Nov 30 13:27:48 2018
Total time elapsed: 13.98s
