*********************************************************************
* LD Score Regression (LDSC)
* Version 1.0.0
* (C) 2014-2015 Brendan Bulik-Sullivan and Hilary Finucane
* Broad Institute of MIT and Harvard / MIT Department of Mathematics
* GNU General Public License v3
*********************************************************************
Call: 
./ldsc.py \
--ref-ld-chr /Users/sheaandrews/Programs/ldsc/eur_w_ld_chr/ \
--out 2_DerivedData/LDSC/cpd_insom \
--rg 1_RawData/LDSC/cpd_GWAS.sumstats.gz,1_RawData/LDSC/insom_GWAS.sumstats.gz \
--w-ld-chr /Users/sheaandrews/Programs/ldsc/eur_w_ld_chr/ 

Beginning analysis at Fri Nov 30 09:25:37 2018
Reading summary statistics from 1_RawData/LDSC/cpd_GWAS.sumstats.gz ...
Read summary statistics for 1176898 SNPs.
Reading reference panel LD Score from /Users/sheaandrews/Programs/ldsc/eur_w_ld_chr/[1-22] ...
Read reference panel LD Scores for 1290028 SNPs.
Removing partitioned LD Scores with zero variance.
Reading regression weight LD Score from /Users/sheaandrews/Programs/ldsc/eur_w_ld_chr/[1-22] ...
Read regression weight LD Scores for 1290028 SNPs.
After merging with reference panel LD, 1170393 SNPs remain.
After merging with regression SNP LD, 1170393 SNPs remain.
Computing rg for phenotype 2/2
Reading summary statistics from 1_RawData/LDSC/insom_GWAS.sumstats.gz ...
Read summary statistics for 1217311 SNPs.
After merging with summary statistics, 1170393 SNPs remain.
1126424 SNPs with valid alleles.

Heritability of phenotype 1
---------------------------
Total Observed scale h2: 0.0955 (0.013)
Lambda GC: 1.1428
Mean Chi^2: 1.1666
Intercept: 1.005 (0.0093)
Ratio: 0.0302 (0.0559)

Heritability of phenotype 2/2
-----------------------------
Total Observed scale h2: 0.0461 (0.0021)
Lambda GC: 1.3101
Mean Chi^2: 1.3663
Intercept: 1.0131 (0.0089)
Ratio: 0.0357 (0.0242)

Genetic Covariance
------------------
Total Observed scale gencov: 0.0165 (0.0024)
Mean z1*z2: 0.0667
Intercept: 0.0089 (0.005)

Genetic Correlation
-------------------
Genetic Correlation: 0.2489 (0.0435)
Z-score: 5.7231
P: 1.0458e-08


Summary of Genetic Correlation Results
p1                                     p2      rg      se       z           p  h2_obs  h2_obs_se  h2_int  h2_int_se  gcov_int  gcov_int_se
1_RawData/LDSC/cpd_GWAS.sumstats.gz  1_RawData/LDSC/insom_GWAS.sumstats.gz  0.2489  0.0435  5.7231  1.0458e-08  0.0461     0.0021  1.0131     0.0089    0.0089        0.005

Analysis finished at Fri Nov 30 09:25:49 2018
Total time elapsed: 12.69s
