*********************************************************************
* LD Score Regression (LDSC)
* Version 1.0.0
* (C) 2014-2015 Brendan Bulik-Sullivan and Hilary Finucane
* Broad Institute of MIT and Harvard / MIT Department of Mathematics
* GNU General Public License v3
*********************************************************************
Call: 
./ldsc.py \
--ref-ld-chr /Users/sheaandrews/Programs/ldsc/eur_w_ld_chr/ \
--out 2_DerivedData/LDSC/cpd_hear \
--rg 1_RawData/LDSC/cpd_GWAS.sumstats.gz,1_RawData/LDSC/hear_GWAS.sumstats.gz \
--w-ld-chr /Users/sheaandrews/Programs/ldsc/eur_w_ld_chr/ 

Beginning analysis at Fri Nov 30 12:59:12 2018
Reading summary statistics from 1_RawData/LDSC/cpd_GWAS.sumstats.gz ...
Read summary statistics for 1176898 SNPs.
Reading reference panel LD Score from /Users/sheaandrews/Programs/ldsc/eur_w_ld_chr/[1-22] ...
Read reference panel LD Scores for 1290028 SNPs.
Removing partitioned LD Scores with zero variance.
Reading regression weight LD Score from /Users/sheaandrews/Programs/ldsc/eur_w_ld_chr/[1-22] ...
Read regression weight LD Scores for 1290028 SNPs.
After merging with reference panel LD, 1170393 SNPs remain.
After merging with regression SNP LD, 1170393 SNPs remain.
Computing rg for phenotype 2/2
Reading summary statistics from 1_RawData/LDSC/hear_GWAS.sumstats.gz ...
Read summary statistics for 1217311 SNPs.
After merging with summary statistics, 1170393 SNPs remain.
1170247 SNPs with valid alleles.

Heritability of phenotype 1
---------------------------
Total Observed scale h2: 0.0953 (0.0129)
Lambda GC: 1.1396
Mean Chi^2: 1.1639
Intercept: 1.0055 (0.0092)
Ratio: 0.0335 (0.0559)

Heritability of phenotype 2/2
-----------------------------
Total Observed scale h2: 0.041 (0.0023)
Lambda GC: 1.2431
Mean Chi^2: 1.3017
Intercept: 1.0168 (0.0084)
Ratio: 0.0557 (0.028)

Genetic Covariance
------------------
Total Observed scale gencov: -0.0103 (0.0026)
Mean z1*z2: -0.041
Intercept: -0.008 (0.0052)

Genetic Correlation
-------------------
Genetic Correlation: -0.165 (0.0455)
Z-score: -3.628
P: 0.0003


Summary of Genetic Correlation Results
p1                                    p2     rg      se      z       p  h2_obs  h2_obs_se  h2_int  h2_int_se  gcov_int  gcov_int_se
1_RawData/LDSC/cpd_GWAS.sumstats.gz  1_RawData/LDSC/hear_GWAS.sumstats.gz -0.165  0.0455 -3.628  0.0003   0.041     0.0023  1.0168     0.0084    -0.008       0.0052

Analysis finished at Fri Nov 30 12:59:26 2018
Total time elapsed: 14.13s
