*********************************************************************
* LD Score Regression (LDSC)
* Version 1.0.0
* (C) 2014-2015 Brendan Bulik-Sullivan and Hilary Finucane
* Broad Institute of MIT and Harvard / MIT Department of Mathematics
* GNU General Public License v3
*********************************************************************
Call: 
./ldsc.py \
--ref-ld-chr /Users/sheaandrews/Programs/ldsc/eur_w_ld_chr/ \
--out 2_DerivedData/LDSC/cpd_audit \
--rg 1_RawData/LDSC/cpd_GWAS.sumstats.gz,1_RawData/LDSC/audit_GWAS.sumstats.gz \
--w-ld-chr /Users/sheaandrews/Programs/ldsc/eur_w_ld_chr/ 

Beginning analysis at Fri Nov 30 09:26:59 2018
Reading summary statistics from 1_RawData/LDSC/cpd_GWAS.sumstats.gz ...
Read summary statistics for 1176898 SNPs.
Reading reference panel LD Score from /Users/sheaandrews/Programs/ldsc/eur_w_ld_chr/[1-22] ...
Read reference panel LD Scores for 1290028 SNPs.
Removing partitioned LD Scores with zero variance.
Reading regression weight LD Score from /Users/sheaandrews/Programs/ldsc/eur_w_ld_chr/[1-22] ...
Read regression weight LD Scores for 1290028 SNPs.
After merging with reference panel LD, 1170393 SNPs remain.
After merging with regression SNP LD, 1170393 SNPs remain.
Computing rg for phenotype 2/2
Reading summary statistics from 1_RawData/LDSC/audit_GWAS.sumstats.gz ...
Read summary statistics for 1217311 SNPs.
After merging with summary statistics, 1170393 SNPs remain.
1163374 SNPs with valid alleles.

Heritability of phenotype 1
---------------------------
Total Observed scale h2: 0.0959 (0.0129)
Lambda GC: 1.1396
Mean Chi^2: 1.164
Intercept: 1.0046 (0.0091)
Ratio: 0.0283 (0.0557)

Heritability of phenotype 2/2
-----------------------------
Total Observed scale h2: 0.0919 (0.0059)
Lambda GC: 1.194
Mean Chi^2: 1.2202
Intercept: 1.0027 (0.0072)
Ratio: 0.0123 (0.0328)

Genetic Covariance
------------------
Total Observed scale gencov: -0.0123 (0.0043)
Mean z1*z2: -0.018
Intercept: 0.0052 (0.0049)

Genetic Correlation
-------------------
Genetic Correlation: -0.1315 (0.0446)
Z-score: -2.9497
P: 0.0032


Summary of Genetic Correlation Results
p1                                     p2      rg      se       z       p  h2_obs  h2_obs_se  h2_int  h2_int_se  gcov_int  gcov_int_se
1_RawData/LDSC/cpd_GWAS.sumstats.gz  1_RawData/LDSC/audit_GWAS.sumstats.gz -0.1315  0.0446 -2.9497  0.0032  0.0919     0.0059  1.0027     0.0072    0.0052       0.0049

Analysis finished at Fri Nov 30 09:27:12 2018
Total time elapsed: 12.72s
