*********************************************************************
* LD Score Regression (LDSC)
* Version 1.0.0
* (C) 2014-2015 Brendan Bulik-Sullivan and Hilary Finucane
* Broad Institute of MIT and Harvard / MIT Department of Mathematics
* GNU General Public License v3
*********************************************************************
Call: 
./ldsc.py \
--ref-ld-chr /Users/sheaandrews/Programs/ldsc/eur_w_ld_chr/ \
--out 2_DerivedData/LDSC/cpd_fish \
--rg 1_RawData/LDSC/cpd_GWAS.sumstats.gz,1_RawData/LDSC/fish_GWAS.sumstats.gz \
--w-ld-chr /Users/sheaandrews/Programs/ldsc/eur_w_ld_chr/ 

Beginning analysis at Fri Nov 30 12:58:13 2018
Reading summary statistics from 1_RawData/LDSC/cpd_GWAS.sumstats.gz ...
Read summary statistics for 1176898 SNPs.
Reading reference panel LD Score from /Users/sheaandrews/Programs/ldsc/eur_w_ld_chr/[1-22] ...
Read reference panel LD Scores for 1290028 SNPs.
Removing partitioned LD Scores with zero variance.
Reading regression weight LD Score from /Users/sheaandrews/Programs/ldsc/eur_w_ld_chr/[1-22] ...
Read regression weight LD Scores for 1290028 SNPs.
After merging with reference panel LD, 1170393 SNPs remain.
After merging with regression SNP LD, 1170393 SNPs remain.
Computing rg for phenotype 2/2
Reading summary statistics from 1_RawData/LDSC/fish_GWAS.sumstats.gz ...
Read summary statistics for 1217311 SNPs.
After merging with summary statistics, 1170393 SNPs remain.
1163881 SNPs with valid alleles.

Heritability of phenotype 1
---------------------------
Total Observed scale h2: 0.0957 (0.0129)
Lambda GC: 1.1396
Mean Chi^2: 1.1639
Intercept: 1.0049 (0.0092)
Ratio: 0.0297 (0.0559)

Heritability of phenotype 2/2
-----------------------------
Total Observed scale h2: 0.0626 (0.0031)
Lambda GC: 1.4281
Mean Chi^2: 1.5865
Intercept: 1.0124 (0.0116)
Ratio: 0.0211 (0.0197)

Genetic Covariance
------------------
Total Observed scale gencov: -0.0085 (0.0029)
Mean z1*z2: -0.0562
Intercept: -0.0266 (0.0056)

Genetic Correlation
-------------------
Genetic Correlation: -0.1102 (0.0362)
Z-score: -3.041
P: 0.0024


Summary of Genetic Correlation Results
p1                                    p2      rg      se      z       p  h2_obs  h2_obs_se  h2_int  h2_int_se  gcov_int  gcov_int_se
1_RawData/LDSC/cpd_GWAS.sumstats.gz  1_RawData/LDSC/fish_GWAS.sumstats.gz -0.1102  0.0362 -3.041  0.0024  0.0626     0.0031  1.0124     0.0116   -0.0266       0.0056

Analysis finished at Fri Nov 30 12:58:28 2018
Total time elapsed: 14.77s
