*********************************************************************
* LD Score Regression (LDSC)
* Version 1.0.0
* (C) 2014-2015 Brendan Bulik-Sullivan and Hilary Finucane
* Broad Institute of MIT and Harvard / MIT Department of Mathematics
* GNU General Public License v3
*********************************************************************
Call: 
./ldsc.py \
--ref-ld-chr /Users/sheaandrews/Programs/ldsc/eur_w_ld_chr/ \
--out 2_DerivedData/LDSC/cpd_load \
--rg 1_RawData/LDSC/cpd_GWAS.sumstats.gz,1_RawData/LDSC/load_GWAS.sumstats.gz \
--w-ld-chr /Users/sheaandrews/Programs/ldsc/eur_w_ld_chr/ 

Beginning analysis at Fri Nov 30 13:21:32 2018
Reading summary statistics from 1_RawData/LDSC/cpd_GWAS.sumstats.gz ...
Read summary statistics for 1176898 SNPs.
Reading reference panel LD Score from /Users/sheaandrews/Programs/ldsc/eur_w_ld_chr/[1-22] ...
Read reference panel LD Scores for 1290028 SNPs.
Removing partitioned LD Scores with zero variance.
Reading regression weight LD Score from /Users/sheaandrews/Programs/ldsc/eur_w_ld_chr/[1-22] ...
Read regression weight LD Scores for 1290028 SNPs.
After merging with reference panel LD, 1170393 SNPs remain.
After merging with regression SNP LD, 1170393 SNPs remain.
Computing rg for phenotype 2/2
Reading summary statistics from 1_RawData/LDSC/load_GWAS.sumstats.gz ...
Read summary statistics for 1217311 SNPs.
After merging with summary statistics, 1170393 SNPs remain.
1138132 SNPs with valid alleles.

Heritability of phenotype 1
---------------------------
Total Observed scale h2: 0.0955 (0.0129)
Lambda GC: 1.1396
Mean Chi^2: 1.1646
Intercept: 1.0047 (0.0096)
Ratio: 0.0286 (0.0583)

Heritability of phenotype 2/2
-----------------------------
Total Observed scale h2: 0.0437 (0.0215)
Lambda GC: 1.0926
Mean Chi^2: 1.1147
Intercept: 1.0671 (0.0298)
Ratio: 0.5851 (0.2597)

Genetic Covariance
------------------
Total Observed scale gencov: 0.0053 (0.0059)
Mean z1*z2: 0.0035
Intercept: -0.0019 (0.0048)

Genetic Correlation
-------------------
Genetic Correlation: 0.0819 (0.0951)
Z-score: 0.8616
P: 0.3889


Summary of Genetic Correlation Results
p1                                    p2      rg      se       z       p  h2_obs  h2_obs_se  h2_int  h2_int_se  gcov_int  gcov_int_se
1_RawData/LDSC/cpd_GWAS.sumstats.gz  1_RawData/LDSC/load_GWAS.sumstats.gz  0.0819  0.0951  0.8616  0.3889  0.0437     0.0215  1.0671     0.0298   -0.0019       0.0048

Analysis finished at Fri Nov 30 13:21:46 2018
Total time elapsed: 14.63s
