*********************************************************************
* LD Score Regression (LDSC)
* Version 1.0.0
* (C) 2014-2015 Brendan Bulik-Sullivan and Hilary Finucane
* Broad Institute of MIT and Harvard / MIT Department of Mathematics
* GNU General Public License v3
*********************************************************************
Call: 
./ldsc.py \
--ref-ld-chr /Users/sheaandrews/Programs/ldsc/eur_w_ld_chr/ \
--out 2_DerivedData/LDSC/dbp_ab42 \
--rg 1_RawData/LDSC/dbp_GWAS.sumstats.gz,1_RawData/LDSC/ab42_GWAS.sumstats.gz \
--w-ld-chr /Users/sheaandrews/Programs/ldsc/eur_w_ld_chr/ 

Beginning analysis at Fri Nov 30 10:17:03 2018
Reading summary statistics from 1_RawData/LDSC/dbp_GWAS.sumstats.gz ...
Read summary statistics for 1175491 SNPs.
Reading reference panel LD Score from /Users/sheaandrews/Programs/ldsc/eur_w_ld_chr/[1-22] ...
Read reference panel LD Scores for 1290028 SNPs.
Removing partitioned LD Scores with zero variance.
Reading regression weight LD Score from /Users/sheaandrews/Programs/ldsc/eur_w_ld_chr/[1-22] ...
Read regression weight LD Scores for 1290028 SNPs.
After merging with reference panel LD, 1169176 SNPs remain.
After merging with regression SNP LD, 1169176 SNPs remain.
Computing rg for phenotype 2/2
Reading summary statistics from 1_RawData/LDSC/ab42_GWAS.sumstats.gz ...
Read summary statistics for 1217311 SNPs.
After merging with summary statistics, 1169176 SNPs remain.
1002923 SNPs with valid alleles.

Heritability of phenotype 1
---------------------------
Total Observed scale h2: 0.1342 (0.0061)
Lambda GC: 2.1026
Mean Chi^2: 3.2597
Intercept: 1.0839 (0.0399)
Ratio: 0.0371 (0.0176)

Heritability of phenotype 2/2
-----------------------------
Total Observed scale h2: 0.179 (0.167)
Lambda GC: 1.0285
Mean Chi^2: 1.0377
Intercept: 1.0264 (0.01)
Ratio: 0.6996 (0.2648)

Genetic Covariance
------------------
Total Observed scale gencov: 0.0022 (0.0146)
Mean z1*z2: -0.0084
Intercept: -0.0106 (0.0072)

Genetic Correlation
-------------------
Genetic Correlation: 0.014 (0.0938)
Z-score: 0.1489
P: 0.8817


Summary of Genetic Correlation Results
p1                                    p2     rg      se       z       p  h2_obs  h2_obs_se  h2_int  h2_int_se  gcov_int  gcov_int_se
1_RawData/LDSC/dbp_GWAS.sumstats.gz  1_RawData/LDSC/ab42_GWAS.sumstats.gz  0.014  0.0938  0.1489  0.8817   0.179      0.167  1.0264       0.01   -0.0106       0.0072

Analysis finished at Fri Nov 30 10:17:15 2018
Total time elapsed: 12.09s
