*********************************************************************
* LD Score Regression (LDSC)
* Version 1.0.0
* (C) 2014-2015 Brendan Bulik-Sullivan and Hilary Finucane
* Broad Institute of MIT and Harvard / MIT Department of Mathematics
* GNU General Public License v3
*********************************************************************
Call: 
./ldsc.py \
--ref-ld-chr /Users/sheaandrews/Programs/ldsc/eur_w_ld_chr/ \
--out 2_DerivedData/LDSC/dbp_nft4 \
--rg 1_RawData/LDSC/dbp_GWAS.sumstats.gz,1_RawData/LDSC/nft4_GWAS.sumstats.gz \
--w-ld-chr /Users/sheaandrews/Programs/ldsc/eur_w_ld_chr/ 

Beginning analysis at Fri Nov 30 11:25:10 2018
Reading summary statistics from 1_RawData/LDSC/dbp_GWAS.sumstats.gz ...
Read summary statistics for 1175491 SNPs.
Reading reference panel LD Score from /Users/sheaandrews/Programs/ldsc/eur_w_ld_chr/[1-22] ...
Read reference panel LD Scores for 1290028 SNPs.
Removing partitioned LD Scores with zero variance.
Reading regression weight LD Score from /Users/sheaandrews/Programs/ldsc/eur_w_ld_chr/[1-22] ...
Read regression weight LD Scores for 1290028 SNPs.
After merging with reference panel LD, 1169176 SNPs remain.
After merging with regression SNP LD, 1169176 SNPs remain.
Computing rg for phenotype 2/2
Reading summary statistics from 1_RawData/LDSC/nft4_GWAS.sumstats.gz ...
Read summary statistics for 1217311 SNPs.
After merging with summary statistics, 1169176 SNPs remain.
1167682 SNPs with valid alleles.

Heritability of phenotype 1
---------------------------
Total Observed scale h2: 0.1354 (0.006)
Lambda GC: 2.0386
Mean Chi^2: 3.1431
Intercept: 1.0864 (0.0319)
Ratio: 0.0403 (0.0149)

Heritability of phenotype 2/2
-----------------------------
Total Observed scale h2: -0.0322 (0.0903)
Lambda GC: 0.978
Mean Chi^2: 0.9799
Intercept: 0.983 (0.0082)
Ratio: NA (mean chi^2 < 1)

Genetic Covariance
------------------
Total Observed scale gencov: -0.0004 (0.0102)
Mean z1*z2: -0.0003
Intercept: 0.0012 (0.0063)

Genetic Correlation
-------------------
Genetic Correlation: nan (nan) (h2  out of bounds) 
Z-score: nan (nan) (h2  out of bounds)
P: nan (nan) (h2  out of bounds)
WARNING: One of the h2's was out of bounds.
This usually indicates a data-munging error or that h2 or N is low.


Summary of Genetic Correlation Results
p1                                    p2  rg  se   z   p  h2_obs  h2_obs_se  h2_int  h2_int_se  gcov_int  gcov_int_se
1_RawData/LDSC/dbp_GWAS.sumstats.gz  1_RawData/LDSC/nft4_GWAS.sumstats.gz  NA  NA  NA  NA -0.0322     0.0903   0.983     0.0082    0.0012       0.0063

Analysis finished at Fri Nov 30 11:25:22 2018
Total time elapsed: 12.46s
