*********************************************************************
* LD Score Regression (LDSC)
* Version 1.0.0
* (C) 2014-2015 Brendan Bulik-Sullivan and Hilary Finucane
* Broad Institute of MIT and Harvard / MIT Department of Mathematics
* GNU General Public License v3
*********************************************************************
Call: 
./ldsc.py \
--ref-ld-chr /Users/sheaandrews/Programs/ldsc/eur_w_ld_chr/ \
--out 2_DerivedData/LDSC/dbp_mvpa \
--rg 1_RawData/LDSC/dbp_GWAS.sumstats.gz,1_RawData/LDSC/mvpa_GWAS.sumstats.gz \
--w-ld-chr /Users/sheaandrews/Programs/ldsc/eur_w_ld_chr/ 

Beginning analysis at Fri Nov 30 11:38:11 2018
Reading summary statistics from 1_RawData/LDSC/dbp_GWAS.sumstats.gz ...
Read summary statistics for 1175491 SNPs.
Reading reference panel LD Score from /Users/sheaandrews/Programs/ldsc/eur_w_ld_chr/[1-22] ...
Read reference panel LD Scores for 1290028 SNPs.
Removing partitioned LD Scores with zero variance.
Reading regression weight LD Score from /Users/sheaandrews/Programs/ldsc/eur_w_ld_chr/[1-22] ...
Read regression weight LD Scores for 1290028 SNPs.
After merging with reference panel LD, 1169176 SNPs remain.
After merging with regression SNP LD, 1169176 SNPs remain.
Computing rg for phenotype 2/2
Reading summary statistics from 1_RawData/LDSC/mvpa_GWAS.sumstats.gz ...
Read summary statistics for 1217311 SNPs.
After merging with summary statistics, 1169176 SNPs remain.
1169125 SNPs with valid alleles.

Heritability of phenotype 1
---------------------------
Total Observed scale h2: 0.1354 (0.006)
Lambda GC: 2.0386
Mean Chi^2: 3.1421
Intercept: 1.0861 (0.0316)
Ratio: 0.0402 (0.0148)

Heritability of phenotype 2/2
-----------------------------
Total Observed scale h2: 0.0462 (0.0024)
Lambda GC: 1.3101
Mean Chi^2: 1.3518
Intercept: 1.0125 (0.0093)
Ratio: 0.0355 (0.0263)

Genetic Covariance
------------------
Total Observed scale gencov: -0.0016 (0.0017)
Mean z1*z2: -0.0419
Intercept: -0.0173 (0.0074)

Genetic Correlation
-------------------
Genetic Correlation: -0.0199 (0.0217)
Z-score: -0.9164
P: 0.3595


Summary of Genetic Correlation Results
p1                                    p2      rg      se       z       p  h2_obs  h2_obs_se  h2_int  h2_int_se  gcov_int  gcov_int_se
1_RawData/LDSC/dbp_GWAS.sumstats.gz  1_RawData/LDSC/mvpa_GWAS.sumstats.gz -0.0199  0.0217 -0.9164  0.3595  0.0462     0.0024  1.0125     0.0093   -0.0173       0.0074

Analysis finished at Fri Nov 30 11:38:24 2018
Total time elapsed: 13.1s
