*********************************************************************
* LD Score Regression (LDSC)
* Version 1.0.0
* (C) 2014-2015 Brendan Bulik-Sullivan and Hilary Finucane
* Broad Institute of MIT and Harvard / MIT Department of Mathematics
* GNU General Public License v3
*********************************************************************
Call: 
./ldsc.py \
--ref-ld-chr /Users/sheaandrews/Programs/ldsc/eur_w_ld_chr/ \
--out 2_DerivedData/LDSC/dbp_ptau \
--rg 1_RawData/LDSC/dbp_GWAS.sumstats.gz,1_RawData/LDSC/ptau_GWAS.sumstats.gz \
--w-ld-chr /Users/sheaandrews/Programs/ldsc/eur_w_ld_chr/ 

Beginning analysis at Fri Nov 30 10:07:35 2018
Reading summary statistics from 1_RawData/LDSC/dbp_GWAS.sumstats.gz ...
Read summary statistics for 1175491 SNPs.
Reading reference panel LD Score from /Users/sheaandrews/Programs/ldsc/eur_w_ld_chr/[1-22] ...
Read reference panel LD Scores for 1290028 SNPs.
Removing partitioned LD Scores with zero variance.
Reading regression weight LD Score from /Users/sheaandrews/Programs/ldsc/eur_w_ld_chr/[1-22] ...
Read regression weight LD Scores for 1290028 SNPs.
After merging with reference panel LD, 1169176 SNPs remain.
After merging with regression SNP LD, 1169176 SNPs remain.
Computing rg for phenotype 2/2
Reading summary statistics from 1_RawData/LDSC/ptau_GWAS.sumstats.gz ...
Read summary statistics for 1217311 SNPs.
After merging with summary statistics, 1169176 SNPs remain.
1038857 SNPs with valid alleles.

Heritability of phenotype 1
---------------------------
Total Observed scale h2: 0.1344 (0.006)
Lambda GC: 2.0983
Mean Chi^2: 3.2463
Intercept: 1.0898 (0.0378)
Ratio: 0.04 (0.0168)

Heritability of phenotype 2/2
-----------------------------
Total Observed scale h2: 0.1904 (0.1749)
Lambda GC: 1.0225
Mean Chi^2: 1.0162
Intercept: 1.0052 (0.0076)
Ratio: 0.3221 (0.4676)

Genetic Covariance
------------------
Total Observed scale gencov: -0.0116 (0.0141)
Mean z1*z2: -0.0014
Intercept: 0.0079 (0.0072)

Genetic Correlation
-------------------
Genetic Correlation: -0.0723 (0.0939)
Z-score: -0.7702
P: 0.4412


Summary of Genetic Correlation Results
p1                                    p2      rg      se       z       p  h2_obs  h2_obs_se  h2_int  h2_int_se  gcov_int  gcov_int_se
1_RawData/LDSC/dbp_GWAS.sumstats.gz  1_RawData/LDSC/ptau_GWAS.sumstats.gz -0.0723  0.0939 -0.7702  0.4412  0.1904     0.1749  1.0052     0.0076    0.0079       0.0072

Analysis finished at Fri Nov 30 10:07:47 2018
Total time elapsed: 12.23s
