*********************************************************************
* LD Score Regression (LDSC)
* Version 1.0.0
* (C) 2014-2015 Brendan Bulik-Sullivan and Hilary Finucane
* Broad Institute of MIT and Harvard / MIT Department of Mathematics
* GNU General Public License v3
*********************************************************************
Call: 
./ldsc.py \
--ref-ld-chr /Users/sheaandrews/Programs/ldsc/eur_w_ld_chr/ \
--out 2_DerivedData/LDSC/dbp_dep \
--rg 1_RawData/LDSC/dbp_GWAS.sumstats.gz,1_RawData/LDSC/dep_GWAS.sumstats.gz \
--w-ld-chr /Users/sheaandrews/Programs/ldsc/eur_w_ld_chr/ 

Beginning analysis at Fri Nov 30 10:44:54 2018
Reading summary statistics from 1_RawData/LDSC/dbp_GWAS.sumstats.gz ...
Read summary statistics for 1175491 SNPs.
Reading reference panel LD Score from /Users/sheaandrews/Programs/ldsc/eur_w_ld_chr/[1-22] ...
Read reference panel LD Scores for 1290028 SNPs.
Removing partitioned LD Scores with zero variance.
Reading regression weight LD Score from /Users/sheaandrews/Programs/ldsc/eur_w_ld_chr/[1-22] ...
Read regression weight LD Scores for 1290028 SNPs.
After merging with reference panel LD, 1169176 SNPs remain.
After merging with regression SNP LD, 1169176 SNPs remain.
Computing rg for phenotype 2/2
Reading summary statistics from 1_RawData/LDSC/dep_GWAS.sumstats.gz ...
Read summary statistics for 1217311 SNPs.
After merging with summary statistics, 1169176 SNPs remain.
1161009 SNPs with valid alleles.

Heritability of phenotype 1
---------------------------
Total Observed scale h2: 0.1357 (0.0059)
Lambda GC: 2.0429
Mean Chi^2: 3.1496
Intercept: 1.085 (0.0313)
Ratio: 0.0395 (0.0146)

Heritability of phenotype 2/2
-----------------------------
Total Observed scale h2: 0.0628 (0.0028)
Lambda GC: 1.3272
Mean Chi^2: 1.3956
Intercept: 1.0033 (0.0086)
Ratio: 0.0084 (0.0218)

Genetic Covariance
------------------
Total Observed scale gencov: -0.0024 (0.0018)
Mean z1*z2: -0.0313
Intercept: -0.0014 (0.0075)

Genetic Correlation
-------------------
Genetic Correlation: -0.0255 (0.0191)
Z-score: -1.3356
P: 0.1817


Summary of Genetic Correlation Results
p1                                   p2      rg      se       z       p  h2_obs  h2_obs_se  h2_int  h2_int_se  gcov_int  gcov_int_se
1_RawData/LDSC/dbp_GWAS.sumstats.gz  1_RawData/LDSC/dep_GWAS.sumstats.gz -0.0255  0.0191 -1.3356  0.1817  0.0628     0.0028  1.0033     0.0086   -0.0014       0.0075

Analysis finished at Fri Nov 30 10:45:07 2018
Total time elapsed: 12.59s
