*********************************************************************
* LD Score Regression (LDSC)
* Version 1.0.0
* (C) 2014-2015 Brendan Bulik-Sullivan and Hilary Finucane
* Broad Institute of MIT and Harvard / MIT Department of Mathematics
* GNU General Public License v3
*********************************************************************
Call: 
./ldsc.py \
--ref-ld-chr /Users/sheaandrews/Programs/ldsc/eur_w_ld_chr/ \
--out 2_DerivedData/LDSC/dbp_dbp \
--rg 1_RawData/LDSC/dbp_GWAS.sumstats.gz,1_RawData/LDSC/dbp_GWAS.sumstats.gz \
--w-ld-chr /Users/sheaandrews/Programs/ldsc/eur_w_ld_chr/ 

Beginning analysis at Fri Nov 30 09:26:04 2018
Reading summary statistics from 1_RawData/LDSC/dbp_GWAS.sumstats.gz ...
Read summary statistics for 1175491 SNPs.
Reading reference panel LD Score from /Users/sheaandrews/Programs/ldsc/eur_w_ld_chr/[1-22] ...
Read reference panel LD Scores for 1290028 SNPs.
Removing partitioned LD Scores with zero variance.
Reading regression weight LD Score from /Users/sheaandrews/Programs/ldsc/eur_w_ld_chr/[1-22] ...
Read regression weight LD Scores for 1290028 SNPs.
After merging with reference panel LD, 1169176 SNPs remain.
After merging with regression SNP LD, 1169176 SNPs remain.
Computing rg for phenotype 2/2
Reading summary statistics from 1_RawData/LDSC/dbp_GWAS.sumstats.gz ...
Read summary statistics for 1217311 SNPs.
After merging with summary statistics, 1169176 SNPs remain.
1169176 SNPs with valid alleles.

Heritability of phenotype 1
---------------------------
Total Observed scale h2: 0.1354 (0.006)
Lambda GC: 2.0386
Mean Chi^2: 3.1421
Intercept: 1.0863 (0.0317)
Ratio: 0.0403 (0.0148)

Heritability of phenotype 2/2
-----------------------------
Total Observed scale h2: 0.1354 (0.006)
Lambda GC: 2.0386
Mean Chi^2: 3.1421
Intercept: 1.0863 (0.0317)
Ratio: 0.0403 (0.0148)

Genetic Covariance
------------------
Total Observed scale gencov: 0.1354 (0.006)
Mean z1*z2: 3.1421
Intercept: 1.0863 (0.0317)

Genetic Correlation
-------------------
Genetic Correlation: 1. (6.3905e-08)
Z-score: 15648139.4955
P: 0.


Summary of Genetic Correlation Results
p1                                   p2   rg          se           z    p  h2_obs  h2_obs_se  h2_int  h2_int_se  gcov_int  gcov_int_se
1_RawData/LDSC/dbp_GWAS.sumstats.gz  1_RawData/LDSC/dbp_GWAS.sumstats.gz  1.0  6.3905e-08  1.5648e+07  0.0  0.1354      0.006  1.0863     0.0317    1.0863       0.0317

Analysis finished at Fri Nov 30 09:26:17 2018
Total time elapsed: 12.68s
