*********************************************************************
* LD Score Regression (LDSC)
* Version 1.0.0
* (C) 2014-2015 Brendan Bulik-Sullivan and Hilary Finucane
* Broad Institute of MIT and Harvard / MIT Department of Mathematics
* GNU General Public License v3
*********************************************************************
Call: 
./ldsc.py \
--ref-ld-chr /Users/sheaandrews/Programs/ldsc/eur_w_ld_chr/ \
--out 2_DerivedData/LDSC/dbp_alcc \
--rg 1_RawData/LDSC/dbp_GWAS.sumstats.gz,1_RawData/LDSC/alcc_GWAS.sumstats.gz \
--w-ld-chr /Users/sheaandrews/Programs/ldsc/eur_w_ld_chr/ 

Beginning analysis at Fri Nov 30 08:59:53 2018
Reading summary statistics from 1_RawData/LDSC/dbp_GWAS.sumstats.gz ...
Read summary statistics for 1175491 SNPs.
Reading reference panel LD Score from /Users/sheaandrews/Programs/ldsc/eur_w_ld_chr/[1-22] ...
Read reference panel LD Scores for 1290028 SNPs.
Removing partitioned LD Scores with zero variance.
Reading regression weight LD Score from /Users/sheaandrews/Programs/ldsc/eur_w_ld_chr/[1-22] ...
Read regression weight LD Scores for 1290028 SNPs.
After merging with reference panel LD, 1169176 SNPs remain.
After merging with regression SNP LD, 1169176 SNPs remain.
Computing rg for phenotype 2/2
Reading summary statistics from 1_RawData/LDSC/alcc_GWAS.sumstats.gz ...
Read summary statistics for 1217311 SNPs.
After merging with summary statistics, 1169176 SNPs remain.
1074470 SNPs with valid alleles.

Heritability of phenotype 1
---------------------------
Total Observed scale h2: 0.1357 (0.0062)
Lambda GC: 2.0641
Mean Chi^2: 3.1593
Intercept: 1.106 (0.0356)
Ratio: 0.0491 (0.0165)

Heritability of phenotype 2/2
-----------------------------
Total Observed scale h2: 0.0799 (0.0062)
Lambda GC: 1.1587
Mean Chi^2: 1.1882
Intercept: 1.0117 (0.0078)
Ratio: 0.062 (0.0416)

Genetic Covariance
------------------
Total Observed scale gencov: 0.0026 (0.0028)
Mean z1*z2: 0.0301
Intercept: 0.0196 (0.0073)

Genetic Correlation
-------------------
Genetic Correlation: 0.025 (0.0271)
Z-score: 0.9253
P: 0.3548


Summary of Genetic Correlation Results
p1                                    p2     rg      se       z       p  h2_obs  h2_obs_se  h2_int  h2_int_se  gcov_int  gcov_int_se
1_RawData/LDSC/dbp_GWAS.sumstats.gz  1_RawData/LDSC/alcc_GWAS.sumstats.gz  0.025  0.0271  0.9253  0.3548  0.0799     0.0062  1.0117     0.0078    0.0196       0.0073

Analysis finished at Fri Nov 30 09:00:06 2018
Total time elapsed: 12.86s
