*********************************************************************
* LD Score Regression (LDSC)
* Version 1.0.0
* (C) 2014-2015 Brendan Bulik-Sullivan and Hilary Finucane
* Broad Institute of MIT and Harvard / MIT Department of Mathematics
* GNU General Public License v3
*********************************************************************
Call: 
./ldsc.py \
--ref-ld-chr /Users/sheaandrews/Programs/ldsc/eur_w_ld_chr/ \
--out 2_DerivedData/LDSC/dbp_audit \
--rg 1_RawData/LDSC/dbp_GWAS.sumstats.gz,1_RawData/LDSC/audit_GWAS.sumstats.gz \
--w-ld-chr /Users/sheaandrews/Programs/ldsc/eur_w_ld_chr/ 

Beginning analysis at Fri Nov 30 08:48:46 2018
Reading summary statistics from 1_RawData/LDSC/dbp_GWAS.sumstats.gz ...
Read summary statistics for 1175491 SNPs.
Reading reference panel LD Score from /Users/sheaandrews/Programs/ldsc/eur_w_ld_chr/[1-22] ...
Read reference panel LD Scores for 1290028 SNPs.
Removing partitioned LD Scores with zero variance.
Reading regression weight LD Score from /Users/sheaandrews/Programs/ldsc/eur_w_ld_chr/[1-22] ...
Read regression weight LD Scores for 1290028 SNPs.
After merging with reference panel LD, 1169176 SNPs remain.
After merging with regression SNP LD, 1169176 SNPs remain.
Computing rg for phenotype 2/2
Reading summary statistics from 1_RawData/LDSC/audit_GWAS.sumstats.gz ...
Read summary statistics for 1217311 SNPs.
After merging with summary statistics, 1169176 SNPs remain.
1159206 SNPs with valid alleles.

Heritability of phenotype 1
---------------------------
Total Observed scale h2: 0.1355 (0.006)
Lambda GC: 2.0386
Mean Chi^2: 3.1445
Intercept: 1.0858 (0.0319)
Ratio: 0.04 (0.0149)

Heritability of phenotype 2/2
-----------------------------
Total Observed scale h2: 0.0913 (0.0059)
Lambda GC: 1.194
Mean Chi^2: 1.2209
Intercept: 1.004 (0.0073)
Ratio: 0.0179 (0.0329)

Genetic Covariance
------------------
Total Observed scale gencov: -0.0018 (0.0026)
Mean z1*z2: 0.0136
Intercept: 0.02 (0.0073)

Genetic Correlation
-------------------
Genetic Correlation: -0.0165 (0.0234)
Z-score: -0.7077
P: 0.4791


Summary of Genetic Correlation Results
p1                                     p2      rg      se       z       p  h2_obs  h2_obs_se  h2_int  h2_int_se  gcov_int  gcov_int_se
1_RawData/LDSC/dbp_GWAS.sumstats.gz  1_RawData/LDSC/audit_GWAS.sumstats.gz -0.0165  0.0234 -0.7077  0.4791  0.0913     0.0059   1.004     0.0073      0.02       0.0073

Analysis finished at Fri Nov 30 08:48:58 2018
Total time elapsed: 12.83s
