*********************************************************************
* LD Score Regression (LDSC)
* Version 1.0.0
* (C) 2014-2015 Brendan Bulik-Sullivan and Hilary Finucane
* Broad Institute of MIT and Harvard / MIT Department of Mathematics
* GNU General Public License v3
*********************************************************************
Call: 
./ldsc.py \
--ref-ld-chr /Users/sheaandrews/Programs/ldsc/eur_w_ld_chr/ \
--out 2_DerivedData/LDSC/dbp_cpd \
--rg 1_RawData/LDSC/dbp_GWAS.sumstats.gz,1_RawData/LDSC/cpd_GWAS.sumstats.gz \
--w-ld-chr /Users/sheaandrews/Programs/ldsc/eur_w_ld_chr/ 

Beginning analysis at Fri Nov 30 10:50:01 2018
Reading summary statistics from 1_RawData/LDSC/dbp_GWAS.sumstats.gz ...
Read summary statistics for 1175491 SNPs.
Reading reference panel LD Score from /Users/sheaandrews/Programs/ldsc/eur_w_ld_chr/[1-22] ...
Read reference panel LD Scores for 1290028 SNPs.
Removing partitioned LD Scores with zero variance.
Reading regression weight LD Score from /Users/sheaandrews/Programs/ldsc/eur_w_ld_chr/[1-22] ...
Read regression weight LD Scores for 1290028 SNPs.
After merging with reference panel LD, 1169176 SNPs remain.
After merging with regression SNP LD, 1169176 SNPs remain.
Computing rg for phenotype 2/2
Reading summary statistics from 1_RawData/LDSC/cpd_GWAS.sumstats.gz ...
Read summary statistics for 1217311 SNPs.
After merging with summary statistics, 1169176 SNPs remain.
1164329 SNPs with valid alleles.

Heritability of phenotype 1
---------------------------
Total Observed scale h2: 0.1353 (0.006)
Lambda GC: 2.0429
Mean Chi^2: 3.1472
Intercept: 1.0888 (0.0319)
Ratio: 0.0414 (0.0148)

Heritability of phenotype 2/2
-----------------------------
Total Observed scale h2: 0.0955 (0.0131)
Lambda GC: 1.1396
Mean Chi^2: 1.1644
Intercept: 1.0052 (0.0095)
Ratio: 0.0318 (0.058)

Genetic Covariance
------------------
Total Observed scale gencov: 0.01 (0.0033)
Mean z1*z2: 0.0428
Intercept: -0.0126 (0.007)

Genetic Correlation
-------------------
Genetic Correlation: 0.0881 (0.0276)
Z-score: 3.1864
P: 0.0014


Summary of Genetic Correlation Results
p1                                   p2      rg      se       z       p  h2_obs  h2_obs_se  h2_int  h2_int_se  gcov_int  gcov_int_se
1_RawData/LDSC/dbp_GWAS.sumstats.gz  1_RawData/LDSC/cpd_GWAS.sumstats.gz  0.0881  0.0276  3.1864  0.0014  0.0955     0.0131  1.0052     0.0095   -0.0126        0.007

Analysis finished at Fri Nov 30 10:50:13 2018
Total time elapsed: 12.36s
