*********************************************************************
* LD Score Regression (LDSC)
* Version 1.0.0
* (C) 2014-2015 Brendan Bulik-Sullivan and Hilary Finucane
* Broad Institute of MIT and Harvard / MIT Department of Mathematics
* GNU General Public License v3
*********************************************************************
Call: 
./ldsc.py \
--ref-ld-chr /Users/sheaandrews/Programs/ldsc/eur_w_ld_chr/ \
--out 2_DerivedData/LDSC/dbp_diab \
--rg 1_RawData/LDSC/dbp_GWAS.sumstats.gz,1_RawData/LDSC/diab_GWAS.sumstats.gz \
--w-ld-chr /Users/sheaandrews/Programs/ldsc/eur_w_ld_chr/ 

Beginning analysis at Fri Nov 30 08:55:48 2018
Reading summary statistics from 1_RawData/LDSC/dbp_GWAS.sumstats.gz ...
Read summary statistics for 1175491 SNPs.
Reading reference panel LD Score from /Users/sheaandrews/Programs/ldsc/eur_w_ld_chr/[1-22] ...
Read reference panel LD Scores for 1290028 SNPs.
Removing partitioned LD Scores with zero variance.
Reading regression weight LD Score from /Users/sheaandrews/Programs/ldsc/eur_w_ld_chr/[1-22] ...
Read regression weight LD Scores for 1290028 SNPs.
After merging with reference panel LD, 1169176 SNPs remain.
After merging with regression SNP LD, 1169176 SNPs remain.
Computing rg for phenotype 2/2
Reading summary statistics from 1_RawData/LDSC/diab_GWAS.sumstats.gz ...
Read summary statistics for 1217311 SNPs.
After merging with summary statistics, 1169176 SNPs remain.
1006498 SNPs with valid alleles.

Heritability of phenotype 1
---------------------------
Total Observed scale h2: 0.1376 (0.0061)
Lambda GC: 2.1199
Mean Chi^2: 3.287
Intercept: 1.0148 (0.0405)
Ratio: 0.0065 (0.0177)

Heritability of phenotype 2/2
-----------------------------
Total Observed scale h2: 0.0533 (0.0034)
Lambda GC: 1.4494
Mean Chi^2: 1.6827
Intercept: 1.043 (0.0184)
Ratio: 0.0629 (0.027)

Genetic Covariance
------------------
Total Observed scale gencov: 0.0126 (0.0021)
Mean z1*z2: 0.179
Intercept: -0.023 (0.0133)

Genetic Correlation
-------------------
Genetic Correlation: 0.1472 (0.0226)
Z-score: 6.5061
P: 7.7112e-11


Summary of Genetic Correlation Results
p1                                    p2      rg      se       z           p  h2_obs  h2_obs_se  h2_int  h2_int_se  gcov_int  gcov_int_se
1_RawData/LDSC/dbp_GWAS.sumstats.gz  1_RawData/LDSC/diab_GWAS.sumstats.gz  0.1472  0.0226  6.5061  7.7112e-11  0.0533     0.0034   1.043     0.0184    -0.023       0.0133

Analysis finished at Fri Nov 30 08:56:00 2018
Total time elapsed: 12.56s
