*********************************************************************
* LD Score Regression (LDSC)
* Version 1.0.0
* (C) 2014-2015 Brendan Bulik-Sullivan and Hilary Finucane
* Broad Institute of MIT and Harvard / MIT Department of Mathematics
* GNU General Public License v3
*********************************************************************
Call: 
./ldsc.py \
--ref-ld-chr /Users/sheaandrews/Programs/ldsc/eur_w_ld_chr/ \
--out 2_DerivedData/LDSC/dbp_ais \
--rg 1_RawData/LDSC/dbp_GWAS.sumstats.gz,1_RawData/LDSC/ais_GWAS.sumstats.gz \
--w-ld-chr /Users/sheaandrews/Programs/ldsc/eur_w_ld_chr/ 

Beginning analysis at Fri Nov 30 11:00:29 2018
Reading summary statistics from 1_RawData/LDSC/dbp_GWAS.sumstats.gz ...
Read summary statistics for 1175491 SNPs.
Reading reference panel LD Score from /Users/sheaandrews/Programs/ldsc/eur_w_ld_chr/[1-22] ...
Read reference panel LD Scores for 1290028 SNPs.
Removing partitioned LD Scores with zero variance.
Reading regression weight LD Score from /Users/sheaandrews/Programs/ldsc/eur_w_ld_chr/[1-22] ...
Read regression weight LD Scores for 1290028 SNPs.
After merging with reference panel LD, 1169176 SNPs remain.
After merging with regression SNP LD, 1169176 SNPs remain.
Computing rg for phenotype 2/2
Reading summary statistics from 1_RawData/LDSC/ais_GWAS.sumstats.gz ...
Read summary statistics for 1217311 SNPs.
After merging with summary statistics, 1169176 SNPs remain.
1169078 SNPs with valid alleles.

Heritability of phenotype 1
---------------------------
Total Observed scale h2: 0.1355 (0.006)
Lambda GC: 2.0386
Mean Chi^2: 3.1423
Intercept: 1.085 (0.0316)
Ratio: 0.0397 (0.0147)

Heritability of phenotype 2/2
-----------------------------
Total Observed scale h2: 0.0129 (0.0014)
Lambda GC: 1.1238
Mean Chi^2: 1.1413
Intercept: 1.0263 (0.007)
Ratio: 0.1864 (0.0495)

Genetic Covariance
------------------
Total Observed scale gencov: 0.011 (0.0019)
Mean z1*z2: 0.1666
Intercept: 0.0385 (0.0086)

Genetic Correlation
-------------------
Genetic Correlation: 0.2628 (0.0412)
Z-score: 6.3802
P: 1.7689e-10


Summary of Genetic Correlation Results
p1                                   p2      rg      se       z           p  h2_obs  h2_obs_se  h2_int  h2_int_se  gcov_int  gcov_int_se
1_RawData/LDSC/dbp_GWAS.sumstats.gz  1_RawData/LDSC/ais_GWAS.sumstats.gz  0.2628  0.0412  6.3802  1.7689e-10  0.0129     0.0014  1.0263      0.007    0.0385       0.0086

Analysis finished at Fri Nov 30 11:00:41 2018
Total time elapsed: 12.39s
