*********************************************************************
* LD Score Regression (LDSC)
* Version 1.0.0
* (C) 2014-2015 Brendan Bulik-Sullivan and Hilary Finucane
* Broad Institute of MIT and Harvard / MIT Department of Mathematics
* GNU General Public License v3
*********************************************************************
Call: 
./ldsc.py \
--ref-ld-chr /Users/sheaandrews/Programs/ldsc/eur_w_ld_chr/ \
--out 2_DerivedData/LDSC/dep_dep \
--rg 1_RawData/LDSC/dep_GWAS.sumstats.gz,1_RawData/LDSC/dep_GWAS.sumstats.gz \
--w-ld-chr /Users/sheaandrews/Programs/ldsc/eur_w_ld_chr/ 

Beginning analysis at Fri Nov 30 12:53:25 2018
Reading summary statistics from 1_RawData/LDSC/dep_GWAS.sumstats.gz ...
Read summary statistics for 1173388 SNPs.
Reading reference panel LD Score from /Users/sheaandrews/Programs/ldsc/eur_w_ld_chr/[1-22] ...
Read reference panel LD Scores for 1290028 SNPs.
Removing partitioned LD Scores with zero variance.
Reading regression weight LD Score from /Users/sheaandrews/Programs/ldsc/eur_w_ld_chr/[1-22] ...
Read regression weight LD Scores for 1290028 SNPs.
After merging with reference panel LD, 1166944 SNPs remain.
After merging with regression SNP LD, 1166944 SNPs remain.
Computing rg for phenotype 2/2
Reading summary statistics from 1_RawData/LDSC/dep_GWAS.sumstats.gz ...
Read summary statistics for 1217311 SNPs.
After merging with summary statistics, 1166944 SNPs remain.
1166944 SNPs with valid alleles.

Heritability of phenotype 1
---------------------------
Total Observed scale h2: 0.0624 (0.003)
Lambda GC: 1.3272
Mean Chi^2: 1.3943
Intercept: 1.0059 (0.0088)
Ratio: 0.015 (0.0224)

Heritability of phenotype 2/2
-----------------------------
Total Observed scale h2: 0.0624 (0.003)
Lambda GC: 1.3272
Mean Chi^2: 1.3943
Intercept: 1.0059 (0.0088)
Ratio: 0.015 (0.0224)

Genetic Covariance
------------------
Total Observed scale gencov: 0.0624 (0.003)
Mean z1*z2: 1.3943
Intercept: 1.0059 (0.0088)

Genetic Correlation
-------------------
Genetic Correlation: 1. (3.0854e-07)
Z-score: 3241101.06
P: 0.


Summary of Genetic Correlation Results
p1                                   p2   rg          se           z    p  h2_obs  h2_obs_se  h2_int  h2_int_se  gcov_int  gcov_int_se
1_RawData/LDSC/dep_GWAS.sumstats.gz  1_RawData/LDSC/dep_GWAS.sumstats.gz  1.0  3.0854e-07  3.2411e+06  0.0  0.0624      0.003  1.0059     0.0088    1.0059       0.0088

Analysis finished at Fri Nov 30 12:53:38 2018
Total time elapsed: 12.99s
