*********************************************************************
* LD Score Regression (LDSC)
* Version 1.0.0
* (C) 2014-2015 Brendan Bulik-Sullivan and Hilary Finucane
* Broad Institute of MIT and Harvard / MIT Department of Mathematics
* GNU General Public License v3
*********************************************************************
Call: 
./ldsc.py \
--ref-ld-chr /Users/sheaandrews/Programs/ldsc/eur_w_ld_chr/ \
--out 2_DerivedData/LDSC/dep_ais \
--rg 1_RawData/LDSC/dep_GWAS.sumstats.gz,1_RawData/LDSC/ais_GWAS.sumstats.gz \
--w-ld-chr /Users/sheaandrews/Programs/ldsc/eur_w_ld_chr/ 

Beginning analysis at Fri Nov 30 13:16:13 2018
Reading summary statistics from 1_RawData/LDSC/dep_GWAS.sumstats.gz ...
Read summary statistics for 1173388 SNPs.
Reading reference panel LD Score from /Users/sheaandrews/Programs/ldsc/eur_w_ld_chr/[1-22] ...
Read reference panel LD Scores for 1290028 SNPs.
Removing partitioned LD Scores with zero variance.
Reading regression weight LD Score from /Users/sheaandrews/Programs/ldsc/eur_w_ld_chr/[1-22] ...
Read regression weight LD Scores for 1290028 SNPs.
After merging with reference panel LD, 1166944 SNPs remain.
After merging with regression SNP LD, 1166944 SNPs remain.
Computing rg for phenotype 2/2
Reading summary statistics from 1_RawData/LDSC/ais_GWAS.sumstats.gz ...
Read summary statistics for 1217311 SNPs.
After merging with summary statistics, 1166944 SNPs remain.
1166605 SNPs with valid alleles.

Heritability of phenotype 1
---------------------------
Total Observed scale h2: 0.0624 (0.003)
Lambda GC: 1.3272
Mean Chi^2: 1.3944
Intercept: 1.0059 (0.0088)
Ratio: 0.0149 (0.0223)

Heritability of phenotype 2/2
-----------------------------
Total Observed scale h2: 0.0134 (0.0013)
Lambda GC: 1.1238
Mean Chi^2: 1.1412
Intercept: 1.0222 (0.0068)
Ratio: 0.1572 (0.0483)

Genetic Covariance
------------------
Total Observed scale gencov: 0.0017 (0.0012)
Mean z1*z2: 0.0114
Intercept: -0.0004 (0.0057)

Genetic Correlation
-------------------
Genetic Correlation: 0.0584 (0.0433)
Z-score: 1.3496
P: 0.1771


Summary of Genetic Correlation Results
p1                                   p2      rg      se       z       p  h2_obs  h2_obs_se  h2_int  h2_int_se  gcov_int  gcov_int_se
1_RawData/LDSC/dep_GWAS.sumstats.gz  1_RawData/LDSC/ais_GWAS.sumstats.gz  0.0584  0.0433  1.3496  0.1771  0.0134     0.0013  1.0222     0.0068   -0.0004       0.0057

Analysis finished at Fri Nov 30 13:16:27 2018
Total time elapsed: 13.58s
