*********************************************************************
* LD Score Regression (LDSC)
* Version 1.0.0
* (C) 2014-2015 Brendan Bulik-Sullivan and Hilary Finucane
* Broad Institute of MIT and Harvard / MIT Department of Mathematics
* GNU General Public License v3
*********************************************************************
Call: 
./ldsc.py \
--ref-ld-chr /Users/sheaandrews/Programs/ldsc/eur_w_ld_chr/ \
--out 2_DerivedData/LDSC/dep_vbiany \
--rg 1_RawData/LDSC/dep_GWAS.sumstats.gz,1_RawData/LDSC/vbiany_GWAS.sumstats.gz \
--w-ld-chr /Users/sheaandrews/Programs/ldsc/eur_w_ld_chr/ 

Beginning analysis at Fri Nov 30 13:47:35 2018
Reading summary statistics from 1_RawData/LDSC/dep_GWAS.sumstats.gz ...
Read summary statistics for 1173388 SNPs.
Reading reference panel LD Score from /Users/sheaandrews/Programs/ldsc/eur_w_ld_chr/[1-22] ...
Read reference panel LD Scores for 1290028 SNPs.
Removing partitioned LD Scores with zero variance.
Reading regression weight LD Score from /Users/sheaandrews/Programs/ldsc/eur_w_ld_chr/[1-22] ...
Read regression weight LD Scores for 1290028 SNPs.
After merging with reference panel LD, 1166944 SNPs remain.
After merging with regression SNP LD, 1166944 SNPs remain.
Computing rg for phenotype 2/2
Reading summary statistics from 1_RawData/LDSC/vbiany_GWAS.sumstats.gz ...
Read summary statistics for 1217311 SNPs.
After merging with summary statistics, 1166944 SNPs remain.
1160043 SNPs with valid alleles.

Heritability of phenotype 1
---------------------------
Total Observed scale h2: 0.0623 (0.003)
Lambda GC: 1.3272
Mean Chi^2: 1.3951
Intercept: 1.0063 (0.009)
Ratio: 0.016 (0.0227)

Heritability of phenotype 2/2
-----------------------------
Total Observed scale h2: 0.1921 (0.0903)
Lambda GC: 0.9957
Mean Chi^2: 0.9976
Intercept: 0.979 (0.0068)
Ratio: NA (mean chi^2 < 1)

Genetic Covariance
------------------
Total Observed scale gencov: 0.008 (0.009)
Mean z1*z2: 0.0042
Intercept: -0.0023 (0.0046)

Genetic Correlation
-------------------
Genetic Correlation: 0.0736 (0.0825)
Z-score: 0.8917
P: 0.3725


Summary of Genetic Correlation Results
p1                                      p2      rg      se       z       p  h2_obs  h2_obs_se  h2_int  h2_int_se  gcov_int  gcov_int_se
1_RawData/LDSC/dep_GWAS.sumstats.gz  1_RawData/LDSC/vbiany_GWAS.sumstats.gz  0.0736  0.0825  0.8917  0.3725  0.1921     0.0903   0.979     0.0068   -0.0023       0.0046

Analysis finished at Fri Nov 30 13:47:47 2018
Total time elapsed: 12.61s
