*********************************************************************
* LD Score Regression (LDSC)
* Version 1.0.0
* (C) 2014-2015 Brendan Bulik-Sullivan and Hilary Finucane
* Broad Institute of MIT and Harvard / MIT Department of Mathematics
* GNU General Public License v3
*********************************************************************
Call: 
./ldsc.py \
--ref-ld-chr /Users/sheaandrews/Programs/ldsc/eur_w_ld_chr/ \
--out 2_DerivedData/LDSC/dep_pp \
--rg 1_RawData/LDSC/dep_GWAS.sumstats.gz,1_RawData/LDSC/pp_GWAS.sumstats.gz \
--w-ld-chr /Users/sheaandrews/Programs/ldsc/eur_w_ld_chr/ 

Beginning analysis at Fri Nov 30 10:45:21 2018
Reading summary statistics from 1_RawData/LDSC/dep_GWAS.sumstats.gz ...
Read summary statistics for 1173388 SNPs.
Reading reference panel LD Score from /Users/sheaandrews/Programs/ldsc/eur_w_ld_chr/[1-22] ...
Read reference panel LD Scores for 1290028 SNPs.
Removing partitioned LD Scores with zero variance.
Reading regression weight LD Score from /Users/sheaandrews/Programs/ldsc/eur_w_ld_chr/[1-22] ...
Read regression weight LD Scores for 1290028 SNPs.
After merging with reference panel LD, 1166944 SNPs remain.
After merging with regression SNP LD, 1166944 SNPs remain.
Computing rg for phenotype 2/2
Reading summary statistics from 1_RawData/LDSC/pp_GWAS.sumstats.gz ...
Read summary statistics for 1217311 SNPs.
After merging with summary statistics, 1166944 SNPs remain.
1159485 SNPs with valid alleles.

Heritability of phenotype 1
---------------------------
Total Observed scale h2: 0.0629 (0.0029)
Lambda GC: 1.3272
Mean Chi^2: 1.396
Intercept: 1.0032 (0.0086)
Ratio: 0.0081 (0.0217)

Heritability of phenotype 2/2
-----------------------------
Total Observed scale h2: 0.122 (0.0049)
Lambda GC: 1.9095
Mean Chi^2: 2.7986
Intercept: 1.0268 (0.0273)
Ratio: 0.0149 (0.0152)

Genetic Covariance
------------------
Total Observed scale gencov: -0.0014 (0.0016)
Mean z1*z2: -0.0503
Intercept: -0.0355 (0.007)

Genetic Correlation
-------------------
Genetic Correlation: -0.0156 (0.0186)
Z-score: -0.8398
P: 0.401


Summary of Genetic Correlation Results
p1                                  p2      rg      se       z      p  h2_obs  h2_obs_se  h2_int  h2_int_se  gcov_int  gcov_int_se
1_RawData/LDSC/dep_GWAS.sumstats.gz  1_RawData/LDSC/pp_GWAS.sumstats.gz -0.0156  0.0186 -0.8398  0.401   0.122     0.0049  1.0268     0.0273   -0.0355        0.007

Analysis finished at Fri Nov 30 10:45:34 2018
Total time elapsed: 12.74s
