*********************************************************************
* LD Score Regression (LDSC)
* Version 1.0.0
* (C) 2014-2015 Brendan Bulik-Sullivan and Hilary Finucane
* Broad Institute of MIT and Harvard / MIT Department of Mathematics
* GNU General Public License v3
*********************************************************************
Call: 
./ldsc.py \
--ref-ld-chr /Users/sheaandrews/Programs/ldsc/eur_w_ld_chr/ \
--out 2_DerivedData/LDSC/dep_mdd \
--rg 1_RawData/LDSC/dep_GWAS.sumstats.gz,1_RawData/LDSC/mdd_GWAS.sumstats.gz \
--w-ld-chr /Users/sheaandrews/Programs/ldsc/eur_w_ld_chr/ 

Beginning analysis at Fri Nov 30 14:36:20 2018
Reading summary statistics from 1_RawData/LDSC/dep_GWAS.sumstats.gz ...
Read summary statistics for 1173388 SNPs.
Reading reference panel LD Score from /Users/sheaandrews/Programs/ldsc/eur_w_ld_chr/[1-22] ...
Read reference panel LD Scores for 1290028 SNPs.
Removing partitioned LD Scores with zero variance.
Reading regression weight LD Score from /Users/sheaandrews/Programs/ldsc/eur_w_ld_chr/[1-22] ...
Read regression weight LD Scores for 1290028 SNPs.
After merging with reference panel LD, 1166944 SNPs remain.
After merging with regression SNP LD, 1166944 SNPs remain.
Computing rg for phenotype 2/2
Reading summary statistics from 1_RawData/LDSC/mdd_GWAS.sumstats.gz ...
Read summary statistics for 1217311 SNPs.
After merging with summary statistics, 1166944 SNPs remain.
2889 SNPs with valid alleles.
WARNING: number of SNPs less than 200k; this is almost always bad.

Heritability of phenotype 1
---------------------------
Total Observed scale h2: 0.2366 (0.0338)
Lambda GC: 1.9507
Mean Chi^2: 2.128
Intercept: 0.9572 (0.1172)
Ratio < 0 (usually indicates GC correction).

Heritability of phenotype 2/2
-----------------------------
Total Observed scale h2: 0.2532 (0.0233)
Lambda GC: 17.5437
Mean Chi^2: 9.3688
Intercept: 7.5362 (0.1177)
Ratio: 0.781 (0.0141)

Genetic Covariance
------------------
Total Observed scale gencov: 0.4056 (0.0402)
Mean z1*z2: 2.4877
Intercept: 0.2274 (0.1799)

Genetic Correlation
-------------------
Genetic Correlation: nan (nan) (rg out of bounds) 
Z-score: nan (nan) (rg out of bounds)
P: nan (nan) (rg out of bounds)
WARNING: rg was out of bounds.
This often means that h2 is not significantly different from zero.


Summary of Genetic Correlation Results
p1                                   p2      rg      se       z           p  h2_obs  h2_obs_se  h2_int  h2_int_se  gcov_int  gcov_int_se
1_RawData/LDSC/dep_GWAS.sumstats.gz  1_RawData/LDSC/mdd_GWAS.sumstats.gz  1.6572  0.1945  8.5201  1.5937e-17  0.2532     0.0233  7.5362     0.1177    0.2274       0.1799

Analysis finished at Fri Nov 30 14:36:31 2018
Total time elapsed: 11.22s
