*********************************************************************
* LD Score Regression (LDSC)
* Version 1.0.0
* (C) 2014-2015 Brendan Bulik-Sullivan and Hilary Finucane
* Broad Institute of MIT and Harvard / MIT Department of Mathematics
* GNU General Public License v3
*********************************************************************
Call: 
./ldsc.py \
--ref-ld-chr /Users/sheaandrews/Programs/ldsc/eur_w_ld_chr/ \
--out 2_DerivedData/LDSC/dep_insom \
--rg 1_RawData/LDSC/dep_GWAS.sumstats.gz,1_RawData/LDSC/insom_GWAS.sumstats.gz \
--w-ld-chr /Users/sheaandrews/Programs/ldsc/eur_w_ld_chr/ 

Beginning analysis at Fri Nov 30 09:21:56 2018
Reading summary statistics from 1_RawData/LDSC/dep_GWAS.sumstats.gz ...
Read summary statistics for 1173388 SNPs.
Reading reference panel LD Score from /Users/sheaandrews/Programs/ldsc/eur_w_ld_chr/[1-22] ...
Read reference panel LD Scores for 1290028 SNPs.
Removing partitioned LD Scores with zero variance.
Reading regression weight LD Score from /Users/sheaandrews/Programs/ldsc/eur_w_ld_chr/[1-22] ...
Read regression weight LD Scores for 1290028 SNPs.
After merging with reference panel LD, 1166944 SNPs remain.
After merging with regression SNP LD, 1166944 SNPs remain.
Computing rg for phenotype 2/2
Reading summary statistics from 1_RawData/LDSC/insom_GWAS.sumstats.gz ...
Read summary statistics for 1217311 SNPs.
After merging with summary statistics, 1166944 SNPs remain.
1125049 SNPs with valid alleles.

Heritability of phenotype 1
---------------------------
Total Observed scale h2: 0.0628 (0.0028)
Lambda GC: 1.3306
Mean Chi^2: 1.4005
Intercept: 1.0034 (0.0088)
Ratio: 0.0084 (0.0219)

Heritability of phenotype 2/2
-----------------------------
Total Observed scale h2: 0.046 (0.0021)
Lambda GC: 1.3101
Mean Chi^2: 1.3668
Intercept: 1.0137 (0.0089)
Ratio: 0.0375 (0.0242)

Genetic Covariance
------------------
Total Observed scale gencov: 0.0231 (0.0018)
Mean z1*z2: 0.2561
Intercept: 0.0929 (0.0062)

Genetic Correlation
-------------------
Genetic Correlation: 0.4302 (0.0288)
Z-score: 14.9581
P: 1.3798e-50


Summary of Genetic Correlation Results
p1                                     p2      rg      se        z           p  h2_obs  h2_obs_se  h2_int  h2_int_se  gcov_int  gcov_int_se
1_RawData/LDSC/dep_GWAS.sumstats.gz  1_RawData/LDSC/insom_GWAS.sumstats.gz  0.4302  0.0288  14.9581  1.3798e-50   0.046     0.0021  1.0137     0.0089    0.0929       0.0062

Analysis finished at Fri Nov 30 09:22:08 2018
Total time elapsed: 12.53s
