*********************************************************************
* LD Score Regression (LDSC)
* Version 1.0.0
* (C) 2014-2015 Brendan Bulik-Sullivan and Hilary Finucane
* Broad Institute of MIT and Harvard / MIT Department of Mathematics
* GNU General Public License v3
*********************************************************************
Call: 
./ldsc.py \
--ref-ld-chr /Users/sheaandrews/Programs/ldsc/eur_w_ld_chr/ \
--out 2_DerivedData/LDSC/dep_las \
--rg 1_RawData/LDSC/dep_GWAS.sumstats.gz,1_RawData/LDSC/las_GWAS.sumstats.gz \
--w-ld-chr /Users/sheaandrews/Programs/ldsc/eur_w_ld_chr/ 

Beginning analysis at Fri Nov 30 13:15:43 2018
Reading summary statistics from 1_RawData/LDSC/dep_GWAS.sumstats.gz ...
Read summary statistics for 1173388 SNPs.
Reading reference panel LD Score from /Users/sheaandrews/Programs/ldsc/eur_w_ld_chr/[1-22] ...
Read reference panel LD Scores for 1290028 SNPs.
Removing partitioned LD Scores with zero variance.
Reading regression weight LD Score from /Users/sheaandrews/Programs/ldsc/eur_w_ld_chr/[1-22] ...
Read regression weight LD Scores for 1290028 SNPs.
After merging with reference panel LD, 1166944 SNPs remain.
After merging with regression SNP LD, 1166944 SNPs remain.
Computing rg for phenotype 2/2
Reading summary statistics from 1_RawData/LDSC/las_GWAS.sumstats.gz ...
Read summary statistics for 1217311 SNPs.
After merging with summary statistics, 1166944 SNPs remain.
1166622 SNPs with valid alleles.

Heritability of phenotype 1
---------------------------
Total Observed scale h2: 0.0624 (0.003)
Lambda GC: 1.3272
Mean Chi^2: 1.3944
Intercept: 1.0057 (0.0088)
Ratio: 0.0145 (0.0224)

Heritability of phenotype 2/2
-----------------------------
Total Observed scale h2: 0.0006 (0.0012)
Lambda GC: 1.105
Mean Chi^2: 1.111
Intercept: 1.1055 (0.0074)
Ratio: 0.9507 (0.0671)

Genetic Covariance
------------------
Total Observed scale gencov: 0.0005 (0.0011)
Mean z1*z2: 0.0076
Intercept: 0.0046 (0.0054)

Genetic Correlation
-------------------
Genetic Correlation: 0.0747 (0.1903)
Z-score: 0.3925
P: 0.6947


Summary of Genetic Correlation Results
p1                                   p2      rg      se       z       p  h2_obs  h2_obs_se  h2_int  h2_int_se  gcov_int  gcov_int_se
1_RawData/LDSC/dep_GWAS.sumstats.gz  1_RawData/LDSC/las_GWAS.sumstats.gz  0.0747  0.1903  0.3925  0.6947  0.0006     0.0012  1.1055     0.0074    0.0046       0.0054

Analysis finished at Fri Nov 30 13:15:57 2018
Total time elapsed: 14.41s
