*********************************************************************
* LD Score Regression (LDSC)
* Version 1.0.0
* (C) 2014-2015 Brendan Bulik-Sullivan and Hilary Finucane
* Broad Institute of MIT and Harvard / MIT Department of Mathematics
* GNU General Public License v3
*********************************************************************
Call: 
./ldsc.py \
--ref-ld-chr /Users/sheaandrews/Programs/ldsc/eur_w_ld_chr/ \
--out 2_DerivedData/LDSC/dep_as \
--rg 1_RawData/LDSC/dep_GWAS.sumstats.gz,1_RawData/LDSC/as_GWAS.sumstats.gz \
--w-ld-chr /Users/sheaandrews/Programs/ldsc/eur_w_ld_chr/ 

Beginning analysis at Fri Nov 30 13:18:12 2018
Reading summary statistics from 1_RawData/LDSC/dep_GWAS.sumstats.gz ...
Read summary statistics for 1173388 SNPs.
Reading reference panel LD Score from /Users/sheaandrews/Programs/ldsc/eur_w_ld_chr/[1-22] ...
Read reference panel LD Scores for 1290028 SNPs.
Removing partitioned LD Scores with zero variance.
Reading regression weight LD Score from /Users/sheaandrews/Programs/ldsc/eur_w_ld_chr/[1-22] ...
Read regression weight LD Scores for 1290028 SNPs.
After merging with reference panel LD, 1166944 SNPs remain.
After merging with regression SNP LD, 1166944 SNPs remain.
Computing rg for phenotype 2/2
Reading summary statistics from 1_RawData/LDSC/as_GWAS.sumstats.gz ...
Read summary statistics for 1217311 SNPs.
After merging with summary statistics, 1166944 SNPs remain.
1166551 SNPs with valid alleles.

Heritability of phenotype 1
---------------------------
Total Observed scale h2: 0.0623 (0.003)
Lambda GC: 1.3272
Mean Chi^2: 1.3944
Intercept: 1.006 (0.0088)
Ratio: 0.0152 (0.0223)

Heritability of phenotype 2/2
-----------------------------
Total Observed scale h2: 0.0127 (0.0014)
Lambda GC: 1.1238
Mean Chi^2: 1.1487
Intercept: 1.0355 (0.0072)
Ratio: 0.2386 (0.0483)

Genetic Covariance
------------------
Total Observed scale gencov: 0.0019 (0.0012)
Mean z1*z2: 0.013
Intercept: 0.0003 (0.0056)

Genetic Correlation
-------------------
Genetic Correlation: 0.0674 (0.0434)
Z-score: 1.5531
P: 0.1204


Summary of Genetic Correlation Results
p1                                  p2      rg      se       z       p  h2_obs  h2_obs_se  h2_int  h2_int_se  gcov_int  gcov_int_se
1_RawData/LDSC/dep_GWAS.sumstats.gz  1_RawData/LDSC/as_GWAS.sumstats.gz  0.0674  0.0434  1.5531  0.1204  0.0127     0.0014  1.0355     0.0072    0.0003       0.0056

Analysis finished at Fri Nov 30 13:18:25 2018
Total time elapsed: 13.22s
