*********************************************************************
* LD Score Regression (LDSC)
* Version 1.0.0
* (C) 2014-2015 Brendan Bulik-Sullivan and Hilary Finucane
* Broad Institute of MIT and Harvard / MIT Department of Mathematics
* GNU General Public License v3
*********************************************************************
Call: 
./ldsc.py \
--ref-ld-chr /Users/sheaandrews/Programs/ldsc/eur_w_ld_chr/ \
--out 2_DerivedData/LDSC/dep_sociso \
--rg 1_RawData/LDSC/dep_GWAS.sumstats.gz,1_RawData/LDSC/sociso_GWAS.sumstats.gz \
--w-ld-chr /Users/sheaandrews/Programs/ldsc/eur_w_ld_chr/ 

Beginning analysis at Fri Nov 30 12:51:13 2018
Reading summary statistics from 1_RawData/LDSC/dep_GWAS.sumstats.gz ...
Read summary statistics for 1173388 SNPs.
Reading reference panel LD Score from /Users/sheaandrews/Programs/ldsc/eur_w_ld_chr/[1-22] ...
Read reference panel LD Scores for 1290028 SNPs.
Removing partitioned LD Scores with zero variance.
Reading regression weight LD Score from /Users/sheaandrews/Programs/ldsc/eur_w_ld_chr/[1-22] ...
Read regression weight LD Scores for 1290028 SNPs.
After merging with reference panel LD, 1166944 SNPs remain.
After merging with regression SNP LD, 1166944 SNPs remain.
Computing rg for phenotype 2/2
Reading summary statistics from 1_RawData/LDSC/sociso_GWAS.sumstats.gz ...
Read summary statistics for 1217311 SNPs.
After merging with summary statistics, 1166944 SNPs remain.
1166595 SNPs with valid alleles.

Heritability of phenotype 1
---------------------------
Total Observed scale h2: 0.0623 (0.0029)
Lambda GC: 1.3272
Mean Chi^2: 1.3943
Intercept: 1.0061 (0.0088)
Ratio: 0.0156 (0.0223)

Heritability of phenotype 2/2
-----------------------------
Total Observed scale h2: 0.0419 (0.002)
Lambda GC: 1.2899
Mean Chi^2: 1.352
Intercept: 0.9859 (0.008)
Ratio < 0 (usually indicates GC correction).

Genetic Covariance
------------------
Total Observed scale gencov: 0.0275 (0.0017)
Mean z1*z2: 0.3768
Intercept: 0.169 (0.0062)

Genetic Correlation
-------------------
Genetic Correlation: 0.5384 (0.025)
Z-score: 21.5797
P: 2.7851e-103


Summary of Genetic Correlation Results
p1                                      p2      rg     se        z            p  h2_obs  h2_obs_se  h2_int  h2_int_se  gcov_int  gcov_int_se
1_RawData/LDSC/dep_GWAS.sumstats.gz  1_RawData/LDSC/sociso_GWAS.sumstats.gz  0.5384  0.025  21.5797  2.7851e-103  0.0419      0.002  0.9859      0.008     0.169       0.0062

Analysis finished at Fri Nov 30 12:51:27 2018
Total time elapsed: 14.15s
