*********************************************************************
* LD Score Regression (LDSC)
* Version 1.0.0
* (C) 2014-2015 Brendan Bulik-Sullivan and Hilary Finucane
* Broad Institute of MIT and Harvard / MIT Department of Mathematics
* GNU General Public License v3
*********************************************************************
Call: 
./ldsc.py \
--ref-ld-chr /Users/sheaandrews/Programs/ldsc/eur_w_ld_chr/ \
--out 2_DerivedData/LDSC/dep_educall \
--rg 1_RawData/LDSC/dep_GWAS.sumstats.gz,1_RawData/LDSC/educall_GWAS.sumstats.gz \
--w-ld-chr /Users/sheaandrews/Programs/ldsc/eur_w_ld_chr/ 

Beginning analysis at Fri Nov 30 17:33:32 2018
Reading summary statistics from 1_RawData/LDSC/dep_GWAS.sumstats.gz ...
Read summary statistics for 1173388 SNPs.
Reading reference panel LD Score from /Users/sheaandrews/Programs/ldsc/eur_w_ld_chr/[1-22] ...
Read reference panel LD Scores for 1290028 SNPs.
Removing partitioned LD Scores with zero variance.
Reading regression weight LD Score from /Users/sheaandrews/Programs/ldsc/eur_w_ld_chr/[1-22] ...
Read regression weight LD Scores for 1290028 SNPs.
After merging with reference panel LD, 1166944 SNPs remain.
After merging with regression SNP LD, 1166944 SNPs remain.
Computing rg for phenotype 2/2
Reading summary statistics from 1_RawData/LDSC/educall_GWAS.sumstats.gz ...
Read summary statistics for 1217311 SNPs.
After merging with summary statistics, 1166944 SNPs remain.
1154975 SNPs with valid alleles.

Heritability of phenotype 1
---------------------------
Total Observed scale h2: 0.0623 (0.003)
Lambda GC: 1.3272
Mean Chi^2: 1.395
Intercept: 1.0064 (0.0091)
Ratio: 0.0161 (0.023)

Heritability of phenotype 2/2
-----------------------------
Total Observed scale h2: 0.112 (0.0032)
Lambda GC: 2.1112
Mean Chi^2: 2.6642
Intercept: 0.9853 (0.0164)
Ratio < 0 (usually indicates GC correction).

Genetic Covariance
------------------
Total Observed scale gencov: -0.0123 (0.0017)
Mean z1*z2: -0.1377
Intercept: -0.0122 (0.0071)

Genetic Correlation
-------------------
Genetic Correlation: -0.1469 (0.0197)
Z-score: -7.4558
P: 8.9323e-14


Summary of Genetic Correlation Results
p1                                       p2      rg      se       z           p  h2_obs  h2_obs_se  h2_int  h2_int_se  gcov_int  gcov_int_se
1_RawData/LDSC/dep_GWAS.sumstats.gz  1_RawData/LDSC/educall_GWAS.sumstats.gz -0.1469  0.0197 -7.4558  8.9323e-14   0.112     0.0032  0.9853     0.0164   -0.0122       0.0071

Analysis finished at Fri Nov 30 17:33:46 2018
Total time elapsed: 13.74s
