*********************************************************************
* LD Score Regression (LDSC)
* Version 1.0.0
* (C) 2014-2015 Brendan Bulik-Sullivan and Hilary Finucane
* Broad Institute of MIT and Harvard / MIT Department of Mathematics
* GNU General Public License v3
*********************************************************************
Call: 
./ldsc.py \
--ref-ld-chr /Users/sheaandrews/Programs/ldsc/eur_w_ld_chr/ \
--out 2_DerivedData/LDSC/dep_bmi \
--rg 1_RawData/LDSC/dep_GWAS.sumstats.gz,1_RawData/LDSC/bmi_GWAS.sumstats.gz \
--w-ld-chr /Users/sheaandrews/Programs/ldsc/eur_w_ld_chr/ 

Beginning analysis at Fri Nov 30 09:58:37 2018
Reading summary statistics from 1_RawData/LDSC/dep_GWAS.sumstats.gz ...
Read summary statistics for 1173388 SNPs.
Reading reference panel LD Score from /Users/sheaandrews/Programs/ldsc/eur_w_ld_chr/[1-22] ...
Read reference panel LD Scores for 1290028 SNPs.
Removing partitioned LD Scores with zero variance.
Reading regression weight LD Score from /Users/sheaandrews/Programs/ldsc/eur_w_ld_chr/[1-22] ...
Read regression weight LD Scores for 1290028 SNPs.
After merging with reference panel LD, 1166944 SNPs remain.
After merging with regression SNP LD, 1166944 SNPs remain.
Computing rg for phenotype 2/2
Reading summary statistics from 1_RawData/LDSC/bmi_GWAS.sumstats.gz ...
Read summary statistics for 1217311 SNPs.
After merging with summary statistics, 1166944 SNPs remain.
1013577 SNPs with valid alleles.

Heritability of phenotype 1
---------------------------
Total Observed scale h2: 0.0635 (0.0031)
Lambda GC: 1.3306
Mean Chi^2: 1.4007
Intercept: 1.0006 (0.0097)
Ratio: 0.0015 (0.0242)

Heritability of phenotype 2/2
-----------------------------
Total Observed scale h2: 0.2114 (0.0067)
Lambda GC: 2.7872
Mean Chi^2: 3.9437
Intercept: 1.0249 (0.0274)
Ratio: 0.0084 (0.0093)

Genetic Covariance
------------------
Total Observed scale gencov: 0.0119 (0.0023)
Mean z1*z2: 0.1277
Intercept: 0.0205 (0.0089)

Genetic Correlation
-------------------
Genetic Correlation: 0.1031 (0.0204)
Z-score: 5.0536
P: 4.3346e-07


Summary of Genetic Correlation Results
p1                                   p2      rg      se       z           p  h2_obs  h2_obs_se  h2_int  h2_int_se  gcov_int  gcov_int_se
1_RawData/LDSC/dep_GWAS.sumstats.gz  1_RawData/LDSC/bmi_GWAS.sumstats.gz  0.1031  0.0204  5.0536  4.3346e-07  0.2114     0.0067  1.0249     0.0274    0.0205       0.0089

Analysis finished at Fri Nov 30 09:58:49 2018
Total time elapsed: 12.34s
