*********************************************************************
* LD Score Regression (LDSC)
* Version 1.0.0
* (C) 2014-2015 Brendan Bulik-Sullivan and Hilary Finucane
* Broad Institute of MIT and Harvard / MIT Department of Mathematics
* GNU General Public License v3
*********************************************************************
Call: 
./ldsc.py \
--ref-ld-chr /Users/sheaandrews/Programs/ldsc/eur_w_ld_chr/ \
--out 2_DerivedData/LDSC/dep_sbp \
--rg 1_RawData/LDSC/dep_GWAS.sumstats.gz,1_RawData/LDSC/sbp_GWAS.sumstats.gz \
--w-ld-chr /Users/sheaandrews/Programs/ldsc/eur_w_ld_chr/ 

Beginning analysis at Fri Nov 30 10:43:07 2018
Reading summary statistics from 1_RawData/LDSC/dep_GWAS.sumstats.gz ...
Read summary statistics for 1173388 SNPs.
Reading reference panel LD Score from /Users/sheaandrews/Programs/ldsc/eur_w_ld_chr/[1-22] ...
Read reference panel LD Scores for 1290028 SNPs.
Removing partitioned LD Scores with zero variance.
Reading regression weight LD Score from /Users/sheaandrews/Programs/ldsc/eur_w_ld_chr/[1-22] ...
Read regression weight LD Scores for 1290028 SNPs.
After merging with reference panel LD, 1166944 SNPs remain.
After merging with regression SNP LD, 1166944 SNPs remain.
Computing rg for phenotype 2/2
Reading summary statistics from 1_RawData/LDSC/sbp_GWAS.sumstats.gz ...
Read summary statistics for 1217311 SNPs.
After merging with summary statistics, 1166944 SNPs remain.
1159460 SNPs with valid alleles.

Heritability of phenotype 1
---------------------------
Total Observed scale h2: 0.0629 (0.0029)
Lambda GC: 1.3272
Mean Chi^2: 1.3961
Intercept: 1.003 (0.0086)
Ratio: 0.0076 (0.0217)

Heritability of phenotype 2/2
-----------------------------
Total Observed scale h2: 0.1399 (0.0058)
Lambda GC: 2.0897
Mean Chi^2: 3.1444
Intercept: 1.0725 (0.0312)
Ratio: 0.0338 (0.0145)

Genetic Covariance
------------------
Total Observed scale gencov: -0.0021 (0.0018)
Mean z1*z2: -0.0501
Intercept: -0.0249 (0.0073)

Genetic Correlation
-------------------
Genetic Correlation: -0.0224 (0.0192)
Z-score: -1.1644
P: 0.2443


Summary of Genetic Correlation Results
p1                                   p2      rg      se       z       p  h2_obs  h2_obs_se  h2_int  h2_int_se  gcov_int  gcov_int_se
1_RawData/LDSC/dep_GWAS.sumstats.gz  1_RawData/LDSC/sbp_GWAS.sumstats.gz -0.0224  0.0192 -1.1644  0.2443  0.1399     0.0058  1.0725     0.0312   -0.0249       0.0073

Analysis finished at Fri Nov 30 10:43:20 2018
Total time elapsed: 12.38s
