*********************************************************************
* LD Score Regression (LDSC)
* Version 1.0.0
* (C) 2014-2015 Brendan Bulik-Sullivan and Hilary Finucane
* Broad Institute of MIT and Harvard / MIT Department of Mathematics
* GNU General Public License v3
*********************************************************************
Call: 
./ldsc.py \
--ref-ld-chr /Users/sheaandrews/Programs/ldsc/eur_w_ld_chr/ \
--out 2_DerivedData/LDSC/dep_trig \
--rg 1_RawData/LDSC/dep_GWAS.sumstats.gz,1_RawData/LDSC/trig_GWAS.sumstats.gz \
--w-ld-chr /Users/sheaandrews/Programs/ldsc/eur_w_ld_chr/ 

Beginning analysis at Fri Nov 30 11:20:56 2018
Reading summary statistics from 1_RawData/LDSC/dep_GWAS.sumstats.gz ...
Read summary statistics for 1173388 SNPs.
Reading reference panel LD Score from /Users/sheaandrews/Programs/ldsc/eur_w_ld_chr/[1-22] ...
Read reference panel LD Scores for 1290028 SNPs.
Removing partitioned LD Scores with zero variance.
Reading regression weight LD Score from /Users/sheaandrews/Programs/ldsc/eur_w_ld_chr/[1-22] ...
Read regression weight LD Scores for 1290028 SNPs.
After merging with reference panel LD, 1166944 SNPs remain.
After merging with regression SNP LD, 1166944 SNPs remain.
Computing rg for phenotype 2/2
Reading summary statistics from 1_RawData/LDSC/trig_GWAS.sumstats.gz ...
Read summary statistics for 1217311 SNPs.
After merging with summary statistics, 1166944 SNPs remain.
1020774 SNPs with valid alleles.

Heritability of phenotype 1
---------------------------
Total Observed scale h2: 0.0624 (0.0032)
Lambda GC: 1.3306
Mean Chi^2: 1.3989
Intercept: 1.0071 (0.0102)
Ratio: 0.0179 (0.0256)

Heritability of phenotype 2/2
-----------------------------
Total Observed scale h2: 0.27 (0.0574)
Lambda GC: 1.0016
Mean Chi^2: 1.2169
Intercept: 0.7559 (0.0352)
Ratio < 0 (usually indicates GC correction).

Genetic Covariance
------------------
Total Observed scale gencov: 0.0123 (0.003)
Mean z1*z2: 0.0349
Intercept: -0.0075 (0.006)

Genetic Correlation
-------------------
Genetic Correlation: 0.0948 (0.0239)
Z-score: 3.9671
P: 7.2751e-05


Summary of Genetic Correlation Results
p1                                    p2      rg      se       z           p  h2_obs  h2_obs_se  h2_int  h2_int_se  gcov_int  gcov_int_se
1_RawData/LDSC/dep_GWAS.sumstats.gz  1_RawData/LDSC/trig_GWAS.sumstats.gz  0.0948  0.0239  3.9671  7.2751e-05    0.27     0.0574  0.7559     0.0352   -0.0075        0.006

Analysis finished at Fri Nov 30 11:21:08 2018
Total time elapsed: 12.19s
