*********************************************************************
* LD Score Regression (LDSC)
* Version 1.0.0
* (C) 2014-2015 Brendan Bulik-Sullivan and Hilary Finucane
* Broad Institute of MIT and Harvard / MIT Department of Mathematics
* GNU General Public License v3
*********************************************************************
Call: 
./ldsc.py \
--ref-ld-chr /Users/sheaandrews/Programs/ldsc/eur_w_ld_chr/ \
--out 2_DerivedData/LDSC/dep_ab42 \
--rg 1_RawData/LDSC/dep_GWAS.sumstats.gz,1_RawData/LDSC/ab42_GWAS.sumstats.gz \
--w-ld-chr /Users/sheaandrews/Programs/ldsc/eur_w_ld_chr/ 

Beginning analysis at Fri Nov 30 12:02:37 2018
Reading summary statistics from 1_RawData/LDSC/dep_GWAS.sumstats.gz ...
Read summary statistics for 1173388 SNPs.
Reading reference panel LD Score from /Users/sheaandrews/Programs/ldsc/eur_w_ld_chr/[1-22] ...
Read reference panel LD Scores for 1290028 SNPs.
Removing partitioned LD Scores with zero variance.
Reading regression weight LD Score from /Users/sheaandrews/Programs/ldsc/eur_w_ld_chr/[1-22] ...
Read regression weight LD Scores for 1290028 SNPs.
After merging with reference panel LD, 1166944 SNPs remain.
After merging with regression SNP LD, 1166944 SNPs remain.
Computing rg for phenotype 2/2
Reading summary statistics from 1_RawData/LDSC/ab42_GWAS.sumstats.gz ...
Read summary statistics for 1217311 SNPs.
After merging with summary statistics, 1166944 SNPs remain.
998310 SNPs with valid alleles.

Heritability of phenotype 1
---------------------------
Total Observed scale h2: 0.0637 (0.0031)
Lambda GC: 1.3512
Mean Chi^2: 1.423
Intercept: 1.0012 (0.0105)
Ratio: 0.0028 (0.0248)

Heritability of phenotype 2/2
-----------------------------
Total Observed scale h2: 0.1956 (0.1684)
Lambda GC: 1.0285
Mean Chi^2: 1.0379
Intercept: 1.0255 (0.0099)
Ratio: 0.6726 (0.2606)

Genetic Covariance
------------------
Total Observed scale gencov: -0.0149 (0.0143)
Mean z1*z2: -0.0034
Intercept: 0.0086 (0.0057)

Genetic Correlation
-------------------
Genetic Correlation: -0.1336 (0.1373)
Z-score: -0.9731
P: 0.3305


Summary of Genetic Correlation Results
p1                                    p2      rg      se       z       p  h2_obs  h2_obs_se  h2_int  h2_int_se  gcov_int  gcov_int_se
1_RawData/LDSC/dep_GWAS.sumstats.gz  1_RawData/LDSC/ab42_GWAS.sumstats.gz -0.1336  0.1373 -0.9731  0.3305  0.1956     0.1684  1.0255     0.0099    0.0086       0.0057

Analysis finished at Fri Nov 30 12:02:50 2018
Total time elapsed: 13.76s
