*********************************************************************
* LD Score Regression (LDSC)
* Version 1.0.0
* (C) 2014-2015 Brendan Bulik-Sullivan and Hilary Finucane
* Broad Institute of MIT and Harvard / MIT Department of Mathematics
* GNU General Public License v3
*********************************************************************
Call: 
./ldsc.py \
--ref-ld-chr /Users/sheaandrews/Programs/ldsc/eur_w_ld_chr/ \
--out 2_DerivedData/LDSC/diab_ptau \
--rg 1_RawData/LDSC/diab_GWAS.sumstats.gz,1_RawData/LDSC/ptau_GWAS.sumstats.gz \
--w-ld-chr /Users/sheaandrews/Programs/ldsc/eur_w_ld_chr/ 

Beginning analysis at Fri Nov 30 09:13:10 2018
Reading summary statistics from 1_RawData/LDSC/diab_GWAS.sumstats.gz ...
Read summary statistics for 1009568 SNPs.
Reading reference panel LD Score from /Users/sheaandrews/Programs/ldsc/eur_w_ld_chr/[1-22] ...
Read reference panel LD Scores for 1290028 SNPs.
Removing partitioned LD Scores with zero variance.
Reading regression weight LD Score from /Users/sheaandrews/Programs/ldsc/eur_w_ld_chr/[1-22] ...
Read regression weight LD Scores for 1290028 SNPs.
After merging with reference panel LD, 1006749 SNPs remain.
After merging with regression SNP LD, 1006749 SNPs remain.
Computing rg for phenotype 2/2
Reading summary statistics from 1_RawData/LDSC/ptau_GWAS.sumstats.gz ...
Read summary statistics for 1217311 SNPs.
After merging with summary statistics, 1006749 SNPs remain.
936836 SNPs with valid alleles.

Heritability of phenotype 1
---------------------------
Total Observed scale h2: 0.0536 (0.0034)
Lambda GC: 1.4602
Mean Chi^2: 1.6964
Intercept: 1.0384 (0.019)
Ratio: 0.0551 (0.0273)

Heritability of phenotype 2/2
-----------------------------
Total Observed scale h2: 0.2586 (0.177)
Lambda GC: 1.0225
Mean Chi^2: 1.0167
Intercept: 1.001 (0.0079)
Ratio: 0.0595 (0.475)

Genetic Covariance
------------------
Total Observed scale gencov: 0.0197 (0.0115)
Mean z1*z2: 0.0118
Intercept: -0.0057 (0.0063)

Genetic Correlation
-------------------
Genetic Correlation: 0.1674 (0.1139)
Z-score: 1.4693
P: 0.1418


Summary of Genetic Correlation Results
p1                                    p2      rg      se       z       p  h2_obs  h2_obs_se  h2_int  h2_int_se  gcov_int  gcov_int_se
1_RawData/LDSC/diab_GWAS.sumstats.gz  1_RawData/LDSC/ptau_GWAS.sumstats.gz  0.1674  0.1139  1.4693  0.1418  0.2586      0.177   1.001     0.0079   -0.0057       0.0063

Analysis finished at Fri Nov 30 09:13:22 2018
Total time elapsed: 12.12s
