*********************************************************************
* LD Score Regression (LDSC)
* Version 1.0.0
* (C) 2014-2015 Brendan Bulik-Sullivan and Hilary Finucane
* Broad Institute of MIT and Harvard / MIT Department of Mathematics
* GNU General Public License v3
*********************************************************************
Call: 
./ldsc.py \
--ref-ld-chr /Users/sheaandrews/Programs/ldsc/eur_w_ld_chr/ \
--out 2_DerivedData/LDSC/diab_las \
--rg 1_RawData/LDSC/diab_GWAS.sumstats.gz,1_RawData/LDSC/las_GWAS.sumstats.gz \
--w-ld-chr /Users/sheaandrews/Programs/ldsc/eur_w_ld_chr/ 

Beginning analysis at Fri Nov 30 10:02:07 2018
Reading summary statistics from 1_RawData/LDSC/diab_GWAS.sumstats.gz ...
Read summary statistics for 1009568 SNPs.
Reading reference panel LD Score from /Users/sheaandrews/Programs/ldsc/eur_w_ld_chr/[1-22] ...
Read reference panel LD Scores for 1290028 SNPs.
Removing partitioned LD Scores with zero variance.
Reading regression weight LD Score from /Users/sheaandrews/Programs/ldsc/eur_w_ld_chr/[1-22] ...
Read regression weight LD Scores for 1290028 SNPs.
After merging with reference panel LD, 1006749 SNPs remain.
After merging with regression SNP LD, 1006749 SNPs remain.
Computing rg for phenotype 2/2
Reading summary statistics from 1_RawData/LDSC/las_GWAS.sumstats.gz ...
Read summary statistics for 1217311 SNPs.
After merging with summary statistics, 1006749 SNPs remain.
1006737 SNPs with valid alleles.

Heritability of phenotype 1
---------------------------
Total Observed scale h2: 0.0533 (0.0034)
Lambda GC: 1.4494
Mean Chi^2: 1.6828
Intercept: 1.0429 (0.0184)
Ratio: 0.0628 (0.027)

Heritability of phenotype 2/2
-----------------------------
Total Observed scale h2: 0.0006 (0.0013)
Lambda GC: 1.1082
Mean Chi^2: 1.11
Intercept: 1.1042 (0.0096)
Ratio: 0.9477 (0.0869)

Genetic Covariance
------------------
Total Observed scale gencov: 0.0062 (0.001)
Mean z1*z2: 0.0895
Intercept: 0.0214 (0.0072)

Genetic Correlation
-------------------
Genetic Correlation: 1.1072 (3.475)
Z-score: 0.3186
P: 0.75


Summary of Genetic Correlation Results
p1                                   p2      rg     se       z     p  h2_obs  h2_obs_se  h2_int  h2_int_se  gcov_int  gcov_int_se
1_RawData/LDSC/diab_GWAS.sumstats.gz  1_RawData/LDSC/las_GWAS.sumstats.gz  1.1072  3.475  0.3186  0.75  0.0006     0.0013  1.1042     0.0096    0.0214       0.0072

Analysis finished at Fri Nov 30 10:02:19 2018
Total time elapsed: 12.15s
