*********************************************************************
* LD Score Regression (LDSC)
* Version 1.0.0
* (C) 2014-2015 Brendan Bulik-Sullivan and Hilary Finucane
* Broad Institute of MIT and Harvard / MIT Department of Mathematics
* GNU General Public License v3
*********************************************************************
Call: 
./ldsc.py \
--ref-ld-chr /Users/sheaandrews/Programs/ldsc/eur_w_ld_chr/ \
--out 2_DerivedData/LDSC/diab_fish \
--rg 1_RawData/LDSC/diab_GWAS.sumstats.gz,1_RawData/LDSC/fish_GWAS.sumstats.gz \
--w-ld-chr /Users/sheaandrews/Programs/ldsc/eur_w_ld_chr/ 

Beginning analysis at Fri Nov 30 09:41:33 2018
Reading summary statistics from 1_RawData/LDSC/diab_GWAS.sumstats.gz ...
Read summary statistics for 1009568 SNPs.
Reading reference panel LD Score from /Users/sheaandrews/Programs/ldsc/eur_w_ld_chr/[1-22] ...
Read reference panel LD Scores for 1290028 SNPs.
Removing partitioned LD Scores with zero variance.
Reading regression weight LD Score from /Users/sheaandrews/Programs/ldsc/eur_w_ld_chr/[1-22] ...
Read regression weight LD Scores for 1290028 SNPs.
After merging with reference panel LD, 1006749 SNPs remain.
After merging with regression SNP LD, 1006749 SNPs remain.
Computing rg for phenotype 2/2
Reading summary statistics from 1_RawData/LDSC/fish_GWAS.sumstats.gz ...
Read summary statistics for 1217311 SNPs.
After merging with summary statistics, 1006749 SNPs remain.
1006453 SNPs with valid alleles.

Heritability of phenotype 1
---------------------------
Total Observed scale h2: 0.0533 (0.0034)
Lambda GC: 1.4494
Mean Chi^2: 1.6828
Intercept: 1.043 (0.0185)
Ratio: 0.063 (0.0271)

Heritability of phenotype 2/2
-----------------------------
Total Observed scale h2: 0.0635 (0.0036)
Lambda GC: 1.4637
Mean Chi^2: 1.6357
Intercept: 1.0038 (0.017)
Ratio: 0.006 (0.0268)

Genetic Covariance
------------------
Total Observed scale gencov: -0.0052 (0.0019)
Mean z1*z2: -0.0601
Intercept: -0.0184 (0.0099)

Genetic Correlation
-------------------
Genetic Correlation: -0.0887 (0.0332)
Z-score: -2.6743
P: 0.0075


Summary of Genetic Correlation Results
p1                                    p2      rg      se       z       p  h2_obs  h2_obs_se  h2_int  h2_int_se  gcov_int  gcov_int_se
1_RawData/LDSC/diab_GWAS.sumstats.gz  1_RawData/LDSC/fish_GWAS.sumstats.gz -0.0887  0.0332 -2.6743  0.0075  0.0635     0.0036  1.0038      0.017   -0.0184       0.0099

Analysis finished at Fri Nov 30 09:41:46 2018
Total time elapsed: 12.55s
