*********************************************************************
* LD Score Regression (LDSC)
* Version 1.0.0
* (C) 2014-2015 Brendan Bulik-Sullivan and Hilary Finucane
* Broad Institute of MIT and Harvard / MIT Department of Mathematics
* GNU General Public License v3
*********************************************************************
Call: 
./ldsc.py \
--ref-ld-chr /Users/sheaandrews/Programs/ldsc/eur_w_ld_chr/ \
--out 2_DerivedData/LDSC/diab_ces \
--rg 1_RawData/LDSC/diab_GWAS.sumstats.gz,1_RawData/LDSC/ces_GWAS.sumstats.gz \
--w-ld-chr /Users/sheaandrews/Programs/ldsc/eur_w_ld_chr/ 

Beginning analysis at Fri Nov 30 10:04:44 2018
Reading summary statistics from 1_RawData/LDSC/diab_GWAS.sumstats.gz ...
Read summary statistics for 1009568 SNPs.
Reading reference panel LD Score from /Users/sheaandrews/Programs/ldsc/eur_w_ld_chr/[1-22] ...
Read reference panel LD Scores for 1290028 SNPs.
Removing partitioned LD Scores with zero variance.
Reading regression weight LD Score from /Users/sheaandrews/Programs/ldsc/eur_w_ld_chr/[1-22] ...
Read regression weight LD Scores for 1290028 SNPs.
After merging with reference panel LD, 1006749 SNPs remain.
After merging with regression SNP LD, 1006749 SNPs remain.
Computing rg for phenotype 2/2
Reading summary statistics from 1_RawData/LDSC/ces_GWAS.sumstats.gz ...
Read summary statistics for 1217311 SNPs.
After merging with summary statistics, 1006749 SNPs remain.
1006675 SNPs with valid alleles.

Heritability of phenotype 1
---------------------------
Total Observed scale h2: 0.0533 (0.0034)
Lambda GC: 1.4494
Mean Chi^2: 1.6828
Intercept: 1.0429 (0.0185)
Ratio: 0.0629 (0.027)

Heritability of phenotype 2/2
-----------------------------
Total Observed scale h2: 0.0062 (0.0015)
Lambda GC: 1.1144
Mean Chi^2: 1.1272
Intercept: 1.0654 (0.0091)
Ratio: 0.5145 (0.0718)

Genetic Covariance
------------------
Total Observed scale gencov: 0.0011 (0.0011)
Mean z1*z2: 0.039
Intercept: 0.0256 (0.0078)

Genetic Correlation
-------------------
Genetic Correlation: 0.0609 (0.0589)
Z-score: 1.0328
P: 0.3017


Summary of Genetic Correlation Results
p1                                   p2      rg      se       z       p  h2_obs  h2_obs_se  h2_int  h2_int_se  gcov_int  gcov_int_se
1_RawData/LDSC/diab_GWAS.sumstats.gz  1_RawData/LDSC/ces_GWAS.sumstats.gz  0.0609  0.0589  1.0328  0.3017  0.0062     0.0015  1.0654     0.0091    0.0256       0.0078

Analysis finished at Fri Nov 30 10:04:56 2018
Total time elapsed: 12.42s
