*********************************************************************
* LD Score Regression (LDSC)
* Version 1.0.0
* (C) 2014-2015 Brendan Bulik-Sullivan and Hilary Finucane
* Broad Institute of MIT and Harvard / MIT Department of Mathematics
* GNU General Public License v3
*********************************************************************
Call: 
./ldsc.py \
--ref-ld-chr /Users/sheaandrews/Programs/ldsc/eur_w_ld_chr/ \
--out 2_DerivedData/LDSC/diab_cpd \
--rg 1_RawData/LDSC/diab_GWAS.sumstats.gz,1_RawData/LDSC/cpd_GWAS.sumstats.gz \
--w-ld-chr /Users/sheaandrews/Programs/ldsc/eur_w_ld_chr/ 

Beginning analysis at Fri Nov 30 09:54:52 2018
Reading summary statistics from 1_RawData/LDSC/diab_GWAS.sumstats.gz ...
Read summary statistics for 1009568 SNPs.
Reading reference panel LD Score from /Users/sheaandrews/Programs/ldsc/eur_w_ld_chr/[1-22] ...
Read reference panel LD Scores for 1290028 SNPs.
Removing partitioned LD Scores with zero variance.
Reading regression weight LD Score from /Users/sheaandrews/Programs/ldsc/eur_w_ld_chr/[1-22] ...
Read regression weight LD Scores for 1290028 SNPs.
After merging with reference panel LD, 1006749 SNPs remain.
After merging with regression SNP LD, 1006749 SNPs remain.
Computing rg for phenotype 2/2
Reading summary statistics from 1_RawData/LDSC/cpd_GWAS.sumstats.gz ...
Read summary statistics for 1217311 SNPs.
After merging with summary statistics, 1006749 SNPs remain.
1006674 SNPs with valid alleles.

Heritability of phenotype 1
---------------------------
Total Observed scale h2: 0.0533 (0.0034)
Lambda GC: 1.4494
Mean Chi^2: 1.6828
Intercept: 1.0429 (0.0184)
Ratio: 0.0628 (0.027)

Heritability of phenotype 2/2
-----------------------------
Total Observed scale h2: 0.097 (0.0139)
Lambda GC: 1.1491
Mean Chi^2: 1.1761
Intercept: 1.0007 (0.0111)
Ratio: 0.0042 (0.0628)

Genetic Covariance
------------------
Total Observed scale gencov: 0.0271 (0.0028)
Mean z1*z2: 0.1368
Intercept: 0.01 (0.0079)

Genetic Correlation
-------------------
Genetic Correlation: 0.3774 (0.0484)
Z-score: 7.797
P: 6.3380e-15


Summary of Genetic Correlation Results
p1                                   p2      rg      se      z           p  h2_obs  h2_obs_se  h2_int  h2_int_se  gcov_int  gcov_int_se
1_RawData/LDSC/diab_GWAS.sumstats.gz  1_RawData/LDSC/cpd_GWAS.sumstats.gz  0.3774  0.0484  7.797  6.3380e-15   0.097     0.0139  1.0007     0.0111      0.01       0.0079

Analysis finished at Fri Nov 30 09:55:04 2018
Total time elapsed: 12.4s
