*********************************************************************
* LD Score Regression (LDSC)
* Version 1.0.0
* (C) 2014-2015 Brendan Bulik-Sullivan and Hilary Finucane
* Broad Institute of MIT and Harvard / MIT Department of Mathematics
* GNU General Public License v3
*********************************************************************
Call: 
./ldsc.py \
--ref-ld-chr /Users/sheaandrews/Programs/ldsc/eur_w_ld_chr/ \
--out 2_DerivedData/LDSC/diab_ldl \
--rg 1_RawData/LDSC/diab_GWAS.sumstats.gz,1_RawData/LDSC/ldl_GWAS.sumstats.gz \
--w-ld-chr /Users/sheaandrews/Programs/ldsc/eur_w_ld_chr/ 

Beginning analysis at Fri Nov 30 09:10:05 2018
Reading summary statistics from 1_RawData/LDSC/diab_GWAS.sumstats.gz ...
Read summary statistics for 1009568 SNPs.
Reading reference panel LD Score from /Users/sheaandrews/Programs/ldsc/eur_w_ld_chr/[1-22] ...
Read reference panel LD Scores for 1290028 SNPs.
Removing partitioned LD Scores with zero variance.
Reading regression weight LD Score from /Users/sheaandrews/Programs/ldsc/eur_w_ld_chr/[1-22] ...
Read regression weight LD Scores for 1290028 SNPs.
After merging with reference panel LD, 1006749 SNPs remain.
After merging with regression SNP LD, 1006749 SNPs remain.
Computing rg for phenotype 2/2
Reading summary statistics from 1_RawData/LDSC/ldl_GWAS.sumstats.gz ...
Read summary statistics for 1217311 SNPs.
After merging with summary statistics, 1006749 SNPs remain.
910547 SNPs with valid alleles.

Heritability of phenotype 1
---------------------------
Total Observed scale h2: 0.0538 (0.0035)
Lambda GC: 1.4459
Mean Chi^2: 1.6804
Intercept: 1.0442 (0.0184)
Ratio: 0.0649 (0.0271)

Heritability of phenotype 2/2
-----------------------------
Total Observed scale h2: 0.2242 (0.0482)
Lambda GC: 1.0165
Mean Chi^2: 1.1925
Intercept: 0.8124 (0.0409)
Ratio < 0 (usually indicates GC correction).

Genetic Covariance
------------------
Total Observed scale gencov: 0.0089 (0.0035)
Mean z1*z2: 0.038
Intercept: -0.0027 (0.0083)

Genetic Correlation
-------------------
Genetic Correlation: 0.0814 (0.0376)
Z-score: 2.1628
P: 0.0306


Summary of Genetic Correlation Results
p1                                   p2      rg      se       z       p  h2_obs  h2_obs_se  h2_int  h2_int_se  gcov_int  gcov_int_se
1_RawData/LDSC/diab_GWAS.sumstats.gz  1_RawData/LDSC/ldl_GWAS.sumstats.gz  0.0814  0.0376  2.1628  0.0306  0.2242     0.0482  0.8124     0.0409   -0.0027       0.0083

Analysis finished at Fri Nov 30 09:10:17 2018
Total time elapsed: 12.78s
