*********************************************************************
* LD Score Regression (LDSC)
* Version 1.0.0
* (C) 2014-2015 Brendan Bulik-Sullivan and Hilary Finucane
* Broad Institute of MIT and Harvard / MIT Department of Mathematics
* GNU General Public License v3
*********************************************************************
Call: 
./ldsc.py \
--ref-ld-chr /Users/sheaandrews/Programs/ldsc/eur_w_ld_chr/ \
--out 2_DerivedData/LDSC/diab_insom \
--rg 1_RawData/LDSC/diab_GWAS.sumstats.gz,1_RawData/LDSC/insom_GWAS.sumstats.gz \
--w-ld-chr /Users/sheaandrews/Programs/ldsc/eur_w_ld_chr/ 

Beginning analysis at Fri Nov 30 08:41:56 2018
Reading summary statistics from 1_RawData/LDSC/diab_GWAS.sumstats.gz ...
Read summary statistics for 1009568 SNPs.
Reading reference panel LD Score from /Users/sheaandrews/Programs/ldsc/eur_w_ld_chr/[1-22] ...
Read reference panel LD Scores for 1290028 SNPs.
Removing partitioned LD Scores with zero variance.
Reading regression weight LD Score from /Users/sheaandrews/Programs/ldsc/eur_w_ld_chr/[1-22] ...
Read regression weight LD Scores for 1290028 SNPs.
After merging with reference panel LD, 1006749 SNPs remain.
After merging with regression SNP LD, 1006749 SNPs remain.
Computing rg for phenotype 2/2
Reading summary statistics from 1_RawData/LDSC/insom_GWAS.sumstats.gz ...
Read summary statistics for 1217311 SNPs.
After merging with summary statistics, 1006749 SNPs remain.
1001391 SNPs with valid alleles.

Heritability of phenotype 1
---------------------------
Total Observed scale h2: 0.0533 (0.0034)
Lambda GC: 1.4494
Mean Chi^2: 1.6841
Intercept: 1.0424 (0.0186)
Ratio: 0.0619 (0.0271)

Heritability of phenotype 2/2
-----------------------------
Total Observed scale h2: 0.046 (0.0023)
Lambda GC: 1.334
Mean Chi^2: 1.3897
Intercept: 1.0123 (0.0109)
Ratio: 0.0315 (0.0279)

Genetic Covariance
------------------
Total Observed scale gencov: 0.0112 (0.0016)
Mean z1*z2: 0.1466
Intercept: 0.0415 (0.0087)

Genetic Correlation
-------------------
Genetic Correlation: 0.226 (0.0331)
Z-score: 6.8234
P: 8.8921e-12


Summary of Genetic Correlation Results
p1                                     p2     rg      se       z           p  h2_obs  h2_obs_se  h2_int  h2_int_se  gcov_int  gcov_int_se
1_RawData/LDSC/diab_GWAS.sumstats.gz  1_RawData/LDSC/insom_GWAS.sumstats.gz  0.226  0.0331  6.8234  8.8921e-12   0.046     0.0023  1.0123     0.0109    0.0415       0.0087

Analysis finished at Fri Nov 30 08:42:09 2018
Total time elapsed: 13.16s
