*********************************************************************
* LD Score Regression (LDSC)
* Version 1.0.0
* (C) 2014-2015 Brendan Bulik-Sullivan and Hilary Finucane
* Broad Institute of MIT and Harvard / MIT Department of Mathematics
* GNU General Public License v3
*********************************************************************
Call: 
./ldsc.py \
--ref-ld-chr /Users/sheaandrews/Programs/ldsc/eur_w_ld_chr/ \
--out 2_DerivedData/LDSC/diab_aaos \
--rg 1_RawData/LDSC/diab_GWAS.sumstats.gz,1_RawData/LDSC/aaos_GWAS.sumstats.gz \
--w-ld-chr /Users/sheaandrews/Programs/ldsc/eur_w_ld_chr/ 

Beginning analysis at Fri Nov 30 10:08:15 2018
Reading summary statistics from 1_RawData/LDSC/diab_GWAS.sumstats.gz ...
Read summary statistics for 1009568 SNPs.
Reading reference panel LD Score from /Users/sheaandrews/Programs/ldsc/eur_w_ld_chr/[1-22] ...
Read reference panel LD Scores for 1290028 SNPs.
Removing partitioned LD Scores with zero variance.
Reading regression weight LD Score from /Users/sheaandrews/Programs/ldsc/eur_w_ld_chr/[1-22] ...
Read regression weight LD Scores for 1290028 SNPs.
After merging with reference panel LD, 1006749 SNPs remain.
After merging with regression SNP LD, 1006749 SNPs remain.
Computing rg for phenotype 2/2
Reading summary statistics from 1_RawData/LDSC/aaos_GWAS.sumstats.gz ...
Read summary statistics for 1217311 SNPs.
After merging with summary statistics, 1006749 SNPs remain.
1006724 SNPs with valid alleles.

Heritability of phenotype 1
---------------------------
Total Observed scale h2: 0.0533 (0.0034)
Lambda GC: 1.4494
Mean Chi^2: 1.6828
Intercept: 1.043 (0.0184)
Ratio: 0.063 (0.027)

Heritability of phenotype 2/2
-----------------------------
Total Observed scale h2: 0.0932 (0.0142)
Lambda GC: 1.0772
Mean Chi^2: 1.0792
Intercept: 0.9996 (0.0106)
Ratio < 0 (usually indicates GC correction).

Genetic Covariance
------------------
Total Observed scale gencov: 0.0134 (0.0041)
Mean z1*z2: 0.0497
Intercept: 0.0071 (0.008)

Genetic Correlation
-------------------
Genetic Correlation: 0.1905 (0.0604)
Z-score: 3.1549
P: 0.0016


Summary of Genetic Correlation Results
p1                                    p2      rg      se       z       p  h2_obs  h2_obs_se  h2_int  h2_int_se  gcov_int  gcov_int_se
1_RawData/LDSC/diab_GWAS.sumstats.gz  1_RawData/LDSC/aaos_GWAS.sumstats.gz  0.1905  0.0604  3.1549  0.0016  0.0932     0.0142  0.9996     0.0106    0.0071        0.008

Analysis finished at Fri Nov 30 10:08:27 2018
Total time elapsed: 12.16s
