*********************************************************************
* LD Score Regression (LDSC)
* Version 1.0.0
* (C) 2014-2015 Brendan Bulik-Sullivan and Hilary Finucane
* Broad Institute of MIT and Harvard / MIT Department of Mathematics
* GNU General Public License v3
*********************************************************************
Call: 
./ldsc.py \
--ref-ld-chr /Users/sheaandrews/Programs/ldsc/eur_w_ld_chr/ \
--out 2_DerivedData/LDSC/diab_sleep \
--rg 1_RawData/LDSC/diab_GWAS.sumstats.gz,1_RawData/LDSC/sleep_GWAS.sumstats.gz \
--w-ld-chr /Users/sheaandrews/Programs/ldsc/eur_w_ld_chr/ 

Beginning analysis at Fri Nov 30 09:00:47 2018
Reading summary statistics from 1_RawData/LDSC/diab_GWAS.sumstats.gz ...
Read summary statistics for 1009568 SNPs.
Reading reference panel LD Score from /Users/sheaandrews/Programs/ldsc/eur_w_ld_chr/[1-22] ...
Read reference panel LD Scores for 1290028 SNPs.
Removing partitioned LD Scores with zero variance.
Reading regression weight LD Score from /Users/sheaandrews/Programs/ldsc/eur_w_ld_chr/[1-22] ...
Read regression weight LD Scores for 1290028 SNPs.
After merging with reference panel LD, 1006749 SNPs remain.
After merging with regression SNP LD, 1006749 SNPs remain.
Computing rg for phenotype 2/2
Reading summary statistics from 1_RawData/LDSC/sleep_GWAS.sumstats.gz ...
Read summary statistics for 1217311 SNPs.
After merging with summary statistics, 1006749 SNPs remain.
1003420 SNPs with valid alleles.

Heritability of phenotype 1
---------------------------
Total Observed scale h2: 0.0531 (0.0035)
Lambda GC: 1.4459
Mean Chi^2: 1.6809
Intercept: 1.0424 (0.0183)
Ratio: 0.0623 (0.0269)

Heritability of phenotype 2/2
-----------------------------
Total Observed scale h2: 0.0592 (0.0062)
Lambda GC: 1.127
Mean Chi^2: 1.1521
Intercept: 1.0103 (0.0096)
Ratio: 0.0676 (0.0633)

Genetic Covariance
------------------
Total Observed scale gencov: 0.0008 (0.0027)
Mean z1*z2: 0.0046
Intercept: -0.006 (0.0082)

Genetic Correlation
-------------------
Genetic Correlation: 0.0148 (0.0487)
Z-score: 0.3036
P: 0.7615


Summary of Genetic Correlation Results
p1                                     p2      rg      se       z       p  h2_obs  h2_obs_se  h2_int  h2_int_se  gcov_int  gcov_int_se
1_RawData/LDSC/diab_GWAS.sumstats.gz  1_RawData/LDSC/sleep_GWAS.sumstats.gz  0.0148  0.0487  0.3036  0.7615  0.0592     0.0062  1.0103     0.0096    -0.006       0.0082

Analysis finished at Fri Nov 30 09:00:59 2018
Total time elapsed: 11.95s
