*********************************************************************
* LD Score Regression (LDSC)
* Version 1.0.0
* (C) 2014-2015 Brendan Bulik-Sullivan and Hilary Finucane
* Broad Institute of MIT and Harvard / MIT Department of Mathematics
* GNU General Public License v3
*********************************************************************
Call: 
./ldsc.py \
--ref-ld-chr /Users/sheaandrews/Programs/ldsc/eur_w_ld_chr/ \
--out 2_DerivedData/LDSC/diab_smkukbb \
--rg 1_RawData/LDSC/diab_GWAS.sumstats.gz,1_RawData/LDSC/smkukbb_GWAS.sumstats.gz \
--w-ld-chr /Users/sheaandrews/Programs/ldsc/eur_w_ld_chr/ 

Beginning analysis at Fri Nov 30 09:38:44 2018
Reading summary statistics from 1_RawData/LDSC/diab_GWAS.sumstats.gz ...
Read summary statistics for 1009568 SNPs.
Reading reference panel LD Score from /Users/sheaandrews/Programs/ldsc/eur_w_ld_chr/[1-22] ...
Read reference panel LD Scores for 1290028 SNPs.
Removing partitioned LD Scores with zero variance.
Reading regression weight LD Score from /Users/sheaandrews/Programs/ldsc/eur_w_ld_chr/[1-22] ...
Read regression weight LD Scores for 1290028 SNPs.
After merging with reference panel LD, 1006749 SNPs remain.
After merging with regression SNP LD, 1006749 SNPs remain.
Computing rg for phenotype 2/2
Reading summary statistics from 1_RawData/LDSC/smkukbb_GWAS.sumstats.gz ...
Read summary statistics for 1217311 SNPs.
After merging with summary statistics, 1006749 SNPs remain.
1006453 SNPs with valid alleles.

Heritability of phenotype 1
---------------------------
Total Observed scale h2: 0.0533 (0.0034)
Lambda GC: 1.4494
Mean Chi^2: 1.6828
Intercept: 1.043 (0.0185)
Ratio: 0.063 (0.0271)

Heritability of phenotype 2/2
-----------------------------
Total Observed scale h2: 0.1008 (0.0042)
Lambda GC: 1.6946
Mean Chi^2: 1.9954
Intercept: 1.0103 (0.0163)
Ratio: 0.0104 (0.0163)

Genetic Covariance
------------------
Total Observed scale gencov: 0.0143 (0.0017)
Mean z1*z2: 0.1906
Intercept: 0.0362 (0.0094)

Genetic Correlation
-------------------
Genetic Correlation: 0.1957 (0.0231)
Z-score: 8.4778
P: 2.2945e-17


Summary of Genetic Correlation Results
p1                                       p2      rg      se       z           p  h2_obs  h2_obs_se  h2_int  h2_int_se  gcov_int  gcov_int_se
1_RawData/LDSC/diab_GWAS.sumstats.gz  1_RawData/LDSC/smkukbb_GWAS.sumstats.gz  0.1957  0.0231  8.4778  2.2945e-17  0.1008     0.0042  1.0103     0.0163    0.0362       0.0094

Analysis finished at Fri Nov 30 09:38:56 2018
Total time elapsed: 12.31s
