*********************************************************************
* LD Score Regression (LDSC)
* Version 1.0.0
* (C) 2014-2015 Brendan Bulik-Sullivan and Hilary Finucane
* Broad Institute of MIT and Harvard / MIT Department of Mathematics
* GNU General Public License v3
*********************************************************************
Call: 
./ldsc.py \
--ref-ld-chr /Users/sheaandrews/Programs/ldsc/eur_w_ld_chr/ \
--out 2_DerivedData/LDSC/diab_educall \
--rg 1_RawData/LDSC/diab_GWAS.sumstats.gz,1_RawData/LDSC/educall_GWAS.sumstats.gz \
--w-ld-chr /Users/sheaandrews/Programs/ldsc/eur_w_ld_chr/ 

Beginning analysis at Fri Nov 30 17:23:37 2018
Reading summary statistics from 1_RawData/LDSC/diab_GWAS.sumstats.gz ...
Read summary statistics for 1009568 SNPs.
Reading reference panel LD Score from /Users/sheaandrews/Programs/ldsc/eur_w_ld_chr/[1-22] ...
Read reference panel LD Scores for 1290028 SNPs.
Removing partitioned LD Scores with zero variance.
Reading regression weight LD Score from /Users/sheaandrews/Programs/ldsc/eur_w_ld_chr/[1-22] ...
Read regression weight LD Scores for 1290028 SNPs.
After merging with reference panel LD, 1006749 SNPs remain.
After merging with regression SNP LD, 1006749 SNPs remain.
Computing rg for phenotype 2/2
Reading summary statistics from 1_RawData/LDSC/educall_GWAS.sumstats.gz ...
Read summary statistics for 1217311 SNPs.
After merging with summary statistics, 1006749 SNPs remain.
1000238 SNPs with valid alleles.

Heritability of phenotype 1
---------------------------
Total Observed scale h2: 0.0532 (0.0034)
Lambda GC: 1.4494
Mean Chi^2: 1.6829
Intercept: 1.0438 (0.0183)
Ratio: 0.0641 (0.0268)

Heritability of phenotype 2/2
-----------------------------
Total Observed scale h2: 0.1112 (0.0037)
Lambda GC: 2.2292
Mean Chi^2: 2.8003
Intercept: 0.9853 (0.025)
Ratio < 0 (usually indicates GC correction).

Genetic Covariance
------------------
Total Observed scale gencov: -0.0197 (0.0016)
Mean z1*z2: -0.3221
Intercept: -0.052 (0.0104)

Genetic Correlation
-------------------
Genetic Correlation: -0.2558 (0.0197)
Z-score: -13.006
P: 1.1309e-38


Summary of Genetic Correlation Results
p1                                       p2      rg      se       z           p  h2_obs  h2_obs_se  h2_int  h2_int_se  gcov_int  gcov_int_se
1_RawData/LDSC/diab_GWAS.sumstats.gz  1_RawData/LDSC/educall_GWAS.sumstats.gz -0.2558  0.0197 -13.006  1.1309e-38  0.1112     0.0037  0.9853      0.025    -0.052       0.0104

Analysis finished at Fri Nov 30 17:23:50 2018
Total time elapsed: 12.73s
