*********************************************************************
* LD Score Regression (LDSC)
* Version 1.0.0
* (C) 2014-2015 Brendan Bulik-Sullivan and Hilary Finucane
* Broad Institute of MIT and Harvard / MIT Department of Mathematics
* GNU General Public License v3
*********************************************************************
Call: 
./ldsc.py \
--ref-ld-chr /Users/sheaandrews/Programs/ldsc/eur_w_ld_chr/ \
--out 2_DerivedData/LDSC/diab_mdd \
--rg 1_RawData/LDSC/diab_GWAS.sumstats.gz,1_RawData/LDSC/mdd_GWAS.sumstats.gz \
--w-ld-chr /Users/sheaandrews/Programs/ldsc/eur_w_ld_chr/ 

Beginning analysis at Fri Nov 30 14:21:20 2018
Reading summary statistics from 1_RawData/LDSC/diab_GWAS.sumstats.gz ...
Read summary statistics for 1009568 SNPs.
Reading reference panel LD Score from /Users/sheaandrews/Programs/ldsc/eur_w_ld_chr/[1-22] ...
Read reference panel LD Scores for 1290028 SNPs.
Removing partitioned LD Scores with zero variance.
Reading regression weight LD Score from /Users/sheaandrews/Programs/ldsc/eur_w_ld_chr/[1-22] ...
Read regression weight LD Scores for 1290028 SNPs.
After merging with reference panel LD, 1006749 SNPs remain.
After merging with regression SNP LD, 1006749 SNPs remain.
Computing rg for phenotype 2/2
Reading summary statistics from 1_RawData/LDSC/mdd_GWAS.sumstats.gz ...
Read summary statistics for 1217311 SNPs.
After merging with summary statistics, 1006749 SNPs remain.
2202 SNPs with valid alleles.
WARNING: number of SNPs less than 200k; this is almost always bad.

Heritability of phenotype 1
---------------------------
Total Observed scale h2: 0.0546 (0.015)
Lambda GC: 1.5272
Mean Chi^2: 1.63
Intercept: 1.0976 (0.1381)
Ratio: 0.155 (0.2192)

Heritability of phenotype 2/2
-----------------------------
Total Observed scale h2: 0.2619 (0.0286)
Lambda GC: 17.9308
Mean Chi^2: 9.6786
Intercept: 7.5314 (0.1738)
Ratio: 0.7526 (0.02)

Genetic Covariance
------------------
Total Observed scale gencov: 0.0529 (0.0229)
Mean z1*z2: 0.7067
Intercept: 0.2286 (0.1857)

Genetic Correlation
-------------------
Genetic Correlation: 0.4425 (0.1778)
Z-score: 2.4893
P: 0.0128


Summary of Genetic Correlation Results
p1                                   p2      rg      se       z       p  h2_obs  h2_obs_se  h2_int  h2_int_se  gcov_int  gcov_int_se
1_RawData/LDSC/diab_GWAS.sumstats.gz  1_RawData/LDSC/mdd_GWAS.sumstats.gz  0.4425  0.1778  2.4893  0.0128  0.2619     0.0286  7.5314     0.1738    0.2286       0.1857

Analysis finished at Fri Nov 30 14:21:31 2018
Total time elapsed: 10.63s
