*********************************************************************
* LD Score Regression (LDSC)
* Version 1.0.0
* (C) 2014-2015 Brendan Bulik-Sullivan and Hilary Finucane
* Broad Institute of MIT and Harvard / MIT Department of Mathematics
* GNU General Public License v3
*********************************************************************
Call: 
./ldsc.py \
--ref-ld-chr /Users/sheaandrews/Programs/ldsc/eur_w_ld_chr/ \
--out 2_DerivedData/LDSC/diab_hear \
--rg 1_RawData/LDSC/diab_GWAS.sumstats.gz,1_RawData/LDSC/hear_GWAS.sumstats.gz \
--w-ld-chr /Users/sheaandrews/Programs/ldsc/eur_w_ld_chr/ 

Beginning analysis at Fri Nov 30 09:42:57 2018
Reading summary statistics from 1_RawData/LDSC/diab_GWAS.sumstats.gz ...
Read summary statistics for 1009568 SNPs.
Reading reference panel LD Score from /Users/sheaandrews/Programs/ldsc/eur_w_ld_chr/[1-22] ...
Read reference panel LD Scores for 1290028 SNPs.
Removing partitioned LD Scores with zero variance.
Reading regression weight LD Score from /Users/sheaandrews/Programs/ldsc/eur_w_ld_chr/[1-22] ...
Read regression weight LD Scores for 1290028 SNPs.
After merging with reference panel LD, 1006749 SNPs remain.
After merging with regression SNP LD, 1006749 SNPs remain.
Computing rg for phenotype 2/2
Reading summary statistics from 1_RawData/LDSC/hear_GWAS.sumstats.gz ...
Read summary statistics for 1217311 SNPs.
After merging with summary statistics, 1006749 SNPs remain.
1006667 SNPs with valid alleles.

Heritability of phenotype 1
---------------------------
Total Observed scale h2: 0.0533 (0.0034)
Lambda GC: 1.4494
Mean Chi^2: 1.6827
Intercept: 1.0429 (0.0185)
Ratio: 0.0629 (0.027)

Heritability of phenotype 2/2
-----------------------------
Total Observed scale h2: 0.0441 (0.0026)
Lambda GC: 1.2597
Mean Chi^2: 1.3243
Intercept: 0.9938 (0.0107)
Ratio < 0 (usually indicates GC correction).

Genetic Covariance
------------------
Total Observed scale gencov: -0.0065 (0.0015)
Mean z1*z2: -0.0808
Intercept: -0.0214 (0.0075)

Genetic Correlation
-------------------
Genetic Correlation: -0.1336 (0.0295)
Z-score: -4.523
P: 6.0955e-06


Summary of Genetic Correlation Results
p1                                    p2      rg      se      z           p  h2_obs  h2_obs_se  h2_int  h2_int_se  gcov_int  gcov_int_se
1_RawData/LDSC/diab_GWAS.sumstats.gz  1_RawData/LDSC/hear_GWAS.sumstats.gz -0.1336  0.0295 -4.523  6.0955e-06  0.0441     0.0026  0.9938     0.0107   -0.0214       0.0075

Analysis finished at Fri Nov 30 09:43:10 2018
Total time elapsed: 13.03s
