*********************************************************************
* LD Score Regression (LDSC)
* Version 1.0.0
* (C) 2014-2015 Brendan Bulik-Sullivan and Hilary Finucane
* Broad Institute of MIT and Harvard / MIT Department of Mathematics
* GNU General Public License v3
*********************************************************************
Call: 
./ldsc.py \
--ref-ld-chr /Users/sheaandrews/Programs/ldsc/eur_w_ld_chr/ \
--out 2_DerivedData/LDSC/educ_aaos \
--rg 1_RawData/LDSC/educ_GWAS.sumstats.gz,1_RawData/LDSC/aaos_GWAS.sumstats.gz \
--w-ld-chr /Users/sheaandrews/Programs/ldsc/eur_w_ld_chr/ 

Beginning analysis at Fri Nov 30 14:43:21 2018
Reading summary statistics from 1_RawData/LDSC/educ_GWAS.sumstats.gz ...
Read summary statistics for 2174 SNPs.
Reading reference panel LD Score from /Users/sheaandrews/Programs/ldsc/eur_w_ld_chr/[1-22] ...
Read reference panel LD Scores for 1290028 SNPs.
Removing partitioned LD Scores with zero variance.
Reading regression weight LD Score from /Users/sheaandrews/Programs/ldsc/eur_w_ld_chr/[1-22] ...
Read regression weight LD Scores for 1290028 SNPs.
After merging with reference panel LD, 2148 SNPs remain.
After merging with regression SNP LD, 2148 SNPs remain.
Computing rg for phenotype 2/2
Reading summary statistics from 1_RawData/LDSC/aaos_GWAS.sumstats.gz ...
Read summary statistics for 1217311 SNPs.
After merging with summary statistics, 2148 SNPs remain.
2148 SNPs with valid alleles.
WARNING: number of SNPs less than 200k; this is almost always bad.

Heritability of phenotype 1
---------------------------
Total Observed scale h2: 0.3605 (0.0385)
Lambda GC: 48.1374
Mean Chi^2: 27.4636
Intercept: 19.3605 (0.6156)
Ratio: 0.6938 (0.0233)

Heritability of phenotype 2/2
-----------------------------
Total Observed scale h2: 0.207 (0.1545)
Lambda GC: 1.2431
Mean Chi^2: 1.2156
Intercept: 1.0468 (0.1546)
Ratio: 0.2171 (0.7169)

Genetic Covariance
------------------
Total Observed scale gencov: -0.2154 (0.0845)
Mean z1*z2: -0.8264
Intercept: 0.0259 (0.3342)

Genetic Correlation
-------------------
Genetic Correlation: -0.7885 (0.4251)
Z-score: -1.8549
P: 0.0636


Summary of Genetic Correlation Results
p1                                    p2      rg      se       z       p  h2_obs  h2_obs_se  h2_int  h2_int_se  gcov_int  gcov_int_se
1_RawData/LDSC/educ_GWAS.sumstats.gz  1_RawData/LDSC/aaos_GWAS.sumstats.gz -0.7885  0.4251 -1.8549  0.0636   0.207     0.1545  1.0468     0.1546    0.0259       0.3342

Analysis finished at Fri Nov 30 14:43:31 2018
Total time elapsed: 9.15s
