*********************************************************************
* LD Score Regression (LDSC)
* Version 1.0.0
* (C) 2014-2015 Brendan Bulik-Sullivan and Hilary Finucane
* Broad Institute of MIT and Harvard / MIT Department of Mathematics
* GNU General Public License v3
*********************************************************************
Call: 
./ldsc.py \
--ref-ld-chr /Users/sheaandrews/Programs/ldsc/eur_w_ld_chr/ \
--out 2_DerivedData/LDSC/educ_educall \
--rg 1_RawData/LDSC/educ_GWAS.sumstats.gz,1_RawData/LDSC/educall_GWAS.sumstats.gz \
--w-ld-chr /Users/sheaandrews/Programs/ldsc/eur_w_ld_chr/ 

Beginning analysis at Fri Nov 30 17:41:05 2018
Reading summary statistics from 1_RawData/LDSC/educ_GWAS.sumstats.gz ...
Read summary statistics for 2174 SNPs.
Reading reference panel LD Score from /Users/sheaandrews/Programs/ldsc/eur_w_ld_chr/[1-22] ...
Read reference panel LD Scores for 1290028 SNPs.
Removing partitioned LD Scores with zero variance.
Reading regression weight LD Score from /Users/sheaandrews/Programs/ldsc/eur_w_ld_chr/[1-22] ...
Read regression weight LD Scores for 1290028 SNPs.
After merging with reference panel LD, 2148 SNPs remain.
After merging with regression SNP LD, 2148 SNPs remain.
Computing rg for phenotype 2/2
Reading summary statistics from 1_RawData/LDSC/educall_GWAS.sumstats.gz ...
Read summary statistics for 1217311 SNPs.
After merging with summary statistics, 2148 SNPs remain.
2147 SNPs with valid alleles.
WARNING: number of SNPs less than 200k; this is almost always bad.

Heritability of phenotype 1
---------------------------
Total Observed scale h2: 0.3605 (0.0384)
Lambda GC: 48.1066
Mean Chi^2: 27.4575
Intercept: 19.3608 (0.619)
Ratio: 0.694 (0.0234)

Heritability of phenotype 2/2
-----------------------------
Total Observed scale h2: 0.3545 (0.044)
Lambda GC: 33.7797
Mean Chi^2: 18.9319
Intercept: 13.5605 (0.4842)
Ratio: 0.7005 (0.027)

Genetic Covariance
------------------
Total Observed scale gencov: 0.3546 (0.0392)
Mean z1*z2: 22.5613
Intercept: 16.0109 (0.5137)

Genetic Correlation
-------------------
Genetic Correlation: 0.9918 (0.004)
Z-score: 247.882
P: 0.


Summary of Genetic Correlation Results
p1                                       p2      rg     se        z    p  h2_obs  h2_obs_se   h2_int  h2_int_se  gcov_int  gcov_int_se
1_RawData/LDSC/educ_GWAS.sumstats.gz  1_RawData/LDSC/educall_GWAS.sumstats.gz  0.9918  0.004  247.882  0.0  0.3545      0.044  13.5605     0.4842   16.0109       0.5137

Analysis finished at Fri Nov 30 17:41:14 2018
Total time elapsed: 9.03s
