*********************************************************************
* LD Score Regression (LDSC)
* Version 1.0.0
* (C) 2014-2015 Brendan Bulik-Sullivan and Hilary Finucane
* Broad Institute of MIT and Harvard / MIT Department of Mathematics
* GNU General Public License v3
*********************************************************************
Call: 
./ldsc.py \
--ref-ld-chr /Users/sheaandrews/Programs/ldsc/eur_w_ld_chr/ \
--out 2_DerivedData/LDSC/educ_dbp \
--rg 1_RawData/LDSC/educ_GWAS.sumstats.gz,1_RawData/LDSC/dbp_GWAS.sumstats.gz \
--w-ld-chr /Users/sheaandrews/Programs/ldsc/eur_w_ld_chr/ 

Beginning analysis at Fri Nov 30 14:24:48 2018
Reading summary statistics from 1_RawData/LDSC/educ_GWAS.sumstats.gz ...
Read summary statistics for 2174 SNPs.
Reading reference panel LD Score from /Users/sheaandrews/Programs/ldsc/eur_w_ld_chr/[1-22] ...
Read reference panel LD Scores for 1290028 SNPs.
Removing partitioned LD Scores with zero variance.
Reading regression weight LD Score from /Users/sheaandrews/Programs/ldsc/eur_w_ld_chr/[1-22] ...
Read regression weight LD Scores for 1290028 SNPs.
After merging with reference panel LD, 2148 SNPs remain.
After merging with regression SNP LD, 2148 SNPs remain.
Computing rg for phenotype 2/2
Reading summary statistics from 1_RawData/LDSC/dbp_GWAS.sumstats.gz ...
Read summary statistics for 1217311 SNPs.
After merging with summary statistics, 2148 SNPs remain.
2140 SNPs with valid alleles.
WARNING: number of SNPs less than 200k; this is almost always bad.

Heritability of phenotype 1
---------------------------
Total Observed scale h2: 0.3551 (0.0405)
Lambda GC: 48.1683
Mean Chi^2: 27.5023
Intercept: 19.4853 (0.6183)
Ratio: 0.6975 (0.0233)

Heritability of phenotype 2/2
-----------------------------
Total Observed scale h2: 0.2083 (0.0399)
Lambda GC: 3.2185
Mean Chi^2: 5.0092
Intercept: 1.6167 (0.3346)
Ratio: 0.1538 (0.0835)

Genetic Covariance
------------------
Total Observed scale gencov: -0.0091 (0.0359)
Mean z1*z2: -1.506
Intercept: -1.2062 (0.4635)

Genetic Correlation
-------------------
Genetic Correlation: -0.0335 (0.1325)
Z-score: -0.2526
P: 0.8006


Summary of Genetic Correlation Results
p1                                   p2      rg      se       z       p  h2_obs  h2_obs_se  h2_int  h2_int_se  gcov_int  gcov_int_se
1_RawData/LDSC/educ_GWAS.sumstats.gz  1_RawData/LDSC/dbp_GWAS.sumstats.gz -0.0335  0.1325 -0.2526  0.8006  0.2083     0.0399  1.6167     0.3346   -1.2062       0.4635

Analysis finished at Fri Nov 30 14:24:57 2018
Total time elapsed: 8.62s
