*********************************************************************
* LD Score Regression (LDSC)
* Version 1.0.0
* (C) 2014-2015 Brendan Bulik-Sullivan and Hilary Finucane
* Broad Institute of MIT and Harvard / MIT Department of Mathematics
* GNU General Public License v3
*********************************************************************
Call: 
./ldsc.py \
--ref-ld-chr /Users/sheaandrews/Programs/ldsc/eur_w_ld_chr/ \
--out 2_DerivedData/LDSC/educ_ldl \
--rg 1_RawData/LDSC/educ_GWAS.sumstats.gz,1_RawData/LDSC/ldl_GWAS.sumstats.gz \
--w-ld-chr /Users/sheaandrews/Programs/ldsc/eur_w_ld_chr/ 

Beginning analysis at Fri Nov 30 14:29:31 2018
Reading summary statistics from 1_RawData/LDSC/educ_GWAS.sumstats.gz ...
Read summary statistics for 2174 SNPs.
Reading reference panel LD Score from /Users/sheaandrews/Programs/ldsc/eur_w_ld_chr/[1-22] ...
Read reference panel LD Scores for 1290028 SNPs.
Removing partitioned LD Scores with zero variance.
Reading regression weight LD Score from /Users/sheaandrews/Programs/ldsc/eur_w_ld_chr/[1-22] ...
Read regression weight LD Scores for 1290028 SNPs.
After merging with reference panel LD, 2148 SNPs remain.
After merging with regression SNP LD, 2148 SNPs remain.
Computing rg for phenotype 2/2
Reading summary statistics from 1_RawData/LDSC/ldl_GWAS.sumstats.gz ...
Read summary statistics for 1217311 SNPs.
After merging with summary statistics, 2148 SNPs remain.
1887 SNPs with valid alleles.
WARNING: number of SNPs less than 200k; this is almost always bad.

Heritability of phenotype 1
---------------------------
Total Observed scale h2: 0.3618 (0.0459)
Lambda GC: 48.0038
Mean Chi^2: 27.4253
Intercept: 19.2167 (0.6896)
Ratio: 0.6894 (0.0261)

Heritability of phenotype 2/2
-----------------------------
Total Observed scale h2: 0.3826 (0.2056)
Lambda GC: 0.9259
Mean Chi^2: 1.6086
Intercept: 1.0699 (0.3386)
Ratio: 0.1149 (0.5563)

Genetic Covariance
------------------
Total Observed scale gencov: -0.0791 (0.0718)
Mean z1*z2: -0.4548
Intercept: 0.0514 (0.4181)

Genetic Correlation
-------------------
Genetic Correlation: -0.2127 (0.2208)
Z-score: -0.9633
P: 0.3354


Summary of Genetic Correlation Results
p1                                   p2      rg      se       z       p  h2_obs  h2_obs_se  h2_int  h2_int_se  gcov_int  gcov_int_se
1_RawData/LDSC/educ_GWAS.sumstats.gz  1_RawData/LDSC/ldl_GWAS.sumstats.gz -0.2127  0.2208 -0.9633  0.3354  0.3826     0.2056  1.0699     0.3386    0.0514       0.4181

Analysis finished at Fri Nov 30 14:29:39 2018
Total time elapsed: 8.76s
