*********************************************************************
* LD Score Regression (LDSC)
* Version 1.0.0
* (C) 2014-2015 Brendan Bulik-Sullivan and Hilary Finucane
* Broad Institute of MIT and Harvard / MIT Department of Mathematics
* GNU General Public License v3
*********************************************************************
Call: 
./ldsc.py \
--ref-ld-chr /Users/sheaandrews/Programs/ldsc/eur_w_ld_chr/ \
--out 2_DerivedData/LDSC/educall_fish \
--rg 1_RawData/LDSC/educall_GWAS.sumstats.gz,1_RawData/LDSC/fish_GWAS.sumstats.gz \
--w-ld-chr /Users/sheaandrews/Programs/ldsc/eur_w_ld_chr/ 

Beginning analysis at Fri Nov 30 17:33:05 2018
Reading summary statistics from 1_RawData/LDSC/educall_GWAS.sumstats.gz ...
Read summary statistics for 1177103 SNPs.
Reading reference panel LD Score from /Users/sheaandrews/Programs/ldsc/eur_w_ld_chr/[1-22] ...
Read reference panel LD Scores for 1290028 SNPs.
Removing partitioned LD Scores with zero variance.
Reading regression weight LD Score from /Users/sheaandrews/Programs/ldsc/eur_w_ld_chr/[1-22] ...
Read regression weight LD Scores for 1290028 SNPs.
After merging with reference panel LD, 1167771 SNPs remain.
After merging with regression SNP LD, 1167771 SNPs remain.
Computing rg for phenotype 2/2
Reading summary statistics from 1_RawData/LDSC/fish_GWAS.sumstats.gz ...
Read summary statistics for 1217311 SNPs.
After merging with summary statistics, 1167771 SNPs remain.
1155669 SNPs with valid alleles.

Heritability of phenotype 1
---------------------------
Total Observed scale h2: 0.1121 (0.0032)
Lambda GC: 2.1026
Mean Chi^2: 2.6622
Intercept: 0.9848 (0.0164)
Ratio < 0 (usually indicates GC correction).

Heritability of phenotype 2/2
-----------------------------
Total Observed scale h2: 0.0625 (0.0031)
Lambda GC: 1.4281
Mean Chi^2: 1.587
Intercept: 1.0137 (0.0117)
Ratio: 0.0233 (0.02)

Genetic Covariance
------------------
Total Observed scale gencov: 0.019 (0.0017)
Mean z1*z2: 0.2971
Intercept: 0.088 (0.0075)

Genetic Correlation
-------------------
Genetic Correlation: 0.2272 (0.0202)
Z-score: 11.258
P: 2.1153e-29


Summary of Genetic Correlation Results
p1                                    p2      rg      se       z           p  h2_obs  h2_obs_se  h2_int  h2_int_se  gcov_int  gcov_int_se
1_RawData/LDSC/educall_GWAS.sumstats.gz  1_RawData/LDSC/fish_GWAS.sumstats.gz  0.2272  0.0202  11.258  2.1153e-29  0.0625     0.0031  1.0137     0.0117     0.088       0.0075

Analysis finished at Fri Nov 30 17:33:18 2018
Total time elapsed: 12.54s
