*********************************************************************
* LD Score Regression (LDSC)
* Version 1.0.0
* (C) 2014-2015 Brendan Bulik-Sullivan and Hilary Finucane
* Broad Institute of MIT and Harvard / MIT Department of Mathematics
* GNU General Public License v3
*********************************************************************
Call: 
./ldsc.py \
--ref-ld-chr /Users/sheaandrews/Programs/ldsc/eur_w_ld_chr/ \
--out 2_DerivedData/LDSC/educ_tc \
--rg 1_RawData/LDSC/educ_GWAS.sumstats.gz,1_RawData/LDSC/tc_GWAS.sumstats.gz \
--w-ld-chr /Users/sheaandrews/Programs/ldsc/eur_w_ld_chr/ 

Beginning analysis at Fri Nov 30 14:28:25 2018
Reading summary statistics from 1_RawData/LDSC/educ_GWAS.sumstats.gz ...
Read summary statistics for 2174 SNPs.
Reading reference panel LD Score from /Users/sheaandrews/Programs/ldsc/eur_w_ld_chr/[1-22] ...
Read reference panel LD Scores for 1290028 SNPs.
Removing partitioned LD Scores with zero variance.
Reading regression weight LD Score from /Users/sheaandrews/Programs/ldsc/eur_w_ld_chr/[1-22] ...
Read regression weight LD Scores for 1290028 SNPs.
After merging with reference panel LD, 2148 SNPs remain.
After merging with regression SNP LD, 2148 SNPs remain.
Computing rg for phenotype 2/2
Reading summary statistics from 1_RawData/LDSC/tc_GWAS.sumstats.gz ...
Read summary statistics for 1217311 SNPs.
After merging with summary statistics, 2148 SNPs remain.
1887 SNPs with valid alleles.
WARNING: number of SNPs less than 200k; this is almost always bad.

Heritability of phenotype 1
---------------------------
Total Observed scale h2: 0.3618 (0.0459)
Lambda GC: 48.0038
Mean Chi^2: 27.4253
Intercept: 19.2167 (0.6896)
Ratio: 0.6894 (0.0261)

Heritability of phenotype 2/2
-----------------------------
Total Observed scale h2: 0.4581 (0.1383)
Lambda GC: 1.0075
Mean Chi^2: 1.5092
Intercept: 0.6746 (0.1405)
Ratio < 0 (usually indicates GC correction).

Genetic Covariance
------------------
Total Observed scale gencov: -0.0778 (0.0629)
Mean z1*z2: -0.3566
Intercept: 0.0803 (0.3579)

Genetic Correlation
-------------------
Genetic Correlation: -0.1911 (0.1639)
Z-score: -1.166
P: 0.2436


Summary of Genetic Correlation Results
p1                                  p2      rg      se      z       p  h2_obs  h2_obs_se  h2_int  h2_int_se  gcov_int  gcov_int_se
1_RawData/LDSC/educ_GWAS.sumstats.gz  1_RawData/LDSC/tc_GWAS.sumstats.gz -0.1911  0.1639 -1.166  0.2436  0.4581     0.1383  0.6746     0.1405    0.0803       0.3579

Analysis finished at Fri Nov 30 14:28:34 2018
Total time elapsed: 8.71s
