*********************************************************************
* LD Score Regression (LDSC)
* Version 1.0.0
* (C) 2014-2015 Brendan Bulik-Sullivan and Hilary Finucane
* Broad Institute of MIT and Harvard / MIT Department of Mathematics
* GNU General Public License v3
*********************************************************************
Call: 
./ldsc.py \
--ref-ld-chr /Users/sheaandrews/Programs/ldsc/eur_w_ld_chr/ \
--out 2_DerivedData/LDSC/educall_cpd \
--rg 1_RawData/LDSC/educall_GWAS.sumstats.gz,1_RawData/LDSC/cpd_GWAS.sumstats.gz \
--w-ld-chr /Users/sheaandrews/Programs/ldsc/eur_w_ld_chr/ 

Beginning analysis at Fri Nov 30 17:34:16 2018
Reading summary statistics from 1_RawData/LDSC/educall_GWAS.sumstats.gz ...
Read summary statistics for 1177103 SNPs.
Reading reference panel LD Score from /Users/sheaandrews/Programs/ldsc/eur_w_ld_chr/[1-22] ...
Read reference panel LD Scores for 1290028 SNPs.
Removing partitioned LD Scores with zero variance.
Reading regression weight LD Score from /Users/sheaandrews/Programs/ldsc/eur_w_ld_chr/[1-22] ...
Read regression weight LD Scores for 1290028 SNPs.
After merging with reference panel LD, 1167771 SNPs remain.
After merging with regression SNP LD, 1167771 SNPs remain.
Computing rg for phenotype 2/2
Reading summary statistics from 1_RawData/LDSC/cpd_GWAS.sumstats.gz ...
Read summary statistics for 1217311 SNPs.
After merging with summary statistics, 1167771 SNPs remain.
1158488 SNPs with valid alleles.

Heritability of phenotype 1
---------------------------
Total Observed scale h2: 0.112 (0.0032)
Lambda GC: 2.1026
Mean Chi^2: 2.6617
Intercept: 0.9851 (0.0163)
Ratio < 0 (usually indicates GC correction).

Heritability of phenotype 2/2
-----------------------------
Total Observed scale h2: 0.0957 (0.0131)
Lambda GC: 1.1396
Mean Chi^2: 1.1641
Intercept: 1.005 (0.0091)
Ratio: 0.0307 (0.0552)

Genetic Covariance
------------------
Total Observed scale gencov: -0.03 (0.0028)
Mean z1*z2: -0.166
Intercept: -0.0217 (0.0063)

Genetic Correlation
-------------------
Genetic Correlation: -0.2902 (0.0296)
Z-score: -9.7901
P: 1.2416e-22


Summary of Genetic Correlation Results
p1                                   p2      rg      se       z           p  h2_obs  h2_obs_se  h2_int  h2_int_se  gcov_int  gcov_int_se
1_RawData/LDSC/educall_GWAS.sumstats.gz  1_RawData/LDSC/cpd_GWAS.sumstats.gz -0.2902  0.0296 -9.7901  1.2416e-22  0.0957     0.0131   1.005     0.0091   -0.0217       0.0063

Analysis finished at Fri Nov 30 17:34:30 2018
Total time elapsed: 13.58s
