*********************************************************************
* LD Score Regression (LDSC)
* Version 1.0.0
* (C) 2014-2015 Brendan Bulik-Sullivan and Hilary Finucane
* Broad Institute of MIT and Harvard / MIT Department of Mathematics
* GNU General Public License v3
*********************************************************************
Call: 
./ldsc.py \
--ref-ld-chr /Users/sheaandrews/Programs/ldsc/eur_w_ld_chr/ \
--out 2_DerivedData/LDSC/educ_evrsmk \
--rg 1_RawData/LDSC/educ_GWAS.sumstats.gz,1_RawData/LDSC/evrsmk_GWAS.sumstats.gz \
--w-ld-chr /Users/sheaandrews/Programs/ldsc/eur_w_ld_chr/ 

Beginning analysis at Fri Nov 30 14:34:45 2018
Reading summary statistics from 1_RawData/LDSC/educ_GWAS.sumstats.gz ...
Read summary statistics for 2174 SNPs.
Reading reference panel LD Score from /Users/sheaandrews/Programs/ldsc/eur_w_ld_chr/[1-22] ...
Read reference panel LD Scores for 1290028 SNPs.
Removing partitioned LD Scores with zero variance.
Reading regression weight LD Score from /Users/sheaandrews/Programs/ldsc/eur_w_ld_chr/[1-22] ...
Read regression weight LD Scores for 1290028 SNPs.
After merging with reference panel LD, 2148 SNPs remain.
After merging with regression SNP LD, 2148 SNPs remain.
Computing rg for phenotype 2/2
Reading summary statistics from 1_RawData/LDSC/evrsmk_GWAS.sumstats.gz ...
Read summary statistics for 1217311 SNPs.
After merging with summary statistics, 2148 SNPs remain.
2145 SNPs with valid alleles.
WARNING: number of SNPs less than 200k; this is almost always bad.

Heritability of phenotype 1
---------------------------
Total Observed scale h2: 0.3598 (0.0398)
Lambda GC: 48.1683
Mean Chi^2: 27.4783
Intercept: 19.385 (0.6146)
Ratio: 0.6943 (0.0232)

Heritability of phenotype 2/2
-----------------------------
Total Observed scale h2: 0.1179 (0.0368)
Lambda GC: 1.9341
Mean Chi^2: 2.2132
Intercept: 1.3181 (0.2115)
Ratio: 0.2622 (0.1743)

Genetic Covariance
------------------
Total Observed scale gencov: -0.0044 (0.0361)
Mean z1*z2: -2.0559
Intercept: -1.8146 (0.3718)

Genetic Correlation
-------------------
Genetic Correlation: -0.0214 (0.1705)
Z-score: -0.1255
P: 0.9002


Summary of Genetic Correlation Results
p1                                      p2      rg      se       z       p  h2_obs  h2_obs_se  h2_int  h2_int_se  gcov_int  gcov_int_se
1_RawData/LDSC/educ_GWAS.sumstats.gz  1_RawData/LDSC/evrsmk_GWAS.sumstats.gz -0.0214  0.1705 -0.1255  0.9002  0.1179     0.0368  1.3181     0.2115   -1.8146       0.3718

Analysis finished at Fri Nov 30 14:34:53 2018
Total time elapsed: 8.26s
