*********************************************************************
* LD Score Regression (LDSC)
* Version 1.0.0
* (C) 2014-2015 Brendan Bulik-Sullivan and Hilary Finucane
* Broad Institute of MIT and Harvard / MIT Department of Mathematics
* GNU General Public License v3
*********************************************************************
Call: 
./ldsc.py \
--ref-ld-chr /Users/sheaandrews/Programs/ldsc/eur_w_ld_chr/ \
--out 2_DerivedData/LDSC/educall_ais \
--rg 1_RawData/LDSC/educall_GWAS.sumstats.gz,1_RawData/LDSC/ais_GWAS.sumstats.gz \
--w-ld-chr /Users/sheaandrews/Programs/ldsc/eur_w_ld_chr/ 

Beginning analysis at Fri Nov 30 17:35:59 2018
Reading summary statistics from 1_RawData/LDSC/educall_GWAS.sumstats.gz ...
Read summary statistics for 1177103 SNPs.
Reading reference panel LD Score from /Users/sheaandrews/Programs/ldsc/eur_w_ld_chr/[1-22] ...
Read reference panel LD Scores for 1290028 SNPs.
Removing partitioned LD Scores with zero variance.
Reading regression weight LD Score from /Users/sheaandrews/Programs/ldsc/eur_w_ld_chr/[1-22] ...
Read regression weight LD Scores for 1290028 SNPs.
After merging with reference panel LD, 1167771 SNPs remain.
After merging with regression SNP LD, 1167771 SNPs remain.
Computing rg for phenotype 2/2
Reading summary statistics from 1_RawData/LDSC/ais_GWAS.sumstats.gz ...
Read summary statistics for 1217311 SNPs.
After merging with summary statistics, 1167771 SNPs remain.
1166096 SNPs with valid alleles.

Heritability of phenotype 1
---------------------------
Total Observed scale h2: 0.1122 (0.003)
Lambda GC: 2.094
Mean Chi^2: 2.6544
Intercept: 0.9806 (0.0162)
Ratio < 0 (usually indicates GC correction).

Heritability of phenotype 2/2
-----------------------------
Total Observed scale h2: 0.0133 (0.0014)
Lambda GC: 1.1238
Mean Chi^2: 1.1399
Intercept: 1.0218 (0.0072)
Ratio: 0.1556 (0.0513)

Genetic Covariance
------------------
Total Observed scale gencov: -0.0104 (0.0012)
Mean z1*z2: -0.1187
Intercept: -0.0008 (0.0063)

Genetic Correlation
-------------------
Genetic Correlation: -0.2681 (0.0312)
Z-score: -8.5957
P: 8.2744e-18


Summary of Genetic Correlation Results
p1                                   p2      rg      se       z           p  h2_obs  h2_obs_se  h2_int  h2_int_se  gcov_int  gcov_int_se
1_RawData/LDSC/educall_GWAS.sumstats.gz  1_RawData/LDSC/ais_GWAS.sumstats.gz -0.2681  0.0312 -8.5957  8.2744e-18  0.0133     0.0014  1.0218     0.0072   -0.0008       0.0063

Analysis finished at Fri Nov 30 17:36:14 2018
Total time elapsed: 14.99s
