*********************************************************************
* LD Score Regression (LDSC)
* Version 1.0.0
* (C) 2014-2015 Brendan Bulik-Sullivan and Hilary Finucane
* Broad Institute of MIT and Harvard / MIT Department of Mathematics
* GNU General Public License v3
*********************************************************************
Call: 
./ldsc.py \
--ref-ld-chr /Users/sheaandrews/Programs/ldsc/eur_w_ld_chr/ \
--out 2_DerivedData/LDSC/educall_tc \
--rg 1_RawData/LDSC/educall_GWAS.sumstats.gz,1_RawData/LDSC/tc_GWAS.sumstats.gz \
--w-ld-chr /Users/sheaandrews/Programs/ldsc/eur_w_ld_chr/ 

Beginning analysis at Fri Nov 30 17:27:30 2018
Reading summary statistics from 1_RawData/LDSC/educall_GWAS.sumstats.gz ...
Read summary statistics for 1177103 SNPs.
Reading reference panel LD Score from /Users/sheaandrews/Programs/ldsc/eur_w_ld_chr/[1-22] ...
Read reference panel LD Scores for 1290028 SNPs.
Removing partitioned LD Scores with zero variance.
Reading regression weight LD Score from /Users/sheaandrews/Programs/ldsc/eur_w_ld_chr/[1-22] ...
Read regression weight LD Scores for 1290028 SNPs.
After merging with reference panel LD, 1167771 SNPs remain.
After merging with regression SNP LD, 1167771 SNPs remain.
Computing rg for phenotype 2/2
Reading summary statistics from 1_RawData/LDSC/tc_GWAS.sumstats.gz ...
Read summary statistics for 1217311 SNPs.
After merging with summary statistics, 1167771 SNPs remain.
1019186 SNPs with valid alleles.

Heritability of phenotype 1
---------------------------
Total Observed scale h2: 0.1105 (0.0032)
Lambda GC: 2.1112
Mean Chi^2: 2.6596
Intercept: 0.9978 (0.0183)
Ratio < 0 (usually indicates GC correction).

Heritability of phenotype 2/2
-----------------------------
Total Observed scale h2: 0.2149 (0.0463)
Lambda GC: 1.0135
Mean Chi^2: 1.2337
Intercept: 0.8672 (0.065)
Ratio < 0 (usually indicates GC correction).

Genetic Covariance
------------------
Total Observed scale gencov: -0.0118 (0.0031)
Mean z1*z2: -0.0501
Intercept: -0.004 (0.0089)

Genetic Correlation
-------------------
Genetic Correlation: -0.0768 (0.0239)
Z-score: -3.2147
P: 0.0013


Summary of Genetic Correlation Results
p1                                  p2      rg      se       z       p  h2_obs  h2_obs_se  h2_int  h2_int_se  gcov_int  gcov_int_se
1_RawData/LDSC/educall_GWAS.sumstats.gz  1_RawData/LDSC/tc_GWAS.sumstats.gz -0.0768  0.0239 -3.2147  0.0013  0.2149     0.0463  0.8672      0.065    -0.004       0.0089

Analysis finished at Fri Nov 30 17:27:43 2018
Total time elapsed: 12.46s
