*********************************************************************
* LD Score Regression (LDSC)
* Version 1.0.0
* (C) 2014-2015 Brendan Bulik-Sullivan and Hilary Finucane
* Broad Institute of MIT and Harvard / MIT Department of Mathematics
* GNU General Public License v3
*********************************************************************
Call: 
./ldsc.py \
--ref-ld-chr /Users/sheaandrews/Programs/ldsc/eur_w_ld_chr/ \
--out 2_DerivedData/LDSC/educall_dbp \
--rg 1_RawData/LDSC/educall_GWAS.sumstats.gz,1_RawData/LDSC/dbp_GWAS.sumstats.gz \
--w-ld-chr /Users/sheaandrews/Programs/ldsc/eur_w_ld_chr/ 

Beginning analysis at Fri Nov 30 17:25:27 2018
Reading summary statistics from 1_RawData/LDSC/educall_GWAS.sumstats.gz ...
Read summary statistics for 1177103 SNPs.
Reading reference panel LD Score from /Users/sheaandrews/Programs/ldsc/eur_w_ld_chr/[1-22] ...
Read reference panel LD Scores for 1290028 SNPs.
Removing partitioned LD Scores with zero variance.
Reading regression weight LD Score from /Users/sheaandrews/Programs/ldsc/eur_w_ld_chr/[1-22] ...
Read regression weight LD Scores for 1290028 SNPs.
After merging with reference panel LD, 1167771 SNPs remain.
After merging with regression SNP LD, 1167771 SNPs remain.
Computing rg for phenotype 2/2
Reading summary statistics from 1_RawData/LDSC/dbp_GWAS.sumstats.gz ...
Read summary statistics for 1217311 SNPs.
After merging with summary statistics, 1167771 SNPs remain.
1157408 SNPs with valid alleles.

Heritability of phenotype 1
---------------------------
Total Observed scale h2: 0.1117 (0.0032)
Lambda GC: 2.1112
Mean Chi^2: 2.6645
Intercept: 0.9874 (0.0165)
Ratio < 0 (usually indicates GC correction).

Heritability of phenotype 2/2
-----------------------------
Total Observed scale h2: 0.1352 (0.006)
Lambda GC: 2.0429
Mean Chi^2: 3.146
Intercept: 1.0893 (0.033)
Ratio: 0.0416 (0.0154)

Genetic Covariance
------------------
Total Observed scale gencov: -0.0102 (0.0017)
Mean z1*z2: -0.199
Intercept: -0.0278 (0.0083)

Genetic Correlation
-------------------
Genetic Correlation: -0.0829 (0.0134)
Z-score: -6.1902
P: 6.0071e-10


Summary of Genetic Correlation Results
p1                                   p2      rg      se       z           p  h2_obs  h2_obs_se  h2_int  h2_int_se  gcov_int  gcov_int_se
1_RawData/LDSC/educall_GWAS.sumstats.gz  1_RawData/LDSC/dbp_GWAS.sumstats.gz -0.0829  0.0134 -6.1902  6.0071e-10  0.1352      0.006  1.0893      0.033   -0.0278       0.0083

Analysis finished at Fri Nov 30 17:25:40 2018
Total time elapsed: 12.85s
