*********************************************************************
* LD Score Regression (LDSC)
* Version 1.0.0
* (C) 2014-2015 Brendan Bulik-Sullivan and Hilary Finucane
* Broad Institute of MIT and Harvard / MIT Department of Mathematics
* GNU General Public License v3
*********************************************************************
Call: 
./ldsc.py \
--ref-ld-chr /Users/sheaandrews/Programs/ldsc/eur_w_ld_chr/ \
--out 2_DerivedData/LDSC/educall_mvpa \
--rg 1_RawData/LDSC/educall_GWAS.sumstats.gz,1_RawData/LDSC/mvpa_GWAS.sumstats.gz \
--w-ld-chr /Users/sheaandrews/Programs/ldsc/eur_w_ld_chr/ 

Beginning analysis at Fri Nov 30 17:40:28 2018
Reading summary statistics from 1_RawData/LDSC/educall_GWAS.sumstats.gz ...
Read summary statistics for 1177103 SNPs.
Reading reference panel LD Score from /Users/sheaandrews/Programs/ldsc/eur_w_ld_chr/[1-22] ...
Read reference panel LD Scores for 1290028 SNPs.
Removing partitioned LD Scores with zero variance.
Reading regression weight LD Score from /Users/sheaandrews/Programs/ldsc/eur_w_ld_chr/[1-22] ...
Read regression weight LD Scores for 1290028 SNPs.
After merging with reference panel LD, 1167771 SNPs remain.
After merging with regression SNP LD, 1167771 SNPs remain.
Computing rg for phenotype 2/2
Reading summary statistics from 1_RawData/LDSC/mvpa_GWAS.sumstats.gz ...
Read summary statistics for 1217311 SNPs.
After merging with summary statistics, 1167771 SNPs remain.
1163732 SNPs with valid alleles.

Heritability of phenotype 1
---------------------------
Total Observed scale h2: 0.1122 (0.003)
Lambda GC: 2.1026
Mean Chi^2: 2.6574
Intercept: 0.9825 (0.0163)
Ratio < 0 (usually indicates GC correction).

Heritability of phenotype 2/2
-----------------------------
Total Observed scale h2: 0.0461 (0.0023)
Lambda GC: 1.3101
Mean Chi^2: 1.3509
Intercept: 1.0129 (0.0093)
Ratio: 0.0369 (0.0266)

Genetic Covariance
------------------
Total Observed scale gencov: -0.015 (0.0018)
Mean z1*z2: -0.1576
Intercept: -0.0011 (0.0076)

Genetic Correlation
-------------------
Genetic Correlation: -0.208 (0.0242)
Z-score: -8.6049
P: 7.6406e-18


Summary of Genetic Correlation Results
p1                                    p2     rg      se       z           p  h2_obs  h2_obs_se  h2_int  h2_int_se  gcov_int  gcov_int_se
1_RawData/LDSC/educall_GWAS.sumstats.gz  1_RawData/LDSC/mvpa_GWAS.sumstats.gz -0.208  0.0242 -8.6049  7.6406e-18  0.0461     0.0023  1.0129     0.0093   -0.0011       0.0076

Analysis finished at Fri Nov 30 17:40:42 2018
Total time elapsed: 14.15s
