*********************************************************************
* LD Score Regression (LDSC)
* Version 1.0.0
* (C) 2014-2015 Brendan Bulik-Sullivan and Hilary Finucane
* Broad Institute of MIT and Harvard / MIT Department of Mathematics
* GNU General Public License v3
*********************************************************************
Call: 
./ldsc.py \
--ref-ld-chr /Users/sheaandrews/Programs/ldsc/eur_w_ld_chr/ \
--out 2_DerivedData/LDSC/educ_hipv2015 \
--rg 1_RawData/LDSC/educ_GWAS.sumstats.gz,1_RawData/LDSC/hipv2015_GWAS.sumstats.gz \
--w-ld-chr /Users/sheaandrews/Programs/ldsc/eur_w_ld_chr/ 

Beginning analysis at Fri Nov 30 14:32:39 2018
Reading summary statistics from 1_RawData/LDSC/educ_GWAS.sumstats.gz ...
Read summary statistics for 2174 SNPs.
Reading reference panel LD Score from /Users/sheaandrews/Programs/ldsc/eur_w_ld_chr/[1-22] ...
Read reference panel LD Scores for 1290028 SNPs.
Removing partitioned LD Scores with zero variance.
Reading regression weight LD Score from /Users/sheaandrews/Programs/ldsc/eur_w_ld_chr/[1-22] ...
Read regression weight LD Scores for 1290028 SNPs.
After merging with reference panel LD, 2148 SNPs remain.
After merging with regression SNP LD, 2148 SNPs remain.
Computing rg for phenotype 2/2
Reading summary statistics from 1_RawData/LDSC/hipv2015_GWAS.sumstats.gz ...
Read summary statistics for 1217311 SNPs.
After merging with summary statistics, 2148 SNPs remain.
2121 SNPs with valid alleles.
WARNING: number of SNPs less than 200k; this is almost always bad.

Heritability of phenotype 1
---------------------------
Total Observed scale h2: 0.3551 (0.0413)
Lambda GC: 48.1683
Mean Chi^2: 27.5359
Intercept: 19.4762 (0.6456)
Ratio: 0.6963 (0.0243)

Heritability of phenotype 2/2
-----------------------------
Total Observed scale h2: 0.6519 (0.3908)
Lambda GC: 1.0557
Mean Chi^2: 1.1003
Intercept: 0.9175 (0.0927)
Ratio < 0 (usually indicates GC correction).

Genetic Covariance
------------------
Total Observed scale gencov: 0.2988 (0.1314)
Mean z1*z2: 0.0646
Intercept: -0.5763 (0.2802)

Genetic Correlation
-------------------
Genetic Correlation: 0.621 (0.3995)
Z-score: 1.5543
P: 0.1201


Summary of Genetic Correlation Results
p1                                        p2     rg      se       z       p  h2_obs  h2_obs_se  h2_int  h2_int_se  gcov_int  gcov_int_se
1_RawData/LDSC/educ_GWAS.sumstats.gz  1_RawData/LDSC/hipv2015_GWAS.sumstats.gz  0.621  0.3995  1.5543  0.1201  0.6519     0.3908  0.9175     0.0927   -0.5763       0.2802

Analysis finished at Fri Nov 30 14:32:47 2018
Total time elapsed: 8.5s
