*********************************************************************
* LD Score Regression (LDSC)
* Version 1.0.0
* (C) 2014-2015 Brendan Bulik-Sullivan and Hilary Finucane
* Broad Institute of MIT and Harvard / MIT Department of Mathematics
* GNU General Public License v3
*********************************************************************
Call: 
./ldsc.py \
--ref-ld-chr /Users/sheaandrews/Programs/ldsc/eur_w_ld_chr/ \
--out 2_DerivedData/LDSC/educall_load \
--rg 1_RawData/LDSC/educall_GWAS.sumstats.gz,1_RawData/LDSC/load_GWAS.sumstats.gz \
--w-ld-chr /Users/sheaandrews/Programs/ldsc/eur_w_ld_chr/ 

Beginning analysis at Fri Nov 30 17:34:45 2018
Reading summary statistics from 1_RawData/LDSC/educall_GWAS.sumstats.gz ...
Read summary statistics for 1177103 SNPs.
Reading reference panel LD Score from /Users/sheaandrews/Programs/ldsc/eur_w_ld_chr/[1-22] ...
Read reference panel LD Scores for 1290028 SNPs.
Removing partitioned LD Scores with zero variance.
Reading regression weight LD Score from /Users/sheaandrews/Programs/ldsc/eur_w_ld_chr/[1-22] ...
Read regression weight LD Scores for 1290028 SNPs.
After merging with reference panel LD, 1167771 SNPs remain.
After merging with regression SNP LD, 1167771 SNPs remain.
Computing rg for phenotype 2/2
Reading summary statistics from 1_RawData/LDSC/load_GWAS.sumstats.gz ...
Read summary statistics for 1217311 SNPs.
After merging with summary statistics, 1167771 SNPs remain.
1132724 SNPs with valid alleles.

Heritability of phenotype 1
---------------------------
Total Observed scale h2: 0.1122 (0.0031)
Lambda GC: 2.1112
Mean Chi^2: 2.67
Intercept: 0.982 (0.0176)
Ratio < 0 (usually indicates GC correction).

Heritability of phenotype 2/2
-----------------------------
Total Observed scale h2: 0.0446 (0.021)
Lambda GC: 1.0926
Mean Chi^2: 1.1148
Intercept: 1.0663 (0.0296)
Ratio: 0.5779 (0.2576)

Genetic Covariance
------------------
Total Observed scale gencov: -0.0213 (0.0031)
Mean z1*z2: -0.0801
Intercept: 0.003 (0.0066)

Genetic Correlation
-------------------
Genetic Correlation: -0.3011 (0.073)
Z-score: -4.126
P: 3.6909e-05


Summary of Genetic Correlation Results
p1                                    p2      rg     se      z           p  h2_obs  h2_obs_se  h2_int  h2_int_se  gcov_int  gcov_int_se
1_RawData/LDSC/educall_GWAS.sumstats.gz  1_RawData/LDSC/load_GWAS.sumstats.gz -0.3011  0.073 -4.126  3.6909e-05  0.0446      0.021  1.0663     0.0296     0.003       0.0066

Analysis finished at Fri Nov 30 17:34:59 2018
Total time elapsed: 14.26s
