*********************************************************************
* LD Score Regression (LDSC)
* Version 1.0.0
* (C) 2014-2015 Brendan Bulik-Sullivan and Hilary Finucane
* Broad Institute of MIT and Harvard / MIT Department of Mathematics
* GNU General Public License v3
*********************************************************************
Call: 
./ldsc.py \
--ref-ld-chr /Users/sheaandrews/Programs/ldsc/eur_w_ld_chr/ \
--out 2_DerivedData/LDSC/educ_diab \
--rg 1_RawData/LDSC/educ_GWAS.sumstats.gz,1_RawData/LDSC/diab_GWAS.sumstats.gz \
--w-ld-chr /Users/sheaandrews/Programs/ldsc/eur_w_ld_chr/ 

Beginning analysis at Fri Nov 30 14:21:43 2018
Reading summary statistics from 1_RawData/LDSC/educ_GWAS.sumstats.gz ...
Read summary statistics for 2174 SNPs.
Reading reference panel LD Score from /Users/sheaandrews/Programs/ldsc/eur_w_ld_chr/[1-22] ...
Read reference panel LD Scores for 1290028 SNPs.
Removing partitioned LD Scores with zero variance.
Reading regression weight LD Score from /Users/sheaandrews/Programs/ldsc/eur_w_ld_chr/[1-22] ...
Read regression weight LD Scores for 1290028 SNPs.
After merging with reference panel LD, 2148 SNPs remain.
After merging with regression SNP LD, 2148 SNPs remain.
Computing rg for phenotype 2/2
Reading summary statistics from 1_RawData/LDSC/diab_GWAS.sumstats.gz ...
Read summary statistics for 1217311 SNPs.
After merging with summary statistics, 2148 SNPs remain.
1818 SNPs with valid alleles.
WARNING: number of SNPs less than 200k; this is almost always bad.

Heritability of phenotype 1
---------------------------
Total Observed scale h2: 0.338 (0.0449)
Lambda GC: 48.912
Mean Chi^2: 27.98
Intercept: 19.6639 (0.8248)
Ratio: 0.6918 (0.0306)

Heritability of phenotype 2/2
-----------------------------
Total Observed scale h2: 0.046 (0.0221)
Lambda GC: 1.9631
Mean Chi^2: 2.3586
Intercept: 1.7757 (0.2758)
Ratio: 0.571 (0.203)

Genetic Covariance
------------------
Total Observed scale gencov: -0.0161 (0.0268)
Mean z1*z2: -2.8519
Intercept: -2.5455 (0.4295)

Genetic Correlation
-------------------
Genetic Correlation: -0.1292 (0.1966)
Z-score: -0.6569
P: 0.5112


Summary of Genetic Correlation Results
p1                                    p2      rg      se       z       p  h2_obs  h2_obs_se  h2_int  h2_int_se  gcov_int  gcov_int_se
1_RawData/LDSC/educ_GWAS.sumstats.gz  1_RawData/LDSC/diab_GWAS.sumstats.gz -0.1292  0.1966 -0.6569  0.5112   0.046     0.0221  1.7757     0.2758   -2.5455       0.4295

Analysis finished at Fri Nov 30 14:21:52 2018
Total time elapsed: 8.65s
