*********************************************************************
* LD Score Regression (LDSC)
* Version 1.0.0
* (C) 2014-2015 Brendan Bulik-Sullivan and Hilary Finucane
* Broad Institute of MIT and Harvard / MIT Department of Mathematics
* GNU General Public License v3
*********************************************************************
Call: 
./ldsc.py \
--ref-ld-chr /Users/sheaandrews/Programs/ldsc/eur_w_ld_chr/ \
--out 2_DerivedData/LDSC/educ_dep \
--rg 1_RawData/LDSC/educ_GWAS.sumstats.gz,1_RawData/LDSC/dep_GWAS.sumstats.gz \
--w-ld-chr /Users/sheaandrews/Programs/ldsc/eur_w_ld_chr/ 

Beginning analysis at Fri Nov 30 14:37:06 2018
Reading summary statistics from 1_RawData/LDSC/educ_GWAS.sumstats.gz ...
Read summary statistics for 2174 SNPs.
Reading reference panel LD Score from /Users/sheaandrews/Programs/ldsc/eur_w_ld_chr/[1-22] ...
Read reference panel LD Scores for 1290028 SNPs.
Removing partitioned LD Scores with zero variance.
Reading regression weight LD Score from /Users/sheaandrews/Programs/ldsc/eur_w_ld_chr/[1-22] ...
Read regression weight LD Scores for 1290028 SNPs.
After merging with reference panel LD, 2148 SNPs remain.
After merging with regression SNP LD, 2148 SNPs remain.
Computing rg for phenotype 2/2
Reading summary statistics from 1_RawData/LDSC/dep_GWAS.sumstats.gz ...
Read summary statistics for 1217311 SNPs.
After merging with summary statistics, 2148 SNPs remain.
2137 SNPs with valid alleles.
WARNING: number of SNPs less than 200k; this is almost always bad.

Heritability of phenotype 1
---------------------------
Total Observed scale h2: 0.3603 (0.0397)
Lambda GC: 48.2507
Mean Chi^2: 27.5162
Intercept: 19.3982 (0.6164)
Ratio: 0.6938 (0.0232)

Heritability of phenotype 2/2
-----------------------------
Total Observed scale h2: 0.0963 (0.0293)
Lambda GC: 1.8084
Mean Chi^2: 1.9882
Intercept: 1.3557 (0.1636)
Ratio: 0.36 (0.1655)

Genetic Covariance
------------------
Total Observed scale gencov: -0.0246 (0.0366)
Mean z1*z2: -1.6342
Intercept: -1.3039 (0.3857)

Genetic Correlation
-------------------
Genetic Correlation: -0.1322 (0.1869)
Z-score: -0.7073
P: 0.4794


Summary of Genetic Correlation Results
p1                                   p2      rg      se       z       p  h2_obs  h2_obs_se  h2_int  h2_int_se  gcov_int  gcov_int_se
1_RawData/LDSC/educ_GWAS.sumstats.gz  1_RawData/LDSC/dep_GWAS.sumstats.gz -0.1322  0.1869 -0.7073  0.4794  0.0963     0.0293  1.3557     0.1636   -1.3039       0.3857

Analysis finished at Fri Nov 30 14:37:14 2018
Total time elapsed: 8.61s
