*********************************************************************
* LD Score Regression (LDSC)
* Version 1.0.0
* (C) 2014-2015 Brendan Bulik-Sullivan and Hilary Finucane
* Broad Institute of MIT and Harvard / MIT Department of Mathematics
* GNU General Public License v3
*********************************************************************
Call: 
./ldsc.py \
--ref-ld-chr /Users/sheaandrews/Programs/ldsc/eur_w_ld_chr/ \
--out 2_DerivedData/LDSC/evrsmk_sleep \
--rg 1_RawData/LDSC/evrsmk_GWAS.sumstats.gz,1_RawData/LDSC/sleep_GWAS.sumstats.gz \
--w-ld-chr /Users/sheaandrews/Programs/ldsc/eur_w_ld_chr/ 

Beginning analysis at Fri Nov 30 10:48:54 2018
Reading summary statistics from 1_RawData/LDSC/evrsmk_GWAS.sumstats.gz ...
Read summary statistics for 1176905 SNPs.
Reading reference panel LD Score from /Users/sheaandrews/Programs/ldsc/eur_w_ld_chr/[1-22] ...
Read reference panel LD Scores for 1290028 SNPs.
Removing partitioned LD Scores with zero variance.
Reading regression weight LD Score from /Users/sheaandrews/Programs/ldsc/eur_w_ld_chr/[1-22] ...
Read regression weight LD Scores for 1290028 SNPs.
After merging with reference panel LD, 1170382 SNPs remain.
After merging with regression SNP LD, 1170382 SNPs remain.
Computing rg for phenotype 2/2
Reading summary statistics from 1_RawData/LDSC/sleep_GWAS.sumstats.gz ...
Read summary statistics for 1217311 SNPs.
After merging with summary statistics, 1170382 SNPs remain.
1163533 SNPs with valid alleles.

Heritability of phenotype 1
---------------------------
Total Observed scale h2: 0.0749 (0.0031)
Lambda GC: 1.421
Mean Chi^2: 1.5506
Intercept: 1.0181 (0.0096)
Ratio: 0.0329 (0.0175)

Heritability of phenotype 2/2
-----------------------------
Total Observed scale h2: 0.0581 (0.0059)
Lambda GC: 1.1144
Mean Chi^2: 1.1406
Intercept: 1.0122 (0.0076)
Ratio: 0.0864 (0.0543)

Genetic Covariance
------------------
Total Observed scale gencov: -0.005 (0.0026)
Mean z1*z2: -0.0293
Intercept: -0.015 (0.0055)

Genetic Correlation
-------------------
Genetic Correlation: -0.0752 (0.0396)
Z-score: -1.8993
P: 0.0575


Summary of Genetic Correlation Results
p1                                     p2      rg      se       z       p  h2_obs  h2_obs_se  h2_int  h2_int_se  gcov_int  gcov_int_se
1_RawData/LDSC/evrsmk_GWAS.sumstats.gz  1_RawData/LDSC/sleep_GWAS.sumstats.gz -0.0752  0.0396 -1.8993  0.0575  0.0581     0.0059  1.0122     0.0076    -0.015       0.0055

Analysis finished at Fri Nov 30 10:49:07 2018
Total time elapsed: 12.54s
