*********************************************************************
* LD Score Regression (LDSC)
* Version 1.0.0
* (C) 2014-2015 Brendan Bulik-Sullivan and Hilary Finucane
* Broad Institute of MIT and Harvard / MIT Department of Mathematics
* GNU General Public License v3
*********************************************************************
Call: 
./ldsc.py \
--ref-ld-chr /Users/sheaandrews/Programs/ldsc/eur_w_ld_chr/ \
--out 2_DerivedData/LDSC/evrsmk_hipv \
--rg 1_RawData/LDSC/evrsmk_GWAS.sumstats.gz,1_RawData/LDSC/hipv_GWAS.sumstats.gz \
--w-ld-chr /Users/sheaandrews/Programs/ldsc/eur_w_ld_chr/ 

Beginning analysis at Fri Nov 30 12:28:16 2018
Reading summary statistics from 1_RawData/LDSC/evrsmk_GWAS.sumstats.gz ...
Read summary statistics for 1176905 SNPs.
Reading reference panel LD Score from /Users/sheaandrews/Programs/ldsc/eur_w_ld_chr/[1-22] ...
Read reference panel LD Scores for 1290028 SNPs.
Removing partitioned LD Scores with zero variance.
Reading regression weight LD Score from /Users/sheaandrews/Programs/ldsc/eur_w_ld_chr/[1-22] ...
Read regression weight LD Scores for 1290028 SNPs.
After merging with reference panel LD, 1170382 SNPs remain.
After merging with regression SNP LD, 1170382 SNPs remain.
Computing rg for phenotype 2/2
Reading summary statistics from 1_RawData/LDSC/hipv_GWAS.sumstats.gz ...
Read summary statistics for 1217311 SNPs.
After merging with summary statistics, 1170382 SNPs remain.
1151756 SNPs with valid alleles.

Heritability of phenotype 1
---------------------------
Total Observed scale h2: 0.0754 (0.0031)
Lambda GC: 1.4281
Mean Chi^2: 1.5566
Intercept: 1.0157 (0.0101)
Ratio: 0.0282 (0.0182)

Heritability of phenotype 2/2
-----------------------------
Total Observed scale h2: 0.1431 (0.0248)
Lambda GC: 1.0588
Mean Chi^2: 1.0803
Intercept: 1.0033 (0.0079)
Ratio: 0.0413 (0.0983)

Genetic Covariance
------------------
Total Observed scale gencov: -0.003 (0.0049)
Mean z1*z2: -0.0027
Intercept: 0.0038 (0.0055)

Genetic Correlation
-------------------
Genetic Correlation: -0.0286 (0.0475)
Z-score: -0.6017
P: 0.5474


Summary of Genetic Correlation Results
p1                                    p2      rg      se       z       p  h2_obs  h2_obs_se  h2_int  h2_int_se  gcov_int  gcov_int_se
1_RawData/LDSC/evrsmk_GWAS.sumstats.gz  1_RawData/LDSC/hipv_GWAS.sumstats.gz -0.0286  0.0475 -0.6017  0.5474  0.1431     0.0248  1.0033     0.0079    0.0038       0.0055

Analysis finished at Fri Nov 30 12:28:30 2018
Total time elapsed: 13.87s
