*********************************************************************
* LD Score Regression (LDSC)
* Version 1.0.0
* (C) 2014-2015 Brendan Bulik-Sullivan and Hilary Finucane
* Broad Institute of MIT and Harvard / MIT Department of Mathematics
* GNU General Public License v3
*********************************************************************
Call: 
./ldsc.py \
--ref-ld-chr /Users/sheaandrews/Programs/ldsc/eur_w_ld_chr/ \
--out 2_DerivedData/LDSC/evrsmk_as \
--rg 1_RawData/LDSC/evrsmk_GWAS.sumstats.gz,1_RawData/LDSC/as_GWAS.sumstats.gz \
--w-ld-chr /Users/sheaandrews/Programs/ldsc/eur_w_ld_chr/ 

Beginning analysis at Fri Nov 30 13:08:07 2018
Reading summary statistics from 1_RawData/LDSC/evrsmk_GWAS.sumstats.gz ...
Read summary statistics for 1176905 SNPs.
Reading reference panel LD Score from /Users/sheaandrews/Programs/ldsc/eur_w_ld_chr/[1-22] ...
Read reference panel LD Scores for 1290028 SNPs.
Removing partitioned LD Scores with zero variance.
Reading regression weight LD Score from /Users/sheaandrews/Programs/ldsc/eur_w_ld_chr/[1-22] ...
Read regression weight LD Scores for 1290028 SNPs.
After merging with reference panel LD, 1170382 SNPs remain.
After merging with regression SNP LD, 1170382 SNPs remain.
Computing rg for phenotype 2/2
Reading summary statistics from 1_RawData/LDSC/as_GWAS.sumstats.gz ...
Read summary statistics for 1217311 SNPs.
After merging with summary statistics, 1170382 SNPs remain.
1170014 SNPs with valid alleles.

Heritability of phenotype 1
---------------------------
Total Observed scale h2: 0.0751 (0.0032)
Lambda GC: 1.4245
Mean Chi^2: 1.5512
Intercept: 1.0183 (0.01)
Ratio: 0.0331 (0.0182)

Heritability of phenotype 2/2
-----------------------------
Total Observed scale h2: 0.0127 (0.0014)
Lambda GC: 1.1238
Mean Chi^2: 1.1485
Intercept: 1.0357 (0.0073)
Ratio: 0.2403 (0.0491)

Genetic Covariance
------------------
Total Observed scale gencov: 0.0041 (0.0013)
Mean z1*z2: 0.0391
Intercept: 0.007 (0.0053)

Genetic Correlation
-------------------
Genetic Correlation: 0.1325 (0.0433)
Z-score: 3.0591
P: 0.0022


Summary of Genetic Correlation Results
p1                                  p2      rg      se       z       p  h2_obs  h2_obs_se  h2_int  h2_int_se  gcov_int  gcov_int_se
1_RawData/LDSC/evrsmk_GWAS.sumstats.gz  1_RawData/LDSC/as_GWAS.sumstats.gz  0.1325  0.0433  3.0591  0.0022  0.0127     0.0014  1.0357     0.0073     0.007       0.0053

Analysis finished at Fri Nov 30 13:08:20 2018
Total time elapsed: 13.02s
