*********************************************************************
* LD Score Regression (LDSC)
* Version 1.0.0
* (C) 2014-2015 Brendan Bulik-Sullivan and Hilary Finucane
* Broad Institute of MIT and Harvard / MIT Department of Mathematics
* GNU General Public License v3
*********************************************************************
Call: 
./ldsc.py \
--ref-ld-chr /Users/sheaandrews/Programs/ldsc/eur_w_ld_chr/ \
--out 2_DerivedData/LDSC/evrsmk_dep \
--rg 1_RawData/LDSC/evrsmk_GWAS.sumstats.gz,1_RawData/LDSC/dep_GWAS.sumstats.gz \
--w-ld-chr /Users/sheaandrews/Programs/ldsc/eur_w_ld_chr/ 

Beginning analysis at Fri Nov 30 12:50:15 2018
Reading summary statistics from 1_RawData/LDSC/evrsmk_GWAS.sumstats.gz ...
Read summary statistics for 1176905 SNPs.
Reading reference panel LD Score from /Users/sheaandrews/Programs/ldsc/eur_w_ld_chr/[1-22] ...
Read reference panel LD Scores for 1290028 SNPs.
Removing partitioned LD Scores with zero variance.
Reading regression weight LD Score from /Users/sheaandrews/Programs/ldsc/eur_w_ld_chr/[1-22] ...
Read regression weight LD Scores for 1290028 SNPs.
After merging with reference panel LD, 1170382 SNPs remain.
After merging with regression SNP LD, 1170382 SNPs remain.
Computing rg for phenotype 2/2
Reading summary statistics from 1_RawData/LDSC/dep_GWAS.sumstats.gz ...
Read summary statistics for 1217311 SNPs.
After merging with summary statistics, 1170382 SNPs remain.
1166089 SNPs with valid alleles.

Heritability of phenotype 1
---------------------------
Total Observed scale h2: 0.0753 (0.0032)
Lambda GC: 1.4245
Mean Chi^2: 1.5518
Intercept: 1.0168 (0.0099)
Ratio: 0.0305 (0.018)

Heritability of phenotype 2/2
-----------------------------
Total Observed scale h2: 0.0622 (0.0029)
Lambda GC: 1.3272
Mean Chi^2: 1.3945
Intercept: 1.0068 (0.0088)
Ratio: 0.0171 (0.0223)

Genetic Covariance
------------------
Total Observed scale gencov: 0.0193 (0.002)
Mean z1*z2: 0.1916
Intercept: 0.0653 (0.0064)

Genetic Correlation
-------------------
Genetic Correlation: 0.2825 (0.0257)
Z-score: 11.0049
P: 3.6187e-28


Summary of Genetic Correlation Results
p1                                   p2      rg      se        z           p  h2_obs  h2_obs_se  h2_int  h2_int_se  gcov_int  gcov_int_se
1_RawData/LDSC/evrsmk_GWAS.sumstats.gz  1_RawData/LDSC/dep_GWAS.sumstats.gz  0.2825  0.0257  11.0049  3.6187e-28  0.0622     0.0029  1.0068     0.0088    0.0653       0.0064

Analysis finished at Fri Nov 30 12:50:28 2018
Total time elapsed: 13.11s
