*********************************************************************
* LD Score Regression (LDSC)
* Version 1.0.0
* (C) 2014-2015 Brendan Bulik-Sullivan and Hilary Finucane
* Broad Institute of MIT and Harvard / MIT Department of Mathematics
* GNU General Public License v3
*********************************************************************
Call: 
./ldsc.py \
--ref-ld-chr /Users/sheaandrews/Programs/ldsc/eur_w_ld_chr/ \
--out 2_DerivedData/LDSC/evrsmk_aaos \
--rg 1_RawData/LDSC/evrsmk_GWAS.sumstats.gz,1_RawData/LDSC/aaos_GWAS.sumstats.gz \
--w-ld-chr /Users/sheaandrews/Programs/ldsc/eur_w_ld_chr/ 

Beginning analysis at Fri Nov 30 13:23:03 2018
Reading summary statistics from 1_RawData/LDSC/evrsmk_GWAS.sumstats.gz ...
Read summary statistics for 1176905 SNPs.
Reading reference panel LD Score from /Users/sheaandrews/Programs/ldsc/eur_w_ld_chr/[1-22] ...
Read reference panel LD Scores for 1290028 SNPs.
Removing partitioned LD Scores with zero variance.
Reading regression weight LD Score from /Users/sheaandrews/Programs/ldsc/eur_w_ld_chr/[1-22] ...
Read regression weight LD Scores for 1290028 SNPs.
After merging with reference panel LD, 1170382 SNPs remain.
After merging with regression SNP LD, 1170382 SNPs remain.
Computing rg for phenotype 2/2
Reading summary statistics from 1_RawData/LDSC/aaos_GWAS.sumstats.gz ...
Read summary statistics for 1217311 SNPs.
After merging with summary statistics, 1170382 SNPs remain.
1168736 SNPs with valid alleles.

Heritability of phenotype 1
---------------------------
Total Observed scale h2: 0.0752 (0.0033)
Lambda GC: 1.4245
Mean Chi^2: 1.5515
Intercept: 1.0172 (0.0101)
Ratio: 0.0312 (0.0182)

Heritability of phenotype 2/2
-----------------------------
Total Observed scale h2: 0.0916 (0.0206)
Lambda GC: 1.0679
Mean Chi^2: 1.0718
Intercept: 0.9997 (0.0187)
Ratio < 0 (usually indicates GC correction).

Genetic Covariance
------------------
Total Observed scale gencov: 0.0017 (0.0039)
Mean z1*z2: -0.0023
Intercept: -0.0033 (0.005)

Genetic Correlation
-------------------
Genetic Correlation: 0.0207 (0.0473)
Z-score: 0.4387
P: 0.6609


Summary of Genetic Correlation Results
p1                                    p2      rg      se       z       p  h2_obs  h2_obs_se  h2_int  h2_int_se  gcov_int  gcov_int_se
1_RawData/LDSC/evrsmk_GWAS.sumstats.gz  1_RawData/LDSC/aaos_GWAS.sumstats.gz  0.0207  0.0473  0.4387  0.6609  0.0916     0.0206  0.9997     0.0187   -0.0033        0.005

Analysis finished at Fri Nov 30 13:23:16 2018
Total time elapsed: 12.93s
