*********************************************************************
* LD Score Regression (LDSC)
* Version 1.0.0
* (C) 2014-2015 Brendan Bulik-Sullivan and Hilary Finucane
* Broad Institute of MIT and Harvard / MIT Department of Mathematics
* GNU General Public License v3
*********************************************************************
Call: 
./ldsc.py \
--ref-ld-chr /Users/sheaandrews/Programs/ldsc/eur_w_ld_chr/ \
--out 2_DerivedData/LDSC/evrsmk_educall \
--rg 1_RawData/LDSC/evrsmk_GWAS.sumstats.gz,1_RawData/LDSC/educall_GWAS.sumstats.gz \
--w-ld-chr /Users/sheaandrews/Programs/ldsc/eur_w_ld_chr/ 

Beginning analysis at Fri Nov 30 17:31:55 2018
Reading summary statistics from 1_RawData/LDSC/evrsmk_GWAS.sumstats.gz ...
Read summary statistics for 1176905 SNPs.
Reading reference panel LD Score from /Users/sheaandrews/Programs/ldsc/eur_w_ld_chr/[1-22] ...
Read reference panel LD Scores for 1290028 SNPs.
Removing partitioned LD Scores with zero variance.
Reading regression weight LD Score from /Users/sheaandrews/Programs/ldsc/eur_w_ld_chr/[1-22] ...
Read regression weight LD Scores for 1290028 SNPs.
After merging with reference panel LD, 1170382 SNPs remain.
After merging with regression SNP LD, 1170382 SNPs remain.
Computing rg for phenotype 2/2
Reading summary statistics from 1_RawData/LDSC/educall_GWAS.sumstats.gz ...
Read summary statistics for 1217311 SNPs.
After merging with summary statistics, 1170382 SNPs remain.
1158481 SNPs with valid alleles.

Heritability of phenotype 1
---------------------------
Total Observed scale h2: 0.0751 (0.0032)
Lambda GC: 1.4245
Mean Chi^2: 1.5517
Intercept: 1.0182 (0.0099)
Ratio: 0.0329 (0.0179)

Heritability of phenotype 2/2
-----------------------------
Total Observed scale h2: 0.112 (0.0032)
Lambda GC: 2.1026
Mean Chi^2: 2.6617
Intercept: 0.9849 (0.0164)
Ratio < 0 (usually indicates GC correction).

Genetic Covariance
------------------
Total Observed scale gencov: -0.0132 (0.0018)
Mean z1*z2: -0.1658
Intercept: -0.0155 (0.0075)

Genetic Correlation
-------------------
Genetic Correlation: -0.1444 (0.0191)
Z-score: -7.5535
P: 4.2376e-14


Summary of Genetic Correlation Results
p1                                       p2      rg      se       z           p  h2_obs  h2_obs_se  h2_int  h2_int_se  gcov_int  gcov_int_se
1_RawData/LDSC/evrsmk_GWAS.sumstats.gz  1_RawData/LDSC/educall_GWAS.sumstats.gz -0.1444  0.0191 -7.5535  4.2376e-14   0.112     0.0032  0.9849     0.0164   -0.0155       0.0075

Analysis finished at Fri Nov 30 17:32:09 2018
Total time elapsed: 13.65s
