*********************************************************************
* LD Score Regression (LDSC)
* Version 1.0.0
* (C) 2014-2015 Brendan Bulik-Sullivan and Hilary Finucane
* Broad Institute of MIT and Harvard / MIT Department of Mathematics
* GNU General Public License v3
*********************************************************************
Call: 
./ldsc.py \
--ref-ld-chr /Users/sheaandrews/Programs/ldsc/eur_w_ld_chr/ \
--out 2_DerivedData/LDSC/evrsmk_diab \
--rg 1_RawData/LDSC/evrsmk_GWAS.sumstats.gz,1_RawData/LDSC/diab_GWAS.sumstats.gz \
--w-ld-chr /Users/sheaandrews/Programs/ldsc/eur_w_ld_chr/ 

Beginning analysis at Fri Nov 30 09:39:39 2018
Reading summary statistics from 1_RawData/LDSC/evrsmk_GWAS.sumstats.gz ...
Read summary statistics for 1176905 SNPs.
Reading reference panel LD Score from /Users/sheaandrews/Programs/ldsc/eur_w_ld_chr/[1-22] ...
Read reference panel LD Scores for 1290028 SNPs.
Removing partitioned LD Scores with zero variance.
Reading regression weight LD Score from /Users/sheaandrews/Programs/ldsc/eur_w_ld_chr/[1-22] ...
Read regression weight LD Scores for 1290028 SNPs.
After merging with reference panel LD, 1170382 SNPs remain.
After merging with regression SNP LD, 1170382 SNPs remain.
Computing rg for phenotype 2/2
Reading summary statistics from 1_RawData/LDSC/diab_GWAS.sumstats.gz ...
Read summary statistics for 1217311 SNPs.
After merging with summary statistics, 1170382 SNPs remain.
1006668 SNPs with valid alleles.

Heritability of phenotype 1
---------------------------
Total Observed scale h2: 0.0748 (0.0039)
Lambda GC: 1.4602
Mean Chi^2: 1.596
Intercept: 1.0163 (0.0142)
Ratio: 0.0274 (0.0239)

Heritability of phenotype 2/2
-----------------------------
Total Observed scale h2: 0.0533 (0.0034)
Lambda GC: 1.4494
Mean Chi^2: 1.6827
Intercept: 1.0429 (0.0184)
Ratio: 0.0628 (0.027)

Genetic Covariance
------------------
Total Observed scale gencov: 0.0053 (0.0016)
Mean z1*z2: 0.0725
Intercept: 0.0249 (0.0083)

Genetic Correlation
-------------------
Genetic Correlation: 0.0844 (0.0258)
Z-score: 3.275
P: 0.0011


Summary of Genetic Correlation Results
p1                                    p2      rg      se      z       p  h2_obs  h2_obs_se  h2_int  h2_int_se  gcov_int  gcov_int_se
1_RawData/LDSC/evrsmk_GWAS.sumstats.gz  1_RawData/LDSC/diab_GWAS.sumstats.gz  0.0844  0.0258  3.275  0.0011  0.0533     0.0034  1.0429     0.0184    0.0249       0.0083

Analysis finished at Fri Nov 30 09:39:52 2018
Total time elapsed: 13.55s
