*********************************************************************
* LD Score Regression (LDSC)
* Version 1.0.0
* (C) 2014-2015 Brendan Bulik-Sullivan and Hilary Finucane
* Broad Institute of MIT and Harvard / MIT Department of Mathematics
* GNU General Public License v3
*********************************************************************
Call: 
./ldsc.py \
--ref-ld-chr /Users/sheaandrews/Programs/ldsc/eur_w_ld_chr/ \
--out 2_DerivedData/LDSC/evrsmk_sbp \
--rg 1_RawData/LDSC/evrsmk_GWAS.sumstats.gz,1_RawData/LDSC/sbp_GWAS.sumstats.gz \
--w-ld-chr /Users/sheaandrews/Programs/ldsc/eur_w_ld_chr/ 

Beginning analysis at Fri Nov 30 10:39:08 2018
Reading summary statistics from 1_RawData/LDSC/evrsmk_GWAS.sumstats.gz ...
Read summary statistics for 1176905 SNPs.
Reading reference panel LD Score from /Users/sheaandrews/Programs/ldsc/eur_w_ld_chr/[1-22] ...
Read reference panel LD Scores for 1290028 SNPs.
Removing partitioned LD Scores with zero variance.
Reading regression weight LD Score from /Users/sheaandrews/Programs/ldsc/eur_w_ld_chr/[1-22] ...
Read regression weight LD Scores for 1290028 SNPs.
After merging with reference panel LD, 1170382 SNPs remain.
After merging with regression SNP LD, 1170382 SNPs remain.
Computing rg for phenotype 2/2
Reading summary statistics from 1_RawData/LDSC/sbp_GWAS.sumstats.gz ...
Read summary statistics for 1217311 SNPs.
After merging with summary statistics, 1170382 SNPs remain.
1162758 SNPs with valid alleles.

Heritability of phenotype 1
---------------------------
Total Observed scale h2: 0.0751 (0.0032)
Lambda GC: 1.4245
Mean Chi^2: 1.5534
Intercept: 1.0175 (0.0101)
Ratio: 0.0316 (0.0182)

Heritability of phenotype 2/2
-----------------------------
Total Observed scale h2: 0.1395 (0.0058)
Lambda GC: 2.0897
Mean Chi^2: 3.1419
Intercept: 1.0763 (0.0323)
Ratio: 0.0356 (0.0151)

Genetic Covariance
------------------
Total Observed scale gencov: -0.009 (0.002)
Mean z1*z2: -0.0981
Intercept: -0.0045 (0.0079)

Genetic Correlation
-------------------
Genetic Correlation: -0.0882 (0.0192)
Z-score: -4.5855
P: 4.5300e-06


Summary of Genetic Correlation Results
p1                                   p2      rg      se       z           p  h2_obs  h2_obs_se  h2_int  h2_int_se  gcov_int  gcov_int_se
1_RawData/LDSC/evrsmk_GWAS.sumstats.gz  1_RawData/LDSC/sbp_GWAS.sumstats.gz -0.0882  0.0192 -4.5855  4.5300e-06  0.1395     0.0058  1.0763     0.0323   -0.0045       0.0079

Analysis finished at Fri Nov 30 10:39:21 2018
Total time elapsed: 13.04s
