*********************************************************************
* LD Score Regression (LDSC)
* Version 1.0.0
* (C) 2014-2015 Brendan Bulik-Sullivan and Hilary Finucane
* Broad Institute of MIT and Harvard / MIT Department of Mathematics
* GNU General Public License v3
*********************************************************************
Call: 
./ldsc.py \
--ref-ld-chr /Users/sheaandrews/Programs/ldsc/eur_w_ld_chr/ \
--out 2_DerivedData/LDSC/evrsmk_hipv2015 \
--rg 1_RawData/LDSC/evrsmk_GWAS.sumstats.gz,1_RawData/LDSC/hipv2015_GWAS.sumstats.gz \
--w-ld-chr /Users/sheaandrews/Programs/ldsc/eur_w_ld_chr/ 

Beginning analysis at Fri Nov 30 12:24:21 2018
Reading summary statistics from 1_RawData/LDSC/evrsmk_GWAS.sumstats.gz ...
Read summary statistics for 1176905 SNPs.
Reading reference panel LD Score from /Users/sheaandrews/Programs/ldsc/eur_w_ld_chr/[1-22] ...
Read reference panel LD Scores for 1290028 SNPs.
Removing partitioned LD Scores with zero variance.
Reading regression weight LD Score from /Users/sheaandrews/Programs/ldsc/eur_w_ld_chr/[1-22] ...
Read regression weight LD Scores for 1290028 SNPs.
After merging with reference panel LD, 1170382 SNPs remain.
After merging with regression SNP LD, 1170382 SNPs remain.
Computing rg for phenotype 2/2
Reading summary statistics from 1_RawData/LDSC/hipv2015_GWAS.sumstats.gz ...
Read summary statistics for 1217311 SNPs.
After merging with summary statistics, 1170382 SNPs remain.
1150853 SNPs with valid alleles.

Heritability of phenotype 1
---------------------------
Total Observed scale h2: 0.0754 (0.0032)
Lambda GC: 1.4281
Mean Chi^2: 1.5571
Intercept: 1.0159 (0.0103)
Ratio: 0.0285 (0.0184)

Heritability of phenotype 2/2
-----------------------------
Total Observed scale h2: 0.1404 (0.04)
Lambda GC: 1.0105
Mean Chi^2: 1.0257
Intercept: 0.988 (0.0066)
Ratio < 0 (usually indicates GC correction).

Genetic Covariance
------------------
Total Observed scale gencov: 0.0003 (0.0068)
Mean z1*z2: 0.0018
Intercept: 0.0007 (0.0052)

Genetic Correlation
-------------------
Genetic Correlation: 0.0026 (0.066)
Z-score: 0.0393
P: 0.9687


Summary of Genetic Correlation Results
p1                                        p2      rg     se       z       p  h2_obs  h2_obs_se  h2_int  h2_int_se  gcov_int  gcov_int_se
1_RawData/LDSC/evrsmk_GWAS.sumstats.gz  1_RawData/LDSC/hipv2015_GWAS.sumstats.gz  0.0026  0.066  0.0393  0.9687  0.1404       0.04   0.988     0.0066    0.0007       0.0052

Analysis finished at Fri Nov 30 12:24:34 2018
Total time elapsed: 13.32s
