*********************************************************************
* LD Score Regression (LDSC)
* Version 1.0.0
* (C) 2014-2015 Brendan Bulik-Sullivan and Hilary Finucane
* Broad Institute of MIT and Harvard / MIT Department of Mathematics
* GNU General Public License v3
*********************************************************************
Call: 
./ldsc.py \
--ref-ld-chr /Users/sheaandrews/Programs/ldsc/eur_w_ld_chr/ \
--out 2_DerivedData/LDSC/evrsmk_ptau \
--rg 1_RawData/LDSC/evrsmk_GWAS.sumstats.gz,1_RawData/LDSC/ptau_GWAS.sumstats.gz \
--w-ld-chr /Users/sheaandrews/Programs/ldsc/eur_w_ld_chr/ 

Beginning analysis at Fri Nov 30 11:41:37 2018
Reading summary statistics from 1_RawData/LDSC/evrsmk_GWAS.sumstats.gz ...
Read summary statistics for 1176905 SNPs.
Reading reference panel LD Score from /Users/sheaandrews/Programs/ldsc/eur_w_ld_chr/[1-22] ...
Read reference panel LD Scores for 1290028 SNPs.
Removing partitioned LD Scores with zero variance.
Reading regression weight LD Score from /Users/sheaandrews/Programs/ldsc/eur_w_ld_chr/[1-22] ...
Read regression weight LD Scores for 1290028 SNPs.
After merging with reference panel LD, 1170382 SNPs remain.
After merging with regression SNP LD, 1170382 SNPs remain.
Computing rg for phenotype 2/2
Reading summary statistics from 1_RawData/LDSC/ptau_GWAS.sumstats.gz ...
Read summary statistics for 1217311 SNPs.
After merging with summary statistics, 1170382 SNPs remain.
1036242 SNPs with valid alleles.

Heritability of phenotype 1
---------------------------
Total Observed scale h2: 0.076 (0.0034)
Lambda GC: 1.4459
Mean Chi^2: 1.5798
Intercept: 1.0108 (0.0113)
Ratio: 0.0186 (0.0196)

Heritability of phenotype 2/2
-----------------------------
Total Observed scale h2: 0.1995 (0.1744)
Lambda GC: 1.0225
Mean Chi^2: 1.0162
Intercept: 1.0047 (0.0078)
Ratio: 0.2918 (0.4775)

Genetic Covariance
------------------
Total Observed scale gencov: -0.0074 (0.015)
Mean z1*z2: -0.0066
Intercept: -0.0024 (0.0058)

Genetic Correlation
-------------------
Genetic Correlation: -0.0603 (0.125)
Z-score: -0.4822
P: 0.6297


Summary of Genetic Correlation Results
p1                                    p2      rg     se       z       p  h2_obs  h2_obs_se  h2_int  h2_int_se  gcov_int  gcov_int_se
1_RawData/LDSC/evrsmk_GWAS.sumstats.gz  1_RawData/LDSC/ptau_GWAS.sumstats.gz -0.0603  0.125 -0.4822  0.6297  0.1995     0.1744  1.0047     0.0078   -0.0024       0.0058

Analysis finished at Fri Nov 30 11:41:50 2018
Total time elapsed: 12.7s
