*********************************************************************
* LD Score Regression (LDSC)
* Version 1.0.0
* (C) 2014-2015 Brendan Bulik-Sullivan and Hilary Finucane
* Broad Institute of MIT and Harvard / MIT Department of Mathematics
* GNU General Public License v3
*********************************************************************
Call: 
./ldsc.py \
--ref-ld-chr /Users/sheaandrews/Programs/ldsc/eur_w_ld_chr/ \
--out 2_DerivedData/LDSC/evrsmk_audit \
--rg 1_RawData/LDSC/evrsmk_GWAS.sumstats.gz,1_RawData/LDSC/audit_GWAS.sumstats.gz \
--w-ld-chr /Users/sheaandrews/Programs/ldsc/eur_w_ld_chr/ 

Beginning analysis at Fri Nov 30 09:19:50 2018
Reading summary statistics from 1_RawData/LDSC/evrsmk_GWAS.sumstats.gz ...
Read summary statistics for 1176905 SNPs.
Reading reference panel LD Score from /Users/sheaandrews/Programs/ldsc/eur_w_ld_chr/[1-22] ...
Read reference panel LD Scores for 1290028 SNPs.
Removing partitioned LD Scores with zero variance.
Reading regression weight LD Score from /Users/sheaandrews/Programs/ldsc/eur_w_ld_chr/[1-22] ...
Read regression weight LD Scores for 1290028 SNPs.
After merging with reference panel LD, 1170382 SNPs remain.
After merging with regression SNP LD, 1170382 SNPs remain.
Computing rg for phenotype 2/2
Reading summary statistics from 1_RawData/LDSC/audit_GWAS.sumstats.gz ...
Read summary statistics for 1217311 SNPs.
After merging with summary statistics, 1170382 SNPs remain.
1163363 SNPs with valid alleles.

Heritability of phenotype 1
---------------------------
Total Observed scale h2: 0.075 (0.0032)
Lambda GC: 1.4245
Mean Chi^2: 1.551
Intercept: 1.0181 (0.0101)
Ratio: 0.0329 (0.0184)

Heritability of phenotype 2/2
-----------------------------
Total Observed scale h2: 0.0918 (0.0058)
Lambda GC: 1.194
Mean Chi^2: 1.2203
Intercept: 1.003 (0.0072)
Ratio: 0.0135 (0.0328)

Genetic Covariance
------------------
Total Observed scale gencov: 0.0376 (0.0025)
Mean z1*z2: 0.2497
Intercept: 0.0932 (0.0051)

Genetic Correlation
-------------------
Genetic Correlation: 0.4527 (0.0269)
Z-score: 16.8533
P: 9.9193e-64


Summary of Genetic Correlation Results
p1                                     p2      rg      se        z           p  h2_obs  h2_obs_se  h2_int  h2_int_se  gcov_int  gcov_int_se
1_RawData/LDSC/evrsmk_GWAS.sumstats.gz  1_RawData/LDSC/audit_GWAS.sumstats.gz  0.4527  0.0269  16.8533  9.9193e-64  0.0918     0.0058   1.003     0.0072    0.0932       0.0051

Analysis finished at Fri Nov 30 09:20:03 2018
Total time elapsed: 13.48s
