*********************************************************************
* LD Score Regression (LDSC)
* Version 1.0.0
* (C) 2014-2015 Brendan Bulik-Sullivan and Hilary Finucane
* Broad Institute of MIT and Harvard / MIT Department of Mathematics
* GNU General Public License v3
*********************************************************************
Call: 
./ldsc.py \
--ref-ld-chr /Users/sheaandrews/Programs/ldsc/eur_w_ld_chr/ \
--out 2_DerivedData/LDSC/fish_svs \
--rg 1_RawData/LDSC/fish_GWAS.sumstats.gz,1_RawData/LDSC/svs_GWAS.sumstats.gz \
--w-ld-chr /Users/sheaandrews/Programs/ldsc/eur_w_ld_chr/ 

Beginning analysis at Fri Nov 30 13:16:43 2018
Reading summary statistics from 1_RawData/LDSC/fish_GWAS.sumstats.gz ...
Read summary statistics for 1171135 SNPs.
Reading reference panel LD Score from /Users/sheaandrews/Programs/ldsc/eur_w_ld_chr/[1-22] ...
Read reference panel LD Scores for 1290028 SNPs.
Removing partitioned LD Scores with zero variance.
Reading regression weight LD Score from /Users/sheaandrews/Programs/ldsc/eur_w_ld_chr/[1-22] ...
Read regression weight LD Scores for 1290028 SNPs.
After merging with reference panel LD, 1164572 SNPs remain.
After merging with regression SNP LD, 1164572 SNPs remain.
Computing rg for phenotype 2/2
Reading summary statistics from 1_RawData/LDSC/svs_GWAS.sumstats.gz ...
Read summary statistics for 1217311 SNPs.
After merging with summary statistics, 1164572 SNPs remain.
1164111 SNPs with valid alleles.

Heritability of phenotype 1
---------------------------
Total Observed scale h2: 0.0626 (0.0031)
Lambda GC: 1.4281
Mean Chi^2: 1.5865
Intercept: 1.0124 (0.0116)
Ratio: 0.0211 (0.0198)

Heritability of phenotype 2/2
-----------------------------
Total Observed scale h2: 0.0027 (0.0012)
Lambda GC: 1.0802
Mean Chi^2: 1.0939
Intercept: 1.0691 (0.0069)
Ratio: 0.7365 (0.0731)

Genetic Covariance
------------------
Total Observed scale gencov: -0.0004 (0.0011)
Mean z1*z2: 0.0022
Intercept: 0.0025 (0.0055)

Genetic Correlation
-------------------
Genetic Correlation: -0.0273 (0.0866)
Z-score: -0.3147
P: 0.753


Summary of Genetic Correlation Results
p1                                   p2      rg      se       z      p  h2_obs  h2_obs_se  h2_int  h2_int_se  gcov_int  gcov_int_se
1_RawData/LDSC/fish_GWAS.sumstats.gz  1_RawData/LDSC/svs_GWAS.sumstats.gz -0.0273  0.0866 -0.3147  0.753  0.0027     0.0012  1.0691     0.0069    0.0025       0.0055

Analysis finished at Fri Nov 30 13:16:57 2018
Total time elapsed: 13.74s
