*********************************************************************
* LD Score Regression (LDSC)
* Version 1.0.0
* (C) 2014-2015 Brendan Bulik-Sullivan and Hilary Finucane
* Broad Institute of MIT and Harvard / MIT Department of Mathematics
* GNU General Public License v3
*********************************************************************
Call: 
./ldsc.py \
--ref-ld-chr /Users/sheaandrews/Programs/ldsc/eur_w_ld_chr/ \
--out 2_DerivedData/LDSC/fish_load \
--rg 1_RawData/LDSC/fish_GWAS.sumstats.gz,1_RawData/LDSC/load_GWAS.sumstats.gz \
--w-ld-chr /Users/sheaandrews/Programs/ldsc/eur_w_ld_chr/ 

Beginning analysis at Fri Nov 30 13:01:15 2018
Reading summary statistics from 1_RawData/LDSC/fish_GWAS.sumstats.gz ...
Read summary statistics for 1171135 SNPs.
Reading reference panel LD Score from /Users/sheaandrews/Programs/ldsc/eur_w_ld_chr/[1-22] ...
Read reference panel LD Scores for 1290028 SNPs.
Removing partitioned LD Scores with zero variance.
Reading regression weight LD Score from /Users/sheaandrews/Programs/ldsc/eur_w_ld_chr/[1-22] ...
Read regression weight LD Scores for 1290028 SNPs.
After merging with reference panel LD, 1164572 SNPs remain.
After merging with regression SNP LD, 1164572 SNPs remain.
Computing rg for phenotype 2/2
Reading summary statistics from 1_RawData/LDSC/load_GWAS.sumstats.gz ...
Read summary statistics for 1217311 SNPs.
After merging with summary statistics, 1164572 SNPs remain.
1132564 SNPs with valid alleles.

Heritability of phenotype 1
---------------------------
Total Observed scale h2: 0.0628 (0.0033)
Lambda GC: 1.4316
Mean Chi^2: 1.5909
Intercept: 1.012 (0.0125)
Ratio: 0.0204 (0.0211)

Heritability of phenotype 2/2
-----------------------------
Total Observed scale h2: 0.0434 (0.0216)
Lambda GC: 1.0926
Mean Chi^2: 1.1147
Intercept: 1.0675 (0.03)
Ratio: 0.5882 (0.2612)

Genetic Covariance
------------------
Total Observed scale gencov: -0.0014 (0.0032)
Mean z1*z2: -0.0015
Intercept: 0.0037 (0.0067)

Genetic Correlation
-------------------
Genetic Correlation: -0.0276 (0.0621)
Z-score: -0.445
P: 0.6563


Summary of Genetic Correlation Results
p1                                    p2      rg      se      z       p  h2_obs  h2_obs_se  h2_int  h2_int_se  gcov_int  gcov_int_se
1_RawData/LDSC/fish_GWAS.sumstats.gz  1_RawData/LDSC/load_GWAS.sumstats.gz -0.0276  0.0621 -0.445  0.6563  0.0434     0.0216  1.0675       0.03    0.0037       0.0067

Analysis finished at Fri Nov 30 13:01:30 2018
Total time elapsed: 14.48s
