*********************************************************************
* LD Score Regression (LDSC)
* Version 1.0.0
* (C) 2014-2015 Brendan Bulik-Sullivan and Hilary Finucane
* Broad Institute of MIT and Harvard / MIT Department of Mathematics
* GNU General Public License v3
*********************************************************************
Call: 
./ldsc.py \
--ref-ld-chr /Users/sheaandrews/Programs/ldsc/eur_w_ld_chr/ \
--out 2_DerivedData/LDSC/fish_insom \
--rg 1_RawData/LDSC/fish_GWAS.sumstats.gz,1_RawData/LDSC/insom_GWAS.sumstats.gz \
--w-ld-chr /Users/sheaandrews/Programs/ldsc/eur_w_ld_chr/ 

Beginning analysis at Fri Nov 30 09:20:46 2018
Reading summary statistics from 1_RawData/LDSC/fish_GWAS.sumstats.gz ...
Read summary statistics for 1171135 SNPs.
Reading reference panel LD Score from /Users/sheaandrews/Programs/ldsc/eur_w_ld_chr/[1-22] ...
Read reference panel LD Scores for 1290028 SNPs.
Removing partitioned LD Scores with zero variance.
Reading regression weight LD Score from /Users/sheaandrews/Programs/ldsc/eur_w_ld_chr/[1-22] ...
Read regression weight LD Scores for 1290028 SNPs.
After merging with reference panel LD, 1164572 SNPs remain.
After merging with regression SNP LD, 1164572 SNPs remain.
Computing rg for phenotype 2/2
Reading summary statistics from 1_RawData/LDSC/insom_GWAS.sumstats.gz ...
Read summary statistics for 1217311 SNPs.
After merging with summary statistics, 1164572 SNPs remain.
1121070 SNPs with valid alleles.

Heritability of phenotype 1
---------------------------
Total Observed scale h2: 0.0628 (0.003)
Lambda GC: 1.4316
Mean Chi^2: 1.5955
Intercept: 1.0096 (0.0118)
Ratio: 0.0162 (0.0199)

Heritability of phenotype 2/2
-----------------------------
Total Observed scale h2: 0.0461 (0.0021)
Lambda GC: 1.3101
Mean Chi^2: 1.3667
Intercept: 1.0135 (0.0088)
Ratio: 0.0368 (0.0241)

Genetic Covariance
------------------
Total Observed scale gencov: -0.0067 (0.0014)
Mean z1*z2: -0.0928
Intercept: -0.0356 (0.0063)

Genetic Correlation
-------------------
Genetic Correlation: -0.1249 (0.0257)
Z-score: -4.8596
P: 1.1764e-06


Summary of Genetic Correlation Results
p1                                     p2      rg      se       z           p  h2_obs  h2_obs_se  h2_int  h2_int_se  gcov_int  gcov_int_se
1_RawData/LDSC/fish_GWAS.sumstats.gz  1_RawData/LDSC/insom_GWAS.sumstats.gz -0.1249  0.0257 -4.8596  1.1764e-06  0.0461     0.0021  1.0135     0.0088   -0.0356       0.0063

Analysis finished at Fri Nov 30 09:20:59 2018
Total time elapsed: 12.81s
