*********************************************************************
* LD Score Regression (LDSC)
* Version 1.0.0
* (C) 2014-2015 Brendan Bulik-Sullivan and Hilary Finucane
* Broad Institute of MIT and Harvard / MIT Department of Mathematics
* GNU General Public License v3
*********************************************************************
Call: 
./ldsc.py \
--ref-ld-chr /Users/sheaandrews/Programs/ldsc/eur_w_ld_chr/ \
--out 2_DerivedData/LDSC/fish_audit \
--rg 1_RawData/LDSC/fish_GWAS.sumstats.gz,1_RawData/LDSC/audit_GWAS.sumstats.gz \
--w-ld-chr /Users/sheaandrews/Programs/ldsc/eur_w_ld_chr/ 

Beginning analysis at Fri Nov 30 09:21:28 2018
Reading summary statistics from 1_RawData/LDSC/fish_GWAS.sumstats.gz ...
Read summary statistics for 1171135 SNPs.
Reading reference panel LD Score from /Users/sheaandrews/Programs/ldsc/eur_w_ld_chr/[1-22] ...
Read reference panel LD Scores for 1290028 SNPs.
Removing partitioned LD Scores with zero variance.
Reading regression weight LD Score from /Users/sheaandrews/Programs/ldsc/eur_w_ld_chr/[1-22] ...
Read regression weight LD Scores for 1290028 SNPs.
After merging with reference panel LD, 1164572 SNPs remain.
After merging with regression SNP LD, 1164572 SNPs remain.
Computing rg for phenotype 2/2
Reading summary statistics from 1_RawData/LDSC/audit_GWAS.sumstats.gz ...
Read summary statistics for 1217311 SNPs.
After merging with summary statistics, 1164572 SNPs remain.
1163449 SNPs with valid alleles.

Heritability of phenotype 1
---------------------------
Total Observed scale h2: 0.0626 (0.0031)
Lambda GC: 1.4281
Mean Chi^2: 1.5866
Intercept: 1.0125 (0.0117)
Ratio: 0.0213 (0.02)

Heritability of phenotype 2/2
-----------------------------
Total Observed scale h2: 0.0919 (0.0058)
Lambda GC: 1.194
Mean Chi^2: 1.22
Intercept: 1.0025 (0.0072)
Ratio: 0.0115 (0.0326)

Genetic Covariance
------------------
Total Observed scale gencov: 0.0117 (0.0027)
Mean z1*z2: 0.0855
Intercept: 0.0312 (0.0057)

Genetic Correlation
-------------------
Genetic Correlation: 0.1547 (0.034)
Z-score: 4.5424
P: 5.5616e-06


Summary of Genetic Correlation Results
p1                                     p2      rg     se       z           p  h2_obs  h2_obs_se  h2_int  h2_int_se  gcov_int  gcov_int_se
1_RawData/LDSC/fish_GWAS.sumstats.gz  1_RawData/LDSC/audit_GWAS.sumstats.gz  0.1547  0.034  4.5424  5.5616e-06  0.0919     0.0058  1.0025     0.0072    0.0312       0.0057

Analysis finished at Fri Nov 30 09:21:41 2018
Total time elapsed: 13.19s
