*********************************************************************
* LD Score Regression (LDSC)
* Version 1.0.0
* (C) 2014-2015 Brendan Bulik-Sullivan and Hilary Finucane
* Broad Institute of MIT and Harvard / MIT Department of Mathematics
* GNU General Public License v3
*********************************************************************
Call: 
./ldsc.py \
--ref-ld-chr /Users/sheaandrews/Programs/ldsc/eur_w_ld_chr/ \
--out 2_DerivedData/LDSC/fish_vbiany \
--rg 1_RawData/LDSC/fish_GWAS.sumstats.gz,1_RawData/LDSC/vbiany_GWAS.sumstats.gz \
--w-ld-chr /Users/sheaandrews/Programs/ldsc/eur_w_ld_chr/ 

Beginning analysis at Fri Nov 30 13:46:10 2018
Reading summary statistics from 1_RawData/LDSC/fish_GWAS.sumstats.gz ...
Read summary statistics for 1171135 SNPs.
Reading reference panel LD Score from /Users/sheaandrews/Programs/ldsc/eur_w_ld_chr/[1-22] ...
Read reference panel LD Scores for 1290028 SNPs.
Removing partitioned LD Scores with zero variance.
Reading regression weight LD Score from /Users/sheaandrews/Programs/ldsc/eur_w_ld_chr/[1-22] ...
Read regression weight LD Scores for 1290028 SNPs.
After merging with reference panel LD, 1164572 SNPs remain.
After merging with regression SNP LD, 1164572 SNPs remain.
Computing rg for phenotype 2/2
Reading summary statistics from 1_RawData/LDSC/vbiany_GWAS.sumstats.gz ...
Read summary statistics for 1217311 SNPs.
After merging with summary statistics, 1164572 SNPs remain.
1157786 SNPs with valid alleles.

Heritability of phenotype 1
---------------------------
Total Observed scale h2: 0.0626 (0.0032)
Lambda GC: 1.4281
Mean Chi^2: 1.587
Intercept: 1.0126 (0.012)
Ratio: 0.0215 (0.0205)

Heritability of phenotype 2/2
-----------------------------
Total Observed scale h2: 0.1934 (0.0899)
Lambda GC: 0.9957
Mean Chi^2: 0.9975
Intercept: 0.9789 (0.0071)
Ratio: NA (mean chi^2 < 1)

Genetic Covariance
------------------
Total Observed scale gencov: 0.0174 (0.0096)
Mean z1*z2: 0.0118
Intercept: -0.0069 (0.0055)

Genetic Correlation
-------------------
Genetic Correlation: 0.158 (0.0935)
Z-score: 1.6895
P: 0.0911


Summary of Genetic Correlation Results
p1                                      p2     rg      se       z       p  h2_obs  h2_obs_se  h2_int  h2_int_se  gcov_int  gcov_int_se
1_RawData/LDSC/fish_GWAS.sumstats.gz  1_RawData/LDSC/vbiany_GWAS.sumstats.gz  0.158  0.0935  1.6895  0.0911  0.1934     0.0899  0.9789     0.0071   -0.0069       0.0055

Analysis finished at Fri Nov 30 13:46:23 2018
Total time elapsed: 12.96s
