*********************************************************************
* LD Score Regression (LDSC)
* Version 1.0.0
* (C) 2014-2015 Brendan Bulik-Sullivan and Hilary Finucane
* Broad Institute of MIT and Harvard / MIT Department of Mathematics
* GNU General Public License v3
*********************************************************************
Call: 
./ldsc.py \
--ref-ld-chr /Users/sheaandrews/Programs/ldsc/eur_w_ld_chr/ \
--out 2_DerivedData/LDSC/fish_hipv \
--rg 1_RawData/LDSC/fish_GWAS.sumstats.gz,1_RawData/LDSC/hipv_GWAS.sumstats.gz \
--w-ld-chr /Users/sheaandrews/Programs/ldsc/eur_w_ld_chr/ 

Beginning analysis at Fri Nov 30 12:30:39 2018
Reading summary statistics from 1_RawData/LDSC/fish_GWAS.sumstats.gz ...
Read summary statistics for 1171135 SNPs.
Reading reference panel LD Score from /Users/sheaandrews/Programs/ldsc/eur_w_ld_chr/[1-22] ...
Read reference panel LD Scores for 1290028 SNPs.
Removing partitioned LD Scores with zero variance.
Reading regression weight LD Score from /Users/sheaandrews/Programs/ldsc/eur_w_ld_chr/[1-22] ...
Read regression weight LD Scores for 1290028 SNPs.
After merging with reference panel LD, 1164572 SNPs remain.
After merging with regression SNP LD, 1164572 SNPs remain.
Computing rg for phenotype 2/2
Reading summary statistics from 1_RawData/LDSC/hipv_GWAS.sumstats.gz ...
Read summary statistics for 1217311 SNPs.
After merging with summary statistics, 1164572 SNPs remain.
1145993 SNPs with valid alleles.

Heritability of phenotype 1
---------------------------
Total Observed scale h2: 0.063 (0.0033)
Lambda GC: 1.4316
Mean Chi^2: 1.5926
Intercept: 1.0097 (0.0131)
Ratio: 0.0164 (0.0221)

Heritability of phenotype 2/2
-----------------------------
Total Observed scale h2: 0.1449 (0.0246)
Lambda GC: 1.0588
Mean Chi^2: 1.0804
Intercept: 1.0024 (0.0078)
Ratio: 0.0304 (0.0973)

Genetic Covariance
------------------
Total Observed scale gencov: 0.0067 (0.005)
Mean z1*z2: 0.0089
Intercept: -0.0075 (0.0058)

Genetic Correlation
-------------------
Genetic Correlation: 0.0703 (0.0529)
Z-score: 1.3308
P: 0.1832


Summary of Genetic Correlation Results
p1                                    p2      rg      se       z       p  h2_obs  h2_obs_se  h2_int  h2_int_se  gcov_int  gcov_int_se
1_RawData/LDSC/fish_GWAS.sumstats.gz  1_RawData/LDSC/hipv_GWAS.sumstats.gz  0.0703  0.0529  1.3308  0.1832  0.1449     0.0246  1.0024     0.0078   -0.0075       0.0058

Analysis finished at Fri Nov 30 12:30:52 2018
Total time elapsed: 13.05s
