*********************************************************************
* LD Score Regression (LDSC)
* Version 1.0.0
* (C) 2014-2015 Brendan Bulik-Sullivan and Hilary Finucane
* Broad Institute of MIT and Harvard / MIT Department of Mathematics
* GNU General Public License v3
*********************************************************************
Call: 
./ldsc.py \
--ref-ld-chr /Users/sheaandrews/Programs/ldsc/eur_w_ld_chr/ \
--out 2_DerivedData/LDSC/fish_tc \
--rg 1_RawData/LDSC/fish_GWAS.sumstats.gz,1_RawData/LDSC/tc_GWAS.sumstats.gz \
--w-ld-chr /Users/sheaandrews/Programs/ldsc/eur_w_ld_chr/ 

Beginning analysis at Fri Nov 30 11:18:31 2018
Reading summary statistics from 1_RawData/LDSC/fish_GWAS.sumstats.gz ...
Read summary statistics for 1171135 SNPs.
Reading reference panel LD Score from /Users/sheaandrews/Programs/ldsc/eur_w_ld_chr/[1-22] ...
Read reference panel LD Scores for 1290028 SNPs.
Removing partitioned LD Scores with zero variance.
Reading regression weight LD Score from /Users/sheaandrews/Programs/ldsc/eur_w_ld_chr/[1-22] ...
Read regression weight LD Scores for 1290028 SNPs.
After merging with reference panel LD, 1164572 SNPs remain.
After merging with regression SNP LD, 1164572 SNPs remain.
Computing rg for phenotype 2/2
Reading summary statistics from 1_RawData/LDSC/tc_GWAS.sumstats.gz ...
Read summary statistics for 1217311 SNPs.
After merging with summary statistics, 1164572 SNPs remain.
1019325 SNPs with valid alleles.

Heritability of phenotype 1
---------------------------
Total Observed scale h2: 0.0639 (0.0033)
Lambda GC: 1.4316
Mean Chi^2: 1.5944
Intercept: 1.0067 (0.0138)
Ratio: 0.0112 (0.0232)

Heritability of phenotype 2/2
-----------------------------
Total Observed scale h2: 0.2151 (0.0465)
Lambda GC: 1.0135
Mean Chi^2: 1.2339
Intercept: 0.8664 (0.0654)
Ratio < 0 (usually indicates GC correction).

Genetic Covariance
------------------
Total Observed scale gencov: -0.0053 (0.0037)
Mean z1*z2: -0.0085
Intercept: 0.0177 (0.0113)

Genetic Correlation
-------------------
Genetic Correlation: -0.0449 (0.0333)
Z-score: -1.3468
P: 0.1781


Summary of Genetic Correlation Results
p1                                  p2      rg      se       z       p  h2_obs  h2_obs_se  h2_int  h2_int_se  gcov_int  gcov_int_se
1_RawData/LDSC/fish_GWAS.sumstats.gz  1_RawData/LDSC/tc_GWAS.sumstats.gz -0.0449  0.0333 -1.3468  0.1781  0.2151     0.0465  0.8664     0.0654    0.0177       0.0113

Analysis finished at Fri Nov 30 11:18:43 2018
Total time elapsed: 12.21s
