*********************************************************************
* LD Score Regression (LDSC)
* Version 1.0.0
* (C) 2014-2015 Brendan Bulik-Sullivan and Hilary Finucane
* Broad Institute of MIT and Harvard / MIT Department of Mathematics
* GNU General Public License v3
*********************************************************************
Call: 
./ldsc.py \
--ref-ld-chr /Users/sheaandrews/Programs/ldsc/eur_w_ld_chr/ \
--out 2_DerivedData/LDSC/fish_nft4 \
--rg 1_RawData/LDSC/fish_GWAS.sumstats.gz,1_RawData/LDSC/nft4_GWAS.sumstats.gz \
--w-ld-chr /Users/sheaandrews/Programs/ldsc/eur_w_ld_chr/ 

Beginning analysis at Fri Nov 30 13:40:29 2018
Reading summary statistics from 1_RawData/LDSC/fish_GWAS.sumstats.gz ...
Read summary statistics for 1171135 SNPs.
Reading reference panel LD Score from /Users/sheaandrews/Programs/ldsc/eur_w_ld_chr/[1-22] ...
Read reference panel LD Scores for 1290028 SNPs.
Removing partitioned LD Scores with zero variance.
Reading regression weight LD Score from /Users/sheaandrews/Programs/ldsc/eur_w_ld_chr/[1-22] ...
Read regression weight LD Scores for 1290028 SNPs.
After merging with reference panel LD, 1164572 SNPs remain.
After merging with regression SNP LD, 1164572 SNPs remain.
Computing rg for phenotype 2/2
Reading summary statistics from 1_RawData/LDSC/nft4_GWAS.sumstats.gz ...
Read summary statistics for 1217311 SNPs.
After merging with summary statistics, 1164572 SNPs remain.
1162461 SNPs with valid alleles.

Heritability of phenotype 1
---------------------------
Total Observed scale h2: 0.0627 (0.0032)
Lambda GC: 1.4281
Mean Chi^2: 1.5868
Intercept: 1.0121 (0.0118)
Ratio: 0.0207 (0.0201)

Heritability of phenotype 2/2
-----------------------------
Total Observed scale h2: -0.0029 (0.0907)
Lambda GC: 0.978
Mean Chi^2: 0.9796
Intercept: 0.9799 (0.008)
Ratio: NA (mean chi^2 < 1)

Genetic Covariance
------------------
Total Observed scale gencov: -0.0059 (0.0095)
Mean z1*z2: 0.0005
Intercept: 0.0065 (0.0057)

Genetic Correlation
-------------------
Genetic Correlation: nan (nan) (h2  out of bounds) 
Z-score: nan (nan) (h2  out of bounds)
P: nan (nan) (h2  out of bounds)
WARNING: One of the h2's was out of bounds.
This usually indicates a data-munging error or that h2 or N is low.


Summary of Genetic Correlation Results
p1                                    p2  rg  se   z   p  h2_obs  h2_obs_se  h2_int  h2_int_se  gcov_int  gcov_int_se
1_RawData/LDSC/fish_GWAS.sumstats.gz  1_RawData/LDSC/nft4_GWAS.sumstats.gz  NA  NA  NA  NA -0.0029     0.0907  0.9799      0.008    0.0065       0.0057

Analysis finished at Fri Nov 30 13:40:42 2018
Total time elapsed: 13.01s
