*********************************************************************
* LD Score Regression (LDSC)
* Version 1.0.0
* (C) 2014-2015 Brendan Bulik-Sullivan and Hilary Finucane
* Broad Institute of MIT and Harvard / MIT Department of Mathematics
* GNU General Public License v3
*********************************************************************
Call: 
./ldsc.py \
--ref-ld-chr /Users/sheaandrews/Programs/ldsc/eur_w_ld_chr/ \
--out 2_DerivedData/LDSC/fish_dbp \
--rg 1_RawData/LDSC/fish_GWAS.sumstats.gz,1_RawData/LDSC/dbp_GWAS.sumstats.gz \
--w-ld-chr /Users/sheaandrews/Programs/ldsc/eur_w_ld_chr/ 

Beginning analysis at Fri Nov 30 10:44:01 2018
Reading summary statistics from 1_RawData/LDSC/fish_GWAS.sumstats.gz ...
Read summary statistics for 1171135 SNPs.
Reading reference panel LD Score from /Users/sheaandrews/Programs/ldsc/eur_w_ld_chr/[1-22] ...
Read reference panel LD Scores for 1290028 SNPs.
Removing partitioned LD Scores with zero variance.
Reading regression weight LD Score from /Users/sheaandrews/Programs/ldsc/eur_w_ld_chr/[1-22] ...
Read regression weight LD Scores for 1290028 SNPs.
After merging with reference panel LD, 1164572 SNPs remain.
After merging with regression SNP LD, 1164572 SNPs remain.
Computing rg for phenotype 2/2
Reading summary statistics from 1_RawData/LDSC/dbp_GWAS.sumstats.gz ...
Read summary statistics for 1217311 SNPs.
After merging with summary statistics, 1164572 SNPs remain.
1158904 SNPs with valid alleles.

Heritability of phenotype 1
---------------------------
Total Observed scale h2: 0.063 (0.0032)
Lambda GC: 1.4281
Mean Chi^2: 1.5882
Intercept: 1.0098 (0.0123)
Ratio: 0.0167 (0.0209)

Heritability of phenotype 2/2
-----------------------------
Total Observed scale h2: 0.1354 (0.0059)
Lambda GC: 2.0429
Mean Chi^2: 3.1465
Intercept: 1.0872 (0.0318)
Ratio: 0.0406 (0.0148)

Genetic Covariance
------------------
Total Observed scale gencov: 0.0006 (0.0021)
Mean z1*z2: 0.0467
Intercept: 0.0163 (0.0094)

Genetic Correlation
-------------------
Genetic Correlation: 0.006 (0.0223)
Z-score: 0.2696
P: 0.7874


Summary of Genetic Correlation Results
p1                                   p2     rg      se       z       p  h2_obs  h2_obs_se  h2_int  h2_int_se  gcov_int  gcov_int_se
1_RawData/LDSC/fish_GWAS.sumstats.gz  1_RawData/LDSC/dbp_GWAS.sumstats.gz  0.006  0.0223  0.2696  0.7874  0.1354     0.0059  1.0872     0.0318    0.0163       0.0094

Analysis finished at Fri Nov 30 10:44:13 2018
Total time elapsed: 12.45s
