*********************************************************************
* LD Score Regression (LDSC)
* Version 1.0.0
* (C) 2014-2015 Brendan Bulik-Sullivan and Hilary Finucane
* Broad Institute of MIT and Harvard / MIT Department of Mathematics
* GNU General Public License v3
*********************************************************************
Call: 
./ldsc.py \
--ref-ld-chr /Users/sheaandrews/Programs/ldsc/eur_w_ld_chr/ \
--out 2_DerivedData/LDSC/fish_ptau \
--rg 1_RawData/LDSC/fish_GWAS.sumstats.gz,1_RawData/LDSC/ptau_GWAS.sumstats.gz \
--w-ld-chr /Users/sheaandrews/Programs/ldsc/eur_w_ld_chr/ 

Beginning analysis at Fri Nov 30 11:44:09 2018
Reading summary statistics from 1_RawData/LDSC/fish_GWAS.sumstats.gz ...
Read summary statistics for 1171135 SNPs.
Reading reference panel LD Score from /Users/sheaandrews/Programs/ldsc/eur_w_ld_chr/[1-22] ...
Read reference panel LD Scores for 1290028 SNPs.
Removing partitioned LD Scores with zero variance.
Reading regression weight LD Score from /Users/sheaandrews/Programs/ldsc/eur_w_ld_chr/[1-22] ...
Read regression weight LD Scores for 1290028 SNPs.
After merging with reference panel LD, 1164572 SNPs remain.
After merging with regression SNP LD, 1164572 SNPs remain.
Computing rg for phenotype 2/2
Reading summary statistics from 1_RawData/LDSC/ptau_GWAS.sumstats.gz ...
Read summary statistics for 1217311 SNPs.
After merging with summary statistics, 1164572 SNPs remain.
1031502 SNPs with valid alleles.

Heritability of phenotype 1
---------------------------
Total Observed scale h2: 0.0625 (0.0032)
Lambda GC: 1.4494
Mean Chi^2: 1.6183
Intercept: 1.014 (0.0137)
Ratio: 0.0227 (0.0222)

Heritability of phenotype 2/2
-----------------------------
Total Observed scale h2: 0.2003 (0.1762)
Lambda GC: 1.0225
Mean Chi^2: 1.0163
Intercept: 1.0047 (0.0078)
Ratio: 0.2912 (0.4762)

Genetic Covariance
------------------
Total Observed scale gencov: -0.0063 (0.0143)
Mean z1*z2: -0.0008
Intercept: 0.0043 (0.0067)

Genetic Correlation
-------------------
Genetic Correlation: -0.0567 (0.131)
Z-score: -0.433
P: 0.665


Summary of Genetic Correlation Results
p1                                    p2      rg     se      z      p  h2_obs  h2_obs_se  h2_int  h2_int_se  gcov_int  gcov_int_se
1_RawData/LDSC/fish_GWAS.sumstats.gz  1_RawData/LDSC/ptau_GWAS.sumstats.gz -0.0567  0.131 -0.433  0.665  0.2003     0.1762  1.0047     0.0078    0.0043       0.0067

Analysis finished at Fri Nov 30 11:44:22 2018
Total time elapsed: 12.75s
