*********************************************************************
* LD Score Regression (LDSC)
* Version 1.0.0
* (C) 2014-2015 Brendan Bulik-Sullivan and Hilary Finucane
* Broad Institute of MIT and Harvard / MIT Department of Mathematics
* GNU General Public License v3
*********************************************************************
Call: 
./ldsc.py \
--ref-ld-chr /Users/sheaandrews/Programs/ldsc/eur_w_ld_chr/ \
--out 2_DerivedData/LDSC/fish_hear \
--rg 1_RawData/LDSC/fish_GWAS.sumstats.gz,1_RawData/LDSC/hear_GWAS.sumstats.gz \
--w-ld-chr /Users/sheaandrews/Programs/ldsc/eur_w_ld_chr/ 

Beginning analysis at Fri Nov 30 12:53:11 2018
Reading summary statistics from 1_RawData/LDSC/fish_GWAS.sumstats.gz ...
Read summary statistics for 1171135 SNPs.
Reading reference panel LD Score from /Users/sheaandrews/Programs/ldsc/eur_w_ld_chr/[1-22] ...
Read reference panel LD Scores for 1290028 SNPs.
Removing partitioned LD Scores with zero variance.
Reading regression weight LD Score from /Users/sheaandrews/Programs/ldsc/eur_w_ld_chr/[1-22] ...
Read regression weight LD Scores for 1290028 SNPs.
After merging with reference panel LD, 1164572 SNPs remain.
After merging with regression SNP LD, 1164572 SNPs remain.
Computing rg for phenotype 2/2
Reading summary statistics from 1_RawData/LDSC/hear_GWAS.sumstats.gz ...
Read summary statistics for 1217311 SNPs.
After merging with summary statistics, 1164572 SNPs remain.
1163916 SNPs with valid alleles.

Heritability of phenotype 1
---------------------------
Total Observed scale h2: 0.0626 (0.0031)
Lambda GC: 1.4281
Mean Chi^2: 1.5865
Intercept: 1.0126 (0.0115)
Ratio: 0.0214 (0.0197)

Heritability of phenotype 2/2
-----------------------------
Total Observed scale h2: 0.0411 (0.0023)
Lambda GC: 1.2431
Mean Chi^2: 1.3019
Intercept: 1.0168 (0.0085)
Ratio: 0.0557 (0.028)

Genetic Covariance
------------------
Total Observed scale gencov: 0.007 (0.0015)
Mean z1*z2: 0.0627
Intercept: 0.0102 (0.0056)

Genetic Correlation
-------------------
Genetic Correlation: 0.1386 (0.0274)
Z-score: 5.0628
P: 4.1312e-07


Summary of Genetic Correlation Results
p1                                    p2      rg      se       z           p  h2_obs  h2_obs_se  h2_int  h2_int_se  gcov_int  gcov_int_se
1_RawData/LDSC/fish_GWAS.sumstats.gz  1_RawData/LDSC/hear_GWAS.sumstats.gz  0.1386  0.0274  5.0628  4.1312e-07  0.0411     0.0023  1.0168     0.0085    0.0102       0.0056

Analysis finished at Fri Nov 30 12:53:24 2018
Total time elapsed: 12.93s
