*********************************************************************
* LD Score Regression (LDSC)
* Version 1.0.0
* (C) 2014-2015 Brendan Bulik-Sullivan and Hilary Finucane
* Broad Institute of MIT and Harvard / MIT Department of Mathematics
* GNU General Public License v3
*********************************************************************
Call: 
./ldsc.py \
--ref-ld-chr /Users/sheaandrews/Programs/ldsc/eur_w_ld_chr/ \
--out 2_DerivedData/LDSC/fish_sleep \
--rg 1_RawData/LDSC/fish_GWAS.sumstats.gz,1_RawData/LDSC/sleep_GWAS.sumstats.gz \
--w-ld-chr /Users/sheaandrews/Programs/ldsc/eur_w_ld_chr/ 

Beginning analysis at Fri Nov 30 10:50:54 2018
Reading summary statistics from 1_RawData/LDSC/fish_GWAS.sumstats.gz ...
Read summary statistics for 1171135 SNPs.
Reading reference panel LD Score from /Users/sheaandrews/Programs/ldsc/eur_w_ld_chr/[1-22] ...
Read reference panel LD Scores for 1290028 SNPs.
Removing partitioned LD Scores with zero variance.
Reading regression weight LD Score from /Users/sheaandrews/Programs/ldsc/eur_w_ld_chr/[1-22] ...
Read regression weight LD Scores for 1290028 SNPs.
After merging with reference panel LD, 1164572 SNPs remain.
After merging with regression SNP LD, 1164572 SNPs remain.
Computing rg for phenotype 2/2
Reading summary statistics from 1_RawData/LDSC/sleep_GWAS.sumstats.gz ...
Read summary statistics for 1217311 SNPs.
After merging with summary statistics, 1164572 SNPs remain.
1159501 SNPs with valid alleles.

Heritability of phenotype 1
---------------------------
Total Observed scale h2: 0.0628 (0.0031)
Lambda GC: 1.4281
Mean Chi^2: 1.5872
Intercept: 1.0109 (0.0119)
Ratio: 0.0186 (0.0203)

Heritability of phenotype 2/2
-----------------------------
Total Observed scale h2: 0.058 (0.0059)
Lambda GC: 1.1144
Mean Chi^2: 1.1406
Intercept: 1.0122 (0.0076)
Ratio: 0.0871 (0.0543)

Genetic Covariance
------------------
Total Observed scale gencov: 0.0019 (0.003)
Mean z1*z2: 0.0165
Intercept: 4.6845e-06 (0.0067)

Genetic Correlation
-------------------
Genetic Correlation: 0.0307 (0.0498)
Z-score: 0.6166
P: 0.5375


Summary of Genetic Correlation Results
p1                                     p2      rg      se       z       p  h2_obs  h2_obs_se  h2_int  h2_int_se    gcov_int  gcov_int_se
1_RawData/LDSC/fish_GWAS.sumstats.gz  1_RawData/LDSC/sleep_GWAS.sumstats.gz  0.0307  0.0498  0.6166  0.5375   0.058     0.0059  1.0122     0.0076  4.6845e-06       0.0067

Analysis finished at Fri Nov 30 10:51:07 2018
Total time elapsed: 12.47s
