*********************************************************************
* LD Score Regression (LDSC)
* Version 1.0.0
* (C) 2014-2015 Brendan Bulik-Sullivan and Hilary Finucane
* Broad Institute of MIT and Harvard / MIT Department of Mathematics
* GNU General Public License v3
*********************************************************************
Call: 
./ldsc.py \
--ref-ld-chr /Users/sheaandrews/Programs/ldsc/eur_w_ld_chr/ \
--out 2_DerivedData/LDSC/fish_dep \
--rg 1_RawData/LDSC/fish_GWAS.sumstats.gz,1_RawData/LDSC/dep_GWAS.sumstats.gz \
--w-ld-chr /Users/sheaandrews/Programs/ldsc/eur_w_ld_chr/ 

Beginning analysis at Fri Nov 30 12:52:42 2018
Reading summary statistics from 1_RawData/LDSC/fish_GWAS.sumstats.gz ...
Read summary statistics for 1171135 SNPs.
Reading reference panel LD Score from /Users/sheaandrews/Programs/ldsc/eur_w_ld_chr/[1-22] ...
Read reference panel LD Scores for 1290028 SNPs.
Removing partitioned LD Scores with zero variance.
Reading regression weight LD Score from /Users/sheaandrews/Programs/ldsc/eur_w_ld_chr/[1-22] ...
Read regression weight LD Scores for 1290028 SNPs.
After merging with reference panel LD, 1164572 SNPs remain.
After merging with regression SNP LD, 1164572 SNPs remain.
Computing rg for phenotype 2/2
Reading summary statistics from 1_RawData/LDSC/dep_GWAS.sumstats.gz ...
Read summary statistics for 1217311 SNPs.
After merging with summary statistics, 1164572 SNPs remain.
1160933 SNPs with valid alleles.

Heritability of phenotype 1
---------------------------
Total Observed scale h2: 0.0626 (0.0031)
Lambda GC: 1.4281
Mean Chi^2: 1.5871
Intercept: 1.0127 (0.0117)
Ratio: 0.0217 (0.02)

Heritability of phenotype 2/2
-----------------------------
Total Observed scale h2: 0.0622 (0.0029)
Lambda GC: 1.3272
Mean Chi^2: 1.3946
Intercept: 1.007 (0.0088)
Ratio: 0.0177 (0.0223)

Genetic Covariance
------------------
Total Observed scale gencov: -0.0017 (0.0018)
Mean z1*z2: -0.0296
Intercept: -0.0095 (0.0066)

Genetic Correlation
-------------------
Genetic Correlation: -0.0275 (0.0288)
Z-score: -0.9576
P: 0.3382


Summary of Genetic Correlation Results
p1                                   p2      rg      se       z       p  h2_obs  h2_obs_se  h2_int  h2_int_se  gcov_int  gcov_int_se
1_RawData/LDSC/fish_GWAS.sumstats.gz  1_RawData/LDSC/dep_GWAS.sumstats.gz -0.0275  0.0288 -0.9576  0.3382  0.0622     0.0029   1.007     0.0088   -0.0095       0.0066

Analysis finished at Fri Nov 30 12:52:55 2018
Total time elapsed: 13.05s
