*********************************************************************
* LD Score Regression (LDSC)
* Version 1.0.0
* (C) 2014-2015 Brendan Bulik-Sullivan and Hilary Finucane
* Broad Institute of MIT and Harvard / MIT Department of Mathematics
* GNU General Public License v3
*********************************************************************
Call: 
./ldsc.py \
--ref-ld-chr /Users/sheaandrews/Programs/ldsc/eur_w_ld_chr/ \
--out 2_DerivedData/LDSC/fish_ldl \
--rg 1_RawData/LDSC/fish_GWAS.sumstats.gz,1_RawData/LDSC/ldl_GWAS.sumstats.gz \
--w-ld-chr /Users/sheaandrews/Programs/ldsc/eur_w_ld_chr/ 

Beginning analysis at Fri Nov 30 11:22:29 2018
Reading summary statistics from 1_RawData/LDSC/fish_GWAS.sumstats.gz ...
Read summary statistics for 1171135 SNPs.
Reading reference panel LD Score from /Users/sheaandrews/Programs/ldsc/eur_w_ld_chr/[1-22] ...
Read reference panel LD Scores for 1290028 SNPs.
Removing partitioned LD Scores with zero variance.
Reading regression weight LD Score from /Users/sheaandrews/Programs/ldsc/eur_w_ld_chr/[1-22] ...
Read regression weight LD Scores for 1290028 SNPs.
After merging with reference panel LD, 1164572 SNPs remain.
After merging with regression SNP LD, 1164572 SNPs remain.
Computing rg for phenotype 2/2
Reading summary statistics from 1_RawData/LDSC/ldl_GWAS.sumstats.gz ...
Read summary statistics for 1217311 SNPs.
After merging with summary statistics, 1164572 SNPs remain.
1018458 SNPs with valid alleles.

Heritability of phenotype 1
---------------------------
Total Observed scale h2: 0.0639 (0.0034)
Lambda GC: 1.4316
Mean Chi^2: 1.5947
Intercept: 1.0066 (0.0139)
Ratio: 0.011 (0.0233)

Heritability of phenotype 2/2
-----------------------------
Total Observed scale h2: 0.2006 (0.0492)
Lambda GC: 1.0135
Mean Chi^2: 1.193
Intercept: 0.8857 (0.0589)
Ratio < 0 (usually indicates GC correction).

Genetic Covariance
------------------
Total Observed scale gencov: -0.0057 (0.0031)
Mean z1*z2: -0.0068
Intercept: 0.0176 (0.0093)

Genetic Correlation
-------------------
Genetic Correlation: -0.0501 (0.0306)
Z-score: -1.6366
P: 0.1017


Summary of Genetic Correlation Results
p1                                   p2      rg      se       z       p  h2_obs  h2_obs_se  h2_int  h2_int_se  gcov_int  gcov_int_se
1_RawData/LDSC/fish_GWAS.sumstats.gz  1_RawData/LDSC/ldl_GWAS.sumstats.gz -0.0501  0.0306 -1.6366  0.1017  0.2006     0.0492  0.8857     0.0589    0.0176       0.0093

Analysis finished at Fri Nov 30 11:22:41 2018
Total time elapsed: 12.18s
