*********************************************************************
* LD Score Regression (LDSC)
* Version 1.0.0
* (C) 2014-2015 Brendan Bulik-Sullivan and Hilary Finucane
* Broad Institute of MIT and Harvard / MIT Department of Mathematics
* GNU General Public License v3
*********************************************************************
Call: 
./ldsc.py \
--ref-ld-chr /Users/sheaandrews/Programs/ldsc/eur_w_ld_chr/ \
--out 2_DerivedData/LDSC/hdl_hipv \
--rg 1_RawData/LDSC/hdl_GWAS.sumstats.gz,1_RawData/LDSC/hipv_GWAS.sumstats.gz \
--w-ld-chr /Users/sheaandrews/Programs/ldsc/eur_w_ld_chr/ 

Beginning analysis at Fri Nov 30 10:52:41 2018
Reading summary statistics from 1_RawData/LDSC/hdl_GWAS.sumstats.gz ...
Read summary statistics for 1031738 SNPs.
Reading reference panel LD Score from /Users/sheaandrews/Programs/ldsc/eur_w_ld_chr/[1-22] ...
Read reference panel LD Scores for 1290028 SNPs.
Removing partitioned LD Scores with zero variance.
Reading regression weight LD Score from /Users/sheaandrews/Programs/ldsc/eur_w_ld_chr/[1-22] ...
Read regression weight LD Scores for 1290028 SNPs.
After merging with reference panel LD, 1029332 SNPs remain.
After merging with regression SNP LD, 1029332 SNPs remain.
Computing rg for phenotype 2/2
Reading summary statistics from 1_RawData/LDSC/hipv_GWAS.sumstats.gz ...
Read summary statistics for 1217311 SNPs.
After merging with summary statistics, 1029332 SNPs remain.
1022639 SNPs with valid alleles.

Heritability of phenotype 1
---------------------------
Total Observed scale h2: 0.24 (0.0366)
Lambda GC: 1.0195
Mean Chi^2: 1.2091
Intercept: 0.8041 (0.0272)
Ratio < 0 (usually indicates GC correction).

Heritability of phenotype 2/2
-----------------------------
Total Observed scale h2: 0.1428 (0.0254)
Lambda GC: 1.0588
Mean Chi^2: 1.078
Intercept: 1.0017 (0.0076)
Ratio: 0.0219 (0.0976)

Genetic Covariance
------------------
Total Observed scale gencov: -0.0055 (0.0085)
Mean z1*z2: -0.0027
Intercept: 0.0033 (0.0053)

Genetic Correlation
-------------------
Genetic Correlation: -0.0296 (0.046)
Z-score: -0.6425
P: 0.5206


Summary of Genetic Correlation Results
p1                                    p2      rg     se       z       p  h2_obs  h2_obs_se  h2_int  h2_int_se  gcov_int  gcov_int_se
1_RawData/LDSC/hdl_GWAS.sumstats.gz  1_RawData/LDSC/hipv_GWAS.sumstats.gz -0.0296  0.046 -0.6425  0.5206  0.1428     0.0254  1.0017     0.0076    0.0033       0.0053

Analysis finished at Fri Nov 30 10:52:53 2018
Total time elapsed: 12.12s
