*********************************************************************
* LD Score Regression (LDSC)
* Version 1.0.0
* (C) 2014-2015 Brendan Bulik-Sullivan and Hilary Finucane
* Broad Institute of MIT and Harvard / MIT Department of Mathematics
* GNU General Public License v3
*********************************************************************
Call: 
./ldsc.py \
--ref-ld-chr /Users/sheaandrews/Programs/ldsc/eur_w_ld_chr/ \
--out 2_DerivedData/LDSC/hdl_hipv2015 \
--rg 1_RawData/LDSC/hdl_GWAS.sumstats.gz,1_RawData/LDSC/hipv2015_GWAS.sumstats.gz \
--w-ld-chr /Users/sheaandrews/Programs/ldsc/eur_w_ld_chr/ 

Beginning analysis at Fri Nov 30 10:50:41 2018
Reading summary statistics from 1_RawData/LDSC/hdl_GWAS.sumstats.gz ...
Read summary statistics for 1031738 SNPs.
Reading reference panel LD Score from /Users/sheaandrews/Programs/ldsc/eur_w_ld_chr/[1-22] ...
Read reference panel LD Scores for 1290028 SNPs.
Removing partitioned LD Scores with zero variance.
Reading regression weight LD Score from /Users/sheaandrews/Programs/ldsc/eur_w_ld_chr/[1-22] ...
Read regression weight LD Scores for 1290028 SNPs.
After merging with reference panel LD, 1029332 SNPs remain.
After merging with regression SNP LD, 1029332 SNPs remain.
Computing rg for phenotype 2/2
Reading summary statistics from 1_RawData/LDSC/hipv2015_GWAS.sumstats.gz ...
Read summary statistics for 1217311 SNPs.
After merging with summary statistics, 1029332 SNPs remain.
1021663 SNPs with valid alleles.

Heritability of phenotype 1
---------------------------
Total Observed scale h2: 0.241 (0.0366)
Lambda GC: 1.0195
Mean Chi^2: 1.2094
Intercept: 0.8026 (0.0274)
Ratio < 0 (usually indicates GC correction).

Heritability of phenotype 2/2
-----------------------------
Total Observed scale h2: 0.1419 (0.0418)
Lambda GC: 1.0105
Mean Chi^2: 1.0245
Intercept: 0.9868 (0.0071)
Ratio < 0 (usually indicates GC correction).

Genetic Covariance
------------------
Total Observed scale gencov: -0.014 (0.011)
Mean z1*z2: -0.0016
Intercept: 0.0081 (0.0048)

Genetic Correlation
-------------------
Genetic Correlation: -0.0758 (0.0587)
Z-score: -1.2918
P: 0.1964


Summary of Genetic Correlation Results
p1                                        p2      rg      se       z       p  h2_obs  h2_obs_se  h2_int  h2_int_se  gcov_int  gcov_int_se
1_RawData/LDSC/hdl_GWAS.sumstats.gz  1_RawData/LDSC/hipv2015_GWAS.sumstats.gz -0.0758  0.0587 -1.2918  0.1964  0.1419     0.0418  0.9868     0.0071    0.0081       0.0048

Analysis finished at Fri Nov 30 10:50:53 2018
Total time elapsed: 12.26s
