*********************************************************************
* LD Score Regression (LDSC)
* Version 1.0.0
* (C) 2014-2015 Brendan Bulik-Sullivan and Hilary Finucane
* Broad Institute of MIT and Harvard / MIT Department of Mathematics
* GNU General Public License v3
*********************************************************************
Call: 
./ldsc.py \
--ref-ld-chr /Users/sheaandrews/Programs/ldsc/eur_w_ld_chr/ \
--out 2_DerivedData/LDSC/hdl_audit \
--rg 1_RawData/LDSC/hdl_GWAS.sumstats.gz,1_RawData/LDSC/audit_GWAS.sumstats.gz \
--w-ld-chr /Users/sheaandrews/Programs/ldsc/eur_w_ld_chr/ 

Beginning analysis at Fri Nov 30 08:51:59 2018
Reading summary statistics from 1_RawData/LDSC/hdl_GWAS.sumstats.gz ...
Read summary statistics for 1031738 SNPs.
Reading reference panel LD Score from /Users/sheaandrews/Programs/ldsc/eur_w_ld_chr/[1-22] ...
Read reference panel LD Scores for 1290028 SNPs.
Removing partitioned LD Scores with zero variance.
Reading regression weight LD Score from /Users/sheaandrews/Programs/ldsc/eur_w_ld_chr/[1-22] ...
Read regression weight LD Scores for 1290028 SNPs.
After merging with reference panel LD, 1029332 SNPs remain.
After merging with regression SNP LD, 1029332 SNPs remain.
Computing rg for phenotype 2/2
Reading summary statistics from 1_RawData/LDSC/audit_GWAS.sumstats.gz ...
Read summary statistics for 1217311 SNPs.
After merging with summary statistics, 1029332 SNPs remain.
1020508 SNPs with valid alleles.

Heritability of phenotype 1
---------------------------
Total Observed scale h2: 0.2368 (0.0363)
Lambda GC: 1.0195
Mean Chi^2: 1.2072
Intercept: 0.81 (0.0272)
Ratio < 0 (usually indicates GC correction).

Heritability of phenotype 2/2
-----------------------------
Total Observed scale h2: 0.0907 (0.0059)
Lambda GC: 1.194
Mean Chi^2: 1.2215
Intercept: 1.0057 (0.0078)
Ratio: 0.0258 (0.0353)

Genetic Covariance
------------------
Total Observed scale gencov: 0.0223 (0.0045)
Mean z1*z2: 0.0529
Intercept: 0.0056 (0.0055)

Genetic Correlation
-------------------
Genetic Correlation: 0.152 (0.0319)
Z-score: 4.7598
P: 1.9382e-06


Summary of Genetic Correlation Results
p1                                     p2     rg      se       z           p  h2_obs  h2_obs_se  h2_int  h2_int_se  gcov_int  gcov_int_se
1_RawData/LDSC/hdl_GWAS.sumstats.gz  1_RawData/LDSC/audit_GWAS.sumstats.gz  0.152  0.0319  4.7598  1.9382e-06  0.0907     0.0059  1.0057     0.0078    0.0056       0.0055

Analysis finished at Fri Nov 30 08:52:11 2018
Total time elapsed: 12.55s
