*********************************************************************
* LD Score Regression (LDSC)
* Version 1.0.0
* (C) 2014-2015 Brendan Bulik-Sullivan and Hilary Finucane
* Broad Institute of MIT and Harvard / MIT Department of Mathematics
* GNU General Public License v3
*********************************************************************
Call: 
./ldsc.py \
--ref-ld-chr /Users/sheaandrews/Programs/ldsc/eur_w_ld_chr/ \
--out 2_DerivedData/LDSC/hdl_ais \
--rg 1_RawData/LDSC/hdl_GWAS.sumstats.gz,1_RawData/LDSC/ais_GWAS.sumstats.gz \
--w-ld-chr /Users/sheaandrews/Programs/ldsc/eur_w_ld_chr/ 

Beginning analysis at Fri Nov 30 11:43:28 2018
Reading summary statistics from 1_RawData/LDSC/hdl_GWAS.sumstats.gz ...
Read summary statistics for 1031738 SNPs.
Reading reference panel LD Score from /Users/sheaandrews/Programs/ldsc/eur_w_ld_chr/[1-22] ...
Read reference panel LD Scores for 1290028 SNPs.
Removing partitioned LD Scores with zero variance.
Reading regression weight LD Score from /Users/sheaandrews/Programs/ldsc/eur_w_ld_chr/[1-22] ...
Read regression weight LD Scores for 1290028 SNPs.
After merging with reference panel LD, 1029332 SNPs remain.
After merging with regression SNP LD, 1029332 SNPs remain.
Computing rg for phenotype 2/2
Reading summary statistics from 1_RawData/LDSC/ais_GWAS.sumstats.gz ...
Read summary statistics for 1217311 SNPs.
After merging with summary statistics, 1029332 SNPs remain.
1029043 SNPs with valid alleles.

Heritability of phenotype 1
---------------------------
Total Observed scale h2: 0.236 (0.0362)
Lambda GC: 1.0195
Mean Chi^2: 1.2082
Intercept: 0.8116 (0.0271)
Ratio < 0 (usually indicates GC correction).

Heritability of phenotype 2/2
-----------------------------
Total Observed scale h2: 0.0125 (0.0015)
Lambda GC: 1.1238
Mean Chi^2: 1.1425
Intercept: 1.0302 (0.0081)
Ratio: 0.2122 (0.0569)

Genetic Covariance
------------------
Total Observed scale gencov: -0.0083 (0.002)
Mean z1*z2: -0.0411
Intercept: -0.0076 (0.0049)

Genetic Correlation
-------------------
Genetic Correlation: -0.1525 (0.0347)
Z-score: -4.3922
P: 1.1220e-05


Summary of Genetic Correlation Results
p1                                   p2      rg      se       z           p  h2_obs  h2_obs_se  h2_int  h2_int_se  gcov_int  gcov_int_se
1_RawData/LDSC/hdl_GWAS.sumstats.gz  1_RawData/LDSC/ais_GWAS.sumstats.gz -0.1525  0.0347 -4.3922  1.1220e-05  0.0125     0.0015  1.0302     0.0081   -0.0076       0.0049

Analysis finished at Fri Nov 30 11:43:41 2018
Total time elapsed: 13.01s
