*********************************************************************
* LD Score Regression (LDSC)
* Version 1.0.0
* (C) 2014-2015 Brendan Bulik-Sullivan and Hilary Finucane
* Broad Institute of MIT and Harvard / MIT Department of Mathematics
* GNU General Public License v3
*********************************************************************
Call: 
./ldsc.py \
--ref-ld-chr /Users/sheaandrews/Programs/ldsc/eur_w_ld_chr/ \
--out 2_DerivedData/LDSC/hdl_alcd \
--rg 1_RawData/LDSC/hdl_GWAS.sumstats.gz,1_RawData/LDSC/alcd_GWAS.sumstats.gz \
--w-ld-chr /Users/sheaandrews/Programs/ldsc/eur_w_ld_chr/ 

Beginning analysis at Fri Nov 30 10:12:38 2018
Reading summary statistics from 1_RawData/LDSC/hdl_GWAS.sumstats.gz ...
Read summary statistics for 1031738 SNPs.
Reading reference panel LD Score from /Users/sheaandrews/Programs/ldsc/eur_w_ld_chr/[1-22] ...
Read reference panel LD Scores for 1290028 SNPs.
Removing partitioned LD Scores with zero variance.
Reading regression weight LD Score from /Users/sheaandrews/Programs/ldsc/eur_w_ld_chr/[1-22] ...
Read regression weight LD Scores for 1290028 SNPs.
After merging with reference panel LD, 1029332 SNPs remain.
After merging with regression SNP LD, 1029332 SNPs remain.
Computing rg for phenotype 2/2
Reading summary statistics from 1_RawData/LDSC/alcd_GWAS.sumstats.gz ...
Read summary statistics for 1217311 SNPs.
After merging with summary statistics, 1029332 SNPs remain.
994743 SNPs with valid alleles.

Heritability of phenotype 1
---------------------------
Total Observed scale h2: 0.2444 (0.0375)
Lambda GC: 1.0195
Mean Chi^2: 1.2131
Intercept: 0.7942 (0.0239)
Ratio < 0 (usually indicates GC correction).

Heritability of phenotype 2/2
-----------------------------
Total Observed scale h2: 0.187 (0.053)
Lambda GC: 1.0557
Mean Chi^2: 1.0548
Intercept: 1.0237 (0.0061)
Ratio: 0.4324 (0.1116)

Genetic Covariance
------------------
Total Observed scale gencov: 0.0033 (0.0132)
Mean z1*z2: -0.0008
Intercept: -0.0031 (0.0048)

Genetic Correlation
-------------------
Genetic Correlation: 0.0153 (0.0621)
Z-score: 0.2466
P: 0.8052


Summary of Genetic Correlation Results
p1                                    p2      rg      se       z       p  h2_obs  h2_obs_se  h2_int  h2_int_se  gcov_int  gcov_int_se
1_RawData/LDSC/hdl_GWAS.sumstats.gz  1_RawData/LDSC/alcd_GWAS.sumstats.gz  0.0153  0.0621  0.2466  0.8052   0.187      0.053  1.0237     0.0061   -0.0031       0.0048

Analysis finished at Fri Nov 30 10:12:51 2018
Total time elapsed: 12.99s
