*********************************************************************
* LD Score Regression (LDSC)
* Version 1.0.0
* (C) 2014-2015 Brendan Bulik-Sullivan and Hilary Finucane
* Broad Institute of MIT and Harvard / MIT Department of Mathematics
* GNU General Public License v3
*********************************************************************
Call: 
./ldsc.py \
--ref-ld-chr /Users/sheaandrews/Programs/ldsc/eur_w_ld_chr/ \
--out 2_DerivedData/LDSC/hdl_diab \
--rg 1_RawData/LDSC/hdl_GWAS.sumstats.gz,1_RawData/LDSC/diab_GWAS.sumstats.gz \
--w-ld-chr /Users/sheaandrews/Programs/ldsc/eur_w_ld_chr/ 

Beginning analysis at Fri Nov 30 09:06:52 2018
Reading summary statistics from 1_RawData/LDSC/hdl_GWAS.sumstats.gz ...
Read summary statistics for 1031738 SNPs.
Reading reference panel LD Score from /Users/sheaandrews/Programs/ldsc/eur_w_ld_chr/[1-22] ...
Read reference panel LD Scores for 1290028 SNPs.
Removing partitioned LD Scores with zero variance.
Reading regression weight LD Score from /Users/sheaandrews/Programs/ldsc/eur_w_ld_chr/[1-22] ...
Read regression weight LD Scores for 1290028 SNPs.
After merging with reference panel LD, 1029332 SNPs remain.
After merging with regression SNP LD, 1029332 SNPs remain.
Computing rg for phenotype 2/2
Reading summary statistics from 1_RawData/LDSC/diab_GWAS.sumstats.gz ...
Read summary statistics for 1217311 SNPs.
After merging with summary statistics, 1029332 SNPs remain.
910789 SNPs with valid alleles.

Heritability of phenotype 1
---------------------------
Total Observed scale h2: 0.2473 (0.039)
Lambda GC: 1.0285
Mean Chi^2: 1.2247
Intercept: 0.7731 (0.0321)
Ratio < 0 (usually indicates GC correction).

Heritability of phenotype 2/2
-----------------------------
Total Observed scale h2: 0.0538 (0.0035)
Lambda GC: 1.4459
Mean Chi^2: 1.6803
Intercept: 1.0439 (0.0184)
Ratio: 0.0646 (0.0271)

Genetic Covariance
------------------
Total Observed scale gencov: -0.0382 (0.0043)
Mean z1*z2: -0.1959
Intercept: -0.0122 (0.0093)

Genetic Correlation
-------------------
Genetic Correlation: -0.3314 (0.0309)
Z-score: -10.7171
P: 8.4602e-27


Summary of Genetic Correlation Results
p1                                    p2      rg      se        z           p  h2_obs  h2_obs_se  h2_int  h2_int_se  gcov_int  gcov_int_se
1_RawData/LDSC/hdl_GWAS.sumstats.gz  1_RawData/LDSC/diab_GWAS.sumstats.gz -0.3314  0.0309 -10.7171  8.4602e-27  0.0538     0.0035  1.0439     0.0184   -0.0122       0.0093

Analysis finished at Fri Nov 30 09:07:04 2018
Total time elapsed: 12.76s
