*********************************************************************
* LD Score Regression (LDSC)
* Version 1.0.0
* (C) 2014-2015 Brendan Bulik-Sullivan and Hilary Finucane
* Broad Institute of MIT and Harvard / MIT Department of Mathematics
* GNU General Public License v3
*********************************************************************
Call: 
./ldsc.py \
--ref-ld-chr /Users/sheaandrews/Programs/ldsc/eur_w_ld_chr/ \
--out 2_DerivedData/LDSC/hdl_pp \
--rg 1_RawData/LDSC/hdl_GWAS.sumstats.gz,1_RawData/LDSC/pp_GWAS.sumstats.gz \
--w-ld-chr /Users/sheaandrews/Programs/ldsc/eur_w_ld_chr/ 

Beginning analysis at Fri Nov 30 09:49:20 2018
Reading summary statistics from 1_RawData/LDSC/hdl_GWAS.sumstats.gz ...
Read summary statistics for 1031738 SNPs.
Reading reference panel LD Score from /Users/sheaandrews/Programs/ldsc/eur_w_ld_chr/[1-22] ...
Read reference panel LD Scores for 1290028 SNPs.
Removing partitioned LD Scores with zero variance.
Reading regression weight LD Score from /Users/sheaandrews/Programs/ldsc/eur_w_ld_chr/[1-22] ...
Read regression weight LD Scores for 1290028 SNPs.
After merging with reference panel LD, 1029332 SNPs remain.
After merging with regression SNP LD, 1029332 SNPs remain.
Computing rg for phenotype 2/2
Reading summary statistics from 1_RawData/LDSC/pp_GWAS.sumstats.gz ...
Read summary statistics for 1217311 SNPs.
After merging with summary statistics, 1029332 SNPs remain.
1026424 SNPs with valid alleles.

Heritability of phenotype 1
---------------------------
Total Observed scale h2: 0.2376 (0.0363)
Lambda GC: 1.0195
Mean Chi^2: 1.2086
Intercept: 0.8088 (0.0271)
Ratio < 0 (usually indicates GC correction).

Heritability of phenotype 2/2
-----------------------------
Total Observed scale h2: 0.1206 (0.005)
Lambda GC: 1.9054
Mean Chi^2: 2.7766
Intercept: 1.0215 (0.0291)
Ratio: 0.0121 (0.0164)

Genetic Covariance
------------------
Total Observed scale gencov: -0.0046 (0.0028)
Mean z1*z2: -0.0402
Intercept: -0.0035 (0.0086)

Genetic Correlation
-------------------
Genetic Correlation: -0.0272 (0.0162)
Z-score: -1.6763
P: 0.0937


Summary of Genetic Correlation Results
p1                                  p2      rg      se       z       p  h2_obs  h2_obs_se  h2_int  h2_int_se  gcov_int  gcov_int_se
1_RawData/LDSC/hdl_GWAS.sumstats.gz  1_RawData/LDSC/pp_GWAS.sumstats.gz -0.0272  0.0162 -1.6763  0.0937  0.1206      0.005  1.0215     0.0291   -0.0035       0.0086

Analysis finished at Fri Nov 30 09:49:33 2018
Total time elapsed: 12.31s
