*********************************************************************
* LD Score Regression (LDSC)
* Version 1.0.0
* (C) 2014-2015 Brendan Bulik-Sullivan and Hilary Finucane
* Broad Institute of MIT and Harvard / MIT Department of Mathematics
* GNU General Public License v3
*********************************************************************
Call: 
./ldsc.py \
--ref-ld-chr /Users/sheaandrews/Programs/ldsc/eur_w_ld_chr/ \
--out 2_DerivedData/LDSC/hdl_hear \
--rg 1_RawData/LDSC/hdl_GWAS.sumstats.gz,1_RawData/LDSC/hear_GWAS.sumstats.gz \
--w-ld-chr /Users/sheaandrews/Programs/ldsc/eur_w_ld_chr/ 

Beginning analysis at Fri Nov 30 11:17:38 2018
Reading summary statistics from 1_RawData/LDSC/hdl_GWAS.sumstats.gz ...
Read summary statistics for 1031738 SNPs.
Reading reference panel LD Score from /Users/sheaandrews/Programs/ldsc/eur_w_ld_chr/[1-22] ...
Read reference panel LD Scores for 1290028 SNPs.
Removing partitioned LD Scores with zero variance.
Reading regression weight LD Score from /Users/sheaandrews/Programs/ldsc/eur_w_ld_chr/[1-22] ...
Read regression weight LD Scores for 1290028 SNPs.
After merging with reference panel LD, 1029332 SNPs remain.
After merging with regression SNP LD, 1029332 SNPs remain.
Computing rg for phenotype 2/2
Reading summary statistics from 1_RawData/LDSC/hear_GWAS.sumstats.gz ...
Read summary statistics for 1217311 SNPs.
After merging with summary statistics, 1029332 SNPs remain.
1024537 SNPs with valid alleles.

Heritability of phenotype 1
---------------------------
Total Observed scale h2: 0.238 (0.0364)
Lambda GC: 1.0195
Mean Chi^2: 1.2088
Intercept: 0.8083 (0.0274)
Ratio < 0 (usually indicates GC correction).

Heritability of phenotype 2/2
-----------------------------
Total Observed scale h2: 0.041 (0.0023)
Lambda GC: 1.2398
Mean Chi^2: 1.2985
Intercept: 1.0127 (0.0086)
Ratio: 0.0424 (0.0289)

Genetic Covariance
------------------
Total Observed scale gencov: 0.0061 (0.0028)
Mean z1*z2: 0.0261
Intercept: 0.0017 (0.0054)

Genetic Correlation
-------------------
Genetic Correlation: 0.0613 (0.0298)
Z-score: 2.0568
P: 0.0397


Summary of Genetic Correlation Results
p1                                    p2      rg      se       z       p  h2_obs  h2_obs_se  h2_int  h2_int_se  gcov_int  gcov_int_se
1_RawData/LDSC/hdl_GWAS.sumstats.gz  1_RawData/LDSC/hear_GWAS.sumstats.gz  0.0613  0.0298  2.0568  0.0397   0.041     0.0023  1.0127     0.0086    0.0017       0.0054

Analysis finished at Fri Nov 30 11:17:50 2018
Total time elapsed: 12.26s
