*********************************************************************
* LD Score Regression (LDSC)
* Version 1.0.0
* (C) 2014-2015 Brendan Bulik-Sullivan and Hilary Finucane
* Broad Institute of MIT and Harvard / MIT Department of Mathematics
* GNU General Public License v3
*********************************************************************
Call: 
./ldsc.py \
--ref-ld-chr /Users/sheaandrews/Programs/ldsc/eur_w_ld_chr/ \
--out 2_DerivedData/LDSC/hdl_ptau \
--rg 1_RawData/LDSC/hdl_GWAS.sumstats.gz,1_RawData/LDSC/ptau_GWAS.sumstats.gz \
--w-ld-chr /Users/sheaandrews/Programs/ldsc/eur_w_ld_chr/ 

Beginning analysis at Fri Nov 30 10:28:13 2018
Reading summary statistics from 1_RawData/LDSC/hdl_GWAS.sumstats.gz ...
Read summary statistics for 1031738 SNPs.
Reading reference panel LD Score from /Users/sheaandrews/Programs/ldsc/eur_w_ld_chr/[1-22] ...
Read reference panel LD Scores for 1290028 SNPs.
Removing partitioned LD Scores with zero variance.
Reading regression weight LD Score from /Users/sheaandrews/Programs/ldsc/eur_w_ld_chr/[1-22] ...
Read regression weight LD Scores for 1290028 SNPs.
After merging with reference panel LD, 1029332 SNPs remain.
After merging with regression SNP LD, 1029332 SNPs remain.
Computing rg for phenotype 2/2
Reading summary statistics from 1_RawData/LDSC/ptau_GWAS.sumstats.gz ...
Read summary statistics for 1217311 SNPs.
After merging with summary statistics, 1029332 SNPs remain.
927471 SNPs with valid alleles.

Heritability of phenotype 1
---------------------------
Total Observed scale h2: 0.2394 (0.0377)
Lambda GC: 1.0255
Mean Chi^2: 1.2232
Intercept: 0.8 (0.0299)
Ratio < 0 (usually indicates GC correction).

Heritability of phenotype 2/2
-----------------------------
Total Observed scale h2: 0.172 (0.18)
Lambda GC: 1.0225
Mean Chi^2: 1.016
Intercept: 1.0062 (0.0081)
Ratio: 0.3861 (0.5086)

Genetic Covariance
------------------
Total Observed scale gencov: -0.0148 (0.0253)
Mean z1*z2: -0.0035
Intercept: 0.0011 (0.006)

Genetic Correlation
-------------------
Genetic Correlation: -0.0729 (0.1255)
Z-score: -0.581
P: 0.5613


Summary of Genetic Correlation Results
p1                                    p2      rg      se      z       p  h2_obs  h2_obs_se  h2_int  h2_int_se  gcov_int  gcov_int_se
1_RawData/LDSC/hdl_GWAS.sumstats.gz  1_RawData/LDSC/ptau_GWAS.sumstats.gz -0.0729  0.1255 -0.581  0.5613   0.172       0.18  1.0062     0.0081    0.0011        0.006

Analysis finished at Fri Nov 30 10:28:24 2018
Total time elapsed: 11.89s
