*********************************************************************
* LD Score Regression (LDSC)
* Version 1.0.0
* (C) 2014-2015 Brendan Bulik-Sullivan and Hilary Finucane
* Broad Institute of MIT and Harvard / MIT Department of Mathematics
* GNU General Public License v3
*********************************************************************
Call: 
./ldsc.py \
--ref-ld-chr /Users/sheaandrews/Programs/ldsc/eur_w_ld_chr/ \
--out 2_DerivedData/LDSC/hear_ptau \
--rg 1_RawData/LDSC/hear_GWAS.sumstats.gz,1_RawData/LDSC/ptau_GWAS.sumstats.gz \
--w-ld-chr /Users/sheaandrews/Programs/ldsc/eur_w_ld_chr/ 

Beginning analysis at Fri Nov 30 11:46:14 2018
Reading summary statistics from 1_RawData/LDSC/hear_GWAS.sumstats.gz ...
Read summary statistics for 1176895 SNPs.
Reading reference panel LD Score from /Users/sheaandrews/Programs/ldsc/eur_w_ld_chr/[1-22] ...
Read reference panel LD Scores for 1290028 SNPs.
Removing partitioned LD Scores with zero variance.
Reading regression weight LD Score from /Users/sheaandrews/Programs/ldsc/eur_w_ld_chr/[1-22] ...
Read regression weight LD Scores for 1290028 SNPs.
After merging with reference panel LD, 1170376 SNPs remain.
After merging with regression SNP LD, 1170376 SNPs remain.
Computing rg for phenotype 2/2
Reading summary statistics from 1_RawData/LDSC/ptau_GWAS.sumstats.gz ...
Read summary statistics for 1217311 SNPs.
After merging with summary statistics, 1170376 SNPs remain.
1036239 SNPs with valid alleles.

Heritability of phenotype 1
---------------------------
Total Observed scale h2: 0.0408 (0.0026)
Lambda GC: 1.2564
Mean Chi^2: 1.3189
Intercept: 1.0193 (0.0103)
Ratio: 0.0606 (0.0323)

Heritability of phenotype 2/2
-----------------------------
Total Observed scale h2: 0.1994 (0.1744)
Lambda GC: 1.0225
Mean Chi^2: 1.0162
Intercept: 1.0047 (0.0077)
Ratio: 0.2919 (0.4775)

Genetic Covariance
------------------
Total Observed scale gencov: -0.01 (0.0121)
Mean z1*z2: 0.0002
Intercept: 0.0055 (0.0054)

Genetic Correlation
-------------------
Genetic Correlation: -0.1111 (0.144)
Z-score: -0.7713
P: 0.4405


Summary of Genetic Correlation Results
p1                                    p2      rg     se       z       p  h2_obs  h2_obs_se  h2_int  h2_int_se  gcov_int  gcov_int_se
1_RawData/LDSC/hear_GWAS.sumstats.gz  1_RawData/LDSC/ptau_GWAS.sumstats.gz -0.1111  0.144 -0.7713  0.4405  0.1994     0.1744  1.0047     0.0077    0.0055       0.0054

Analysis finished at Fri Nov 30 11:46:28 2018
Total time elapsed: 13.52s
