*********************************************************************
* LD Score Regression (LDSC)
* Version 1.0.0
* (C) 2014-2015 Brendan Bulik-Sullivan and Hilary Finucane
* Broad Institute of MIT and Harvard / MIT Department of Mathematics
* GNU General Public License v3
*********************************************************************
Call: 
./ldsc.py \
--ref-ld-chr /Users/sheaandrews/Programs/ldsc/eur_w_ld_chr/ \
--out 2_DerivedData/LDSC/hear_educall \
--rg 1_RawData/LDSC/hear_GWAS.sumstats.gz,1_RawData/LDSC/educall_GWAS.sumstats.gz \
--w-ld-chr /Users/sheaandrews/Programs/ldsc/eur_w_ld_chr/ 

Beginning analysis at Fri Nov 30 17:34:01 2018
Reading summary statistics from 1_RawData/LDSC/hear_GWAS.sumstats.gz ...
Read summary statistics for 1176895 SNPs.
Reading reference panel LD Score from /Users/sheaandrews/Programs/ldsc/eur_w_ld_chr/[1-22] ...
Read reference panel LD Scores for 1290028 SNPs.
Removing partitioned LD Scores with zero variance.
Reading regression weight LD Score from /Users/sheaandrews/Programs/ldsc/eur_w_ld_chr/[1-22] ...
Read regression weight LD Scores for 1290028 SNPs.
After merging with reference panel LD, 1170376 SNPs remain.
After merging with regression SNP LD, 1170376 SNPs remain.
Computing rg for phenotype 2/2
Reading summary statistics from 1_RawData/LDSC/educall_GWAS.sumstats.gz ...
Read summary statistics for 1217311 SNPs.
After merging with summary statistics, 1170376 SNPs remain.
1158475 SNPs with valid alleles.

Heritability of phenotype 1
---------------------------
Total Observed scale h2: 0.041 (0.0023)
Lambda GC: 1.2431
Mean Chi^2: 1.3014
Intercept: 1.0167 (0.0084)
Ratio: 0.0553 (0.0279)

Heritability of phenotype 2/2
-----------------------------
Total Observed scale h2: 0.112 (0.0032)
Lambda GC: 2.1026
Mean Chi^2: 2.6618
Intercept: 0.9851 (0.0164)
Ratio < 0 (usually indicates GC correction).

Genetic Covariance
------------------
Total Observed scale gencov: 0.0028 (0.0015)
Mean z1*z2: 0.0394
Intercept: 0.0077 (0.0066)

Genetic Correlation
-------------------
Genetic Correlation: 0.0411 (0.0215)
Z-score: 1.913
P: 0.0558


Summary of Genetic Correlation Results
p1                                       p2      rg      se      z       p  h2_obs  h2_obs_se  h2_int  h2_int_se  gcov_int  gcov_int_se
1_RawData/LDSC/hear_GWAS.sumstats.gz  1_RawData/LDSC/educall_GWAS.sumstats.gz  0.0411  0.0215  1.913  0.0558   0.112     0.0032  0.9851     0.0164    0.0077       0.0066

Analysis finished at Fri Nov 30 17:34:15 2018
Total time elapsed: 13.7s
