*********************************************************************
* LD Score Regression (LDSC)
* Version 1.0.0
* (C) 2014-2015 Brendan Bulik-Sullivan and Hilary Finucane
* Broad Institute of MIT and Harvard / MIT Department of Mathematics
* GNU General Public License v3
*********************************************************************
Call: 
./ldsc.py \
--ref-ld-chr /Users/sheaandrews/Programs/ldsc/eur_w_ld_chr/ \
--out 2_DerivedData/LDSC/hear_ais \
--rg 1_RawData/LDSC/hear_GWAS.sumstats.gz,1_RawData/LDSC/ais_GWAS.sumstats.gz \
--w-ld-chr /Users/sheaandrews/Programs/ldsc/eur_w_ld_chr/ 

Beginning analysis at Fri Nov 30 13:18:26 2018
Reading summary statistics from 1_RawData/LDSC/hear_GWAS.sumstats.gz ...
Read summary statistics for 1176895 SNPs.
Reading reference panel LD Score from /Users/sheaandrews/Programs/ldsc/eur_w_ld_chr/[1-22] ...
Read reference panel LD Scores for 1290028 SNPs.
Removing partitioned LD Scores with zero variance.
Reading regression weight LD Score from /Users/sheaandrews/Programs/ldsc/eur_w_ld_chr/[1-22] ...
Read regression weight LD Scores for 1290028 SNPs.
After merging with reference panel LD, 1170376 SNPs remain.
After merging with regression SNP LD, 1170376 SNPs remain.
Computing rg for phenotype 2/2
Reading summary statistics from 1_RawData/LDSC/ais_GWAS.sumstats.gz ...
Read summary statistics for 1217311 SNPs.
After merging with summary statistics, 1170376 SNPs remain.
1170065 SNPs with valid alleles.

Heritability of phenotype 1
---------------------------
Total Observed scale h2: 0.0411 (0.0023)
Lambda GC: 1.2431
Mean Chi^2: 1.3017
Intercept: 1.0167 (0.0085)
Ratio: 0.0554 (0.0281)

Heritability of phenotype 2/2
-----------------------------
Total Observed scale h2: 0.0133 (0.0014)
Lambda GC: 1.1238
Mean Chi^2: 1.1409
Intercept: 1.0225 (0.007)
Ratio: 0.1595 (0.0497)

Genetic Covariance
------------------
Total Observed scale gencov: -0.0006 (0.0011)
Mean z1*z2: -0.0029
Intercept: -0.0008 (0.0052)

Genetic Correlation
-------------------
Genetic Correlation: -0.0238 (0.0474)
Z-score: -0.5012
P: 0.6162


Summary of Genetic Correlation Results
p1                                   p2      rg      se       z       p  h2_obs  h2_obs_se  h2_int  h2_int_se  gcov_int  gcov_int_se
1_RawData/LDSC/hear_GWAS.sumstats.gz  1_RawData/LDSC/ais_GWAS.sumstats.gz -0.0238  0.0474 -0.5012  0.6162  0.0133     0.0014  1.0225      0.007   -0.0008       0.0052

Analysis finished at Fri Nov 30 13:18:39 2018
Total time elapsed: 13.19s
