*********************************************************************
* LD Score Regression (LDSC)
* Version 1.0.0
* (C) 2014-2015 Brendan Bulik-Sullivan and Hilary Finucane
* Broad Institute of MIT and Harvard / MIT Department of Mathematics
* GNU General Public License v3
*********************************************************************
Call: 
./ldsc.py \
--ref-ld-chr /Users/sheaandrews/Programs/ldsc/eur_w_ld_chr/ \
--out 2_DerivedData/LDSC/hear_mvpa \
--rg 1_RawData/LDSC/hear_GWAS.sumstats.gz,1_RawData/LDSC/mvpa_GWAS.sumstats.gz \
--w-ld-chr /Users/sheaandrews/Programs/ldsc/eur_w_ld_chr/ 

Beginning analysis at Fri Nov 30 13:55:06 2018
Reading summary statistics from 1_RawData/LDSC/hear_GWAS.sumstats.gz ...
Read summary statistics for 1176895 SNPs.
Reading reference panel LD Score from /Users/sheaandrews/Programs/ldsc/eur_w_ld_chr/[1-22] ...
Read reference panel LD Scores for 1290028 SNPs.
Removing partitioned LD Scores with zero variance.
Reading regression weight LD Score from /Users/sheaandrews/Programs/ldsc/eur_w_ld_chr/[1-22] ...
Read regression weight LD Scores for 1290028 SNPs.
After merging with reference panel LD, 1170376 SNPs remain.
After merging with regression SNP LD, 1170376 SNPs remain.
Computing rg for phenotype 2/2
Reading summary statistics from 1_RawData/LDSC/mvpa_GWAS.sumstats.gz ...
Read summary statistics for 1217311 SNPs.
After merging with summary statistics, 1170376 SNPs remain.
1170235 SNPs with valid alleles.

Heritability of phenotype 1
---------------------------
Total Observed scale h2: 0.041 (0.0023)
Lambda GC: 1.2431
Mean Chi^2: 1.3017
Intercept: 1.0168 (0.0084)
Ratio: 0.0556 (0.0279)

Heritability of phenotype 2/2
-----------------------------
Total Observed scale h2: 0.0462 (0.0024)
Lambda GC: 1.3101
Mean Chi^2: 1.3516
Intercept: 1.0127 (0.0093)
Ratio: 0.0362 (0.0264)

Genetic Covariance
------------------
Total Observed scale gencov: 0.0035 (0.0013)
Mean z1*z2: 0.0341
Intercept: 0.0069 (0.0053)

Genetic Correlation
-------------------
Genetic Correlation: 0.0796 (0.03)
Z-score: 2.6534
P: 0.008


Summary of Genetic Correlation Results
p1                                    p2      rg    se       z      p  h2_obs  h2_obs_se  h2_int  h2_int_se  gcov_int  gcov_int_se
1_RawData/LDSC/hear_GWAS.sumstats.gz  1_RawData/LDSC/mvpa_GWAS.sumstats.gz  0.0796  0.03  2.6534  0.008  0.0462     0.0024  1.0127     0.0093    0.0069       0.0053

Analysis finished at Fri Nov 30 13:55:20 2018
Total time elapsed: 13.38s
