*********************************************************************
* LD Score Regression (LDSC)
* Version 1.0.0
* (C) 2014-2015 Brendan Bulik-Sullivan and Hilary Finucane
* Broad Institute of MIT and Harvard / MIT Department of Mathematics
* GNU General Public License v3
*********************************************************************
Call: 
./ldsc.py \
--ref-ld-chr /Users/sheaandrews/Programs/ldsc/eur_w_ld_chr/ \
--out 2_DerivedData/LDSC/hear_mdd \
--rg 1_RawData/LDSC/hear_GWAS.sumstats.gz,1_RawData/LDSC/mdd_GWAS.sumstats.gz \
--w-ld-chr /Users/sheaandrews/Programs/ldsc/eur_w_ld_chr/ 

Beginning analysis at Fri Nov 30 14:36:53 2018
Reading summary statistics from 1_RawData/LDSC/hear_GWAS.sumstats.gz ...
Read summary statistics for 1176895 SNPs.
Reading reference panel LD Score from /Users/sheaandrews/Programs/ldsc/eur_w_ld_chr/[1-22] ...
Read reference panel LD Scores for 1290028 SNPs.
Removing partitioned LD Scores with zero variance.
Reading regression weight LD Score from /Users/sheaandrews/Programs/ldsc/eur_w_ld_chr/[1-22] ...
Read regression weight LD Scores for 1290028 SNPs.
After merging with reference panel LD, 1170376 SNPs remain.
After merging with regression SNP LD, 1170376 SNPs remain.
Computing rg for phenotype 2/2
Reading summary statistics from 1_RawData/LDSC/mdd_GWAS.sumstats.gz ...
Read summary statistics for 1217311 SNPs.
After merging with summary statistics, 1170376 SNPs remain.
2909 SNPs with valid alleles.
WARNING: number of SNPs less than 200k; this is almost always bad.

Heritability of phenotype 1
---------------------------
Total Observed scale h2: 0.0722 (0.0179)
Lambda GC: 1.3169
Mean Chi^2: 1.3832
Intercept: 1.0143 (0.0789)
Ratio: 0.0374 (0.2058)

Heritability of phenotype 2/2
-----------------------------
Total Observed scale h2: 0.252 (0.0228)
Lambda GC: 17.5561
Mean Chi^2: 9.3587
Intercept: 7.5384 (0.1144)
Ratio: 0.7822 (0.0137)

Genetic Covariance
------------------
Total Observed scale gencov: -0.0877 (0.0258)
Mean z1*z2: -0.6288
Intercept: -0.0798 (0.1366)

Genetic Correlation
-------------------
Genetic Correlation: -0.65 (0.1899)
Z-score: -3.4231
P: 0.0006


Summary of Genetic Correlation Results
p1                                   p2    rg      se       z       p  h2_obs  h2_obs_se  h2_int  h2_int_se  gcov_int  gcov_int_se
1_RawData/LDSC/hear_GWAS.sumstats.gz  1_RawData/LDSC/mdd_GWAS.sumstats.gz -0.65  0.1899 -3.4231  0.0006   0.252     0.0228  7.5384     0.1144   -0.0798       0.1366

Analysis finished at Fri Nov 30 14:37:05 2018
Total time elapsed: 11.28s
