*********************************************************************
* LD Score Regression (LDSC)
* Version 1.0.0
* (C) 2014-2015 Brendan Bulik-Sullivan and Hilary Finucane
* Broad Institute of MIT and Harvard / MIT Department of Mathematics
* GNU General Public License v3
*********************************************************************
Call: 
./ldsc.py \
--ref-ld-chr /Users/sheaandrews/Programs/ldsc/eur_w_ld_chr/ \
--out 2_DerivedData/LDSC/hear_as \
--rg 1_RawData/LDSC/hear_GWAS.sumstats.gz,1_RawData/LDSC/as_GWAS.sumstats.gz \
--w-ld-chr /Users/sheaandrews/Programs/ldsc/eur_w_ld_chr/ 

Beginning analysis at Fri Nov 30 13:18:54 2018
Reading summary statistics from 1_RawData/LDSC/hear_GWAS.sumstats.gz ...
Read summary statistics for 1176895 SNPs.
Reading reference panel LD Score from /Users/sheaandrews/Programs/ldsc/eur_w_ld_chr/[1-22] ...
Read reference panel LD Scores for 1290028 SNPs.
Removing partitioned LD Scores with zero variance.
Reading regression weight LD Score from /Users/sheaandrews/Programs/ldsc/eur_w_ld_chr/[1-22] ...
Read regression weight LD Scores for 1290028 SNPs.
After merging with reference panel LD, 1170376 SNPs remain.
After merging with regression SNP LD, 1170376 SNPs remain.
Computing rg for phenotype 2/2
Reading summary statistics from 1_RawData/LDSC/as_GWAS.sumstats.gz ...
Read summary statistics for 1217311 SNPs.
After merging with summary statistics, 1170376 SNPs remain.
1170009 SNPs with valid alleles.

Heritability of phenotype 1
---------------------------
Total Observed scale h2: 0.0411 (0.0023)
Lambda GC: 1.2431
Mean Chi^2: 1.3018
Intercept: 1.0167 (0.0085)
Ratio: 0.0555 (0.0282)

Heritability of phenotype 2/2
-----------------------------
Total Observed scale h2: 0.0127 (0.0014)
Lambda GC: 1.1238
Mean Chi^2: 1.1485
Intercept: 1.0357 (0.0073)
Ratio: 0.2406 (0.049)

Genetic Covariance
------------------
Total Observed scale gencov: -0.0003 (0.0011)
Mean z1*z2: -0.0018
Intercept: -0.0017 (0.0053)

Genetic Correlation
-------------------
Genetic Correlation: -0.0125 (0.0483)
Z-score: -0.2577
P: 0.7966


Summary of Genetic Correlation Results
p1                                  p2      rg      se       z       p  h2_obs  h2_obs_se  h2_int  h2_int_se  gcov_int  gcov_int_se
1_RawData/LDSC/hear_GWAS.sumstats.gz  1_RawData/LDSC/as_GWAS.sumstats.gz -0.0125  0.0483 -0.2577  0.7966  0.0127     0.0014  1.0357     0.0073   -0.0017       0.0053

Analysis finished at Fri Nov 30 13:19:10 2018
Total time elapsed: 15.1s
