*********************************************************************
* LD Score Regression (LDSC)
* Version 1.0.0
* (C) 2014-2015 Brendan Bulik-Sullivan and Hilary Finucane
* Broad Institute of MIT and Harvard / MIT Department of Mathematics
* GNU General Public License v3
*********************************************************************
Call: 
./ldsc.py \
--ref-ld-chr /Users/sheaandrews/Programs/ldsc/eur_w_ld_chr/ \
--out 2_DerivedData/LDSC/hear_vbiany \
--rg 1_RawData/LDSC/hear_GWAS.sumstats.gz,1_RawData/LDSC/vbiany_GWAS.sumstats.gz \
--w-ld-chr /Users/sheaandrews/Programs/ldsc/eur_w_ld_chr/ 

Beginning analysis at Fri Nov 30 13:48:01 2018
Reading summary statistics from 1_RawData/LDSC/hear_GWAS.sumstats.gz ...
Read summary statistics for 1176895 SNPs.
Reading reference panel LD Score from /Users/sheaandrews/Programs/ldsc/eur_w_ld_chr/[1-22] ...
Read reference panel LD Scores for 1290028 SNPs.
Removing partitioned LD Scores with zero variance.
Reading regression weight LD Score from /Users/sheaandrews/Programs/ldsc/eur_w_ld_chr/[1-22] ...
Read regression weight LD Scores for 1290028 SNPs.
After merging with reference panel LD, 1170376 SNPs remain.
After merging with regression SNP LD, 1170376 SNPs remain.
Computing rg for phenotype 2/2
Reading summary statistics from 1_RawData/LDSC/vbiany_GWAS.sumstats.gz ...
Read summary statistics for 1217311 SNPs.
After merging with summary statistics, 1170376 SNPs remain.
1163507 SNPs with valid alleles.

Heritability of phenotype 1
---------------------------
Total Observed scale h2: 0.041 (0.0024)
Lambda GC: 1.2431
Mean Chi^2: 1.3019
Intercept: 1.0166 (0.009)
Ratio: 0.0551 (0.0298)

Heritability of phenotype 2/2
-----------------------------
Total Observed scale h2: 0.1956 (0.0907)
Lambda GC: 0.9957
Mean Chi^2: 0.9975
Intercept: 0.9786 (0.007)
Ratio: NA (mean chi^2 < 1)

Genetic Covariance
------------------
Total Observed scale gencov: -0.0033 (0.0095)
Mean z1*z2: 0.001
Intercept: 0.0041 (0.0048)

Genetic Correlation
-------------------
Genetic Correlation: -0.0372 (0.1059)
Z-score: -0.3517
P: 0.7251


Summary of Genetic Correlation Results
p1                                      p2      rg      se       z       p  h2_obs  h2_obs_se  h2_int  h2_int_se  gcov_int  gcov_int_se
1_RawData/LDSC/hear_GWAS.sumstats.gz  1_RawData/LDSC/vbiany_GWAS.sumstats.gz -0.0372  0.1059 -0.3517  0.7251  0.1956     0.0907  0.9786      0.007    0.0041       0.0048

Analysis finished at Fri Nov 30 13:48:14 2018
Total time elapsed: 12.78s
