*********************************************************************
* LD Score Regression (LDSC)
* Version 1.0.0
* (C) 2014-2015 Brendan Bulik-Sullivan and Hilary Finucane
* Broad Institute of MIT and Harvard / MIT Department of Mathematics
* GNU General Public License v3
*********************************************************************
Call: 
./ldsc.py \
--ref-ld-chr /Users/sheaandrews/Programs/ldsc/eur_w_ld_chr/ \
--out 2_DerivedData/LDSC/hear_alcd \
--rg 1_RawData/LDSC/hear_GWAS.sumstats.gz,1_RawData/LDSC/alcd_GWAS.sumstats.gz \
--w-ld-chr /Users/sheaandrews/Programs/ldsc/eur_w_ld_chr/ 

Beginning analysis at Fri Nov 30 11:13:00 2018
Reading summary statistics from 1_RawData/LDSC/hear_GWAS.sumstats.gz ...
Read summary statistics for 1176895 SNPs.
Reading reference panel LD Score from /Users/sheaandrews/Programs/ldsc/eur_w_ld_chr/[1-22] ...
Read reference panel LD Scores for 1290028 SNPs.
Removing partitioned LD Scores with zero variance.
Reading regression weight LD Score from /Users/sheaandrews/Programs/ldsc/eur_w_ld_chr/[1-22] ...
Read regression weight LD Scores for 1290028 SNPs.
After merging with reference panel LD, 1170376 SNPs remain.
After merging with regression SNP LD, 1170376 SNPs remain.
Computing rg for phenotype 2/2
Reading summary statistics from 1_RawData/LDSC/alcd_GWAS.sumstats.gz ...
Read summary statistics for 1217311 SNPs.
After merging with summary statistics, 1170376 SNPs remain.
1114254 SNPs with valid alleles.

Heritability of phenotype 1
---------------------------
Total Observed scale h2: 0.0412 (0.0024)
Lambda GC: 1.2464
Mean Chi^2: 1.3087
Intercept: 1.0146 (0.0092)
Ratio: 0.0474 (0.03)

Heritability of phenotype 2/2
-----------------------------
Total Observed scale h2: 0.1856 (0.0535)
Lambda GC: 1.0557
Mean Chi^2: 1.0542
Intercept: 1.0231 (0.006)
Ratio: 0.4265 (0.1104)

Genetic Covariance
------------------
Total Observed scale gencov: -0.0217 (0.0075)
Mean z1*z2: -0.0225
Intercept: 0.0023 (0.0051)

Genetic Correlation
-------------------
Genetic Correlation: -0.2475 (0.0906)
Z-score: -2.7322
P: 0.0063


Summary of Genetic Correlation Results
p1                                    p2      rg      se       z       p  h2_obs  h2_obs_se  h2_int  h2_int_se  gcov_int  gcov_int_se
1_RawData/LDSC/hear_GWAS.sumstats.gz  1_RawData/LDSC/alcd_GWAS.sumstats.gz -0.2475  0.0906 -2.7322  0.0063  0.1856     0.0535  1.0231      0.006    0.0023       0.0051

Analysis finished at Fri Nov 30 11:13:12 2018
Total time elapsed: 12.39s
