*********************************************************************
* LD Score Regression (LDSC)
* Version 1.0.0
* (C) 2014-2015 Brendan Bulik-Sullivan and Hilary Finucane
* Broad Institute of MIT and Harvard / MIT Department of Mathematics
* GNU General Public License v3
*********************************************************************
Call: 
./ldsc.py \
--ref-ld-chr /Users/sheaandrews/Programs/ldsc/eur_w_ld_chr/ \
--out 2_DerivedData/LDSC/hear_dbp \
--rg 1_RawData/LDSC/hear_GWAS.sumstats.gz,1_RawData/LDSC/dbp_GWAS.sumstats.gz \
--w-ld-chr /Users/sheaandrews/Programs/ldsc/eur_w_ld_chr/ 

Beginning analysis at Fri Nov 30 10:45:48 2018
Reading summary statistics from 1_RawData/LDSC/hear_GWAS.sumstats.gz ...
Read summary statistics for 1176895 SNPs.
Reading reference panel LD Score from /Users/sheaandrews/Programs/ldsc/eur_w_ld_chr/[1-22] ...
Read reference panel LD Scores for 1290028 SNPs.
Removing partitioned LD Scores with zero variance.
Reading regression weight LD Score from /Users/sheaandrews/Programs/ldsc/eur_w_ld_chr/[1-22] ...
Read regression weight LD Scores for 1290028 SNPs.
After merging with reference panel LD, 1170376 SNPs remain.
After merging with regression SNP LD, 1170376 SNPs remain.
Computing rg for phenotype 2/2
Reading summary statistics from 1_RawData/LDSC/dbp_GWAS.sumstats.gz ...
Read summary statistics for 1217311 SNPs.
After merging with summary statistics, 1170376 SNPs remain.
1164352 SNPs with valid alleles.

Heritability of phenotype 1
---------------------------
Total Observed scale h2: 0.0411 (0.0023)
Lambda GC: 1.2431
Mean Chi^2: 1.3028
Intercept: 1.0166 (0.0088)
Ratio: 0.0547 (0.0291)

Heritability of phenotype 2/2
-----------------------------
Total Observed scale h2: 0.1353 (0.006)
Lambda GC: 2.0429
Mean Chi^2: 3.1473
Intercept: 1.0888 (0.0319)
Ratio: 0.0414 (0.0149)

Genetic Covariance
------------------
Total Observed scale gencov: 0.0009 (0.0017)
Mean z1*z2: 0.0357
Intercept: 0.031 (0.0079)

Genetic Correlation
-------------------
Genetic Correlation: 0.0122 (0.0227)
Z-score: 0.5371
P: 0.5912


Summary of Genetic Correlation Results
p1                                   p2      rg      se       z       p  h2_obs  h2_obs_se  h2_int  h2_int_se  gcov_int  gcov_int_se
1_RawData/LDSC/hear_GWAS.sumstats.gz  1_RawData/LDSC/dbp_GWAS.sumstats.gz  0.0122  0.0227  0.5371  0.5912  0.1353      0.006  1.0888     0.0319     0.031       0.0079

Analysis finished at Fri Nov 30 10:46:01 2018
Total time elapsed: 12.59s
