*********************************************************************
* LD Score Regression (LDSC)
* Version 1.0.0
* (C) 2014-2015 Brendan Bulik-Sullivan and Hilary Finucane
* Broad Institute of MIT and Harvard / MIT Department of Mathematics
* GNU General Public License v3
*********************************************************************
Call: 
./ldsc.py \
--ref-ld-chr /Users/sheaandrews/Programs/ldsc/eur_w_ld_chr/ \
--out 2_DerivedData/LDSC/hips_dep \
--rg 1_RawData/LDSC/hips_GWAS.sumstats.gz,1_RawData/LDSC/dep_GWAS.sumstats.gz \
--w-ld-chr /Users/sheaandrews/Programs/ldsc/eur_w_ld_chr/ 

Beginning analysis at Fri Nov 30 13:48:29 2018
Reading summary statistics from 1_RawData/LDSC/hips_GWAS.sumstats.gz ...
Read summary statistics for 1183986 SNPs.
Reading reference panel LD Score from /Users/sheaandrews/Programs/ldsc/eur_w_ld_chr/[1-22] ...
Read reference panel LD Scores for 1290028 SNPs.
Removing partitioned LD Scores with zero variance.
Reading regression weight LD Score from /Users/sheaandrews/Programs/ldsc/eur_w_ld_chr/[1-22] ...
Read regression weight LD Scores for 1290028 SNPs.
After merging with reference panel LD, 1174789 SNPs remain.
After merging with regression SNP LD, 1174789 SNPs remain.
Computing rg for phenotype 2/2
Reading summary statistics from 1_RawData/LDSC/dep_GWAS.sumstats.gz ...
Read summary statistics for 1217311 SNPs.
After merging with summary statistics, 1174789 SNPs remain.
1161687 SNPs with valid alleles.

Heritability of phenotype 1
---------------------------
Total Observed scale h2: -0.096 (0.0837)
Lambda GC: 0.9605
Mean Chi^2: 0.9651
Intercept: 0.9745 (0.0069)
Ratio: NA (mean chi^2 < 1)

Heritability of phenotype 2/2
-----------------------------
Total Observed scale h2: 0.0624 (0.003)
Lambda GC: 1.3272
Mean Chi^2: 1.3949
Intercept: 1.0059 (0.0089)
Ratio: 0.0149 (0.0224)

Genetic Covariance
------------------
Total Observed scale gencov: -0.0093 (0.0092)
Mean z1*z2: -0.0068
Intercept: -0.0015 (0.0045)

Genetic Correlation
-------------------
Genetic Correlation: nan (nan) (h2  out of bounds) 
Z-score: nan (nan) (h2  out of bounds)
P: nan (nan) (h2  out of bounds)
WARNING: One of the h2's was out of bounds.
This usually indicates a data-munging error or that h2 or N is low.


Summary of Genetic Correlation Results
p1                                   p2  rg  se   z   p  h2_obs  h2_obs_se  h2_int  h2_int_se  gcov_int  gcov_int_se
1_RawData/LDSC/hips_GWAS.sumstats.gz  1_RawData/LDSC/dep_GWAS.sumstats.gz  NA  NA  NA  NA  0.0624      0.003  1.0059     0.0089   -0.0015       0.0045

Analysis finished at Fri Nov 30 13:48:42 2018
Total time elapsed: 12.89s
