*********************************************************************
* LD Score Regression (LDSC)
* Version 1.0.0
* (C) 2014-2015 Brendan Bulik-Sullivan and Hilary Finucane
* Broad Institute of MIT and Harvard / MIT Department of Mathematics
* GNU General Public License v3
*********************************************************************
Call: 
./ldsc.py \
--ref-ld-chr /Users/sheaandrews/Programs/ldsc/eur_w_ld_chr/ \
--out 2_DerivedData/LDSC/hipv_ldl \
--rg 1_RawData/LDSC/hipv_GWAS.sumstats.gz,1_RawData/LDSC/ldl_GWAS.sumstats.gz \
--w-ld-chr /Users/sheaandrews/Programs/ldsc/eur_w_ld_chr/ 

Beginning analysis at Fri Nov 30 10:56:00 2018
Reading summary statistics from 1_RawData/LDSC/hipv_GWAS.sumstats.gz ...
Read summary statistics for 1167233 SNPs.
Reading reference panel LD Score from /Users/sheaandrews/Programs/ldsc/eur_w_ld_chr/[1-22] ...
Read reference panel LD Scores for 1290028 SNPs.
Removing partitioned LD Scores with zero variance.
Reading regression weight LD Score from /Users/sheaandrews/Programs/ldsc/eur_w_ld_chr/[1-22] ...
Read regression weight LD Scores for 1290028 SNPs.
After merging with reference panel LD, 1159680 SNPs remain.
After merging with regression SNP LD, 1159680 SNPs remain.
Computing rg for phenotype 2/2
Reading summary statistics from 1_RawData/LDSC/ldl_GWAS.sumstats.gz ...
Read summary statistics for 1217311 SNPs.
After merging with summary statistics, 1159680 SNPs remain.
1021740 SNPs with valid alleles.

Heritability of phenotype 1
---------------------------
Total Observed scale h2: 0.1432 (0.0255)
Lambda GC: 1.0588
Mean Chi^2: 1.0781
Intercept: 1.0015 (0.0077)
Ratio: 0.0192 (0.0984)

Heritability of phenotype 2/2
-----------------------------
Total Observed scale h2: 0.2131 (0.0473)
Lambda GC: 1.0135
Mean Chi^2: 1.1917
Intercept: 0.8641 (0.0505)
Ratio < 0 (usually indicates GC correction).

Genetic Covariance
------------------
Total Observed scale gencov: -0.0044 (0.0089)
Mean z1*z2: -0.0061
Intercept: -0.0016 (0.0063)

Genetic Correlation
-------------------
Genetic Correlation: -0.025 (0.0505)
Z-score: -0.4945
P: 0.621


Summary of Genetic Correlation Results
p1                                   p2     rg      se       z      p  h2_obs  h2_obs_se  h2_int  h2_int_se  gcov_int  gcov_int_se
1_RawData/LDSC/hipv_GWAS.sumstats.gz  1_RawData/LDSC/ldl_GWAS.sumstats.gz -0.025  0.0505 -0.4945  0.621  0.2131     0.0473  0.8641     0.0505   -0.0016       0.0063

Analysis finished at Fri Nov 30 10:56:12 2018
Total time elapsed: 12.46s
