*********************************************************************
* LD Score Regression (LDSC)
* Version 1.0.0
* (C) 2014-2015 Brendan Bulik-Sullivan and Hilary Finucane
* Broad Institute of MIT and Harvard / MIT Department of Mathematics
* GNU General Public License v3
*********************************************************************
Call: 
./ldsc.py \
--ref-ld-chr /Users/sheaandrews/Programs/ldsc/eur_w_ld_chr/ \
--out 2_DerivedData/LDSC/hipv_mvpa \
--rg 1_RawData/LDSC/hipv_GWAS.sumstats.gz,1_RawData/LDSC/mvpa_GWAS.sumstats.gz \
--w-ld-chr /Users/sheaandrews/Programs/ldsc/eur_w_ld_chr/ 

Beginning analysis at Fri Nov 30 13:24:28 2018
Reading summary statistics from 1_RawData/LDSC/hipv_GWAS.sumstats.gz ...
Read summary statistics for 1167233 SNPs.
Reading reference panel LD Score from /Users/sheaandrews/Programs/ldsc/eur_w_ld_chr/[1-22] ...
Read reference panel LD Scores for 1290028 SNPs.
Removing partitioned LD Scores with zero variance.
Reading regression weight LD Score from /Users/sheaandrews/Programs/ldsc/eur_w_ld_chr/[1-22] ...
Read regression weight LD Scores for 1290028 SNPs.
After merging with reference panel LD, 1159680 SNPs remain.
After merging with regression SNP LD, 1159680 SNPs remain.
Computing rg for phenotype 2/2
Reading summary statistics from 1_RawData/LDSC/mvpa_GWAS.sumstats.gz ...
Read summary statistics for 1217311 SNPs.
After merging with summary statistics, 1159680 SNPs remain.
1156016 SNPs with valid alleles.

Heritability of phenotype 1
---------------------------
Total Observed scale h2: 0.1439 (0.024)
Lambda GC: 1.0588
Mean Chi^2: 1.0799
Intercept: 1.0026 (0.0078)
Ratio: 0.033 (0.098)

Heritability of phenotype 2/2
-----------------------------
Total Observed scale h2: 0.0458 (0.0023)
Lambda GC: 1.3101
Mean Chi^2: 1.3547
Intercept: 1.0153 (0.0091)
Ratio: 0.0431 (0.0258)

Genetic Covariance
------------------
Total Observed scale gencov: -0.0045 (0.0049)
Mean z1*z2: -0.0153
Intercept: -0.0039 (0.0053)

Genetic Correlation
-------------------
Genetic Correlation: -0.0556 (0.0604)
Z-score: -0.9202
P: 0.3575


Summary of Genetic Correlation Results
p1                                    p2      rg      se       z       p  h2_obs  h2_obs_se  h2_int  h2_int_se  gcov_int  gcov_int_se
1_RawData/LDSC/hipv_GWAS.sumstats.gz  1_RawData/LDSC/mvpa_GWAS.sumstats.gz -0.0556  0.0604 -0.9202  0.3575  0.0458     0.0023  1.0153     0.0091   -0.0039       0.0053

Analysis finished at Fri Nov 30 13:24:43 2018
Total time elapsed: 14.75s
