*********************************************************************
* LD Score Regression (LDSC)
* Version 1.0.0
* (C) 2014-2015 Brendan Bulik-Sullivan and Hilary Finucane
* Broad Institute of MIT and Harvard / MIT Department of Mathematics
* GNU General Public License v3
*********************************************************************
Call: 
./ldsc.py \
--ref-ld-chr /Users/sheaandrews/Programs/ldsc/eur_w_ld_chr/ \
--out 2_DerivedData/LDSC/hipv2015_insom \
--rg 1_RawData/LDSC/hipv2015_GWAS.sumstats.gz,1_RawData/LDSC/insom_GWAS.sumstats.gz \
--w-ld-chr /Users/sheaandrews/Programs/ldsc/eur_w_ld_chr/ 

Beginning analysis at Fri Nov 30 09:13:23 2018
Reading summary statistics from 1_RawData/LDSC/hipv2015_GWAS.sumstats.gz ...
Read summary statistics for 1159495 SNPs.
Reading reference panel LD Score from /Users/sheaandrews/Programs/ldsc/eur_w_ld_chr/[1-22] ...
Read reference panel LD Scores for 1290028 SNPs.
Removing partitioned LD Scores with zero variance.
Reading regression weight LD Score from /Users/sheaandrews/Programs/ldsc/eur_w_ld_chr/[1-22] ...
Read regression weight LD Scores for 1290028 SNPs.
After merging with reference panel LD, 1156704 SNPs remain.
After merging with regression SNP LD, 1156704 SNPs remain.
Computing rg for phenotype 2/2
Reading summary statistics from 1_RawData/LDSC/insom_GWAS.sumstats.gz ...
Read summary statistics for 1217311 SNPs.
After merging with summary statistics, 1156704 SNPs remain.
1114197 SNPs with valid alleles.

Heritability of phenotype 1
---------------------------
Total Observed scale h2: 0.1379 (0.0411)
Lambda GC: 1.0105
Mean Chi^2: 1.0264
Intercept: 0.9888 (0.0067)
Ratio < 0 (usually indicates GC correction).

Heritability of phenotype 2/2
-----------------------------
Total Observed scale h2: 0.0464 (0.0021)
Lambda GC: 1.3135
Mean Chi^2: 1.3697
Intercept: 1.0117 (0.0087)
Ratio: 0.0317 (0.0235)

Genetic Covariance
------------------
Total Observed scale gencov: -0.0021 (0.0061)
Mean z1*z2: -0.0023
Intercept: 0.001 (0.005)

Genetic Correlation
-------------------
Genetic Correlation: -0.0268 (0.0762)
Z-score: -0.3524
P: 0.7245


Summary of Genetic Correlation Results
p1                                     p2      rg      se       z       p  h2_obs  h2_obs_se  h2_int  h2_int_se  gcov_int  gcov_int_se
1_RawData/LDSC/hipv2015_GWAS.sumstats.gz  1_RawData/LDSC/insom_GWAS.sumstats.gz -0.0268  0.0762 -0.3524  0.7245  0.0464     0.0021  1.0117     0.0087     0.001        0.005

Analysis finished at Fri Nov 30 09:13:36 2018
Total time elapsed: 12.45s
