*********************************************************************
* LD Score Regression (LDSC)
* Version 1.0.0
* (C) 2014-2015 Brendan Bulik-Sullivan and Hilary Finucane
* Broad Institute of MIT and Harvard / MIT Department of Mathematics
* GNU General Public License v3
*********************************************************************
Call: 
./ldsc.py \
--ref-ld-chr /Users/sheaandrews/Programs/ldsc/eur_w_ld_chr/ \
--out 2_DerivedData/LDSC/hipv_pp \
--rg 1_RawData/LDSC/hipv_GWAS.sumstats.gz,1_RawData/LDSC/pp_GWAS.sumstats.gz \
--w-ld-chr /Users/sheaandrews/Programs/ldsc/eur_w_ld_chr/ 

Beginning analysis at Fri Nov 30 10:32:36 2018
Reading summary statistics from 1_RawData/LDSC/hipv_GWAS.sumstats.gz ...
Read summary statistics for 1167233 SNPs.
Reading reference panel LD Score from /Users/sheaandrews/Programs/ldsc/eur_w_ld_chr/[1-22] ...
Read reference panel LD Scores for 1290028 SNPs.
Removing partitioned LD Scores with zero variance.
Reading regression weight LD Score from /Users/sheaandrews/Programs/ldsc/eur_w_ld_chr/[1-22] ...
Read regression weight LD Scores for 1290028 SNPs.
After merging with reference panel LD, 1159680 SNPs remain.
After merging with regression SNP LD, 1159680 SNPs remain.
Computing rg for phenotype 2/2
Reading summary statistics from 1_RawData/LDSC/pp_GWAS.sumstats.gz ...
Read summary statistics for 1217311 SNPs.
After merging with summary statistics, 1159680 SNPs remain.
1155321 SNPs with valid alleles.

Heritability of phenotype 1
---------------------------
Total Observed scale h2: 0.1441 (0.024)
Lambda GC: 1.0588
Mean Chi^2: 1.0799
Intercept: 1.0025 (0.0078)
Ratio: 0.0315 (0.0976)

Heritability of phenotype 2/2
-----------------------------
Total Observed scale h2: 0.122 (0.0051)
Lambda GC: 1.9136
Mean Chi^2: 2.8025
Intercept: 1.0222 (0.0288)
Ratio: 0.0123 (0.016)

Genetic Covariance
------------------
Total Observed scale gencov: 0.0076 (0.005)
Mean z1*z2: 0.0008
Intercept: -0.0221 (0.0069)

Genetic Correlation
-------------------
Genetic Correlation: 0.0573 (0.0369)
Z-score: 1.553
P: 0.1204


Summary of Genetic Correlation Results
p1                                  p2      rg      se      z       p  h2_obs  h2_obs_se  h2_int  h2_int_se  gcov_int  gcov_int_se
1_RawData/LDSC/hipv_GWAS.sumstats.gz  1_RawData/LDSC/pp_GWAS.sumstats.gz  0.0573  0.0369  1.553  0.1204   0.122     0.0051  1.0222     0.0288   -0.0221       0.0069

Analysis finished at Fri Nov 30 10:32:48 2018
Total time elapsed: 12.27s
