*********************************************************************
* LD Score Regression (LDSC)
* Version 1.0.0
* (C) 2014-2015 Brendan Bulik-Sullivan and Hilary Finucane
* Broad Institute of MIT and Harvard / MIT Department of Mathematics
* GNU General Public License v3
*********************************************************************
Call: 
./ldsc.py \
--ref-ld-chr /Users/sheaandrews/Programs/ldsc/eur_w_ld_chr/ \
--out 2_DerivedData/LDSC/hipv2015_alcd \
--rg 1_RawData/LDSC/hipv2015_GWAS.sumstats.gz,1_RawData/LDSC/alcd_GWAS.sumstats.gz \
--w-ld-chr /Users/sheaandrews/Programs/ldsc/eur_w_ld_chr/ 

Beginning analysis at Fri Nov 30 10:46:29 2018
Reading summary statistics from 1_RawData/LDSC/hipv2015_GWAS.sumstats.gz ...
Read summary statistics for 1159495 SNPs.
Reading reference panel LD Score from /Users/sheaandrews/Programs/ldsc/eur_w_ld_chr/[1-22] ...
Read reference panel LD Scores for 1290028 SNPs.
Removing partitioned LD Scores with zero variance.
Reading regression weight LD Score from /Users/sheaandrews/Programs/ldsc/eur_w_ld_chr/[1-22] ...
Read regression weight LD Scores for 1290028 SNPs.
After merging with reference panel LD, 1156704 SNPs remain.
After merging with regression SNP LD, 1156704 SNPs remain.
Computing rg for phenotype 2/2
Reading summary statistics from 1_RawData/LDSC/alcd_GWAS.sumstats.gz ...
Read summary statistics for 1217311 SNPs.
After merging with summary statistics, 1156704 SNPs remain.
1114718 SNPs with valid alleles.

Heritability of phenotype 1
---------------------------
Total Observed scale h2: 0.1408 (0.0413)
Lambda GC: 1.0105
Mean Chi^2: 1.0266
Intercept: 0.9882 (0.007)
Ratio < 0 (usually indicates GC correction).

Heritability of phenotype 2/2
-----------------------------
Total Observed scale h2: 0.1805 (0.0521)
Lambda GC: 1.0557
Mean Chi^2: 1.054
Intercept: 1.0238 (0.0059)
Ratio: 0.4409 (0.1095)

Genetic Covariance
------------------
Total Observed scale gencov: 0.0348 (0.0304)
Mean z1*z2: 0.0011
Intercept: -0.0061 (0.005)

Genetic Correlation
-------------------
Genetic Correlation: 0.2182 (0.1954)
Z-score: 1.117
P: 0.264


Summary of Genetic Correlation Results
p1                                    p2      rg      se      z      p  h2_obs  h2_obs_se  h2_int  h2_int_se  gcov_int  gcov_int_se
1_RawData/LDSC/hipv2015_GWAS.sumstats.gz  1_RawData/LDSC/alcd_GWAS.sumstats.gz  0.2182  0.1954  1.117  0.264  0.1805     0.0521  1.0238     0.0059   -0.0061        0.005

Analysis finished at Fri Nov 30 10:46:41 2018
Total time elapsed: 12.49s
