*********************************************************************
* LD Score Regression (LDSC)
* Version 1.0.0
* (C) 2014-2015 Brendan Bulik-Sullivan and Hilary Finucane
* Broad Institute of MIT and Harvard / MIT Department of Mathematics
* GNU General Public License v3
*********************************************************************
Call: 
./ldsc.py \
--ref-ld-chr /Users/sheaandrews/Programs/ldsc/eur_w_ld_chr/ \
--out 2_DerivedData/LDSC/hipv_ces \
--rg 1_RawData/LDSC/hipv_GWAS.sumstats.gz,1_RawData/LDSC/ces_GWAS.sumstats.gz \
--w-ld-chr /Users/sheaandrews/Programs/ldsc/eur_w_ld_chr/ 

Beginning analysis at Fri Nov 30 12:43:52 2018
Reading summary statistics from 1_RawData/LDSC/hipv_GWAS.sumstats.gz ...
Read summary statistics for 1167233 SNPs.
Reading reference panel LD Score from /Users/sheaandrews/Programs/ldsc/eur_w_ld_chr/[1-22] ...
Read reference panel LD Scores for 1290028 SNPs.
Removing partitioned LD Scores with zero variance.
Reading regression weight LD Score from /Users/sheaandrews/Programs/ldsc/eur_w_ld_chr/[1-22] ...
Read regression weight LD Scores for 1290028 SNPs.
After merging with reference panel LD, 1159680 SNPs remain.
After merging with regression SNP LD, 1159680 SNPs remain.
Computing rg for phenotype 2/2
Reading summary statistics from 1_RawData/LDSC/ces_GWAS.sumstats.gz ...
Read summary statistics for 1217311 SNPs.
After merging with summary statistics, 1159680 SNPs remain.
1158708 SNPs with valid alleles.

Heritability of phenotype 1
---------------------------
Total Observed scale h2: 0.1429 (0.024)
Lambda GC: 1.0588
Mean Chi^2: 1.0798
Intercept: 1.0031 (0.0078)
Ratio: 0.0391 (0.098)

Heritability of phenotype 2/2
-----------------------------
Total Observed scale h2: 0.0062 (0.0013)
Lambda GC: 1.1082
Mean Chi^2: 1.1215
Intercept: 1.0648 (0.0072)
Ratio: 0.5328 (0.0595)

Genetic Covariance
------------------
Total Observed scale gencov: 0.0016 (0.0038)
Mean z1*z2: 0.0012
Intercept: -0.0027 (0.005)

Genetic Correlation
-------------------
Genetic Correlation: 0.0534 (0.1273)
Z-score: 0.4197
P: 0.6747


Summary of Genetic Correlation Results
p1                                   p2      rg      se       z       p  h2_obs  h2_obs_se  h2_int  h2_int_se  gcov_int  gcov_int_se
1_RawData/LDSC/hipv_GWAS.sumstats.gz  1_RawData/LDSC/ces_GWAS.sumstats.gz  0.0534  0.1273  0.4197  0.6747  0.0062     0.0013  1.0648     0.0072   -0.0027        0.005

Analysis finished at Fri Nov 30 12:44:05 2018
Total time elapsed: 12.8s
