*********************************************************************
* LD Score Regression (LDSC)
* Version 1.0.0
* (C) 2014-2015 Brendan Bulik-Sullivan and Hilary Finucane
* Broad Institute of MIT and Harvard / MIT Department of Mathematics
* GNU General Public License v3
*********************************************************************
Call: 
./ldsc.py \
--ref-ld-chr /Users/sheaandrews/Programs/ldsc/eur_w_ld_chr/ \
--out 2_DerivedData/LDSC/hipv_trig \
--rg 1_RawData/LDSC/hipv_GWAS.sumstats.gz,1_RawData/LDSC/trig_GWAS.sumstats.gz \
--w-ld-chr /Users/sheaandrews/Programs/ldsc/eur_w_ld_chr/ 

Beginning analysis at Fri Nov 30 10:54:40 2018
Reading summary statistics from 1_RawData/LDSC/hipv_GWAS.sumstats.gz ...
Read summary statistics for 1167233 SNPs.
Reading reference panel LD Score from /Users/sheaandrews/Programs/ldsc/eur_w_ld_chr/[1-22] ...
Read reference panel LD Scores for 1290028 SNPs.
Removing partitioned LD Scores with zero variance.
Reading regression weight LD Score from /Users/sheaandrews/Programs/ldsc/eur_w_ld_chr/[1-22] ...
Read regression weight LD Scores for 1290028 SNPs.
After merging with reference panel LD, 1159680 SNPs remain.
After merging with regression SNP LD, 1159680 SNPs remain.
Computing rg for phenotype 2/2
Reading summary statistics from 1_RawData/LDSC/trig_GWAS.sumstats.gz ...
Read summary statistics for 1217311 SNPs.
After merging with summary statistics, 1159680 SNPs remain.
1021762 SNPs with valid alleles.

Heritability of phenotype 1
---------------------------
Total Observed scale h2: 0.1439 (0.0254)
Lambda GC: 1.0588
Mean Chi^2: 1.078
Intercept: 1.0011 (0.0077)
Ratio: 0.014 (0.0981)

Heritability of phenotype 2/2
-----------------------------
Total Observed scale h2: 0.2737 (0.0586)
Lambda GC: 1.0016
Mean Chi^2: 1.2174
Intercept: 0.7495 (0.0364)
Ratio < 0 (usually indicates GC correction).

Genetic Covariance
------------------
Total Observed scale gencov: -0.0085 (0.0077)
Mean z1*z2: -0.0104
Intercept: -0.0026 (0.0045)

Genetic Correlation
-------------------
Genetic Correlation: -0.043 (0.0399)
Z-score: -1.0775
P: 0.2812


Summary of Genetic Correlation Results
p1                                    p2     rg      se       z       p  h2_obs  h2_obs_se  h2_int  h2_int_se  gcov_int  gcov_int_se
1_RawData/LDSC/hipv_GWAS.sumstats.gz  1_RawData/LDSC/trig_GWAS.sumstats.gz -0.043  0.0399 -1.0775  0.2812  0.2737     0.0586  0.7495     0.0364   -0.0026       0.0045

Analysis finished at Fri Nov 30 10:54:52 2018
Total time elapsed: 12.03s
