*********************************************************************
* LD Score Regression (LDSC)
* Version 1.0.0
* (C) 2014-2015 Brendan Bulik-Sullivan and Hilary Finucane
* Broad Institute of MIT and Harvard / MIT Department of Mathematics
* GNU General Public License v3
*********************************************************************
Call: 
./ldsc.py \
--ref-ld-chr /Users/sheaandrews/Programs/ldsc/eur_w_ld_chr/ \
--out 2_DerivedData/LDSC/hipv_insom \
--rg 1_RawData/LDSC/hipv_GWAS.sumstats.gz,1_RawData/LDSC/insom_GWAS.sumstats.gz \
--w-ld-chr /Users/sheaandrews/Programs/ldsc/eur_w_ld_chr/ 

Beginning analysis at Fri Nov 30 09:14:44 2018
Reading summary statistics from 1_RawData/LDSC/hipv_GWAS.sumstats.gz ...
Read summary statistics for 1167233 SNPs.
Reading reference panel LD Score from /Users/sheaandrews/Programs/ldsc/eur_w_ld_chr/[1-22] ...
Read reference panel LD Scores for 1290028 SNPs.
Removing partitioned LD Scores with zero variance.
Reading regression weight LD Score from /Users/sheaandrews/Programs/ldsc/eur_w_ld_chr/[1-22] ...
Read regression weight LD Scores for 1290028 SNPs.
After merging with reference panel LD, 1159680 SNPs remain.
After merging with regression SNP LD, 1159680 SNPs remain.
Computing rg for phenotype 2/2
Reading summary statistics from 1_RawData/LDSC/insom_GWAS.sumstats.gz ...
Read summary statistics for 1217311 SNPs.
After merging with summary statistics, 1159680 SNPs remain.
1115220 SNPs with valid alleles.

Heritability of phenotype 1
---------------------------
Total Observed scale h2: 0.1415 (0.0261)
Lambda GC: 1.0618
Mean Chi^2: 1.082
Intercept: 1.0047 (0.008)
Ratio: 0.0568 (0.0977)

Heritability of phenotype 2/2
-----------------------------
Total Observed scale h2: 0.0464 (0.0021)
Lambda GC: 1.3135
Mean Chi^2: 1.3694
Intercept: 1.0113 (0.0088)
Ratio: 0.0305 (0.0237)

Genetic Covariance
------------------
Total Observed scale gencov: -0.0054 (0.0044)
Mean z1*z2: -0.0102
Intercept: 0.0019 (0.0054)

Genetic Correlation
-------------------
Genetic Correlation: -0.0664 (0.055)
Z-score: -1.2087
P: 0.2268


Summary of Genetic Correlation Results
p1                                     p2      rg     se       z       p  h2_obs  h2_obs_se  h2_int  h2_int_se  gcov_int  gcov_int_se
1_RawData/LDSC/hipv_GWAS.sumstats.gz  1_RawData/LDSC/insom_GWAS.sumstats.gz -0.0664  0.055 -1.2087  0.2268  0.0464     0.0021  1.0113     0.0088    0.0019       0.0054

Analysis finished at Fri Nov 30 09:14:56 2018
Total time elapsed: 12.64s
