*********************************************************************
* LD Score Regression (LDSC)
* Version 1.0.0
* (C) 2014-2015 Brendan Bulik-Sullivan and Hilary Finucane
* Broad Institute of MIT and Harvard / MIT Department of Mathematics
* GNU General Public License v3
*********************************************************************
Call: 
./ldsc.py \
--ref-ld-chr /Users/sheaandrews/Programs/ldsc/eur_w_ld_chr/ \
--out 2_DerivedData/LDSC/hipv_hear \
--rg 1_RawData/LDSC/hipv_GWAS.sumstats.gz,1_RawData/LDSC/hear_GWAS.sumstats.gz \
--w-ld-chr /Users/sheaandrews/Programs/ldsc/eur_w_ld_chr/ 

Beginning analysis at Fri Nov 30 12:31:21 2018
Reading summary statistics from 1_RawData/LDSC/hipv_GWAS.sumstats.gz ...
Read summary statistics for 1167233 SNPs.
Reading reference panel LD Score from /Users/sheaandrews/Programs/ldsc/eur_w_ld_chr/[1-22] ...
Read reference panel LD Scores for 1290028 SNPs.
Removing partitioned LD Scores with zero variance.
Reading regression weight LD Score from /Users/sheaandrews/Programs/ldsc/eur_w_ld_chr/[1-22] ...
Read regression weight LD Scores for 1290028 SNPs.
After merging with reference panel LD, 1159680 SNPs remain.
After merging with regression SNP LD, 1159680 SNPs remain.
Computing rg for phenotype 2/2
Reading summary statistics from 1_RawData/LDSC/hear_GWAS.sumstats.gz ...
Read summary statistics for 1217311 SNPs.
After merging with summary statistics, 1159680 SNPs remain.
1151751 SNPs with valid alleles.

Heritability of phenotype 1
---------------------------
Total Observed scale h2: 0.1431 (0.0247)
Lambda GC: 1.0588
Mean Chi^2: 1.0803
Intercept: 1.0033 (0.0079)
Ratio: 0.0412 (0.0982)

Heritability of phenotype 2/2
-----------------------------
Total Observed scale h2: 0.0411 (0.0024)
Lambda GC: 1.2464
Mean Chi^2: 1.305
Intercept: 1.0163 (0.0093)
Ratio: 0.0533 (0.0305)

Genetic Covariance
------------------
Total Observed scale gencov: 0.0018 (0.0044)
Mean z1*z2: 0.0037
Intercept: -0.0015 (0.0052)

Genetic Correlation
-------------------
Genetic Correlation: 0.0236 (0.0574)
Z-score: 0.411
P: 0.6811


Summary of Genetic Correlation Results
p1                                    p2      rg      se      z       p  h2_obs  h2_obs_se  h2_int  h2_int_se  gcov_int  gcov_int_se
1_RawData/LDSC/hipv_GWAS.sumstats.gz  1_RawData/LDSC/hear_GWAS.sumstats.gz  0.0236  0.0574  0.411  0.6811  0.0411     0.0024  1.0163     0.0093   -0.0015       0.0052

Analysis finished at Fri Nov 30 12:31:34 2018
Total time elapsed: 13.23s
