*********************************************************************
* LD Score Regression (LDSC)
* Version 1.0.0
* (C) 2014-2015 Brendan Bulik-Sullivan and Hilary Finucane
* Broad Institute of MIT and Harvard / MIT Department of Mathematics
* GNU General Public License v3
*********************************************************************
Call: 
./ldsc.py \
--ref-ld-chr /Users/sheaandrews/Programs/ldsc/eur_w_ld_chr/ \
--out 2_DerivedData/LDSC/hipv_alcd \
--rg 1_RawData/LDSC/hipv_GWAS.sumstats.gz,1_RawData/LDSC/alcd_GWAS.sumstats.gz \
--w-ld-chr /Users/sheaandrews/Programs/ldsc/eur_w_ld_chr/ 

Beginning analysis at Fri Nov 30 10:48:01 2018
Reading summary statistics from 1_RawData/LDSC/hipv_GWAS.sumstats.gz ...
Read summary statistics for 1167233 SNPs.
Reading reference panel LD Score from /Users/sheaandrews/Programs/ldsc/eur_w_ld_chr/[1-22] ...
Read reference panel LD Scores for 1290028 SNPs.
Removing partitioned LD Scores with zero variance.
Reading regression weight LD Score from /Users/sheaandrews/Programs/ldsc/eur_w_ld_chr/[1-22] ...
Read regression weight LD Scores for 1290028 SNPs.
After merging with reference panel LD, 1159680 SNPs remain.
After merging with regression SNP LD, 1159680 SNPs remain.
Computing rg for phenotype 2/2
Reading summary statistics from 1_RawData/LDSC/alcd_GWAS.sumstats.gz ...
Read summary statistics for 1217311 SNPs.
After merging with summary statistics, 1159680 SNPs remain.
1114921 SNPs with valid alleles.

Heritability of phenotype 1
---------------------------
Total Observed scale h2: 0.1444 (0.0255)
Lambda GC: 1.0618
Mean Chi^2: 1.0821
Intercept: 1.003 (0.0078)
Ratio: 0.0363 (0.0945)

Heritability of phenotype 2/2
-----------------------------
Total Observed scale h2: 0.1804 (0.0521)
Lambda GC: 1.0557
Mean Chi^2: 1.0541
Intercept: 1.0239 (0.0058)
Ratio: 0.4417 (0.1076)

Genetic Covariance
------------------
Total Observed scale gencov: 0.0245 (0.0233)
Mean z1*z2: -0.0011
Intercept: -0.0081 (0.0052)

Genetic Correlation
-------------------
Genetic Correlation: 0.1517 (0.1478)
Z-score: 1.0264
P: 0.3047


Summary of Genetic Correlation Results
p1                                    p2      rg      se       z       p  h2_obs  h2_obs_se  h2_int  h2_int_se  gcov_int  gcov_int_se
1_RawData/LDSC/hipv_GWAS.sumstats.gz  1_RawData/LDSC/alcd_GWAS.sumstats.gz  0.1517  0.1478  1.0264  0.3047  0.1804     0.0521  1.0239     0.0058   -0.0081       0.0052

Analysis finished at Fri Nov 30 10:48:13 2018
Total time elapsed: 12.4s
