*********************************************************************
* LD Score Regression (LDSC)
* Version 1.0.0
* (C) 2014-2015 Brendan Bulik-Sullivan and Hilary Finucane
* Broad Institute of MIT and Harvard / MIT Department of Mathematics
* GNU General Public License v3
*********************************************************************
Call: 
./ldsc.py \
--ref-ld-chr /Users/sheaandrews/Programs/ldsc/eur_w_ld_chr/ \
--out 2_DerivedData/LDSC/hipv_mdd \
--rg 1_RawData/LDSC/hipv_GWAS.sumstats.gz,1_RawData/LDSC/mdd_GWAS.sumstats.gz \
--w-ld-chr /Users/sheaandrews/Programs/ldsc/eur_w_ld_chr/ 

Beginning analysis at Fri Nov 30 14:32:58 2018
Reading summary statistics from 1_RawData/LDSC/hipv_GWAS.sumstats.gz ...
Read summary statistics for 1167233 SNPs.
Reading reference panel LD Score from /Users/sheaandrews/Programs/ldsc/eur_w_ld_chr/[1-22] ...
Read reference panel LD Scores for 1290028 SNPs.
Removing partitioned LD Scores with zero variance.
Reading regression weight LD Score from /Users/sheaandrews/Programs/ldsc/eur_w_ld_chr/[1-22] ...
Read regression weight LD Scores for 1290028 SNPs.
After merging with reference panel LD, 1159680 SNPs remain.
After merging with regression SNP LD, 1159680 SNPs remain.
Computing rg for phenotype 2/2
Reading summary statistics from 1_RawData/LDSC/mdd_GWAS.sumstats.gz ...
Read summary statistics for 1217311 SNPs.
After merging with summary statistics, 1159680 SNPs remain.
2885 SNPs with valid alleles.
WARNING: number of SNPs less than 200k; this is almost always bad.

Heritability of phenotype 1
---------------------------
Total Observed scale h2: 0.3554 (0.1783)
Lambda GC: 0.978
Mean Chi^2: 1.0613
Intercept: 0.9146 (0.0635)
Ratio < 0 (usually indicates GC correction).

Heritability of phenotype 2/2
-----------------------------
Total Observed scale h2: 0.2539 (0.0234)
Lambda GC: 17.5934
Mean Chi^2: 9.379
Intercept: 7.5348 (0.1209)
Ratio: 0.7799 (0.0144)

Genetic Covariance
------------------
Total Observed scale gencov: 0.0641 (0.0908)
Mean z1*z2: 0.0257
Intercept: -0.0872 (0.1418)

Genetic Correlation
-------------------
Genetic Correlation: 0.2133 (0.3082)
Z-score: 0.6922
P: 0.4888


Summary of Genetic Correlation Results
p1                                   p2      rg      se       z       p  h2_obs  h2_obs_se  h2_int  h2_int_se  gcov_int  gcov_int_se
1_RawData/LDSC/hipv_GWAS.sumstats.gz  1_RawData/LDSC/mdd_GWAS.sumstats.gz  0.2133  0.3082  0.6922  0.4888  0.2539     0.0234  7.5348     0.1209   -0.0872       0.1418

Analysis finished at Fri Nov 30 14:33:08 2018
Total time elapsed: 10.56s
