*********************************************************************
* LD Score Regression (LDSC)
* Version 1.0.0
* (C) 2014-2015 Brendan Bulik-Sullivan and Hilary Finucane
* Broad Institute of MIT and Harvard / MIT Department of Mathematics
* GNU General Public License v3
*********************************************************************
Call: 
./ldsc.py \
--ref-ld-chr /Users/sheaandrews/Programs/ldsc/eur_w_ld_chr/ \
--out 2_DerivedData/LDSC/hipv_dep \
--rg 1_RawData/LDSC/hipv_GWAS.sumstats.gz,1_RawData/LDSC/dep_GWAS.sumstats.gz \
--w-ld-chr /Users/sheaandrews/Programs/ldsc/eur_w_ld_chr/ 

Beginning analysis at Fri Nov 30 12:30:53 2018
Reading summary statistics from 1_RawData/LDSC/hipv_GWAS.sumstats.gz ...
Read summary statistics for 1167233 SNPs.
Reading reference panel LD Score from /Users/sheaandrews/Programs/ldsc/eur_w_ld_chr/[1-22] ...
Read reference panel LD Scores for 1290028 SNPs.
Removing partitioned LD Scores with zero variance.
Reading regression weight LD Score from /Users/sheaandrews/Programs/ldsc/eur_w_ld_chr/[1-22] ...
Read regression weight LD Scores for 1290028 SNPs.
After merging with reference panel LD, 1159680 SNPs remain.
After merging with regression SNP LD, 1159680 SNPs remain.
Computing rg for phenotype 2/2
Reading summary statistics from 1_RawData/LDSC/dep_GWAS.sumstats.gz ...
Read summary statistics for 1217311 SNPs.
After merging with summary statistics, 1159680 SNPs remain.
1148839 SNPs with valid alleles.

Heritability of phenotype 1
---------------------------
Total Observed scale h2: 0.143 (0.0246)
Lambda GC: 1.0588
Mean Chi^2: 1.0806
Intercept: 1.0035 (0.0078)
Ratio: 0.0437 (0.0968)

Heritability of phenotype 2/2
-----------------------------
Total Observed scale h2: 0.0626 (0.0028)
Lambda GC: 1.3306
Mean Chi^2: 1.3991
Intercept: 1.0051 (0.0091)
Ratio: 0.0128 (0.0228)

Genetic Covariance
------------------
Total Observed scale gencov: -0.006 (0.0052)
Mean z1*z2: -0.0089
Intercept: 0.0009 (0.0054)

Genetic Correlation
-------------------
Genetic Correlation: -0.063 (0.0553)
Z-score: -1.139
P: 0.2547


Summary of Genetic Correlation Results
p1                                   p2     rg      se      z       p  h2_obs  h2_obs_se  h2_int  h2_int_se  gcov_int  gcov_int_se
1_RawData/LDSC/hipv_GWAS.sumstats.gz  1_RawData/LDSC/dep_GWAS.sumstats.gz -0.063  0.0553 -1.139  0.2547  0.0626     0.0028  1.0051     0.0091    0.0009       0.0054

Analysis finished at Fri Nov 30 12:31:06 2018
Total time elapsed: 13.07s
