*********************************************************************
* LD Score Regression (LDSC)
* Version 1.0.0
* (C) 2014-2015 Brendan Bulik-Sullivan and Hilary Finucane
* Broad Institute of MIT and Harvard / MIT Department of Mathematics
* GNU General Public License v3
*********************************************************************
Call: 
./ldsc.py \
--ref-ld-chr /Users/sheaandrews/Programs/ldsc/eur_w_ld_chr/ \
--out 2_DerivedData/LDSC/hipv_dbp \
--rg 1_RawData/LDSC/hipv_GWAS.sumstats.gz,1_RawData/LDSC/dbp_GWAS.sumstats.gz \
--w-ld-chr /Users/sheaandrews/Programs/ldsc/eur_w_ld_chr/ 

Beginning analysis at Fri Nov 30 10:32:22 2018
Reading summary statistics from 1_RawData/LDSC/hipv_GWAS.sumstats.gz ...
Read summary statistics for 1167233 SNPs.
Reading reference panel LD Score from /Users/sheaandrews/Programs/ldsc/eur_w_ld_chr/[1-22] ...
Read reference panel LD Scores for 1290028 SNPs.
Removing partitioned LD Scores with zero variance.
Reading regression weight LD Score from /Users/sheaandrews/Programs/ldsc/eur_w_ld_chr/[1-22] ...
Read regression weight LD Scores for 1290028 SNPs.
After merging with reference panel LD, 1159680 SNPs remain.
After merging with regression SNP LD, 1159680 SNPs remain.
Computing rg for phenotype 2/2
Reading summary statistics from 1_RawData/LDSC/dbp_GWAS.sumstats.gz ...
Read summary statistics for 1217311 SNPs.
After merging with summary statistics, 1159680 SNPs remain.
1155431 SNPs with valid alleles.

Heritability of phenotype 1
---------------------------
Total Observed scale h2: 0.144 (0.0241)
Lambda GC: 1.0588
Mean Chi^2: 1.08
Intercept: 1.0026 (0.0078)
Ratio: 0.0326 (0.0978)

Heritability of phenotype 2/2
-----------------------------
Total Observed scale h2: 0.1359 (0.0063)
Lambda GC: 2.0471
Mean Chi^2: 3.1561
Intercept: 1.0788 (0.0342)
Ratio: 0.0366 (0.0159)

Genetic Covariance
------------------
Total Observed scale gencov: 0.0045 (0.0053)
Mean z1*z2: -0.0014
Intercept: -0.0199 (0.0067)

Genetic Correlation
-------------------
Genetic Correlation: 0.0324 (0.0384)
Z-score: 0.8449
P: 0.3982


Summary of Genetic Correlation Results
p1                                   p2      rg      se       z       p  h2_obs  h2_obs_se  h2_int  h2_int_se  gcov_int  gcov_int_se
1_RawData/LDSC/hipv_GWAS.sumstats.gz  1_RawData/LDSC/dbp_GWAS.sumstats.gz  0.0324  0.0384  0.8449  0.3982  0.1359     0.0063  1.0788     0.0342   -0.0199       0.0067

Analysis finished at Fri Nov 30 10:32:35 2018
Total time elapsed: 12.42s
