*********************************************************************
* LD Score Regression (LDSC)
* Version 1.0.0
* (C) 2014-2015 Brendan Bulik-Sullivan and Hilary Finucane
* Broad Institute of MIT and Harvard / MIT Department of Mathematics
* GNU General Public License v3
*********************************************************************
Call: 
./ldsc.py \
--ref-ld-chr /Users/sheaandrews/Programs/ldsc/eur_w_ld_chr/ \
--out 2_DerivedData/LDSC/hipv2015_bmi \
--rg 1_RawData/LDSC/hipv2015_GWAS.sumstats.gz,1_RawData/LDSC/bmi_GWAS.sumstats.gz \
--w-ld-chr /Users/sheaandrews/Programs/ldsc/eur_w_ld_chr/ 

Beginning analysis at Fri Nov 30 09:36:37 2018
Reading summary statistics from 1_RawData/LDSC/hipv2015_GWAS.sumstats.gz ...
Read summary statistics for 1159495 SNPs.
Reading reference panel LD Score from /Users/sheaandrews/Programs/ldsc/eur_w_ld_chr/[1-22] ...
Read reference panel LD Scores for 1290028 SNPs.
Removing partitioned LD Scores with zero variance.
Reading regression weight LD Score from /Users/sheaandrews/Programs/ldsc/eur_w_ld_chr/[1-22] ...
Read regression weight LD Scores for 1290028 SNPs.
After merging with reference panel LD, 1156704 SNPs remain.
After merging with regression SNP LD, 1156704 SNPs remain.
Computing rg for phenotype 2/2
Reading summary statistics from 1_RawData/LDSC/bmi_GWAS.sumstats.gz ...
Read summary statistics for 1217311 SNPs.
After merging with summary statistics, 1156704 SNPs remain.
1005487 SNPs with valid alleles.

Heritability of phenotype 1
---------------------------
Total Observed scale h2: 0.1279 (0.0417)
Lambda GC: 1.0135
Mean Chi^2: 1.0267
Intercept: 0.992 (0.0071)
Ratio < 0 (usually indicates GC correction).

Heritability of phenotype 2/2
-----------------------------
Total Observed scale h2: 0.2115 (0.0067)
Lambda GC: 2.7872
Mean Chi^2: 3.9603
Intercept: 1.0221 (0.029)
Ratio: 0.0075 (0.0098)

Genetic Covariance
------------------
Total Observed scale gencov: 0.0056 (0.009)
Mean z1*z2: 0.0106
Intercept: -0.0013 (0.0083)

Genetic Correlation
-------------------
Genetic Correlation: 0.034 (0.0556)
Z-score: 0.6113
P: 0.541


Summary of Genetic Correlation Results
p1                                   p2     rg      se       z      p  h2_obs  h2_obs_se  h2_int  h2_int_se  gcov_int  gcov_int_se
1_RawData/LDSC/hipv2015_GWAS.sumstats.gz  1_RawData/LDSC/bmi_GWAS.sumstats.gz  0.034  0.0556  0.6113  0.541  0.2115     0.0067  1.0221      0.029   -0.0013       0.0083

Analysis finished at Fri Nov 30 09:36:50 2018
Total time elapsed: 12.44s
