*********************************************************************
* LD Score Regression (LDSC)
* Version 1.0.0
* (C) 2014-2015 Brendan Bulik-Sullivan and Hilary Finucane
* Broad Institute of MIT and Harvard / MIT Department of Mathematics
* GNU General Public License v3
*********************************************************************
Call: 
./ldsc.py \
--ref-ld-chr /Users/sheaandrews/Programs/ldsc/eur_w_ld_chr/ \
--out 2_DerivedData/LDSC/hipv_diab \
--rg 1_RawData/LDSC/hipv_GWAS.sumstats.gz,1_RawData/LDSC/diab_GWAS.sumstats.gz \
--w-ld-chr /Users/sheaandrews/Programs/ldsc/eur_w_ld_chr/ 

Beginning analysis at Fri Nov 30 09:28:20 2018
Reading summary statistics from 1_RawData/LDSC/hipv_GWAS.sumstats.gz ...
Read summary statistics for 1167233 SNPs.
Reading reference panel LD Score from /Users/sheaandrews/Programs/ldsc/eur_w_ld_chr/[1-22] ...
Read reference panel LD Scores for 1290028 SNPs.
Removing partitioned LD Scores with zero variance.
Reading regression weight LD Score from /Users/sheaandrews/Programs/ldsc/eur_w_ld_chr/[1-22] ...
Read regression weight LD Scores for 1290028 SNPs.
After merging with reference panel LD, 1159680 SNPs remain.
After merging with regression SNP LD, 1159680 SNPs remain.
Computing rg for phenotype 2/2
Reading summary statistics from 1_RawData/LDSC/diab_GWAS.sumstats.gz ...
Read summary statistics for 1217311 SNPs.
After merging with summary statistics, 1159680 SNPs remain.
1005590 SNPs with valid alleles.

Heritability of phenotype 1
---------------------------
Total Observed scale h2: 0.1448 (0.0253)
Lambda GC: 1.0649
Mean Chi^2: 1.0869
Intercept: 1.0025 (0.0091)
Ratio: 0.0288 (0.1052)

Heritability of phenotype 2/2
-----------------------------
Total Observed scale h2: 0.0534 (0.0034)
Lambda GC: 1.4494
Mean Chi^2: 1.6829
Intercept: 1.0416 (0.0184)
Ratio: 0.0609 (0.0269)

Genetic Covariance
------------------
Total Observed scale gencov: 0.0001 (0.0048)
Mean z1*z2: -0.0045
Intercept: -0.006 (0.0075)

Genetic Correlation
-------------------
Genetic Correlation: 0.0015 (0.0551)
Z-score: 0.0269
P: 0.9785


Summary of Genetic Correlation Results
p1                                    p2      rg      se       z       p  h2_obs  h2_obs_se  h2_int  h2_int_se  gcov_int  gcov_int_se
1_RawData/LDSC/hipv_GWAS.sumstats.gz  1_RawData/LDSC/diab_GWAS.sumstats.gz  0.0015  0.0551  0.0269  0.9785  0.0534     0.0034  1.0416     0.0184    -0.006       0.0075

Analysis finished at Fri Nov 30 09:28:33 2018
Total time elapsed: 12.42s
