*********************************************************************
* LD Score Regression (LDSC)
* Version 1.0.0
* (C) 2014-2015 Brendan Bulik-Sullivan and Hilary Finucane
* Broad Institute of MIT and Harvard / MIT Department of Mathematics
* GNU General Public License v3
*********************************************************************
Call: 
./ldsc.py \
--ref-ld-chr /Users/sheaandrews/Programs/ldsc/eur_w_ld_chr/ \
--out 2_DerivedData/LDSC/insom_ptau \
--rg 1_RawData/LDSC/insom_GWAS.sumstats.gz,1_RawData/LDSC/ptau_GWAS.sumstats.gz \
--w-ld-chr /Users/sheaandrews/Programs/ldsc/eur_w_ld_chr/ 

Beginning analysis at Fri Nov 30 09:03:01 2018
Reading summary statistics from 1_RawData/LDSC/insom_GWAS.sumstats.gz ...
Read summary statistics for 1136202 SNPs.
Reading reference panel LD Score from /Users/sheaandrews/Programs/ldsc/eur_w_ld_chr/[1-22] ...
Read reference panel LD Scores for 1290028 SNPs.
Removing partitioned LD Scores with zero variance.
Reading regression weight LD Score from /Users/sheaandrews/Programs/ldsc/eur_w_ld_chr/[1-22] ...
Read regression weight LD Scores for 1290028 SNPs.
After merging with reference panel LD, 1130007 SNPs remain.
After merging with regression SNP LD, 1130007 SNPs remain.
Computing rg for phenotype 2/2
Reading summary statistics from 1_RawData/LDSC/ptau_GWAS.sumstats.gz ...
Read summary statistics for 1217311 SNPs.
After merging with summary statistics, 1130007 SNPs remain.
1016133 SNPs with valid alleles.

Heritability of phenotype 1
---------------------------
Total Observed scale h2: 0.0464 (0.0022)
Lambda GC: 1.3272
Mean Chi^2: 1.3827
Intercept: 1.011 (0.0093)
Ratio: 0.0287 (0.0243)

Heritability of phenotype 2/2
-----------------------------
Total Observed scale h2: 0.202 (0.1729)
Lambda GC: 1.0225
Mean Chi^2: 1.0163
Intercept: 1.0045 (0.0076)
Ratio: 0.2773 (0.4678)

Genetic Covariance
------------------
Total Observed scale gencov: -0.0085 (0.0126)
Mean z1*z2: -0.0076
Intercept: -0.0019 (0.0053)

Genetic Correlation
-------------------
Genetic Correlation: -0.0878 (0.1296)
Z-score: -0.6779
P: 0.4978


Summary of Genetic Correlation Results
p1                                    p2      rg      se       z       p  h2_obs  h2_obs_se  h2_int  h2_int_se  gcov_int  gcov_int_se
1_RawData/LDSC/insom_GWAS.sumstats.gz  1_RawData/LDSC/ptau_GWAS.sumstats.gz -0.0878  0.1296 -0.6779  0.4978   0.202     0.1729  1.0045     0.0076   -0.0019       0.0053

Analysis finished at Fri Nov 30 09:03:13 2018
Total time elapsed: 12.61s
