*********************************************************************
* LD Score Regression (LDSC)
* Version 1.0.0
* (C) 2014-2015 Brendan Bulik-Sullivan and Hilary Finucane
* Broad Institute of MIT and Harvard / MIT Department of Mathematics
* GNU General Public License v3
*********************************************************************
Call: 
./ldsc.py \
--ref-ld-chr /Users/sheaandrews/Programs/ldsc/eur_w_ld_chr/ \
--out 2_DerivedData/LDSC/insom_evrsmk \
--rg 1_RawData/LDSC/insom_GWAS.sumstats.gz,1_RawData/LDSC/evrsmk_GWAS.sumstats.gz \
--w-ld-chr /Users/sheaandrews/Programs/ldsc/eur_w_ld_chr/ 

Beginning analysis at Fri Nov 30 09:18:53 2018
Reading summary statistics from 1_RawData/LDSC/insom_GWAS.sumstats.gz ...
Read summary statistics for 1136202 SNPs.
Reading reference panel LD Score from /Users/sheaandrews/Programs/ldsc/eur_w_ld_chr/[1-22] ...
Read reference panel LD Scores for 1290028 SNPs.
Removing partitioned LD Scores with zero variance.
Reading regression weight LD Score from /Users/sheaandrews/Programs/ldsc/eur_w_ld_chr/[1-22] ...
Read regression weight LD Scores for 1290028 SNPs.
After merging with reference panel LD, 1130007 SNPs remain.
After merging with regression SNP LD, 1130007 SNPs remain.
Computing rg for phenotype 2/2
Reading summary statistics from 1_RawData/LDSC/evrsmk_GWAS.sumstats.gz ...
Read summary statistics for 1217311 SNPs.
After merging with summary statistics, 1130007 SNPs remain.
1126446 SNPs with valid alleles.

Heritability of phenotype 1
---------------------------
Total Observed scale h2: 0.046 (0.0021)
Lambda GC: 1.3101
Mean Chi^2: 1.3663
Intercept: 1.0134 (0.0089)
Ratio: 0.0365 (0.0242)

Heritability of phenotype 2/2
-----------------------------
Total Observed scale h2: 0.0752 (0.003)
Lambda GC: 1.4281
Mean Chi^2: 1.56
Intercept: 1.0164 (0.0094)
Ratio: 0.0292 (0.0167)

Genetic Covariance
------------------
Total Observed scale gencov: 0.0097 (0.0017)
Mean z1*z2: 0.1011
Intercept: 0.0261 (0.0065)

Genetic Correlation
-------------------
Genetic Correlation: 0.1643 (0.0281)
Z-score: 5.8445
P: 5.0824e-09


Summary of Genetic Correlation Results
p1                                      p2      rg      se       z           p  h2_obs  h2_obs_se  h2_int  h2_int_se  gcov_int  gcov_int_se
1_RawData/LDSC/insom_GWAS.sumstats.gz  1_RawData/LDSC/evrsmk_GWAS.sumstats.gz  0.1643  0.0281  5.8445  5.0824e-09  0.0752      0.003  1.0164     0.0094    0.0261       0.0065

Analysis finished at Fri Nov 30 09:19:07 2018
Total time elapsed: 14.64s
