*********************************************************************
* LD Score Regression (LDSC)
* Version 1.0.0
* (C) 2014-2015 Brendan Bulik-Sullivan and Hilary Finucane
* Broad Institute of MIT and Harvard / MIT Department of Mathematics
* GNU General Public License v3
*********************************************************************
Call: 
./ldsc.py \
--ref-ld-chr /Users/sheaandrews/Programs/ldsc/eur_w_ld_chr/ \
--out 2_DerivedData/LDSC/insom_educ \
--rg 1_RawData/LDSC/insom_GWAS.sumstats.gz,1_RawData/LDSC/educ_GWAS.sumstats.gz \
--w-ld-chr /Users/sheaandrews/Programs/ldsc/eur_w_ld_chr/ 

Beginning analysis at Fri Nov 30 14:20:09 2018
Reading summary statistics from 1_RawData/LDSC/insom_GWAS.sumstats.gz ...
Read summary statistics for 1136202 SNPs.
Reading reference panel LD Score from /Users/sheaandrews/Programs/ldsc/eur_w_ld_chr/[1-22] ...
Read reference panel LD Scores for 1290028 SNPs.
Removing partitioned LD Scores with zero variance.
Reading regression weight LD Score from /Users/sheaandrews/Programs/ldsc/eur_w_ld_chr/[1-22] ...
Read regression weight LD Scores for 1290028 SNPs.
After merging with reference panel LD, 1130007 SNPs remain.
After merging with regression SNP LD, 1130007 SNPs remain.
Computing rg for phenotype 2/2
Reading summary statistics from 1_RawData/LDSC/educ_GWAS.sumstats.gz ...
Read summary statistics for 1217311 SNPs.
After merging with summary statistics, 1130007 SNPs remain.
2017 SNPs with valid alleles.
WARNING: number of SNPs less than 200k; this is almost always bad.

Heritability of phenotype 1
---------------------------
Total Observed scale h2: 0.0304 (0.0232)
Lambda GC: 1.8485
Mean Chi^2: 1.8139
Intercept: 1.559 (0.1816)
Ratio: 0.6868 (0.2231)

Heritability of phenotype 2/2
-----------------------------
Total Observed scale h2: 0.3755 (0.0451)
Lambda GC: 48.5601
Mean Chi^2: 27.7451
Intercept: 19.1471 (0.7149)
Ratio: 0.6785 (0.0267)

Genetic Covariance
------------------
Total Observed scale gencov: -0.0424 (0.0357)
Mean z1*z2: -2.6117
Intercept: -2.0275 (0.4554)

Genetic Correlation
-------------------
Genetic Correlation: -0.3971 (0.2574)
Z-score: -1.5429
P: 0.1229


Summary of Genetic Correlation Results
p1                                    p2      rg      se       z       p  h2_obs  h2_obs_se   h2_int  h2_int_se  gcov_int  gcov_int_se
1_RawData/LDSC/insom_GWAS.sumstats.gz  1_RawData/LDSC/educ_GWAS.sumstats.gz -0.3971  0.2574 -1.5429  0.1229  0.3755     0.0451  19.1471     0.7149   -2.0275       0.4554

Analysis finished at Fri Nov 30 14:20:19 2018
Total time elapsed: 10.64s
