*********************************************************************
* LD Score Regression (LDSC)
* Version 1.0.0
* (C) 2014-2015 Brendan Bulik-Sullivan and Hilary Finucane
* Broad Institute of MIT and Harvard / MIT Department of Mathematics
* GNU General Public License v3
*********************************************************************
Call: 
./ldsc.py \
--ref-ld-chr /Users/sheaandrews/Programs/ldsc/eur_w_ld_chr/ \
--out 2_DerivedData/LDSC/insom_hear \
--rg 1_RawData/LDSC/insom_GWAS.sumstats.gz,1_RawData/LDSC/hear_GWAS.sumstats.gz \
--w-ld-chr /Users/sheaandrews/Programs/ldsc/eur_w_ld_chr/ 

Beginning analysis at Fri Nov 30 09:22:23 2018
Reading summary statistics from 1_RawData/LDSC/insom_GWAS.sumstats.gz ...
Read summary statistics for 1136202 SNPs.
Reading reference panel LD Score from /Users/sheaandrews/Programs/ldsc/eur_w_ld_chr/[1-22] ...
Read reference panel LD Scores for 1290028 SNPs.
Removing partitioned LD Scores with zero variance.
Reading regression weight LD Score from /Users/sheaandrews/Programs/ldsc/eur_w_ld_chr/[1-22] ...
Read regression weight LD Scores for 1290028 SNPs.
After merging with reference panel LD, 1130007 SNPs remain.
After merging with regression SNP LD, 1130007 SNPs remain.
Computing rg for phenotype 2/2
Reading summary statistics from 1_RawData/LDSC/hear_GWAS.sumstats.gz ...
Read summary statistics for 1217311 SNPs.
After merging with summary statistics, 1130007 SNPs remain.
1126442 SNPs with valid alleles.

Heritability of phenotype 1
---------------------------
Total Observed scale h2: 0.046 (0.0021)
Lambda GC: 1.3101
Mean Chi^2: 1.3663
Intercept: 1.0133 (0.0089)
Ratio: 0.0364 (0.0242)

Heritability of phenotype 2/2
-----------------------------
Total Observed scale h2: 0.0415 (0.0024)
Lambda GC: 1.2464
Mean Chi^2: 1.3074
Intercept: 1.0145 (0.0089)
Ratio: 0.0473 (0.0289)

Genetic Covariance
------------------
Total Observed scale gencov: -0.0128 (0.0015)
Mean z1*z2: -0.1363
Intercept: -0.039 (0.0055)

Genetic Correlation
-------------------
Genetic Correlation: -0.2939 (0.0332)
Z-score: -8.8528
P: 8.5318e-19


Summary of Genetic Correlation Results
p1                                    p2      rg      se       z           p  h2_obs  h2_obs_se  h2_int  h2_int_se  gcov_int  gcov_int_se
1_RawData/LDSC/insom_GWAS.sumstats.gz  1_RawData/LDSC/hear_GWAS.sumstats.gz -0.2939  0.0332 -8.8528  8.5318e-19  0.0415     0.0024  1.0145     0.0089    -0.039       0.0055

Analysis finished at Fri Nov 30 09:22:37 2018
Total time elapsed: 13.5s
