*********************************************************************
* LD Score Regression (LDSC)
* Version 1.0.0
* (C) 2014-2015 Brendan Bulik-Sullivan and Hilary Finucane
* Broad Institute of MIT and Harvard / MIT Department of Mathematics
* GNU General Public License v3
*********************************************************************
Call: 
./ldsc.py \
--ref-ld-chr /Users/sheaandrews/Programs/ldsc/eur_w_ld_chr/ \
--out 2_DerivedData/LDSC/insom_educall \
--rg 1_RawData/LDSC/insom_GWAS.sumstats.gz,1_RawData/LDSC/educall_GWAS.sumstats.gz \
--w-ld-chr /Users/sheaandrews/Programs/ldsc/eur_w_ld_chr/ 

Beginning analysis at Fri Nov 30 17:22:28 2018
Reading summary statistics from 1_RawData/LDSC/insom_GWAS.sumstats.gz ...
Read summary statistics for 1136202 SNPs.
Reading reference panel LD Score from /Users/sheaandrews/Programs/ldsc/eur_w_ld_chr/[1-22] ...
Read reference panel LD Scores for 1290028 SNPs.
Removing partitioned LD Scores with zero variance.
Reading regression weight LD Score from /Users/sheaandrews/Programs/ldsc/eur_w_ld_chr/[1-22] ...
Read regression weight LD Scores for 1290028 SNPs.
After merging with reference panel LD, 1130007 SNPs remain.
After merging with regression SNP LD, 1130007 SNPs remain.
Computing rg for phenotype 2/2
Reading summary statistics from 1_RawData/LDSC/educall_GWAS.sumstats.gz ...
Read summary statistics for 1217311 SNPs.
After merging with summary statistics, 1130007 SNPs remain.
1119060 SNPs with valid alleles.

Heritability of phenotype 1
---------------------------
Total Observed scale h2: 0.0459 (0.0021)
Lambda GC: 1.3101
Mean Chi^2: 1.3663
Intercept: 1.0144 (0.0089)
Ratio: 0.0394 (0.0243)

Heritability of phenotype 2/2
-----------------------------
Total Observed scale h2: 0.1118 (0.0032)
Lambda GC: 2.1285
Mean Chi^2: 2.6872
Intercept: 0.9843 (0.0163)
Ratio < 0 (usually indicates GC correction).

Genetic Covariance
------------------
Total Observed scale gencov: -0.0238 (0.0015)
Mean z1*z2: -0.2896
Intercept: -0.0396 (0.0075)

Genetic Correlation
-------------------
Genetic Correlation: -0.3321 (0.02)
Z-score: -16.6034
P: 6.5834e-62


Summary of Genetic Correlation Results
p1                                       p2      rg    se        z           p  h2_obs  h2_obs_se  h2_int  h2_int_se  gcov_int  gcov_int_se
1_RawData/LDSC/insom_GWAS.sumstats.gz  1_RawData/LDSC/educall_GWAS.sumstats.gz -0.3321  0.02 -16.6034  6.5834e-62  0.1118     0.0032  0.9843     0.0163   -0.0396       0.0075

Analysis finished at Fri Nov 30 17:22:41 2018
Total time elapsed: 13.28s
