*********************************************************************
* LD Score Regression (LDSC)
* Version 1.0.0
* (C) 2014-2015 Brendan Bulik-Sullivan and Hilary Finucane
* Broad Institute of MIT and Harvard / MIT Department of Mathematics
* GNU General Public License v3
*********************************************************************
Call: 
./ldsc.py \
--ref-ld-chr /Users/sheaandrews/Programs/ldsc/eur_w_ld_chr/ \
--out 2_DerivedData/LDSC/insom_ais \
--rg 1_RawData/LDSC/insom_GWAS.sumstats.gz,1_RawData/LDSC/ais_GWAS.sumstats.gz \
--w-ld-chr /Users/sheaandrews/Programs/ldsc/eur_w_ld_chr/ 

Beginning analysis at Fri Nov 30 09:32:10 2018
Reading summary statistics from 1_RawData/LDSC/insom_GWAS.sumstats.gz ...
Read summary statistics for 1136202 SNPs.
Reading reference panel LD Score from /Users/sheaandrews/Programs/ldsc/eur_w_ld_chr/[1-22] ...
Read reference panel LD Scores for 1290028 SNPs.
Removing partitioned LD Scores with zero variance.
Reading regression weight LD Score from /Users/sheaandrews/Programs/ldsc/eur_w_ld_chr/[1-22] ...
Read regression weight LD Scores for 1290028 SNPs.
After merging with reference panel LD, 1130007 SNPs remain.
After merging with regression SNP LD, 1130007 SNPs remain.
Computing rg for phenotype 2/2
Reading summary statistics from 1_RawData/LDSC/ais_GWAS.sumstats.gz ...
Read summary statistics for 1217311 SNPs.
After merging with summary statistics, 1130007 SNPs remain.
1129759 SNPs with valid alleles.

Heritability of phenotype 1
---------------------------
Total Observed scale h2: 0.046 (0.0021)
Lambda GC: 1.3101
Mean Chi^2: 1.366
Intercept: 1.0137 (0.009)
Ratio: 0.0375 (0.0247)

Heritability of phenotype 2/2
-----------------------------
Total Observed scale h2: 0.0134 (0.0014)
Lambda GC: 1.1238
Mean Chi^2: 1.1424
Intercept: 1.0212 (0.0071)
Ratio: 0.1486 (0.0497)

Genetic Covariance
------------------
Total Observed scale gencov: 0.004 (0.0011)
Mean z1*z2: 0.0312
Intercept: -0.0011 (0.0052)

Genetic Correlation
-------------------
Genetic Correlation: 0.1623 (0.0452)
Z-score: 3.5921
P: 0.0003


Summary of Genetic Correlation Results
p1                                   p2      rg      se       z       p  h2_obs  h2_obs_se  h2_int  h2_int_se  gcov_int  gcov_int_se
1_RawData/LDSC/insom_GWAS.sumstats.gz  1_RawData/LDSC/ais_GWAS.sumstats.gz  0.1623  0.0452  3.5921  0.0003  0.0134     0.0014  1.0212     0.0071   -0.0011       0.0052

Analysis finished at Fri Nov 30 09:32:23 2018
Total time elapsed: 13.12s
