*********************************************************************
* LD Score Regression (LDSC)
* Version 1.0.0
* (C) 2014-2015 Brendan Bulik-Sullivan and Hilary Finucane
* Broad Institute of MIT and Harvard / MIT Department of Mathematics
* GNU General Public License v3
*********************************************************************
Call: 
./ldsc.py \
--ref-ld-chr /Users/sheaandrews/Programs/ldsc/eur_w_ld_chr/ \
--out 2_DerivedData/LDSC/insom_ab42 \
--rg 1_RawData/LDSC/insom_GWAS.sumstats.gz,1_RawData/LDSC/ab42_GWAS.sumstats.gz \
--w-ld-chr /Users/sheaandrews/Programs/ldsc/eur_w_ld_chr/ 

Beginning analysis at Fri Nov 30 09:05:17 2018
Reading summary statistics from 1_RawData/LDSC/insom_GWAS.sumstats.gz ...
Read summary statistics for 1136202 SNPs.
Reading reference panel LD Score from /Users/sheaandrews/Programs/ldsc/eur_w_ld_chr/[1-22] ...
Read reference panel LD Scores for 1290028 SNPs.
Removing partitioned LD Scores with zero variance.
Reading regression weight LD Score from /Users/sheaandrews/Programs/ldsc/eur_w_ld_chr/[1-22] ...
Read regression weight LD Scores for 1290028 SNPs.
After merging with reference panel LD, 1130007 SNPs remain.
After merging with regression SNP LD, 1130007 SNPs remain.
Computing rg for phenotype 2/2
Reading summary statistics from 1_RawData/LDSC/ab42_GWAS.sumstats.gz ...
Read summary statistics for 1217311 SNPs.
After merging with summary statistics, 1130007 SNPs remain.
982248 SNPs with valid alleles.

Heritability of phenotype 1
---------------------------
Total Observed scale h2: 0.0462 (0.0021)
Lambda GC: 1.3306
Mean Chi^2: 1.3855
Intercept: 1.0116 (0.0088)
Ratio: 0.03 (0.0227)

Heritability of phenotype 2/2
-----------------------------
Total Observed scale h2: 0.1747 (0.1698)
Lambda GC: 1.0315
Mean Chi^2: 1.0383
Intercept: 1.0271 (0.0097)
Ratio: 0.7083 (0.2531)

Genetic Covariance
------------------
Total Observed scale gencov: 0.0091 (0.0137)
Mean z1*z2: 0.0062
Intercept: -0.0007 (0.006)

Genetic Correlation
-------------------
Genetic Correlation: 0.1008 (0.1623)
Z-score: 0.6215
P: 0.5343


Summary of Genetic Correlation Results
p1                                    p2      rg      se       z       p  h2_obs  h2_obs_se  h2_int  h2_int_se  gcov_int  gcov_int_se
1_RawData/LDSC/insom_GWAS.sumstats.gz  1_RawData/LDSC/ab42_GWAS.sumstats.gz  0.1008  0.1623  0.6215  0.5343  0.1747     0.1698  1.0271     0.0097   -0.0007        0.006

Analysis finished at Fri Nov 30 09:05:29 2018
Total time elapsed: 12.7s
