*********************************************************************
* LD Score Regression (LDSC)
* Version 1.0.0
* (C) 2014-2015 Brendan Bulik-Sullivan and Hilary Finucane
* Broad Institute of MIT and Harvard / MIT Department of Mathematics
* GNU General Public License v3
*********************************************************************
Call: 
./ldsc.py \
--ref-ld-chr /Users/sheaandrews/Programs/ldsc/eur_w_ld_chr/ \
--out 2_DerivedData/LDSC/las_ptau \
--rg 1_RawData/LDSC/las_GWAS.sumstats.gz,1_RawData/LDSC/ptau_GWAS.sumstats.gz \
--w-ld-chr /Users/sheaandrews/Programs/ldsc/eur_w_ld_chr/ 

Beginning analysis at Fri Nov 30 12:05:29 2018
Reading summary statistics from 1_RawData/LDSC/las_GWAS.sumstats.gz ...
Read summary statistics for 1191201 SNPs.
Reading reference panel LD Score from /Users/sheaandrews/Programs/ldsc/eur_w_ld_chr/[1-22] ...
Read reference panel LD Scores for 1290028 SNPs.
Removing partitioned LD Scores with zero variance.
Reading regression weight LD Score from /Users/sheaandrews/Programs/ldsc/eur_w_ld_chr/[1-22] ...
Read regression weight LD Scores for 1290028 SNPs.
After merging with reference panel LD, 1181037 SNPs remain.
After merging with regression SNP LD, 1181037 SNPs remain.
Computing rg for phenotype 2/2
Reading summary statistics from 1_RawData/LDSC/ptau_GWAS.sumstats.gz ...
Read summary statistics for 1217311 SNPs.
After merging with summary statistics, 1181037 SNPs remain.
1040327 SNPs with valid alleles.

Heritability of phenotype 1
---------------------------
Total Observed scale h2: 0.0009 (0.0012)
Lambda GC: 1.1082
Mean Chi^2: 1.1111
Intercept: 1.1031 (0.0084)
Ratio: 0.9273 (0.0753)

Heritability of phenotype 2/2
-----------------------------
Total Observed scale h2: 0.1905 (0.176)
Lambda GC: 1.0225
Mean Chi^2: 1.0161
Intercept: 1.0051 (0.0076)
Ratio: 0.3196 (0.4741)

Genetic Covariance
------------------
Total Observed scale gencov: 0.0072 (0.0098)
Mean z1*z2: 0.0035
Intercept: -0.0017 (0.0046)

Genetic Correlation
-------------------
Genetic Correlation: 0.5649 (0.9233)
Z-score: 0.6119
P: 0.5406


Summary of Genetic Correlation Results
p1                                    p2      rg      se       z       p  h2_obs  h2_obs_se  h2_int  h2_int_se  gcov_int  gcov_int_se
1_RawData/LDSC/las_GWAS.sumstats.gz  1_RawData/LDSC/ptau_GWAS.sumstats.gz  0.5649  0.9233  0.6119  0.5406  0.1905      0.176  1.0051     0.0076   -0.0017       0.0046

Analysis finished at Fri Nov 30 12:05:42 2018
Total time elapsed: 13.08s
