*********************************************************************
* LD Score Regression (LDSC)
* Version 1.0.0
* (C) 2014-2015 Brendan Bulik-Sullivan and Hilary Finucane
* Broad Institute of MIT and Harvard / MIT Department of Mathematics
* GNU General Public License v3
*********************************************************************
Call: 
./ldsc.py \
--ref-ld-chr /Users/sheaandrews/Programs/ldsc/eur_w_ld_chr/ \
--out 2_DerivedData/LDSC/las_sociso \
--rg 1_RawData/LDSC/las_GWAS.sumstats.gz,1_RawData/LDSC/sociso_GWAS.sumstats.gz \
--w-ld-chr /Users/sheaandrews/Programs/ldsc/eur_w_ld_chr/ 

Beginning analysis at Fri Nov 30 13:08:35 2018
Reading summary statistics from 1_RawData/LDSC/las_GWAS.sumstats.gz ...
Read summary statistics for 1191201 SNPs.
Reading reference panel LD Score from /Users/sheaandrews/Programs/ldsc/eur_w_ld_chr/[1-22] ...
Read reference panel LD Scores for 1290028 SNPs.
Removing partitioned LD Scores with zero variance.
Reading regression weight LD Score from /Users/sheaandrews/Programs/ldsc/eur_w_ld_chr/[1-22] ...
Read regression weight LD Scores for 1290028 SNPs.
After merging with reference panel LD, 1181037 SNPs remain.
After merging with regression SNP LD, 1181037 SNPs remain.
Computing rg for phenotype 2/2
Reading summary statistics from 1_RawData/LDSC/sociso_GWAS.sumstats.gz ...
Read summary statistics for 1217311 SNPs.
After merging with summary statistics, 1181037 SNPs remain.
1175124 SNPs with valid alleles.

Heritability of phenotype 1
---------------------------
Total Observed scale h2: 0.0007 (0.0011)
Lambda GC: 1.105
Mean Chi^2: 1.1106
Intercept: 1.1042 (0.0073)
Ratio: 0.9415 (0.0657)

Heritability of phenotype 2/2
-----------------------------
Total Observed scale h2: 0.0419 (0.002)
Lambda GC: 1.2865
Mean Chi^2: 1.3504
Intercept: 0.9855 (0.0082)
Ratio < 0 (usually indicates GC correction).

Genetic Covariance
------------------
Total Observed scale gencov: 0.0014 (0.0009)
Mean z1*z2: 0.019
Intercept: 0.0072 (0.005)

Genetic Correlation
-------------------
Genetic Correlation: 0.2475 (0.2564)
Z-score: 0.9654
P: 0.3344


Summary of Genetic Correlation Results
p1                                      p2      rg      se       z       p  h2_obs  h2_obs_se  h2_int  h2_int_se  gcov_int  gcov_int_se
1_RawData/LDSC/las_GWAS.sumstats.gz  1_RawData/LDSC/sociso_GWAS.sumstats.gz  0.2475  0.2564  0.9654  0.3344  0.0419      0.002  0.9855     0.0082    0.0072        0.005

Analysis finished at Fri Nov 30 13:08:48 2018
Total time elapsed: 13.02s
