*********************************************************************
* LD Score Regression (LDSC)
* Version 1.0.0
* (C) 2014-2015 Brendan Bulik-Sullivan and Hilary Finucane
* Broad Institute of MIT and Harvard / MIT Department of Mathematics
* GNU General Public License v3
*********************************************************************
Call: 
./ldsc.py \
--ref-ld-chr /Users/sheaandrews/Programs/ldsc/eur_w_ld_chr/ \
--out 2_DerivedData/LDSC/las_alcc \
--rg 1_RawData/LDSC/las_GWAS.sumstats.gz,1_RawData/LDSC/alcc_GWAS.sumstats.gz \
--w-ld-chr /Users/sheaandrews/Programs/ldsc/eur_w_ld_chr/ 

Beginning analysis at Fri Nov 30 10:03:25 2018
Reading summary statistics from 1_RawData/LDSC/las_GWAS.sumstats.gz ...
Read summary statistics for 1191201 SNPs.
Reading reference panel LD Score from /Users/sheaandrews/Programs/ldsc/eur_w_ld_chr/[1-22] ...
Read reference panel LD Scores for 1290028 SNPs.
Removing partitioned LD Scores with zero variance.
Reading regression weight LD Score from /Users/sheaandrews/Programs/ldsc/eur_w_ld_chr/[1-22] ...
Read regression weight LD Scores for 1290028 SNPs.
After merging with reference panel LD, 1181037 SNPs remain.
After merging with regression SNP LD, 1181037 SNPs remain.
Computing rg for phenotype 2/2
Reading summary statistics from 1_RawData/LDSC/alcc_GWAS.sumstats.gz ...
Read summary statistics for 1217311 SNPs.
After merging with summary statistics, 1181037 SNPs remain.
1079136 SNPs with valid alleles.

Heritability of phenotype 1
---------------------------
Total Observed scale h2: 0.001 (0.0011)
Lambda GC: 1.1019
Mean Chi^2: 1.1071
Intercept: 1.0985 (0.0073)
Ratio: 0.9197 (0.0678)

Heritability of phenotype 2/2
-----------------------------
Total Observed scale h2: 0.0798 (0.0063)
Lambda GC: 1.1587
Mean Chi^2: 1.1878
Intercept: 1.0121 (0.0081)
Ratio: 0.0644 (0.043)

Genetic Covariance
------------------
Total Observed scale gencov: 0.0019 (0.0017)
Mean z1*z2: 0.0079
Intercept: -0.0006 (0.0048)

Genetic Correlation
-------------------
Genetic Correlation: 0.2137 (0.2226)
Z-score: 0.9599
P: 0.3371


Summary of Genetic Correlation Results
p1                                    p2      rg      se       z       p  h2_obs  h2_obs_se  h2_int  h2_int_se  gcov_int  gcov_int_se
1_RawData/LDSC/las_GWAS.sumstats.gz  1_RawData/LDSC/alcc_GWAS.sumstats.gz  0.2137  0.2226  0.9599  0.3371  0.0798     0.0063  1.0121     0.0081   -0.0006       0.0048

Analysis finished at Fri Nov 30 10:03:37 2018
Total time elapsed: 12.37s
