*********************************************************************
* LD Score Regression (LDSC)
* Version 1.0.0
* (C) 2014-2015 Brendan Bulik-Sullivan and Hilary Finucane
* Broad Institute of MIT and Harvard / MIT Department of Mathematics
* GNU General Public License v3
*********************************************************************
Call: 
./ldsc.py \
--ref-ld-chr /Users/sheaandrews/Programs/ldsc/eur_w_ld_chr/ \
--out 2_DerivedData/LDSC/las_smkukbb \
--rg 1_RawData/LDSC/las_GWAS.sumstats.gz,1_RawData/LDSC/smkukbb_GWAS.sumstats.gz \
--w-ld-chr /Users/sheaandrews/Programs/ldsc/eur_w_ld_chr/ 

Beginning analysis at Fri Nov 30 13:03:20 2018
Reading summary statistics from 1_RawData/LDSC/las_GWAS.sumstats.gz ...
Read summary statistics for 1191201 SNPs.
Reading reference panel LD Score from /Users/sheaandrews/Programs/ldsc/eur_w_ld_chr/[1-22] ...
Read reference panel LD Scores for 1290028 SNPs.
Removing partitioned LD Scores with zero variance.
Reading regression weight LD Score from /Users/sheaandrews/Programs/ldsc/eur_w_ld_chr/[1-22] ...
Read regression weight LD Scores for 1290028 SNPs.
After merging with reference panel LD, 1181037 SNPs remain.
After merging with regression SNP LD, 1181037 SNPs remain.
Computing rg for phenotype 2/2
Reading summary statistics from 1_RawData/LDSC/smkukbb_GWAS.sumstats.gz ...
Read summary statistics for 1217311 SNPs.
After merging with summary statistics, 1181037 SNPs remain.
1164292 SNPs with valid alleles.

Heritability of phenotype 1
---------------------------
Total Observed scale h2: 0.0006 (0.0012)
Lambda GC: 1.105
Mean Chi^2: 1.1108
Intercept: 1.1056 (0.0076)
Ratio: 0.9527 (0.0683)

Heritability of phenotype 2/2
-----------------------------
Total Observed scale h2: 0.0998 (0.0035)
Lambda GC: 1.6372
Mean Chi^2: 1.9194
Intercept: 1.0225 (0.0104)
Ratio: 0.0245 (0.0113)

Genetic Covariance
------------------
Total Observed scale gencov: 0.0067 (0.0012)
Mean z1*z2: 0.0639
Intercept: 0.0035 (0.0058)

Genetic Correlation
-------------------
Genetic Correlation: 0.8805 (1.4244)
Z-score: 0.6181
P: 0.5365


Summary of Genetic Correlation Results
p1                                       p2      rg      se       z       p  h2_obs  h2_obs_se  h2_int  h2_int_se  gcov_int  gcov_int_se
1_RawData/LDSC/las_GWAS.sumstats.gz  1_RawData/LDSC/smkukbb_GWAS.sumstats.gz  0.8805  1.4244  0.6181  0.5365  0.0998     0.0035  1.0225     0.0104    0.0035       0.0058

Analysis finished at Fri Nov 30 13:03:34 2018
Total time elapsed: 14.48s
