*********************************************************************
* LD Score Regression (LDSC)
* Version 1.0.0
* (C) 2014-2015 Brendan Bulik-Sullivan and Hilary Finucane
* Broad Institute of MIT and Harvard / MIT Department of Mathematics
* GNU General Public License v3
*********************************************************************
Call: 
./ldsc.py \
--ref-ld-chr /Users/sheaandrews/Programs/ldsc/eur_w_ld_chr/ \
--out 2_DerivedData/LDSC/las_tc \
--rg 1_RawData/LDSC/las_GWAS.sumstats.gz,1_RawData/LDSC/tc_GWAS.sumstats.gz \
--w-ld-chr /Users/sheaandrews/Programs/ldsc/eur_w_ld_chr/ 

Beginning analysis at Fri Nov 30 11:46:44 2018
Reading summary statistics from 1_RawData/LDSC/las_GWAS.sumstats.gz ...
Read summary statistics for 1191201 SNPs.
Reading reference panel LD Score from /Users/sheaandrews/Programs/ldsc/eur_w_ld_chr/[1-22] ...
Read reference panel LD Scores for 1290028 SNPs.
Removing partitioned LD Scores with zero variance.
Reading regression weight LD Score from /Users/sheaandrews/Programs/ldsc/eur_w_ld_chr/[1-22] ...
Read regression weight LD Scores for 1290028 SNPs.
After merging with reference panel LD, 1181037 SNPs remain.
After merging with regression SNP LD, 1181037 SNPs remain.
Computing rg for phenotype 2/2
Reading summary statistics from 1_RawData/LDSC/tc_GWAS.sumstats.gz ...
Read summary statistics for 1217311 SNPs.
After merging with summary statistics, 1181037 SNPs remain.
1028964 SNPs with valid alleles.

Heritability of phenotype 1
---------------------------
Total Observed scale h2: 0.001 (0.0012)
Lambda GC: 1.105
Mean Chi^2: 1.1085
Intercept: 1.0998 (0.0078)
Ratio: 0.92 (0.0722)

Heritability of phenotype 2/2
-----------------------------
Total Observed scale h2: 0.2153 (0.046)
Lambda GC: 1.0135
Mean Chi^2: 1.2333
Intercept: 0.8661 (0.0641)
Ratio < 0 (usually indicates GC correction).

Genetic Covariance
------------------
Total Observed scale gencov: 0.0028 (0.002)
Mean z1*z2: 0.0148
Intercept: 0.0064 (0.0051)

Genetic Correlation
-------------------
Genetic Correlation: 0.1959 (0.2076)
Z-score: 0.9436
P: 0.3454


Summary of Genetic Correlation Results
p1                                  p2      rg      se       z       p  h2_obs  h2_obs_se  h2_int  h2_int_se  gcov_int  gcov_int_se
1_RawData/LDSC/las_GWAS.sumstats.gz  1_RawData/LDSC/tc_GWAS.sumstats.gz  0.1959  0.2076  0.9436  0.3454  0.2153      0.046  0.8661     0.0641    0.0064       0.0051

Analysis finished at Fri Nov 30 11:46:57 2018
Total time elapsed: 13.5s
