*********************************************************************
* LD Score Regression (LDSC)
* Version 1.0.0
* (C) 2014-2015 Brendan Bulik-Sullivan and Hilary Finucane
* Broad Institute of MIT and Harvard / MIT Department of Mathematics
* GNU General Public License v3
*********************************************************************
Call: 
./ldsc.py \
--ref-ld-chr /Users/sheaandrews/Programs/ldsc/eur_w_ld_chr/ \
--out 2_DerivedData/LDSC/las_hear \
--rg 1_RawData/LDSC/las_GWAS.sumstats.gz,1_RawData/LDSC/hear_GWAS.sumstats.gz \
--w-ld-chr /Users/sheaandrews/Programs/ldsc/eur_w_ld_chr/ 

Beginning analysis at Fri Nov 30 13:17:42 2018
Reading summary statistics from 1_RawData/LDSC/las_GWAS.sumstats.gz ...
Read summary statistics for 1191201 SNPs.
Reading reference panel LD Score from /Users/sheaandrews/Programs/ldsc/eur_w_ld_chr/[1-22] ...
Read reference panel LD Scores for 1290028 SNPs.
Removing partitioned LD Scores with zero variance.
Reading regression weight LD Score from /Users/sheaandrews/Programs/ldsc/eur_w_ld_chr/[1-22] ...
Read regression weight LD Scores for 1290028 SNPs.
After merging with reference panel LD, 1181037 SNPs remain.
After merging with regression SNP LD, 1181037 SNPs remain.
Computing rg for phenotype 2/2
Reading summary statistics from 1_RawData/LDSC/hear_GWAS.sumstats.gz ...
Read summary statistics for 1217311 SNPs.
After merging with summary statistics, 1181037 SNPs remain.
1170083 SNPs with valid alleles.

Heritability of phenotype 1
---------------------------
Total Observed scale h2: 0.0006 (0.0012)
Lambda GC: 1.105
Mean Chi^2: 1.111
Intercept: 1.1057 (0.0075)
Ratio: 0.9522 (0.0676)

Heritability of phenotype 2/2
-----------------------------
Total Observed scale h2: 0.041 (0.0023)
Lambda GC: 1.2431
Mean Chi^2: 1.3017
Intercept: 1.0167 (0.0084)
Ratio: 0.0555 (0.0279)

Genetic Covariance
------------------
Total Observed scale gencov: 0.0013 (0.0011)
Mean z1*z2: 0.0005
Intercept: -0.0105 (0.0049)

Genetic Correlation
-------------------
Genetic Correlation: 0.2562 (0.4372)
Z-score: 0.586
P: 0.5579


Summary of Genetic Correlation Results
p1                                    p2      rg      se      z       p  h2_obs  h2_obs_se  h2_int  h2_int_se  gcov_int  gcov_int_se
1_RawData/LDSC/las_GWAS.sumstats.gz  1_RawData/LDSC/hear_GWAS.sumstats.gz  0.2562  0.4372  0.586  0.5579   0.041     0.0023  1.0167     0.0084   -0.0105       0.0049

Analysis finished at Fri Nov 30 13:17:56 2018
Total time elapsed: 13.76s
