*********************************************************************
* LD Score Regression (LDSC)
* Version 1.0.0
* (C) 2014-2015 Brendan Bulik-Sullivan and Hilary Finucane
* Broad Institute of MIT and Harvard / MIT Department of Mathematics
* GNU General Public License v3
*********************************************************************
Call: 
./ldsc.py \
--ref-ld-chr /Users/sheaandrews/Programs/ldsc/eur_w_ld_chr/ \
--out 2_DerivedData/LDSC/las_bmi \
--rg 1_RawData/LDSC/las_GWAS.sumstats.gz,1_RawData/LDSC/bmi_GWAS.sumstats.gz \
--w-ld-chr /Users/sheaandrews/Programs/ldsc/eur_w_ld_chr/ 

Beginning analysis at Fri Nov 30 10:09:34 2018
Reading summary statistics from 1_RawData/LDSC/las_GWAS.sumstats.gz ...
Read summary statistics for 1191201 SNPs.
Reading reference panel LD Score from /Users/sheaandrews/Programs/ldsc/eur_w_ld_chr/[1-22] ...
Read reference panel LD Scores for 1290028 SNPs.
Removing partitioned LD Scores with zero variance.
Reading regression weight LD Score from /Users/sheaandrews/Programs/ldsc/eur_w_ld_chr/[1-22] ...
Read regression weight LD Scores for 1290028 SNPs.
After merging with reference panel LD, 1181037 SNPs remain.
After merging with regression SNP LD, 1181037 SNPs remain.
Computing rg for phenotype 2/2
Reading summary statistics from 1_RawData/LDSC/bmi_GWAS.sumstats.gz ...
Read summary statistics for 1217311 SNPs.
After merging with summary statistics, 1181037 SNPs remain.
1014885 SNPs with valid alleles.

Heritability of phenotype 1
---------------------------
Total Observed scale h2: 0.0006 (0.0011)
Lambda GC: 1.1082
Mean Chi^2: 1.1108
Intercept: 1.1056 (0.0077)
Ratio: 0.9534 (0.0697)

Heritability of phenotype 2/2
-----------------------------
Total Observed scale h2: 0.2115 (0.0066)
Lambda GC: 2.7872
Mean Chi^2: 3.9405
Intercept: 1.0227 (0.0274)
Ratio: 0.0077 (0.0093)

Genetic Covariance
------------------
Total Observed scale gencov: 0.0073 (0.0015)
Mean z1*z2: 0.0799
Intercept: 0.0018 (0.0081)

Genetic Correlation
-------------------
Genetic Correlation: 0.6634 (1.5064)
Z-score: 0.4404
P: 0.6596


Summary of Genetic Correlation Results
p1                                   p2      rg      se       z       p  h2_obs  h2_obs_se  h2_int  h2_int_se  gcov_int  gcov_int_se
1_RawData/LDSC/las_GWAS.sumstats.gz  1_RawData/LDSC/bmi_GWAS.sumstats.gz  0.6634  1.5064  0.4404  0.6596  0.2115     0.0066  1.0227     0.0274    0.0018       0.0081

Analysis finished at Fri Nov 30 10:09:46 2018
Total time elapsed: 12.14s
