*********************************************************************
* LD Score Regression (LDSC)
* Version 1.0.0
* (C) 2014-2015 Brendan Bulik-Sullivan and Hilary Finucane
* Broad Institute of MIT and Harvard / MIT Department of Mathematics
* GNU General Public License v3
*********************************************************************
Call: 
./ldsc.py \
--ref-ld-chr /Users/sheaandrews/Programs/ldsc/eur_w_ld_chr/ \
--out 2_DerivedData/LDSC/las_educall \
--rg 1_RawData/LDSC/las_GWAS.sumstats.gz,1_RawData/LDSC/educall_GWAS.sumstats.gz \
--w-ld-chr /Users/sheaandrews/Programs/ldsc/eur_w_ld_chr/ 

Beginning analysis at Fri Nov 30 17:35:15 2018
Reading summary statistics from 1_RawData/LDSC/las_GWAS.sumstats.gz ...
Read summary statistics for 1191201 SNPs.
Reading reference panel LD Score from /Users/sheaandrews/Programs/ldsc/eur_w_ld_chr/[1-22] ...
Read reference panel LD Scores for 1290028 SNPs.
Removing partitioned LD Scores with zero variance.
Reading regression weight LD Score from /Users/sheaandrews/Programs/ldsc/eur_w_ld_chr/[1-22] ...
Read regression weight LD Scores for 1290028 SNPs.
After merging with reference panel LD, 1181037 SNPs remain.
After merging with regression SNP LD, 1181037 SNPs remain.
Computing rg for phenotype 2/2
Reading summary statistics from 1_RawData/LDSC/educall_GWAS.sumstats.gz ...
Read summary statistics for 1217311 SNPs.
After merging with summary statistics, 1181037 SNPs remain.
1166481 SNPs with valid alleles.

Heritability of phenotype 1
---------------------------
Total Observed scale h2: 0.0007 (0.0012)
Lambda GC: 1.105
Mean Chi^2: 1.1105
Intercept: 1.1045 (0.0072)
Ratio: 0.9458 (0.0648)

Heritability of phenotype 2/2
-----------------------------
Total Observed scale h2: 0.1122 (0.003)
Lambda GC: 2.094
Mean Chi^2: 2.6538
Intercept: 0.9802 (0.016)
Ratio < 0 (usually indicates GC correction).

Genetic Covariance
------------------
Total Observed scale gencov: -0.0084 (0.0012)
Mean z1*z2: -0.1042
Intercept: -0.0078 (0.0064)

Genetic Correlation
-------------------
Genetic Correlation: -0.9661 (0.9545)
Z-score: -1.0122
P: 0.3114


Summary of Genetic Correlation Results
p1                                       p2      rg      se       z       p  h2_obs  h2_obs_se  h2_int  h2_int_se  gcov_int  gcov_int_se
1_RawData/LDSC/las_GWAS.sumstats.gz  1_RawData/LDSC/educall_GWAS.sumstats.gz -0.9661  0.9545 -1.0122  0.3114  0.1122      0.003  0.9802      0.016   -0.0078       0.0064

Analysis finished at Fri Nov 30 17:35:28 2018
Total time elapsed: 13.55s
