*********************************************************************
* LD Score Regression (LDSC)
* Version 1.0.0
* (C) 2014-2015 Brendan Bulik-Sullivan and Hilary Finucane
* Broad Institute of MIT and Harvard / MIT Department of Mathematics
* GNU General Public License v3
*********************************************************************
Call: 
./ldsc.py \
--ref-ld-chr /Users/sheaandrews/Programs/ldsc/eur_w_ld_chr/ \
--out 2_DerivedData/LDSC/las_load \
--rg 1_RawData/LDSC/las_GWAS.sumstats.gz,1_RawData/LDSC/load_GWAS.sumstats.gz \
--w-ld-chr /Users/sheaandrews/Programs/ldsc/eur_w_ld_chr/ 

Beginning analysis at Fri Nov 30 13:28:45 2018
Reading summary statistics from 1_RawData/LDSC/las_GWAS.sumstats.gz ...
Read summary statistics for 1191201 SNPs.
Reading reference panel LD Score from /Users/sheaandrews/Programs/ldsc/eur_w_ld_chr/[1-22] ...
Read reference panel LD Scores for 1290028 SNPs.
Removing partitioned LD Scores with zero variance.
Reading regression weight LD Score from /Users/sheaandrews/Programs/ldsc/eur_w_ld_chr/[1-22] ...
Read regression weight LD Scores for 1290028 SNPs.
After merging with reference panel LD, 1181037 SNPs remain.
After merging with regression SNP LD, 1181037 SNPs remain.
Computing rg for phenotype 2/2
Reading summary statistics from 1_RawData/LDSC/load_GWAS.sumstats.gz ...
Read summary statistics for 1217311 SNPs.
After merging with summary statistics, 1181037 SNPs remain.
1144520 SNPs with valid alleles.

Heritability of phenotype 1
---------------------------
Total Observed scale h2: 0.0005 (0.0011)
Lambda GC: 1.105
Mean Chi^2: 1.1109
Intercept: 1.1067 (0.0073)
Ratio: 0.9623 (0.0656)

Heritability of phenotype 2/2
-----------------------------
Total Observed scale h2: 0.0451 (0.0207)
Lambda GC: 1.0926
Mean Chi^2: 1.1144
Intercept: 1.0655 (0.0291)
Ratio: 0.5727 (0.2545)

Genetic Covariance
------------------
Total Observed scale gencov: -0.0054 (0.0024)
Mean z1*z2: 0.0221
Intercept: 0.039 (0.0051)

Genetic Correlation
-------------------
Genetic Correlation: -1.1881 (1.8458)
Z-score: -0.6437
P: 0.5198


Summary of Genetic Correlation Results
p1                                    p2      rg      se       z       p  h2_obs  h2_obs_se  h2_int  h2_int_se  gcov_int  gcov_int_se
1_RawData/LDSC/las_GWAS.sumstats.gz  1_RawData/LDSC/load_GWAS.sumstats.gz -1.1881  1.8458 -0.6437  0.5198  0.0451     0.0207  1.0655     0.0291     0.039       0.0051

Analysis finished at Fri Nov 30 13:28:57 2018
Total time elapsed: 12.8s
