*********************************************************************
* LD Score Regression (LDSC)
* Version 1.0.0
* (C) 2014-2015 Brendan Bulik-Sullivan and Hilary Finucane
* Broad Institute of MIT and Harvard / MIT Department of Mathematics
* GNU General Public License v3
*********************************************************************
Call: 
./ldsc.py \
--ref-ld-chr /Users/sheaandrews/Programs/ldsc/eur_w_ld_chr/ \
--out 2_DerivedData/LDSC/ldl_evrsmk \
--rg 1_RawData/LDSC/ldl_GWAS.sumstats.gz,1_RawData/LDSC/evrsmk_GWAS.sumstats.gz \
--w-ld-chr /Users/sheaandrews/Programs/ldsc/eur_w_ld_chr/ 

Beginning analysis at Fri Nov 30 11:19:23 2018
Reading summary statistics from 1_RawData/LDSC/ldl_GWAS.sumstats.gz ...
Read summary statistics for 1030688 SNPs.
Reading reference panel LD Score from /Users/sheaandrews/Programs/ldsc/eur_w_ld_chr/[1-22] ...
Read reference panel LD Scores for 1290028 SNPs.
Removing partitioned LD Scores with zero variance.
Reading regression weight LD Score from /Users/sheaandrews/Programs/ldsc/eur_w_ld_chr/[1-22] ...
Read regression weight LD Scores for 1290028 SNPs.
After merging with reference panel LD, 1028283 SNPs remain.
After merging with regression SNP LD, 1028283 SNPs remain.
Computing rg for phenotype 2/2
Reading summary statistics from 1_RawData/LDSC/evrsmk_GWAS.sumstats.gz ...
Read summary statistics for 1217311 SNPs.
After merging with summary statistics, 1028283 SNPs remain.
1023553 SNPs with valid alleles.

Heritability of phenotype 1
---------------------------
Total Observed scale h2: 0.2005 (0.0494)
Lambda GC: 1.0135
Mean Chi^2: 1.1926
Intercept: 0.8854 (0.0589)
Ratio < 0 (usually indicates GC correction).

Heritability of phenotype 2/2
-----------------------------
Total Observed scale h2: 0.0758 (0.0035)
Lambda GC: 1.4245
Mean Chi^2: 1.5542
Intercept: 1.0133 (0.0113)
Ratio: 0.024 (0.0204)

Genetic Covariance
------------------
Total Observed scale gencov: -0.004 (0.0029)
Mean z1*z2: -0.0154
Intercept: 0.0033 (0.006)

Genetic Correlation
-------------------
Genetic Correlation: -0.0323 (0.0232)
Z-score: -1.3924
P: 0.1638


Summary of Genetic Correlation Results
p1                                      p2      rg      se       z       p  h2_obs  h2_obs_se  h2_int  h2_int_se  gcov_int  gcov_int_se
1_RawData/LDSC/ldl_GWAS.sumstats.gz  1_RawData/LDSC/evrsmk_GWAS.sumstats.gz -0.0323  0.0232 -1.3924  0.1638  0.0758     0.0035  1.0133     0.0113    0.0033        0.006

Analysis finished at Fri Nov 30 11:19:35 2018
Total time elapsed: 12.1s
