*********************************************************************
* LD Score Regression (LDSC)
* Version 1.0.0
* (C) 2014-2015 Brendan Bulik-Sullivan and Hilary Finucane
* Broad Institute of MIT and Harvard / MIT Department of Mathematics
* GNU General Public License v3
*********************************************************************
Call: 
./ldsc.py \
--ref-ld-chr /Users/sheaandrews/Programs/ldsc/eur_w_ld_chr/ \
--out 2_DerivedData/LDSC/ldl_ptau \
--rg 1_RawData/LDSC/ldl_GWAS.sumstats.gz,1_RawData/LDSC/ptau_GWAS.sumstats.gz \
--w-ld-chr /Users/sheaandrews/Programs/ldsc/eur_w_ld_chr/ 

Beginning analysis at Fri Nov 30 10:30:09 2018
Reading summary statistics from 1_RawData/LDSC/ldl_GWAS.sumstats.gz ...
Read summary statistics for 1030688 SNPs.
Reading reference panel LD Score from /Users/sheaandrews/Programs/ldsc/eur_w_ld_chr/[1-22] ...
Read reference panel LD Scores for 1290028 SNPs.
Removing partitioned LD Scores with zero variance.
Reading regression weight LD Score from /Users/sheaandrews/Programs/ldsc/eur_w_ld_chr/[1-22] ...
Read regression weight LD Scores for 1290028 SNPs.
After merging with reference panel LD, 1028283 SNPs remain.
After merging with regression SNP LD, 1028283 SNPs remain.
Computing rg for phenotype 2/2
Reading summary statistics from 1_RawData/LDSC/ptau_GWAS.sumstats.gz ...
Read summary statistics for 1217311 SNPs.
After merging with summary statistics, 1028283 SNPs remain.
926906 SNPs with valid alleles.

Heritability of phenotype 1
---------------------------
Total Observed scale h2: 0.2101 (0.0486)
Lambda GC: 1.0165
Mean Chi^2: 1.2028
Intercept: 0.8655 (0.0581)
Ratio < 0 (usually indicates GC correction).

Heritability of phenotype 2/2
-----------------------------
Total Observed scale h2: 0.1752 (0.1785)
Lambda GC: 1.0225
Mean Chi^2: 1.0159
Intercept: 1.0059 (0.008)
Ratio: 0.3726 (0.5039)

Genetic Covariance
------------------
Total Observed scale gencov: -0.0595 (0.0337)
Mean z1*z2: -0.0066
Intercept: 0.0114 (0.0103)

Genetic Correlation
-------------------
Genetic Correlation: -0.3103 (0.2565)
Z-score: -1.2097
P: 0.2264


Summary of Genetic Correlation Results
p1                                    p2      rg      se       z       p  h2_obs  h2_obs_se  h2_int  h2_int_se  gcov_int  gcov_int_se
1_RawData/LDSC/ldl_GWAS.sumstats.gz  1_RawData/LDSC/ptau_GWAS.sumstats.gz -0.3103  0.2565 -1.2097  0.2264  0.1752     0.1785  1.0059      0.008    0.0114       0.0103

Analysis finished at Fri Nov 30 10:30:21 2018
Total time elapsed: 12.13s
