*********************************************************************
* LD Score Regression (LDSC)
* Version 1.0.0
* (C) 2014-2015 Brendan Bulik-Sullivan and Hilary Finucane
* Broad Institute of MIT and Harvard / MIT Department of Mathematics
* GNU General Public License v3
*********************************************************************
Call: 
./ldsc.py \
--ref-ld-chr /Users/sheaandrews/Programs/ldsc/eur_w_ld_chr/ \
--out 2_DerivedData/LDSC/ldl_ab42 \
--rg 1_RawData/LDSC/ldl_GWAS.sumstats.gz,1_RawData/LDSC/ab42_GWAS.sumstats.gz \
--w-ld-chr /Users/sheaandrews/Programs/ldsc/eur_w_ld_chr/ 

Beginning analysis at Fri Nov 30 10:37:49 2018
Reading summary statistics from 1_RawData/LDSC/ldl_GWAS.sumstats.gz ...
Read summary statistics for 1030688 SNPs.
Reading reference panel LD Score from /Users/sheaandrews/Programs/ldsc/eur_w_ld_chr/[1-22] ...
Read reference panel LD Scores for 1290028 SNPs.
Removing partitioned LD Scores with zero variance.
Reading regression weight LD Score from /Users/sheaandrews/Programs/ldsc/eur_w_ld_chr/[1-22] ...
Read regression weight LD Scores for 1290028 SNPs.
After merging with reference panel LD, 1028283 SNPs remain.
After merging with regression SNP LD, 1028283 SNPs remain.
Computing rg for phenotype 2/2
Reading summary statistics from 1_RawData/LDSC/ab42_GWAS.sumstats.gz ...
Read summary statistics for 1217311 SNPs.
After merging with summary statistics, 1028283 SNPs remain.
899690 SNPs with valid alleles.

Heritability of phenotype 1
---------------------------
Total Observed scale h2: 0.2096 (0.0446)
Lambda GC: 1.0165
Mean Chi^2: 1.1998
Intercept: 0.8583 (0.05)
Ratio < 0 (usually indicates GC correction).

Heritability of phenotype 2/2
-----------------------------
Total Observed scale h2: 0.2217 (0.1712)
Lambda GC: 1.0285
Mean Chi^2: 1.0369
Intercept: 1.023 (0.0092)
Ratio: 0.6237 (0.2498)

Genetic Covariance
------------------
Total Observed scale gencov: 0.0675 (0.0328)
Mean z1*z2: 0.009
Intercept: -0.0141 (0.0119)

Genetic Correlation
-------------------
Genetic Correlation: 0.3133 (0.2129)
Z-score: 1.4718
P: 0.1411


Summary of Genetic Correlation Results
p1                                    p2      rg      se       z       p  h2_obs  h2_obs_se  h2_int  h2_int_se  gcov_int  gcov_int_se
1_RawData/LDSC/ldl_GWAS.sumstats.gz  1_RawData/LDSC/ab42_GWAS.sumstats.gz  0.3133  0.2129  1.4718  0.1411  0.2217     0.1712   1.023     0.0092   -0.0141       0.0119

Analysis finished at Fri Nov 30 10:38:01 2018
Total time elapsed: 12.05s
