*********************************************************************
* LD Score Regression (LDSC)
* Version 1.0.0
* (C) 2014-2015 Brendan Bulik-Sullivan and Hilary Finucane
* Broad Institute of MIT and Harvard / MIT Department of Mathematics
* GNU General Public License v3
*********************************************************************
Call: 
./ldsc.py \
--ref-ld-chr /Users/sheaandrews/Programs/ldsc/eur_w_ld_chr/ \
--out 2_DerivedData/LDSC/ldl_ldl \
--rg 1_RawData/LDSC/ldl_GWAS.sumstats.gz,1_RawData/LDSC/ldl_GWAS.sumstats.gz \
--w-ld-chr /Users/sheaandrews/Programs/ldsc/eur_w_ld_chr/ 

Beginning analysis at Fri Nov 30 10:24:02 2018
Reading summary statistics from 1_RawData/LDSC/ldl_GWAS.sumstats.gz ...
Read summary statistics for 1030688 SNPs.
Reading reference panel LD Score from /Users/sheaandrews/Programs/ldsc/eur_w_ld_chr/[1-22] ...
Read reference panel LD Scores for 1290028 SNPs.
Removing partitioned LD Scores with zero variance.
Reading regression weight LD Score from /Users/sheaandrews/Programs/ldsc/eur_w_ld_chr/[1-22] ...
Read regression weight LD Scores for 1290028 SNPs.
After merging with reference panel LD, 1028283 SNPs remain.
After merging with regression SNP LD, 1028283 SNPs remain.
Computing rg for phenotype 2/2
Reading summary statistics from 1_RawData/LDSC/ldl_GWAS.sumstats.gz ...
Read summary statistics for 1217311 SNPs.
After merging with summary statistics, 1028283 SNPs remain.
1028283 SNPs with valid alleles.

Heritability of phenotype 1
---------------------------
Total Observed scale h2: 0.201 (0.0487)
Lambda GC: 1.0135
Mean Chi^2: 1.192
Intercept: 0.8849 (0.0576)
Ratio < 0 (usually indicates GC correction).

Heritability of phenotype 2/2
-----------------------------
Total Observed scale h2: 0.201 (0.0487)
Lambda GC: 1.0135
Mean Chi^2: 1.192
Intercept: 0.8849 (0.0576)
Ratio < 0 (usually indicates GC correction).

Genetic Covariance
------------------
Total Observed scale gencov: 0.2005 (0.0487)
Mean z1*z2: 1.192
Intercept: 0.8853 (0.0576)

Genetic Correlation
-------------------
Genetic Correlation: 0.9977 (0.001)
Z-score: 1029.8459
P: 0.


Summary of Genetic Correlation Results
p1                                   p2      rg     se          z    p  h2_obs  h2_obs_se  h2_int  h2_int_se  gcov_int  gcov_int_se
1_RawData/LDSC/ldl_GWAS.sumstats.gz  1_RawData/LDSC/ldl_GWAS.sumstats.gz  0.9977  0.001  1029.8459  0.0   0.201     0.0487  0.8849     0.0576    0.8853       0.0576

Analysis finished at Fri Nov 30 10:24:14 2018
Total time elapsed: 12.19s
