*********************************************************************
* LD Score Regression (LDSC)
* Version 1.0.0
* (C) 2014-2015 Brendan Bulik-Sullivan and Hilary Finucane
* Broad Institute of MIT and Harvard / MIT Department of Mathematics
* GNU General Public License v3
*********************************************************************
Call: 
./ldsc.py \
--ref-ld-chr /Users/sheaandrews/Programs/ldsc/eur_w_ld_chr/ \
--out 2_DerivedData/LDSC/ldl_alcd \
--rg 1_RawData/LDSC/ldl_GWAS.sumstats.gz,1_RawData/LDSC/alcd_GWAS.sumstats.gz \
--w-ld-chr /Users/sheaandrews/Programs/ldsc/eur_w_ld_chr/ 

Beginning analysis at Fri Nov 30 10:14:12 2018
Reading summary statistics from 1_RawData/LDSC/ldl_GWAS.sumstats.gz ...
Read summary statistics for 1030688 SNPs.
Reading reference panel LD Score from /Users/sheaandrews/Programs/ldsc/eur_w_ld_chr/[1-22] ...
Read reference panel LD Scores for 1290028 SNPs.
Removing partitioned LD Scores with zero variance.
Reading regression weight LD Score from /Users/sheaandrews/Programs/ldsc/eur_w_ld_chr/[1-22] ...
Read regression weight LD Scores for 1290028 SNPs.
After merging with reference panel LD, 1028283 SNPs remain.
After merging with regression SNP LD, 1028283 SNPs remain.
Computing rg for phenotype 2/2
Reading summary statistics from 1_RawData/LDSC/alcd_GWAS.sumstats.gz ...
Read summary statistics for 1217311 SNPs.
After merging with summary statistics, 1028283 SNPs remain.
994072 SNPs with valid alleles.

Heritability of phenotype 1
---------------------------
Total Observed scale h2: 0.2176 (0.0453)
Lambda GC: 1.0135
Mean Chi^2: 1.1934
Intercept: 0.8537 (0.0464)
Ratio < 0 (usually indicates GC correction).

Heritability of phenotype 2/2
-----------------------------
Total Observed scale h2: 0.1865 (0.0528)
Lambda GC: 1.0557
Mean Chi^2: 1.0548
Intercept: 1.0238 (0.0061)
Ratio: 0.4334 (0.1112)

Genetic Covariance
------------------
Total Observed scale gencov: 0.0095 (0.0142)
Mean z1*z2: 0.001
Intercept: -0.0045 (0.0049)

Genetic Correlation
-------------------
Genetic Correlation: 0.0473 (0.071)
Z-score: 0.666
P: 0.5054


Summary of Genetic Correlation Results
p1                                    p2      rg     se      z       p  h2_obs  h2_obs_se  h2_int  h2_int_se  gcov_int  gcov_int_se
1_RawData/LDSC/ldl_GWAS.sumstats.gz  1_RawData/LDSC/alcd_GWAS.sumstats.gz  0.0473  0.071  0.666  0.5054  0.1865     0.0528  1.0238     0.0061   -0.0045       0.0049

Analysis finished at Fri Nov 30 10:14:24 2018
Total time elapsed: 12.22s
