*********************************************************************
* LD Score Regression (LDSC)
* Version 1.0.0
* (C) 2014-2015 Brendan Bulik-Sullivan and Hilary Finucane
* Broad Institute of MIT and Harvard / MIT Department of Mathematics
* GNU General Public License v3
*********************************************************************
Call: 
./ldsc.py \
--ref-ld-chr /Users/sheaandrews/Programs/ldsc/eur_w_ld_chr/ \
--out 2_DerivedData/LDSC/ldl_vbiany \
--rg 1_RawData/LDSC/ldl_GWAS.sumstats.gz,1_RawData/LDSC/vbiany_GWAS.sumstats.gz \
--w-ld-chr /Users/sheaandrews/Programs/ldsc/eur_w_ld_chr/ 

Beginning analysis at Fri Nov 30 12:15:50 2018
Reading summary statistics from 1_RawData/LDSC/ldl_GWAS.sumstats.gz ...
Read summary statistics for 1030688 SNPs.
Reading reference panel LD Score from /Users/sheaandrews/Programs/ldsc/eur_w_ld_chr/[1-22] ...
Read reference panel LD Scores for 1290028 SNPs.
Removing partitioned LD Scores with zero variance.
Reading regression weight LD Score from /Users/sheaandrews/Programs/ldsc/eur_w_ld_chr/[1-22] ...
Read regression weight LD Scores for 1290028 SNPs.
After merging with reference panel LD, 1028283 SNPs remain.
After merging with regression SNP LD, 1028283 SNPs remain.
Computing rg for phenotype 2/2
Reading summary statistics from 1_RawData/LDSC/vbiany_GWAS.sumstats.gz ...
Read summary statistics for 1217311 SNPs.
After merging with summary statistics, 1028283 SNPs remain.
1024800 SNPs with valid alleles.

Heritability of phenotype 1
---------------------------
Total Observed scale h2: 0.2114 (0.0478)
Lambda GC: 1.0135
Mean Chi^2: 1.1914
Intercept: 0.8682 (0.0538)
Ratio < 0 (usually indicates GC correction).

Heritability of phenotype 2/2
-----------------------------
Total Observed scale h2: 0.1445 (0.0845)
Lambda GC: 0.9927
Mean Chi^2: 0.996
Intercept: 0.982 (0.0071)
Ratio: NA (mean chi^2 < 1)

Genetic Covariance
------------------
Total Observed scale gencov: -0.0078 (0.0187)
Mean z1*z2: 0.0026
Intercept: 0.0058 (0.0057)

Genetic Correlation
-------------------
Genetic Correlation: -0.0448 (0.1074)
Z-score: -0.417
P: 0.6767


Summary of Genetic Correlation Results
p1                                      p2      rg      se      z       p  h2_obs  h2_obs_se  h2_int  h2_int_se  gcov_int  gcov_int_se
1_RawData/LDSC/ldl_GWAS.sumstats.gz  1_RawData/LDSC/vbiany_GWAS.sumstats.gz -0.0448  0.1074 -0.417  0.6767  0.1445     0.0845   0.982     0.0071    0.0058       0.0057

Analysis finished at Fri Nov 30 12:16:04 2018
Total time elapsed: 13.38s
