*********************************************************************
* LD Score Regression (LDSC)
* Version 1.0.0
* (C) 2014-2015 Brendan Bulik-Sullivan and Hilary Finucane
* Broad Institute of MIT and Harvard / MIT Department of Mathematics
* GNU General Public License v3
*********************************************************************
Call: 
./ldsc.py \
--ref-ld-chr /Users/sheaandrews/Programs/ldsc/eur_w_ld_chr/ \
--out 2_DerivedData/LDSC/load_ptau \
--rg 1_RawData/LDSC/load_GWAS.sumstats.gz,1_RawData/LDSC/ptau_GWAS.sumstats.gz \
--w-ld-chr /Users/sheaandrews/Programs/ldsc/eur_w_ld_chr/ 

Beginning analysis at Fri Nov 30 11:58:02 2018
Reading summary statistics from 1_RawData/LDSC/load_GWAS.sumstats.gz ...
Read summary statistics for 1149586 SNPs.
Reading reference panel LD Score from /Users/sheaandrews/Programs/ldsc/eur_w_ld_chr/[1-22] ...
Read reference panel LD Scores for 1290028 SNPs.
Removing partitioned LD Scores with zero variance.
Reading regression weight LD Score from /Users/sheaandrews/Programs/ldsc/eur_w_ld_chr/[1-22] ...
Read regression weight LD Scores for 1290028 SNPs.
After merging with reference panel LD, 1144652 SNPs remain.
After merging with regression SNP LD, 1144652 SNPs remain.
Computing rg for phenotype 2/2
Reading summary statistics from 1_RawData/LDSC/ptau_GWAS.sumstats.gz ...
Read summary statistics for 1217311 SNPs.
After merging with summary statistics, 1144652 SNPs remain.
1019781 SNPs with valid alleles.

Heritability of phenotype 1
---------------------------
Total Observed scale h2: 0.0459 (0.0217)
Lambda GC: 1.0957
Mean Chi^2: 1.1163
Intercept: 1.0639 (0.0313)
Ratio: 0.549 (0.269)

Heritability of phenotype 2/2
-----------------------------
Total Observed scale h2: 0.2161 (0.1704)
Lambda GC: 1.0225
Mean Chi^2: 1.0158
Intercept: 1.0034 (0.0073)
Ratio: 0.2145 (0.4619)

Genetic Covariance
------------------
Total Observed scale gencov: 0.0169 (0.0383)
Mean z1*z2: 0.0351
Intercept: 0.0305 (0.0094)

Genetic Correlation
-------------------
Genetic Correlation: 0.1695 (0.3552)
Z-score: 0.4772
P: 0.6332


Summary of Genetic Correlation Results
p1                                    p2      rg      se       z       p  h2_obs  h2_obs_se  h2_int  h2_int_se  gcov_int  gcov_int_se
1_RawData/LDSC/load_GWAS.sumstats.gz  1_RawData/LDSC/ptau_GWAS.sumstats.gz  0.1695  0.3552  0.4772  0.6332  0.2161     0.1704  1.0034     0.0073    0.0305       0.0094

Analysis finished at Fri Nov 30 11:58:14 2018
Total time elapsed: 12.44s
