*********************************************************************
* LD Score Regression (LDSC)
* Version 1.0.0
* (C) 2014-2015 Brendan Bulik-Sullivan and Hilary Finucane
* Broad Institute of MIT and Harvard / MIT Department of Mathematics
* GNU General Public License v3
*********************************************************************
Call: 
./ldsc.py \
--ref-ld-chr /Users/sheaandrews/Programs/ldsc/eur_w_ld_chr/ \
--out 2_DerivedData/LDSC/load_hear \
--rg 1_RawData/LDSC/load_GWAS.sumstats.gz,1_RawData/LDSC/hear_GWAS.sumstats.gz \
--w-ld-chr /Users/sheaandrews/Programs/ldsc/eur_w_ld_chr/ 

Beginning analysis at Fri Nov 30 13:02:18 2018
Reading summary statistics from 1_RawData/LDSC/load_GWAS.sumstats.gz ...
Read summary statistics for 1149586 SNPs.
Reading reference panel LD Score from /Users/sheaandrews/Programs/ldsc/eur_w_ld_chr/[1-22] ...
Read reference panel LD Scores for 1290028 SNPs.
Removing partitioned LD Scores with zero variance.
Reading regression weight LD Score from /Users/sheaandrews/Programs/ldsc/eur_w_ld_chr/[1-22] ...
Read regression weight LD Scores for 1290028 SNPs.
After merging with reference panel LD, 1144652 SNPs remain.
After merging with regression SNP LD, 1144652 SNPs remain.
Computing rg for phenotype 2/2
Reading summary statistics from 1_RawData/LDSC/hear_GWAS.sumstats.gz ...
Read summary statistics for 1217311 SNPs.
After merging with summary statistics, 1144652 SNPs remain.
1138126 SNPs with valid alleles.

Heritability of phenotype 1
---------------------------
Total Observed scale h2: 0.0437 (0.0215)
Lambda GC: 1.0926
Mean Chi^2: 1.1146
Intercept: 1.067 (0.0298)
Ratio: 0.5848 (0.2598)

Heritability of phenotype 2/2
-----------------------------
Total Observed scale h2: 0.0409 (0.0024)
Lambda GC: 1.2431
Mean Chi^2: 1.3033
Intercept: 1.0174 (0.0091)
Ratio: 0.0572 (0.0301)

Genetic Covariance
------------------
Total Observed scale gencov: 0.0005 (0.003)
Mean z1*z2: -3.2157e-05
Intercept: -0.0006 (0.0052)

Genetic Correlation
-------------------
Genetic Correlation: 0.0122 (0.0716)
Z-score: 0.1699
P: 0.8651


Summary of Genetic Correlation Results
p1                                    p2      rg      se       z       p  h2_obs  h2_obs_se  h2_int  h2_int_se  gcov_int  gcov_int_se
1_RawData/LDSC/load_GWAS.sumstats.gz  1_RawData/LDSC/hear_GWAS.sumstats.gz  0.0122  0.0716  0.1699  0.8651  0.0409     0.0024  1.0174     0.0091   -0.0006       0.0052

Analysis finished at Fri Nov 30 13:02:32 2018
Total time elapsed: 14.16s
