*********************************************************************
* LD Score Regression (LDSC)
* Version 1.0.0
* (C) 2014-2015 Brendan Bulik-Sullivan and Hilary Finucane
* Broad Institute of MIT and Harvard / MIT Department of Mathematics
* GNU General Public License v3
*********************************************************************
Call: 
./ldsc.py \
--ref-ld-chr /Users/sheaandrews/Programs/ldsc/eur_w_ld_chr/ \
--out 2_DerivedData/LDSC/load_alcd \
--rg 1_RawData/LDSC/load_GWAS.sumstats.gz,1_RawData/LDSC/alcd_GWAS.sumstats.gz \
--w-ld-chr /Users/sheaandrews/Programs/ldsc/eur_w_ld_chr/ 

Beginning analysis at Fri Nov 30 11:31:45 2018
Reading summary statistics from 1_RawData/LDSC/load_GWAS.sumstats.gz ...
Read summary statistics for 1149586 SNPs.
Reading reference panel LD Score from /Users/sheaandrews/Programs/ldsc/eur_w_ld_chr/[1-22] ...
Read reference panel LD Scores for 1290028 SNPs.
Removing partitioned LD Scores with zero variance.
Reading regression weight LD Score from /Users/sheaandrews/Programs/ldsc/eur_w_ld_chr/[1-22] ...
Read regression weight LD Scores for 1290028 SNPs.
After merging with reference panel LD, 1144652 SNPs remain.
After merging with regression SNP LD, 1144652 SNPs remain.
Computing rg for phenotype 2/2
Reading summary statistics from 1_RawData/LDSC/alcd_GWAS.sumstats.gz ...
Read summary statistics for 1217311 SNPs.
After merging with summary statistics, 1144652 SNPs remain.
1096327 SNPs with valid alleles.

Heritability of phenotype 1
---------------------------
Total Observed scale h2: 0.0466 (0.0212)
Lambda GC: 1.0926
Mean Chi^2: 1.1145
Intercept: 1.0628 (0.0302)
Ratio: 0.5485 (0.2639)

Heritability of phenotype 2/2
-----------------------------
Total Observed scale h2: 0.1836 (0.0518)
Lambda GC: 1.0557
Mean Chi^2: 1.0543
Intercept: 1.0235 (0.006)
Ratio: 0.4336 (0.1099)

Genetic Covariance
------------------
Total Observed scale gencov: 0.0097 (0.017)
Mean z1*z2: 0.0256
Intercept: 0.0216 (0.0051)

Genetic Correlation
-------------------
Genetic Correlation: 0.1049 (0.1866)
Z-score: 0.5623
P: 0.5739


Summary of Genetic Correlation Results
p1                                    p2      rg      se       z       p  h2_obs  h2_obs_se  h2_int  h2_int_se  gcov_int  gcov_int_se
1_RawData/LDSC/load_GWAS.sumstats.gz  1_RawData/LDSC/alcd_GWAS.sumstats.gz  0.1049  0.1866  0.5623  0.5739  0.1836     0.0518  1.0235      0.006    0.0216       0.0051

Analysis finished at Fri Nov 30 11:31:58 2018
Total time elapsed: 13.1s
