*********************************************************************
* LD Score Regression (LDSC)
* Version 1.0.0
* (C) 2014-2015 Brendan Bulik-Sullivan and Hilary Finucane
* Broad Institute of MIT and Harvard / MIT Department of Mathematics
* GNU General Public License v3
*********************************************************************
Call: 
./ldsc.py \
--ref-ld-chr /Users/sheaandrews/Programs/ldsc/eur_w_ld_chr/ \
--out 2_DerivedData/LDSC/load_ces \
--rg 1_RawData/LDSC/load_GWAS.sumstats.gz,1_RawData/LDSC/ces_GWAS.sumstats.gz \
--w-ld-chr /Users/sheaandrews/Programs/ldsc/eur_w_ld_chr/ 

Beginning analysis at Fri Nov 30 13:29:53 2018
Reading summary statistics from 1_RawData/LDSC/load_GWAS.sumstats.gz ...
Read summary statistics for 1149586 SNPs.
Reading reference panel LD Score from /Users/sheaandrews/Programs/ldsc/eur_w_ld_chr/[1-22] ...
Read reference panel LD Scores for 1290028 SNPs.
Removing partitioned LD Scores with zero variance.
Reading regression weight LD Score from /Users/sheaandrews/Programs/ldsc/eur_w_ld_chr/[1-22] ...
Read regression weight LD Scores for 1290028 SNPs.
After merging with reference panel LD, 1144652 SNPs remain.
After merging with regression SNP LD, 1144652 SNPs remain.
Computing rg for phenotype 2/2
Reading summary statistics from 1_RawData/LDSC/ces_GWAS.sumstats.gz ...
Read summary statistics for 1217311 SNPs.
After merging with summary statistics, 1144652 SNPs remain.
1144211 SNPs with valid alleles.

Heritability of phenotype 1
---------------------------
Total Observed scale h2: 0.045 (0.0207)
Lambda GC: 1.0926
Mean Chi^2: 1.1144
Intercept: 1.0656 (0.0292)
Ratio: 0.5731 (0.2549)

Heritability of phenotype 2/2
-----------------------------
Total Observed scale h2: 0.0066 (0.0012)
Lambda GC: 1.1082
Mean Chi^2: 1.1207
Intercept: 1.0605 (0.0066)
Ratio: 0.5008 (0.055)

Genetic Covariance
------------------
Total Observed scale gencov: -0.0098 (0.0023)
Mean z1*z2: 0.011
Intercept: 0.0413 (0.0047)

Genetic Correlation
-------------------
Genetic Correlation: -0.567 (0.1679)
Z-score: -3.3776
P: 0.0007


Summary of Genetic Correlation Results
p1                                   p2     rg      se       z       p  h2_obs  h2_obs_se  h2_int  h2_int_se  gcov_int  gcov_int_se
1_RawData/LDSC/load_GWAS.sumstats.gz  1_RawData/LDSC/ces_GWAS.sumstats.gz -0.567  0.1679 -3.3776  0.0007  0.0066     0.0012  1.0605     0.0066    0.0413       0.0047

Analysis finished at Fri Nov 30 13:30:10 2018
Total time elapsed: 16.52s
