*********************************************************************
* LD Score Regression (LDSC)
* Version 1.0.0
* (C) 2014-2015 Brendan Bulik-Sullivan and Hilary Finucane
* Broad Institute of MIT and Harvard / MIT Department of Mathematics
* GNU General Public License v3
*********************************************************************
Call: 
./ldsc.py \
--ref-ld-chr /Users/sheaandrews/Programs/ldsc/eur_w_ld_chr/ \
--out 2_DerivedData/LDSC/load_hipv \
--rg 1_RawData/LDSC/load_GWAS.sumstats.gz,1_RawData/LDSC/hipv_GWAS.sumstats.gz \
--w-ld-chr /Users/sheaandrews/Programs/ldsc/eur_w_ld_chr/ 

Beginning analysis at Fri Nov 30 12:36:59 2018
Reading summary statistics from 1_RawData/LDSC/load_GWAS.sumstats.gz ...
Read summary statistics for 1149586 SNPs.
Reading reference panel LD Score from /Users/sheaandrews/Programs/ldsc/eur_w_ld_chr/[1-22] ...
Read reference panel LD Scores for 1290028 SNPs.
Removing partitioned LD Scores with zero variance.
Reading regression weight LD Score from /Users/sheaandrews/Programs/ldsc/eur_w_ld_chr/[1-22] ...
Read regression weight LD Scores for 1290028 SNPs.
After merging with reference panel LD, 1144652 SNPs remain.
After merging with regression SNP LD, 1144652 SNPs remain.
Computing rg for phenotype 2/2
Reading summary statistics from 1_RawData/LDSC/hipv_GWAS.sumstats.gz ...
Read summary statistics for 1217311 SNPs.
After merging with summary statistics, 1144652 SNPs remain.
1133815 SNPs with valid alleles.

Heritability of phenotype 1
---------------------------
Total Observed scale h2: 0.0431 (0.0222)
Lambda GC: 1.0926
Mean Chi^2: 1.1148
Intercept: 1.0676 (0.0302)
Ratio: 0.589 (0.2628)

Heritability of phenotype 2/2
-----------------------------
Total Observed scale h2: 0.1433 (0.0232)
Lambda GC: 1.0588
Mean Chi^2: 1.0798
Intercept: 1.0027 (0.0078)
Ratio: 0.0334 (0.0982)

Genetic Covariance
------------------
Total Observed scale gencov: -0.0167 (0.0104)
Mean z1*z2: -0.0242
Intercept: -0.0107 (0.0059)

Genetic Correlation
-------------------
Genetic Correlation: -0.2128 (0.1298)
Z-score: -1.6393
P: 0.1012


Summary of Genetic Correlation Results
p1                                    p2      rg      se       z       p  h2_obs  h2_obs_se  h2_int  h2_int_se  gcov_int  gcov_int_se
1_RawData/LDSC/load_GWAS.sumstats.gz  1_RawData/LDSC/hipv_GWAS.sumstats.gz -0.2128  0.1298 -1.6393  0.1012  0.1433     0.0232  1.0027     0.0078   -0.0107       0.0059

Analysis finished at Fri Nov 30 12:37:13 2018
Total time elapsed: 14.63s
