*********************************************************************
* LD Score Regression (LDSC)
* Version 1.0.0
* (C) 2014-2015 Brendan Bulik-Sullivan and Hilary Finucane
* Broad Institute of MIT and Harvard / MIT Department of Mathematics
* GNU General Public License v3
*********************************************************************
Call: 
./ldsc.py \
--ref-ld-chr /Users/sheaandrews/Programs/ldsc/eur_w_ld_chr/ \
--out 2_DerivedData/LDSC/load_diab \
--rg 1_RawData/LDSC/load_GWAS.sumstats.gz,1_RawData/LDSC/diab_GWAS.sumstats.gz \
--w-ld-chr /Users/sheaandrews/Programs/ldsc/eur_w_ld_chr/ 

Beginning analysis at Fri Nov 30 10:00:09 2018
Reading summary statistics from 1_RawData/LDSC/load_GWAS.sumstats.gz ...
Read summary statistics for 1149586 SNPs.
Reading reference panel LD Score from /Users/sheaandrews/Programs/ldsc/eur_w_ld_chr/[1-22] ...
Read reference panel LD Scores for 1290028 SNPs.
Removing partitioned LD Scores with zero variance.
Reading regression weight LD Score from /Users/sheaandrews/Programs/ldsc/eur_w_ld_chr/[1-22] ...
Read regression weight LD Scores for 1290028 SNPs.
After merging with reference panel LD, 1144652 SNPs remain.
After merging with regression SNP LD, 1144652 SNPs remain.
Computing rg for phenotype 2/2
Reading summary statistics from 1_RawData/LDSC/diab_GWAS.sumstats.gz ...
Read summary statistics for 1217311 SNPs.
After merging with summary statistics, 1144652 SNPs remain.
988479 SNPs with valid alleles.

Heritability of phenotype 1
---------------------------
Total Observed scale h2: 0.0536 (0.0163)
Lambda GC: 1.0957
Mean Chi^2: 1.1118
Intercept: 1.0489 (0.0184)
Ratio: 0.4375 (0.1647)

Heritability of phenotype 2/2
-----------------------------
Total Observed scale h2: 0.0532 (0.0034)
Lambda GC: 1.4494
Mean Chi^2: 1.6824
Intercept: 1.0429 (0.0184)
Ratio: 0.0629 (0.0269)

Genetic Covariance
------------------
Total Observed scale gencov: 0.0011 (0.0032)
Mean z1*z2: 0.0127
Intercept: 0.0124 (0.0074)

Genetic Correlation
-------------------
Genetic Correlation: 0.0197 (0.0606)
Z-score: 0.3252
P: 0.7451


Summary of Genetic Correlation Results
p1                                    p2      rg      se       z       p  h2_obs  h2_obs_se  h2_int  h2_int_se  gcov_int  gcov_int_se
1_RawData/LDSC/load_GWAS.sumstats.gz  1_RawData/LDSC/diab_GWAS.sumstats.gz  0.0197  0.0606  0.3252  0.7451  0.0532     0.0034  1.0429     0.0184    0.0124       0.0074

Analysis finished at Fri Nov 30 10:00:21 2018
Total time elapsed: 12.14s
