*********************************************************************
* LD Score Regression (LDSC)
* Version 1.0.0
* (C) 2014-2015 Brendan Bulik-Sullivan and Hilary Finucane
* Broad Institute of MIT and Harvard / MIT Department of Mathematics
* GNU General Public License v3
*********************************************************************
Call: 
./ldsc.py \
--ref-ld-chr /Users/sheaandrews/Programs/ldsc/eur_w_ld_chr/ \
--out 2_DerivedData/LDSC/load_hdl \
--rg 1_RawData/LDSC/load_GWAS.sumstats.gz,1_RawData/LDSC/hdl_GWAS.sumstats.gz \
--w-ld-chr /Users/sheaandrews/Programs/ldsc/eur_w_ld_chr/ 

Beginning analysis at Fri Nov 30 11:34:06 2018
Reading summary statistics from 1_RawData/LDSC/load_GWAS.sumstats.gz ...
Read summary statistics for 1149586 SNPs.
Reading reference panel LD Score from /Users/sheaandrews/Programs/ldsc/eur_w_ld_chr/[1-22] ...
Read reference panel LD Scores for 1290028 SNPs.
Removing partitioned LD Scores with zero variance.
Reading regression weight LD Score from /Users/sheaandrews/Programs/ldsc/eur_w_ld_chr/[1-22] ...
Read regression weight LD Scores for 1290028 SNPs.
After merging with reference panel LD, 1144652 SNPs remain.
After merging with regression SNP LD, 1144652 SNPs remain.
Computing rg for phenotype 2/2
Reading summary statistics from 1_RawData/LDSC/hdl_GWAS.sumstats.gz ...
Read summary statistics for 1217311 SNPs.
After merging with summary statistics, 1144652 SNPs remain.
1010299 SNPs with valid alleles.

Heritability of phenotype 1
---------------------------
Total Observed scale h2: 0.0446 (0.0217)
Lambda GC: 1.0926
Mean Chi^2: 1.1105
Intercept: 1.0622 (0.0303)
Ratio: 0.5626 (0.2739)

Heritability of phenotype 2/2
-----------------------------
Total Observed scale h2: 0.2409 (0.0375)
Lambda GC: 1.0195
Mean Chi^2: 1.209
Intercept: 0.8039 (0.0283)
Ratio < 0 (usually indicates GC correction).

Genetic Covariance
------------------
Total Observed scale gencov: 0.0182 (0.0065)
Mean z1*z2: 0.0033
Intercept: -0.0256 (0.0068)

Genetic Correlation
-------------------
Genetic Correlation: 0.176 (0.0778)
Z-score: 2.2627
P: 0.0237


Summary of Genetic Correlation Results
p1                                   p2     rg      se       z       p  h2_obs  h2_obs_se  h2_int  h2_int_se  gcov_int  gcov_int_se
1_RawData/LDSC/load_GWAS.sumstats.gz  1_RawData/LDSC/hdl_GWAS.sumstats.gz  0.176  0.0778  2.2627  0.0237  0.2409     0.0375  0.8039     0.0283   -0.0256       0.0068

Analysis finished at Fri Nov 30 11:34:18 2018
Total time elapsed: 12.02s
