*********************************************************************
* LD Score Regression (LDSC)
* Version 1.0.0
* (C) 2014-2015 Brendan Bulik-Sullivan and Hilary Finucane
* Broad Institute of MIT and Harvard / MIT Department of Mathematics
* GNU General Public License v3
*********************************************************************
Call: 
./ldsc.py \
--ref-ld-chr /Users/sheaandrews/Programs/ldsc/eur_w_ld_chr/ \
--out 2_DerivedData/LDSC/load_alcc \
--rg 1_RawData/LDSC/load_GWAS.sumstats.gz,1_RawData/LDSC/alcc_GWAS.sumstats.gz \
--w-ld-chr /Users/sheaandrews/Programs/ldsc/eur_w_ld_chr/ 

Beginning analysis at Fri Nov 30 10:00:35 2018
Reading summary statistics from 1_RawData/LDSC/load_GWAS.sumstats.gz ...
Read summary statistics for 1149586 SNPs.
Reading reference panel LD Score from /Users/sheaandrews/Programs/ldsc/eur_w_ld_chr/[1-22] ...
Read reference panel LD Scores for 1290028 SNPs.
Removing partitioned LD Scores with zero variance.
Reading regression weight LD Score from /Users/sheaandrews/Programs/ldsc/eur_w_ld_chr/[1-22] ...
Read regression weight LD Scores for 1290028 SNPs.
After merging with reference panel LD, 1144652 SNPs remain.
After merging with regression SNP LD, 1144652 SNPs remain.
Computing rg for phenotype 2/2
Reading summary statistics from 1_RawData/LDSC/alcc_GWAS.sumstats.gz ...
Read summary statistics for 1217311 SNPs.
After merging with summary statistics, 1144652 SNPs remain.
1050978 SNPs with valid alleles.

Heritability of phenotype 1
---------------------------
Total Observed scale h2: 0.0451 (0.0188)
Lambda GC: 1.0926
Mean Chi^2: 1.1084
Intercept: 1.0594 (0.0251)
Ratio: 0.5477 (0.2312)

Heritability of phenotype 2/2
-----------------------------
Total Observed scale h2: 0.0798 (0.0064)
Lambda GC: 1.1587
Mean Chi^2: 1.1884
Intercept: 1.0115 (0.0081)
Ratio: 0.0608 (0.043)

Genetic Covariance
------------------
Total Observed scale gencov: 0.0027 (0.0054)
Mean z1*z2: -0.0012
Intercept: -0.0063 (0.0052)

Genetic Correlation
-------------------
Genetic Correlation: 0.0448 (0.091)
Z-score: 0.4927
P: 0.6223


Summary of Genetic Correlation Results
p1                                    p2      rg     se       z       p  h2_obs  h2_obs_se  h2_int  h2_int_se  gcov_int  gcov_int_se
1_RawData/LDSC/load_GWAS.sumstats.gz  1_RawData/LDSC/alcc_GWAS.sumstats.gz  0.0448  0.091  0.4927  0.6223  0.0798     0.0064  1.0115     0.0081   -0.0063       0.0052

Analysis finished at Fri Nov 30 10:00:48 2018
Total time elapsed: 12.38s
