*********************************************************************
* LD Score Regression (LDSC)
* Version 1.0.0
* (C) 2014-2015 Brendan Bulik-Sullivan and Hilary Finucane
* Broad Institute of MIT and Harvard / MIT Department of Mathematics
* GNU General Public License v3
*********************************************************************
Call: 
./ldsc.py \
--ref-ld-chr /Users/sheaandrews/Programs/ldsc/eur_w_ld_chr/ \
--out 2_DerivedData/LDSC/load_dbp \
--rg 1_RawData/LDSC/load_GWAS.sumstats.gz,1_RawData/LDSC/dbp_GWAS.sumstats.gz \
--w-ld-chr /Users/sheaandrews/Programs/ldsc/eur_w_ld_chr/ 

Beginning analysis at Fri Nov 30 10:56:13 2018
Reading summary statistics from 1_RawData/LDSC/load_GWAS.sumstats.gz ...
Read summary statistics for 1149586 SNPs.
Reading reference panel LD Score from /Users/sheaandrews/Programs/ldsc/eur_w_ld_chr/[1-22] ...
Read reference panel LD Scores for 1290028 SNPs.
Removing partitioned LD Scores with zero variance.
Reading regression weight LD Score from /Users/sheaandrews/Programs/ldsc/eur_w_ld_chr/[1-22] ...
Read regression weight LD Scores for 1290028 SNPs.
After merging with reference panel LD, 1144652 SNPs remain.
After merging with regression SNP LD, 1144652 SNPs remain.
Computing rg for phenotype 2/2
Reading summary statistics from 1_RawData/LDSC/dbp_GWAS.sumstats.gz ...
Read summary statistics for 1217311 SNPs.
After merging with summary statistics, 1144652 SNPs remain.
1140733 SNPs with valid alleles.

Heritability of phenotype 1
---------------------------
Total Observed scale h2: 0.0445 (0.0213)
Lambda GC: 1.0926
Mean Chi^2: 1.1146
Intercept: 1.0662 (0.0295)
Ratio: 0.5778 (0.2577)

Heritability of phenotype 2/2
-----------------------------
Total Observed scale h2: 0.1359 (0.006)
Lambda GC: 2.0429
Mean Chi^2: 3.1494
Intercept: 1.0797 (0.0332)
Ratio: 0.0371 (0.0154)

Genetic Covariance
------------------
Total Observed scale gencov: -0.0055 (0.0038)
Mean z1*z2: -0.0154
Intercept: 0.003 (0.0072)

Genetic Correlation
-------------------
Genetic Correlation: -0.0707 (0.0528)
Z-score: -1.3374
P: 0.1811


Summary of Genetic Correlation Results
p1                                   p2      rg      se       z       p  h2_obs  h2_obs_se  h2_int  h2_int_se  gcov_int  gcov_int_se
1_RawData/LDSC/load_GWAS.sumstats.gz  1_RawData/LDSC/dbp_GWAS.sumstats.gz -0.0707  0.0528 -1.3374  0.1811  0.1359      0.006  1.0797     0.0332     0.003       0.0072

Analysis finished at Fri Nov 30 10:56:26 2018
Total time elapsed: 12.37s
