*********************************************************************
* LD Score Regression (LDSC)
* Version 1.0.0
* (C) 2014-2015 Brendan Bulik-Sullivan and Hilary Finucane
* Broad Institute of MIT and Harvard / MIT Department of Mathematics
* GNU General Public License v3
*********************************************************************
Call: 
./ldsc.py \
--ref-ld-chr /Users/sheaandrews/Programs/ldsc/eur_w_ld_chr/ \
--out 2_DerivedData/LDSC/load_audit \
--rg 1_RawData/LDSC/load_GWAS.sumstats.gz,1_RawData/LDSC/audit_GWAS.sumstats.gz \
--w-ld-chr /Users/sheaandrews/Programs/ldsc/eur_w_ld_chr/ 

Beginning analysis at Fri Nov 30 09:30:01 2018
Reading summary statistics from 1_RawData/LDSC/load_GWAS.sumstats.gz ...
Read summary statistics for 1149586 SNPs.
Reading reference panel LD Score from /Users/sheaandrews/Programs/ldsc/eur_w_ld_chr/[1-22] ...
Read reference panel LD Scores for 1290028 SNPs.
Removing partitioned LD Scores with zero variance.
Reading regression weight LD Score from /Users/sheaandrews/Programs/ldsc/eur_w_ld_chr/[1-22] ...
Read regression weight LD Scores for 1290028 SNPs.
After merging with reference panel LD, 1144652 SNPs remain.
After merging with regression SNP LD, 1144652 SNPs remain.
Computing rg for phenotype 2/2
Reading summary statistics from 1_RawData/LDSC/audit_GWAS.sumstats.gz ...
Read summary statistics for 1217311 SNPs.
After merging with summary statistics, 1144652 SNPs remain.
1134335 SNPs with valid alleles.

Heritability of phenotype 1
---------------------------
Total Observed scale h2: 0.0443 (0.0214)
Lambda GC: 1.0926
Mean Chi^2: 1.1145
Intercept: 1.0664 (0.0297)
Ratio: 0.58 (0.2591)

Heritability of phenotype 2/2
-----------------------------
Total Observed scale h2: 0.0906 (0.0059)
Lambda GC: 1.194
Mean Chi^2: 1.2209
Intercept: 1.005 (0.0075)
Ratio: 0.0226 (0.0341)

Genetic Covariance
------------------
Total Observed scale gencov: -0.0034 (0.0052)
Mean z1*z2: -0.0087
Intercept: -0.0039 (0.0053)

Genetic Correlation
-------------------
Genetic Correlation: -0.0531 (0.0854)
Z-score: -0.6222
P: 0.5338


Summary of Genetic Correlation Results
p1                                     p2      rg      se       z       p  h2_obs  h2_obs_se  h2_int  h2_int_se  gcov_int  gcov_int_se
1_RawData/LDSC/load_GWAS.sumstats.gz  1_RawData/LDSC/audit_GWAS.sumstats.gz -0.0531  0.0854 -0.6222  0.5338  0.0906     0.0059   1.005     0.0075   -0.0039       0.0053

Analysis finished at Fri Nov 30 09:30:13 2018
Total time elapsed: 12.61s
