*********************************************************************
* LD Score Regression (LDSC)
* Version 1.0.0
* (C) 2014-2015 Brendan Bulik-Sullivan and Hilary Finucane
* Broad Institute of MIT and Harvard / MIT Department of Mathematics
* GNU General Public License v3
*********************************************************************
Call: 
./ldsc.py \
--ref-ld-chr /Users/sheaandrews/Programs/ldsc/eur_w_ld_chr/ \
--out 2_DerivedData/LDSC/mdd_sociso \
--rg 1_RawData/LDSC/mdd_GWAS.sumstats.gz,1_RawData/LDSC/sociso_GWAS.sumstats.gz \
--w-ld-chr /Users/sheaandrews/Programs/ldsc/eur_w_ld_chr/ 

Beginning analysis at Fri Nov 30 14:35:06 2018
Reading summary statistics from 1_RawData/LDSC/mdd_GWAS.sumstats.gz ...
Read summary statistics for 2929 SNPs.
Reading reference panel LD Score from /Users/sheaandrews/Programs/ldsc/eur_w_ld_chr/[1-22] ...
Read reference panel LD Scores for 1290028 SNPs.
Removing partitioned LD Scores with zero variance.
Reading regression weight LD Score from /Users/sheaandrews/Programs/ldsc/eur_w_ld_chr/[1-22] ...
Read regression weight LD Scores for 1290028 SNPs.
After merging with reference panel LD, 2925 SNPs remain.
After merging with regression SNP LD, 2925 SNPs remain.
Computing rg for phenotype 2/2
Reading summary statistics from 1_RawData/LDSC/sociso_GWAS.sumstats.gz ...
Read summary statistics for 1217311 SNPs.
After merging with summary statistics, 2925 SNPs remain.
2921 SNPs with valid alleles.
WARNING: number of SNPs less than 200k; this is almost always bad.

Heritability of phenotype 1
---------------------------
Total Observed scale h2: 0.2531 (0.0234)
Lambda GC: 17.5561
Mean Chi^2: 9.3601
Intercept: 7.5356 (0.1182)
Ratio: 0.7818 (0.0141)

Heritability of phenotype 2/2
-----------------------------
Total Observed scale h2: 0.0757 (0.0189)
Lambda GC: 1.4352
Mean Chi^2: 1.5621
Intercept: 1.0339 (0.0996)
Ratio: 0.0604 (0.1773)

Genetic Covariance
------------------
Total Observed scale gencov: 0.1513 (0.0316)
Mean z1*z2: 1.3005
Intercept: 0.2528 (0.1832)

Genetic Correlation
-------------------
Genetic Correlation: 1.0931 (0.2154)
Z-score: 5.0735
P: 3.9046e-07


Summary of Genetic Correlation Results
p1                                      p2      rg      se       z           p  h2_obs  h2_obs_se  h2_int  h2_int_se  gcov_int  gcov_int_se
1_RawData/LDSC/mdd_GWAS.sumstats.gz  1_RawData/LDSC/sociso_GWAS.sumstats.gz  1.0931  0.2154  5.0735  3.9046e-07  0.0757     0.0189  1.0339     0.0996    0.2528       0.1832

Analysis finished at Fri Nov 30 14:35:14 2018
Total time elapsed: 8.51s
