*********************************************************************
* LD Score Regression (LDSC)
* Version 1.0.0
* (C) 2014-2015 Brendan Bulik-Sullivan and Hilary Finucane
* Broad Institute of MIT and Harvard / MIT Department of Mathematics
* GNU General Public License v3
*********************************************************************
Call: 
./ldsc.py \
--ref-ld-chr /Users/sheaandrews/Programs/ldsc/eur_w_ld_chr/ \
--out 2_DerivedData/LDSC/mdd_ces \
--rg 1_RawData/LDSC/mdd_GWAS.sumstats.gz,1_RawData/LDSC/ces_GWAS.sumstats.gz \
--w-ld-chr /Users/sheaandrews/Programs/ldsc/eur_w_ld_chr/ 

Beginning analysis at Fri Nov 30 14:41:27 2018
Reading summary statistics from 1_RawData/LDSC/mdd_GWAS.sumstats.gz ...
Read summary statistics for 2929 SNPs.
Reading reference panel LD Score from /Users/sheaandrews/Programs/ldsc/eur_w_ld_chr/[1-22] ...
Read reference panel LD Scores for 1290028 SNPs.
Removing partitioned LD Scores with zero variance.
Reading regression weight LD Score from /Users/sheaandrews/Programs/ldsc/eur_w_ld_chr/[1-22] ...
Read regression weight LD Scores for 1290028 SNPs.
After merging with reference panel LD, 2925 SNPs remain.
After merging with regression SNP LD, 2925 SNPs remain.
Computing rg for phenotype 2/2
Reading summary statistics from 1_RawData/LDSC/ces_GWAS.sumstats.gz ...
Read summary statistics for 1217311 SNPs.
After merging with summary statistics, 2925 SNPs remain.
2925 SNPs with valid alleles.
WARNING: number of SNPs less than 200k; this is almost always bad.

Heritability of phenotype 1
---------------------------
Total Observed scale h2: 0.2531 (0.0228)
Lambda GC: 17.5561
Mean Chi^2: 9.3595
Intercept: 7.5358 (0.1146)
Ratio: 0.7818 (0.0137)

Heritability of phenotype 2/2
-----------------------------
Total Observed scale h2: 0.0079 (0.0092)
Lambda GC: 1.0988
Mean Chi^2: 1.095
Intercept: 1.043 (0.0627)
Ratio: 0.4521 (0.6603)

Genetic Covariance
------------------
Total Observed scale gencov: 0.0284 (0.0197)
Mean z1*z2: -0.0088
Intercept: -0.1931 (0.1292)

Genetic Correlation
-------------------
Genetic Correlation: 0.6321 (0.4886)
Z-score: 1.2937
P: 0.1958


Summary of Genetic Correlation Results
p1                                   p2      rg      se       z       p  h2_obs  h2_obs_se  h2_int  h2_int_se  gcov_int  gcov_int_se
1_RawData/LDSC/mdd_GWAS.sumstats.gz  1_RawData/LDSC/ces_GWAS.sumstats.gz  0.6321  0.4886  1.2937  0.1958  0.0079     0.0092   1.043     0.0627   -0.1931       0.1292

Analysis finished at Fri Nov 30 14:41:36 2018
Total time elapsed: 8.91s
