*********************************************************************
* LD Score Regression (LDSC)
* Version 1.0.0
* (C) 2014-2015 Brendan Bulik-Sullivan and Hilary Finucane
* Broad Institute of MIT and Harvard / MIT Department of Mathematics
* GNU General Public License v3
*********************************************************************
Call: 
./ldsc.py \
--ref-ld-chr /Users/sheaandrews/Programs/ldsc/eur_w_ld_chr/ \
--out 2_DerivedData/LDSC/mdd_aaos \
--rg 1_RawData/LDSC/mdd_GWAS.sumstats.gz,1_RawData/LDSC/aaos_GWAS.sumstats.gz \
--w-ld-chr /Users/sheaandrews/Programs/ldsc/eur_w_ld_chr/ 

Beginning analysis at Fri Nov 30 14:42:58 2018
Reading summary statistics from 1_RawData/LDSC/mdd_GWAS.sumstats.gz ...
Read summary statistics for 2929 SNPs.
Reading reference panel LD Score from /Users/sheaandrews/Programs/ldsc/eur_w_ld_chr/[1-22] ...
Read reference panel LD Scores for 1290028 SNPs.
Removing partitioned LD Scores with zero variance.
Reading regression weight LD Score from /Users/sheaandrews/Programs/ldsc/eur_w_ld_chr/[1-22] ...
Read regression weight LD Scores for 1290028 SNPs.
After merging with reference panel LD, 2925 SNPs remain.
After merging with regression SNP LD, 2925 SNPs remain.
Computing rg for phenotype 2/2
Reading summary statistics from 1_RawData/LDSC/aaos_GWAS.sumstats.gz ...
Read summary statistics for 1217311 SNPs.
After merging with summary statistics, 2925 SNPs remain.
2923 SNPs with valid alleles.
WARNING: number of SNPs less than 200k; this is almost always bad.

Heritability of phenotype 1
---------------------------
Total Observed scale h2: 0.2536 (0.0232)
Lambda GC: 17.5561
Mean Chi^2: 9.3609
Intercept: 7.5332 (0.118)
Ratio: 0.7814 (0.0141)

Heritability of phenotype 2/2
-----------------------------
Total Observed scale h2: 0.4449 (0.1001)
Lambda GC: 1.127
Mean Chi^2: 1.0669
Intercept: 0.8232 (0.0563)
Ratio < 0 (usually indicates GC correction).

Genetic Covariance
------------------
Total Observed scale gencov: 0.0405 (0.0736)
Mean z1*z2: 0.0241
Intercept: -0.0581 (0.1363)

Genetic Correlation
-------------------
Genetic Correlation: 0.1205 (0.2196)
Z-score: 0.5486
P: 0.5833


Summary of Genetic Correlation Results
p1                                    p2      rg      se       z       p  h2_obs  h2_obs_se  h2_int  h2_int_se  gcov_int  gcov_int_se
1_RawData/LDSC/mdd_GWAS.sumstats.gz  1_RawData/LDSC/aaos_GWAS.sumstats.gz  0.1205  0.2196  0.5486  0.5833  0.4449     0.1001  0.8232     0.0563   -0.0581       0.1363

Analysis finished at Fri Nov 30 14:43:08 2018
Total time elapsed: 9.73s
