*********************************************************************
* LD Score Regression (LDSC)
* Version 1.0.0
* (C) 2014-2015 Brendan Bulik-Sullivan and Hilary Finucane
* Broad Institute of MIT and Harvard / MIT Department of Mathematics
* GNU General Public License v3
*********************************************************************
Call: 
./ldsc.py \
--ref-ld-chr /Users/sheaandrews/Programs/ldsc/eur_w_ld_chr/ \
--out 2_DerivedData/LDSC/mdd_dbp \
--rg 1_RawData/LDSC/mdd_GWAS.sumstats.gz,1_RawData/LDSC/dbp_GWAS.sumstats.gz \
--w-ld-chr /Users/sheaandrews/Programs/ldsc/eur_w_ld_chr/ 

Beginning analysis at Fri Nov 30 14:24:07 2018
Reading summary statistics from 1_RawData/LDSC/mdd_GWAS.sumstats.gz ...
Read summary statistics for 2929 SNPs.
Reading reference panel LD Score from /Users/sheaandrews/Programs/ldsc/eur_w_ld_chr/[1-22] ...
Read reference panel LD Scores for 1290028 SNPs.
Removing partitioned LD Scores with zero variance.
Reading regression weight LD Score from /Users/sheaandrews/Programs/ldsc/eur_w_ld_chr/[1-22] ...
Read regression weight LD Scores for 1290028 SNPs.
After merging with reference panel LD, 2925 SNPs remain.
After merging with regression SNP LD, 2925 SNPs remain.
Computing rg for phenotype 2/2
Reading summary statistics from 1_RawData/LDSC/dbp_GWAS.sumstats.gz ...
Read summary statistics for 1217311 SNPs.
After merging with summary statistics, 2925 SNPs remain.
2917 SNPs with valid alleles.
WARNING: number of SNPs less than 200k; this is almost always bad.

Heritability of phenotype 1
---------------------------
Total Observed scale h2: 0.2539 (0.0234)
Lambda GC: 17.5561
Mean Chi^2: 9.3623
Intercept: 7.5313 (0.1188)
Ratio: 0.781 (0.0142)

Heritability of phenotype 2/2
-----------------------------
Total Observed scale h2: 0.1608 (0.0364)
Lambda GC: 1.9465
Mean Chi^2: 2.9152
Intercept: 1.1408 (0.2488)
Ratio: 0.0735 (0.1299)

Genetic Covariance
------------------
Total Observed scale gencov: 0.0346 (0.0279)
Mean z1*z2: 0.0425
Intercept: -0.1878 (0.1935)

Genetic Correlation
-------------------
Genetic Correlation: 0.1712 (0.1433)
Z-score: 1.195
P: 0.2321


Summary of Genetic Correlation Results
p1                                   p2      rg      se      z       p  h2_obs  h2_obs_se  h2_int  h2_int_se  gcov_int  gcov_int_se
1_RawData/LDSC/mdd_GWAS.sumstats.gz  1_RawData/LDSC/dbp_GWAS.sumstats.gz  0.1712  0.1433  1.195  0.2321  0.1608     0.0364  1.1408     0.2488   -0.1878       0.1935

Analysis finished at Fri Nov 30 14:24:15 2018
Total time elapsed: 8.24s
