*********************************************************************
* LD Score Regression (LDSC)
* Version 1.0.0
* (C) 2014-2015 Brendan Bulik-Sullivan and Hilary Finucane
* Broad Institute of MIT and Harvard / MIT Department of Mathematics
* GNU General Public License v3
*********************************************************************
Call: 
./ldsc.py \
--ref-ld-chr /Users/sheaandrews/Programs/ldsc/eur_w_ld_chr/ \
--out 2_DerivedData/LDSC/mdd_insom \
--rg 1_RawData/LDSC/mdd_GWAS.sumstats.gz,1_RawData/LDSC/insom_GWAS.sumstats.gz \
--w-ld-chr /Users/sheaandrews/Programs/ldsc/eur_w_ld_chr/ 

Beginning analysis at Fri Nov 30 14:19:59 2018
Reading summary statistics from 1_RawData/LDSC/mdd_GWAS.sumstats.gz ...
Read summary statistics for 2929 SNPs.
Reading reference panel LD Score from /Users/sheaandrews/Programs/ldsc/eur_w_ld_chr/[1-22] ...
Read reference panel LD Scores for 1290028 SNPs.
Removing partitioned LD Scores with zero variance.
Reading regression weight LD Score from /Users/sheaandrews/Programs/ldsc/eur_w_ld_chr/[1-22] ...
Read regression weight LD Scores for 1290028 SNPs.
After merging with reference panel LD, 2925 SNPs remain.
After merging with regression SNP LD, 2925 SNPs remain.
Computing rg for phenotype 2/2
Reading summary statistics from 1_RawData/LDSC/insom_GWAS.sumstats.gz ...
Read summary statistics for 1217311 SNPs.
After merging with summary statistics, 2925 SNPs remain.
2615 SNPs with valid alleles.
WARNING: number of SNPs less than 200k; this is almost always bad.

Heritability of phenotype 1
---------------------------
Total Observed scale h2: 0.2592 (0.0247)
Lambda GC: 17.6681
Mean Chi^2: 9.4743
Intercept: 7.5297 (0.125)
Ratio: 0.7705 (0.0148)

Heritability of phenotype 2/2
-----------------------------
Total Observed scale h2: 0.1078 (0.0206)
Lambda GC: 1.4459
Mean Chi^2: 1.6301
Intercept: 0.9784 (0.0991)
Ratio < 0 (usually indicates GC correction).

Genetic Covariance
------------------
Total Observed scale gencov: 0.1196 (0.0308)
Mean z1*z2: 1.1004
Intercept: 0.2711 (0.1712)

Genetic Correlation
-------------------
Genetic Correlation: 0.7157 (0.165)
Z-score: 4.3372
P: 1.4430e-05


Summary of Genetic Correlation Results
p1                                     p2      rg     se       z           p  h2_obs  h2_obs_se  h2_int  h2_int_se  gcov_int  gcov_int_se
1_RawData/LDSC/mdd_GWAS.sumstats.gz  1_RawData/LDSC/insom_GWAS.sumstats.gz  0.7157  0.165  4.3372  1.4430e-05  0.1078     0.0206  0.9784     0.0991    0.2711       0.1712

Analysis finished at Fri Nov 30 14:20:08 2018
Total time elapsed: 8.41s
