*********************************************************************
* LD Score Regression (LDSC)
* Version 1.0.0
* (C) 2014-2015 Brendan Bulik-Sullivan and Hilary Finucane
* Broad Institute of MIT and Harvard / MIT Department of Mathematics
* GNU General Public License v3
*********************************************************************
Call: 
./ldsc.py \
--ref-ld-chr /Users/sheaandrews/Programs/ldsc/eur_w_ld_chr/ \
--out 2_DerivedData/LDSC/mdd_pp \
--rg 1_RawData/LDSC/mdd_GWAS.sumstats.gz,1_RawData/LDSC/pp_GWAS.sumstats.gz \
--w-ld-chr /Users/sheaandrews/Programs/ldsc/eur_w_ld_chr/ 

Beginning analysis at Fri Nov 30 14:24:27 2018
Reading summary statistics from 1_RawData/LDSC/mdd_GWAS.sumstats.gz ...
Read summary statistics for 2929 SNPs.
Reading reference panel LD Score from /Users/sheaandrews/Programs/ldsc/eur_w_ld_chr/[1-22] ...
Read reference panel LD Scores for 1290028 SNPs.
Removing partitioned LD Scores with zero variance.
Reading regression weight LD Score from /Users/sheaandrews/Programs/ldsc/eur_w_ld_chr/[1-22] ...
Read regression weight LD Scores for 1290028 SNPs.
After merging with reference panel LD, 2925 SNPs remain.
After merging with regression SNP LD, 2925 SNPs remain.
Computing rg for phenotype 2/2
Reading summary statistics from 1_RawData/LDSC/pp_GWAS.sumstats.gz ...
Read summary statistics for 1217311 SNPs.
After merging with summary statistics, 2925 SNPs remain.
2917 SNPs with valid alleles.
WARNING: number of SNPs less than 200k; this is almost always bad.

Heritability of phenotype 1
---------------------------
Total Observed scale h2: 0.2539 (0.0234)
Lambda GC: 17.5561
Mean Chi^2: 9.3623
Intercept: 7.5313 (0.1188)
Ratio: 0.781 (0.0142)

Heritability of phenotype 2/2
-----------------------------
Total Observed scale h2: 0.1563 (0.023)
Lambda GC: 1.8891
Mean Chi^2: 2.7979
Intercept: 1.0018 (0.1394)
Ratio: 0.001 (0.0775)

Genetic Covariance
------------------
Total Observed scale gencov: 0.0179 (0.0252)
Mean z1*z2: -0.0736
Intercept: -0.2169 (0.1823)

Genetic Correlation
-------------------
Genetic Correlation: 0.0898 (0.126)
Z-score: 0.7128
P: 0.4759


Summary of Genetic Correlation Results
p1                                  p2      rg     se       z       p  h2_obs  h2_obs_se  h2_int  h2_int_se  gcov_int  gcov_int_se
1_RawData/LDSC/mdd_GWAS.sumstats.gz  1_RawData/LDSC/pp_GWAS.sumstats.gz  0.0898  0.126  0.7128  0.4759  0.1563      0.023  1.0018     0.1394   -0.2169       0.1823

Analysis finished at Fri Nov 30 14:24:36 2018
Total time elapsed: 8.4s
