*********************************************************************
* LD Score Regression (LDSC)
* Version 1.0.0
* (C) 2014-2015 Brendan Bulik-Sullivan and Hilary Finucane
* Broad Institute of MIT and Harvard / MIT Department of Mathematics
* GNU General Public License v3
*********************************************************************
Call: 
./ldsc.py \
--ref-ld-chr /Users/sheaandrews/Programs/ldsc/eur_w_ld_chr/ \
--out 2_DerivedData/LDSC/mdd_as \
--rg 1_RawData/LDSC/mdd_GWAS.sumstats.gz,1_RawData/LDSC/as_GWAS.sumstats.gz \
--w-ld-chr /Users/sheaandrews/Programs/ldsc/eur_w_ld_chr/ 

Beginning analysis at Fri Nov 30 14:39:52 2018
Reading summary statistics from 1_RawData/LDSC/mdd_GWAS.sumstats.gz ...
Read summary statistics for 2929 SNPs.
Reading reference panel LD Score from /Users/sheaandrews/Programs/ldsc/eur_w_ld_chr/[1-22] ...
Read reference panel LD Scores for 1290028 SNPs.
Removing partitioned LD Scores with zero variance.
Reading regression weight LD Score from /Users/sheaandrews/Programs/ldsc/eur_w_ld_chr/[1-22] ...
Read regression weight LD Scores for 1290028 SNPs.
After merging with reference panel LD, 2925 SNPs remain.
After merging with regression SNP LD, 2925 SNPs remain.
Computing rg for phenotype 2/2
Reading summary statistics from 1_RawData/LDSC/as_GWAS.sumstats.gz ...
Read summary statistics for 1217311 SNPs.
After merging with summary statistics, 2925 SNPs remain.
2925 SNPs with valid alleles.
WARNING: number of SNPs less than 200k; this is almost always bad.

Heritability of phenotype 1
---------------------------
Total Observed scale h2: 0.2531 (0.0228)
Lambda GC: 17.5561
Mean Chi^2: 9.3595
Intercept: 7.5358 (0.1146)
Ratio: 0.7818 (0.0137)

Heritability of phenotype 2/2
-----------------------------
Total Observed scale h2: 0.0237 (0.0096)
Lambda GC: 1.1779
Mean Chi^2: 1.1514
Intercept: 1.003 (0.0611)
Ratio: 0.02 (0.4037)

Genetic Covariance
------------------
Total Observed scale gencov: 0.0621 (0.0193)
Mean z1*z2: 0.1511
Intercept: -0.236 (0.1273)

Genetic Correlation
-------------------
Genetic Correlation: 0.8023 (0.3102)
Z-score: 2.5864
P: 0.0097


Summary of Genetic Correlation Results
p1                                  p2      rg      se       z       p  h2_obs  h2_obs_se  h2_int  h2_int_se  gcov_int  gcov_int_se
1_RawData/LDSC/mdd_GWAS.sumstats.gz  1_RawData/LDSC/as_GWAS.sumstats.gz  0.8023  0.3102  2.5864  0.0097  0.0237     0.0096   1.003     0.0611    -0.236       0.1273

Analysis finished at Fri Nov 30 14:40:00 2018
Total time elapsed: 8.34s
