*********************************************************************
* LD Score Regression (LDSC)
* Version 1.0.0
* (C) 2014-2015 Brendan Bulik-Sullivan and Hilary Finucane
* Broad Institute of MIT and Harvard / MIT Department of Mathematics
* GNU General Public License v3
*********************************************************************
Call: 
./ldsc.py \
--ref-ld-chr /Users/sheaandrews/Programs/ldsc/eur_w_ld_chr/ \
--out 2_DerivedData/LDSC/mdd_sleep \
--rg 1_RawData/LDSC/mdd_GWAS.sumstats.gz,1_RawData/LDSC/sleep_GWAS.sumstats.gz \
--w-ld-chr /Users/sheaandrews/Programs/ldsc/eur_w_ld_chr/ 

Beginning analysis at Fri Nov 30 14:25:32 2018
Reading summary statistics from 1_RawData/LDSC/mdd_GWAS.sumstats.gz ...
Read summary statistics for 2929 SNPs.
Reading reference panel LD Score from /Users/sheaandrews/Programs/ldsc/eur_w_ld_chr/[1-22] ...
Read reference panel LD Scores for 1290028 SNPs.
Removing partitioned LD Scores with zero variance.
Reading regression weight LD Score from /Users/sheaandrews/Programs/ldsc/eur_w_ld_chr/[1-22] ...
Read regression weight LD Scores for 1290028 SNPs.
After merging with reference panel LD, 2925 SNPs remain.
After merging with regression SNP LD, 2925 SNPs remain.
Computing rg for phenotype 2/2
Reading summary statistics from 1_RawData/LDSC/sleep_GWAS.sumstats.gz ...
Read summary statistics for 1217311 SNPs.
After merging with summary statistics, 2925 SNPs remain.
2900 SNPs with valid alleles.
WARNING: number of SNPs less than 200k; this is almost always bad.

Heritability of phenotype 1
---------------------------
Total Observed scale h2: 0.2521 (0.0221)
Lambda GC: 17.581
Mean Chi^2: 9.3577
Intercept: 7.5435 (0.1141)
Ratio: 0.7829 (0.0136)

Heritability of phenotype 2/2
-----------------------------
Total Observed scale h2: 0.054 (0.052)
Lambda GC: 1.2005
Mean Chi^2: 1.1877
Intercept: 1.0918 (0.0865)
Ratio: 0.4894 (0.4608)

Genetic Covariance
------------------
Total Observed scale gencov: -0.0426 (0.0483)
Mean z1*z2: -0.2078
Intercept: -0.0665 (0.1518)

Genetic Correlation
-------------------
Genetic Correlation: -0.3652 (0.4541)
Z-score: -0.8042
P: 0.4213


Summary of Genetic Correlation Results
p1                                     p2      rg      se       z       p  h2_obs  h2_obs_se  h2_int  h2_int_se  gcov_int  gcov_int_se
1_RawData/LDSC/mdd_GWAS.sumstats.gz  1_RawData/LDSC/sleep_GWAS.sumstats.gz -0.3652  0.4541 -0.8042  0.4213   0.054      0.052  1.0918     0.0865   -0.0665       0.1518

Analysis finished at Fri Nov 30 14:25:42 2018
Total time elapsed: 10.13s
