*********************************************************************
* LD Score Regression (LDSC)
* Version 1.0.0
* (C) 2014-2015 Brendan Bulik-Sullivan and Hilary Finucane
* Broad Institute of MIT and Harvard / MIT Department of Mathematics
* GNU General Public License v3
*********************************************************************
Call: 
./ldsc.py \
--ref-ld-chr /Users/sheaandrews/Programs/ldsc/eur_w_ld_chr/ \
--out 2_DerivedData/LDSC/mdd_bmi \
--rg 1_RawData/LDSC/mdd_GWAS.sumstats.gz,1_RawData/LDSC/bmi_GWAS.sumstats.gz \
--w-ld-chr /Users/sheaandrews/Programs/ldsc/eur_w_ld_chr/ 

Beginning analysis at Fri Nov 30 14:22:33 2018
Reading summary statistics from 1_RawData/LDSC/mdd_GWAS.sumstats.gz ...
Read summary statistics for 2929 SNPs.
Reading reference panel LD Score from /Users/sheaandrews/Programs/ldsc/eur_w_ld_chr/[1-22] ...
Read reference panel LD Scores for 1290028 SNPs.
Removing partitioned LD Scores with zero variance.
Reading regression weight LD Score from /Users/sheaandrews/Programs/ldsc/eur_w_ld_chr/[1-22] ...
Read regression weight LD Scores for 1290028 SNPs.
After merging with reference panel LD, 2925 SNPs remain.
After merging with regression SNP LD, 2925 SNPs remain.
Computing rg for phenotype 2/2
Reading summary statistics from 1_RawData/LDSC/bmi_GWAS.sumstats.gz ...
Read summary statistics for 1217311 SNPs.
After merging with summary statistics, 2925 SNPs remain.
2447 SNPs with valid alleles.
WARNING: number of SNPs less than 200k; this is almost always bad.

Heritability of phenotype 1
---------------------------
Total Observed scale h2: 0.2559 (0.0224)
Lambda GC: 17.6058
Mean Chi^2: 9.3997
Intercept: 7.4989 (0.1286)
Ratio: 0.7737 (0.0153)

Heritability of phenotype 2/2
-----------------------------
Total Observed scale h2: 0.3444 (0.0514)
Lambda GC: 2.9072
Mean Chi^2: 4.2536
Intercept: 0.6744 (0.2151)
Ratio < 0 (usually indicates GC correction).

Genetic Covariance
------------------
Total Observed scale gencov: 0.0692 (0.0435)
Mean z1*z2: 1.0511
Intercept: 0.3073 (0.2738)

Genetic Correlation
-------------------
Genetic Correlation: 0.2331 (0.1387)
Z-score: 1.6809
P: 0.0928


Summary of Genetic Correlation Results
p1                                   p2      rg      se       z       p  h2_obs  h2_obs_se  h2_int  h2_int_se  gcov_int  gcov_int_se
1_RawData/LDSC/mdd_GWAS.sumstats.gz  1_RawData/LDSC/bmi_GWAS.sumstats.gz  0.2331  0.1387  1.6809  0.0928  0.3444     0.0514  0.6744     0.2151    0.3073       0.2738

Analysis finished at Fri Nov 30 14:22:42 2018
Total time elapsed: 8.3s
