*********************************************************************
* LD Score Regression (LDSC)
* Version 1.0.0
* (C) 2014-2015 Brendan Bulik-Sullivan and Hilary Finucane
* Broad Institute of MIT and Harvard / MIT Department of Mathematics
* GNU General Public License v3
*********************************************************************
Call: 
./ldsc.py \
--ref-ld-chr /Users/sheaandrews/Programs/ldsc/eur_w_ld_chr/ \
--out 2_DerivedData/LDSC/mdd_alcc \
--rg 1_RawData/LDSC/mdd_GWAS.sumstats.gz,1_RawData/LDSC/alcc_GWAS.sumstats.gz \
--w-ld-chr /Users/sheaandrews/Programs/ldsc/eur_w_ld_chr/ 

Beginning analysis at Fri Nov 30 14:22:04 2018
Reading summary statistics from 1_RawData/LDSC/mdd_GWAS.sumstats.gz ...
Read summary statistics for 2929 SNPs.
Reading reference panel LD Score from /Users/sheaandrews/Programs/ldsc/eur_w_ld_chr/[1-22] ...
Read reference panel LD Scores for 1290028 SNPs.
Removing partitioned LD Scores with zero variance.
Reading regression weight LD Score from /Users/sheaandrews/Programs/ldsc/eur_w_ld_chr/[1-22] ...
Read regression weight LD Scores for 1290028 SNPs.
After merging with reference panel LD, 2925 SNPs remain.
After merging with regression SNP LD, 2925 SNPs remain.
Computing rg for phenotype 2/2
Reading summary statistics from 1_RawData/LDSC/alcc_GWAS.sumstats.gz ...
Read summary statistics for 1217311 SNPs.
After merging with summary statistics, 2925 SNPs remain.
2739 SNPs with valid alleles.
WARNING: number of SNPs less than 200k; this is almost always bad.

Heritability of phenotype 1
---------------------------
Total Observed scale h2: 0.2618 (0.023)
Lambda GC: 17.6058
Mean Chi^2: 9.4061
Intercept: 7.5198 (0.1215)
Ratio: 0.7756 (0.0145)

Heritability of phenotype 2/2
-----------------------------
Total Observed scale h2: 0.1576 (0.0457)
Lambda GC: 1.1491
Mean Chi^2: 1.2287
Intercept: 0.9849 (0.0717)
Ratio < 0 (usually indicates GC correction).

Genetic Covariance
------------------
Total Observed scale gencov: -0.055 (0.0475)
Mean z1*z2: -0.0965
Intercept: 0.0759 (0.148)

Genetic Correlation
-------------------
Genetic Correlation: -0.2708 (0.2385)
Z-score: -1.1356
P: 0.2561


Summary of Genetic Correlation Results
p1                                    p2      rg      se       z       p  h2_obs  h2_obs_se  h2_int  h2_int_se  gcov_int  gcov_int_se
1_RawData/LDSC/mdd_GWAS.sumstats.gz  1_RawData/LDSC/alcc_GWAS.sumstats.gz -0.2708  0.2385 -1.1356  0.2561  0.1576     0.0457  0.9849     0.0717    0.0759        0.148

Analysis finished at Fri Nov 30 14:22:12 2018
Total time elapsed: 8.2s
