*********************************************************************
* LD Score Regression (LDSC)
* Version 1.0.0
* (C) 2014-2015 Brendan Bulik-Sullivan and Hilary Finucane
* Broad Institute of MIT and Harvard / MIT Department of Mathematics
* GNU General Public License v3
*********************************************************************
Call: 
./ldsc.py \
--ref-ld-chr /Users/sheaandrews/Programs/ldsc/eur_w_ld_chr/ \
--out 2_DerivedData/LDSC/mdd_evrsmk \
--rg 1_RawData/LDSC/mdd_GWAS.sumstats.gz,1_RawData/LDSC/evrsmk_GWAS.sumstats.gz \
--w-ld-chr /Users/sheaandrews/Programs/ldsc/eur_w_ld_chr/ 

Beginning analysis at Fri Nov 30 14:34:24 2018
Reading summary statistics from 1_RawData/LDSC/mdd_GWAS.sumstats.gz ...
Read summary statistics for 2929 SNPs.
Reading reference panel LD Score from /Users/sheaandrews/Programs/ldsc/eur_w_ld_chr/[1-22] ...
Read reference panel LD Scores for 1290028 SNPs.
Removing partitioned LD Scores with zero variance.
Reading regression weight LD Score from /Users/sheaandrews/Programs/ldsc/eur_w_ld_chr/[1-22] ...
Read regression weight LD Scores for 1290028 SNPs.
After merging with reference panel LD, 2925 SNPs remain.
After merging with regression SNP LD, 2925 SNPs remain.
Computing rg for phenotype 2/2
Reading summary statistics from 1_RawData/LDSC/evrsmk_GWAS.sumstats.gz ...
Read summary statistics for 1217311 SNPs.
After merging with summary statistics, 2925 SNPs remain.
2909 SNPs with valid alleles.
WARNING: number of SNPs less than 200k; this is almost always bad.

Heritability of phenotype 1
---------------------------
Total Observed scale h2: 0.252 (0.0228)
Lambda GC: 17.5561
Mean Chi^2: 9.3587
Intercept: 7.5384 (0.1144)
Ratio: 0.7822 (0.0137)

Heritability of phenotype 2/2
-----------------------------
Total Observed scale h2: 0.1027 (0.0268)
Lambda GC: 1.5401
Mean Chi^2: 1.7023
Intercept: 1.1222 (0.1233)
Ratio: 0.174 (0.1756)

Genetic Covariance
------------------
Total Observed scale gencov: 0.169 (0.0371)
Mean z1*z2: 0.9019
Intercept: -0.0893 (0.1898)

Genetic Correlation
-------------------
Genetic Correlation: 1.0503 (0.2596)
Z-score: 4.0462
P: 5.2049e-05


Summary of Genetic Correlation Results
p1                                      p2      rg      se       z           p  h2_obs  h2_obs_se  h2_int  h2_int_se  gcov_int  gcov_int_se
1_RawData/LDSC/mdd_GWAS.sumstats.gz  1_RawData/LDSC/evrsmk_GWAS.sumstats.gz  1.0503  0.2596  4.0462  5.2049e-05  0.1027     0.0268  1.1222     0.1233   -0.0893       0.1898

Analysis finished at Fri Nov 30 14:34:32 2018
Total time elapsed: 8.49s
