*********************************************************************
* LD Score Regression (LDSC)
* Version 1.0.0
* (C) 2014-2015 Brendan Bulik-Sullivan and Hilary Finucane
* Broad Institute of MIT and Harvard / MIT Department of Mathematics
* GNU General Public License v3
*********************************************************************
Call: 
./ldsc.py \
--ref-ld-chr /Users/sheaandrews/Programs/ldsc/eur_w_ld_chr/ \
--out 2_DerivedData/LDSC/mdd_audit \
--rg 1_RawData/LDSC/mdd_GWAS.sumstats.gz,1_RawData/LDSC/audit_GWAS.sumstats.gz \
--w-ld-chr /Users/sheaandrews/Programs/ldsc/eur_w_ld_chr/ 

Beginning analysis at Fri Nov 30 14:20:41 2018
Reading summary statistics from 1_RawData/LDSC/mdd_GWAS.sumstats.gz ...
Read summary statistics for 2929 SNPs.
Reading reference panel LD Score from /Users/sheaandrews/Programs/ldsc/eur_w_ld_chr/[1-22] ...
Read reference panel LD Scores for 1290028 SNPs.
Removing partitioned LD Scores with zero variance.
Reading regression weight LD Score from /Users/sheaandrews/Programs/ldsc/eur_w_ld_chr/[1-22] ...
Read regression weight LD Scores for 1290028 SNPs.
After merging with reference panel LD, 2925 SNPs remain.
After merging with regression SNP LD, 2925 SNPs remain.
Computing rg for phenotype 2/2
Reading summary statistics from 1_RawData/LDSC/audit_GWAS.sumstats.gz ...
Read summary statistics for 1217311 SNPs.
After merging with summary statistics, 2925 SNPs remain.
2889 SNPs with valid alleles.
WARNING: number of SNPs less than 200k; this is almost always bad.

Heritability of phenotype 1
---------------------------
Total Observed scale h2: 0.2537 (0.0224)
Lambda GC: 17.5561
Mean Chi^2: 9.3653
Intercept: 7.5318 (0.1131)
Ratio: 0.7808 (0.0135)

Heritability of phenotype 2/2
-----------------------------
Total Observed scale h2: 0.2112 (0.0517)
Lambda GC: 1.2464
Mean Chi^2: 1.2962
Intercept: 0.9279 (0.0799)
Ratio < 0 (usually indicates GC correction).

Genetic Covariance
------------------
Total Observed scale gencov: 0.006 (0.0539)
Mean z1*z2: -0.1039
Intercept: -0.1066 (0.1667)

Genetic Correlation
-------------------
Genetic Correlation: 0.026 (0.2299)
Z-score: 0.113
P: 0.91


Summary of Genetic Correlation Results
p1                                     p2     rg      se      z     p  h2_obs  h2_obs_se  h2_int  h2_int_se  gcov_int  gcov_int_se
1_RawData/LDSC/mdd_GWAS.sumstats.gz  1_RawData/LDSC/audit_GWAS.sumstats.gz  0.026  0.2299  0.113  0.91  0.2112     0.0517  0.9279     0.0799   -0.1066       0.1667

Analysis finished at Fri Nov 30 14:20:49 2018
Total time elapsed: 8.55s
