*********************************************************************
* LD Score Regression (LDSC)
* Version 1.0.0
* (C) 2014-2015 Brendan Bulik-Sullivan and Hilary Finucane
* Broad Institute of MIT and Harvard / MIT Department of Mathematics
* GNU General Public License v3
*********************************************************************
Call: 
./ldsc.py \
--ref-ld-chr /Users/sheaandrews/Programs/ldsc/eur_w_ld_chr/ \
--out 2_DerivedData/LDSC/mvpa_alcc \
--rg 1_RawData/LDSC/mvpa_GWAS.sumstats.gz,1_RawData/LDSC/alcc_GWAS.sumstats.gz \
--w-ld-chr /Users/sheaandrews/Programs/ldsc/eur_w_ld_chr/ 

Beginning analysis at Fri Nov 30 10:25:08 2018
Reading summary statistics from 1_RawData/LDSC/mvpa_GWAS.sumstats.gz ...
Read summary statistics for 1183062 SNPs.
Reading reference panel LD Score from /Users/sheaandrews/Programs/ldsc/eur_w_ld_chr/[1-22] ...
Read reference panel LD Scores for 1290028 SNPs.
Removing partitioned LD Scores with zero variance.
Reading regression weight LD Score from /Users/sheaandrews/Programs/ldsc/eur_w_ld_chr/[1-22] ...
Read regression weight LD Scores for 1290028 SNPs.
After merging with reference panel LD, 1176258 SNPs remain.
After merging with regression SNP LD, 1176258 SNPs remain.
Computing rg for phenotype 2/2
Reading summary statistics from 1_RawData/LDSC/alcc_GWAS.sumstats.gz ...
Read summary statistics for 1217311 SNPs.
After merging with summary statistics, 1176258 SNPs remain.
1079080 SNPs with valid alleles.

Heritability of phenotype 1
---------------------------
Total Observed scale h2: 0.0474 (0.0023)
Lambda GC: 1.3101
Mean Chi^2: 1.3597
Intercept: 1.0114 (0.009)
Ratio: 0.0318 (0.0251)

Heritability of phenotype 2/2
-----------------------------
Total Observed scale h2: 0.0795 (0.0063)
Lambda GC: 1.1587
Mean Chi^2: 1.1878
Intercept: 1.0126 (0.0081)
Ratio: 0.0669 (0.0433)

Genetic Covariance
------------------
Total Observed scale gencov: 0.0005 (0.0026)
Mean z1*z2: 0.0062
Intercept: 0.0021 (0.0057)

Genetic Correlation
-------------------
Genetic Correlation: 0.0081 (0.0425)
Z-score: 0.1915
P: 0.8482


Summary of Genetic Correlation Results
p1                                    p2      rg      se       z       p  h2_obs  h2_obs_se  h2_int  h2_int_se  gcov_int  gcov_int_se
1_RawData/LDSC/mvpa_GWAS.sumstats.gz  1_RawData/LDSC/alcc_GWAS.sumstats.gz  0.0081  0.0425  0.1915  0.8482  0.0795     0.0063  1.0126     0.0081    0.0021       0.0057

Analysis finished at Fri Nov 30 10:25:21 2018
Total time elapsed: 12.52s
