*********************************************************************
* LD Score Regression (LDSC)
* Version 1.0.0
* (C) 2014-2015 Brendan Bulik-Sullivan and Hilary Finucane
* Broad Institute of MIT and Harvard / MIT Department of Mathematics
* GNU General Public License v3
*********************************************************************
Call: 
./ldsc.py \
--ref-ld-chr /Users/sheaandrews/Programs/ldsc/eur_w_ld_chr/ \
--out 2_DerivedData/LDSC/mvpa_insom \
--rg 1_RawData/LDSC/mvpa_GWAS.sumstats.gz,1_RawData/LDSC/insom_GWAS.sumstats.gz \
--w-ld-chr /Users/sheaandrews/Programs/ldsc/eur_w_ld_chr/ 

Beginning analysis at Fri Nov 30 09:57:30 2018
Reading summary statistics from 1_RawData/LDSC/mvpa_GWAS.sumstats.gz ...
Read summary statistics for 1183062 SNPs.
Reading reference panel LD Score from /Users/sheaandrews/Programs/ldsc/eur_w_ld_chr/[1-22] ...
Read reference panel LD Scores for 1290028 SNPs.
Removing partitioned LD Scores with zero variance.
Reading regression weight LD Score from /Users/sheaandrews/Programs/ldsc/eur_w_ld_chr/[1-22] ...
Read regression weight LD Scores for 1290028 SNPs.
After merging with reference panel LD, 1176258 SNPs remain.
After merging with regression SNP LD, 1176258 SNPs remain.
Computing rg for phenotype 2/2
Reading summary statistics from 1_RawData/LDSC/insom_GWAS.sumstats.gz ...
Read summary statistics for 1217311 SNPs.
After merging with summary statistics, 1176258 SNPs remain.
1129875 SNPs with valid alleles.

Heritability of phenotype 1
---------------------------
Total Observed scale h2: 0.0464 (0.0022)
Lambda GC: 1.3101
Mean Chi^2: 1.3563
Intercept: 1.0111 (0.0083)
Ratio: 0.0311 (0.0234)

Heritability of phenotype 2/2
-----------------------------
Total Observed scale h2: 0.0459 (0.0021)
Lambda GC: 1.3101
Mean Chi^2: 1.3659
Intercept: 1.0141 (0.009)
Ratio: 0.0386 (0.0247)

Genetic Covariance
------------------
Total Observed scale gencov: -0.0006 (0.0015)
Mean z1*z2: -0.0455
Intercept: -0.0413 (0.0057)

Genetic Correlation
-------------------
Genetic Correlation: -0.0134 (0.0331)
Z-score: -0.4052
P: 0.6853


Summary of Genetic Correlation Results
p1                                     p2      rg      se       z       p  h2_obs  h2_obs_se  h2_int  h2_int_se  gcov_int  gcov_int_se
1_RawData/LDSC/mvpa_GWAS.sumstats.gz  1_RawData/LDSC/insom_GWAS.sumstats.gz -0.0134  0.0331 -0.4052  0.6853  0.0459     0.0021  1.0141      0.009   -0.0413       0.0057

Analysis finished at Fri Nov 30 09:57:42 2018
Total time elapsed: 12.4s
