*********************************************************************
* LD Score Regression (LDSC)
* Version 1.0.0
* (C) 2014-2015 Brendan Bulik-Sullivan and Hilary Finucane
* Broad Institute of MIT and Harvard / MIT Department of Mathematics
* GNU General Public License v3
*********************************************************************
Call: 
./ldsc.py \
--ref-ld-chr /Users/sheaandrews/Programs/ldsc/eur_w_ld_chr/ \
--out 2_DerivedData/LDSC/mvpa_mvpa \
--rg 1_RawData/LDSC/mvpa_GWAS.sumstats.gz,1_RawData/LDSC/mvpa_GWAS.sumstats.gz \
--w-ld-chr /Users/sheaandrews/Programs/ldsc/eur_w_ld_chr/ 

Beginning analysis at Fri Nov 30 14:19:34 2018
Reading summary statistics from 1_RawData/LDSC/mvpa_GWAS.sumstats.gz ...
Read summary statistics for 1183062 SNPs.
Reading reference panel LD Score from /Users/sheaandrews/Programs/ldsc/eur_w_ld_chr/[1-22] ...
Read reference panel LD Scores for 1290028 SNPs.
Removing partitioned LD Scores with zero variance.
Reading regression weight LD Score from /Users/sheaandrews/Programs/ldsc/eur_w_ld_chr/[1-22] ...
Read regression weight LD Scores for 1290028 SNPs.
After merging with reference panel LD, 1176258 SNPs remain.
After merging with regression SNP LD, 1176258 SNPs remain.
Computing rg for phenotype 2/2
Reading summary statistics from 1_RawData/LDSC/mvpa_GWAS.sumstats.gz ...
Read summary statistics for 1217311 SNPs.
After merging with summary statistics, 1176258 SNPs remain.
1176258 SNPs with valid alleles.

Heritability of phenotype 1
---------------------------
Total Observed scale h2: 0.046 (0.0023)
Lambda GC: 1.3101
Mean Chi^2: 1.3503
Intercept: 1.0134 (0.0089)
Ratio: 0.0383 (0.0255)

Heritability of phenotype 2/2
-----------------------------
Total Observed scale h2: 0.046 (0.0023)
Lambda GC: 1.3101
Mean Chi^2: 1.3503
Intercept: 1.0134 (0.0089)
Ratio: 0.0383 (0.0255)

Genetic Covariance
------------------
Total Observed scale gencov: 0.046 (0.0023)
Mean z1*z2: 1.3503
Intercept: 1.0134 (0.0089)

Genetic Correlation
-------------------
Genetic Correlation: 1. (8.6047e-08)
Z-score: 11621564.2993
P: 0.


Summary of Genetic Correlation Results
p1                                    p2   rg          se           z    p  h2_obs  h2_obs_se  h2_int  h2_int_se  gcov_int  gcov_int_se
1_RawData/LDSC/mvpa_GWAS.sumstats.gz  1_RawData/LDSC/mvpa_GWAS.sumstats.gz  1.0  8.6047e-08  1.1622e+07  0.0   0.046     0.0023  1.0134     0.0089    1.0134       0.0089

Analysis finished at Fri Nov 30 14:19:47 2018
Total time elapsed: 13.49s
