*********************************************************************
* LD Score Regression (LDSC)
* Version 1.0.0
* (C) 2014-2015 Brendan Bulik-Sullivan and Hilary Finucane
* Broad Institute of MIT and Harvard / MIT Department of Mathematics
* GNU General Public License v3
*********************************************************************
Call: 
./ldsc.py \
--ref-ld-chr /Users/sheaandrews/Programs/ldsc/eur_w_ld_chr/ \
--out 2_DerivedData/LDSC/mvpa_pp \
--rg 1_RawData/LDSC/mvpa_GWAS.sumstats.gz,1_RawData/LDSC/pp_GWAS.sumstats.gz \
--w-ld-chr /Users/sheaandrews/Programs/ldsc/eur_w_ld_chr/ 

Beginning analysis at Fri Nov 30 11:39:05 2018
Reading summary statistics from 1_RawData/LDSC/mvpa_GWAS.sumstats.gz ...
Read summary statistics for 1183062 SNPs.
Reading reference panel LD Score from /Users/sheaandrews/Programs/ldsc/eur_w_ld_chr/[1-22] ...
Read reference panel LD Scores for 1290028 SNPs.
Removing partitioned LD Scores with zero variance.
Reading regression weight LD Score from /Users/sheaandrews/Programs/ldsc/eur_w_ld_chr/[1-22] ...
Read regression weight LD Scores for 1290028 SNPs.
After merging with reference panel LD, 1176258 SNPs remain.
After merging with regression SNP LD, 1176258 SNPs remain.
Computing rg for phenotype 2/2
Reading summary statistics from 1_RawData/LDSC/pp_GWAS.sumstats.gz ...
Read summary statistics for 1217311 SNPs.
After merging with summary statistics, 1176258 SNPs remain.
1167407 SNPs with valid alleles.

Heritability of phenotype 1
---------------------------
Total Observed scale h2: 0.0459 (0.0024)
Lambda GC: 1.3101
Mean Chi^2: 1.3522
Intercept: 1.014 (0.0094)
Ratio: 0.0398 (0.0267)

Heritability of phenotype 2/2
-----------------------------
Total Observed scale h2: 0.1219 (0.005)
Lambda GC: 1.9095
Mean Chi^2: 2.7919
Intercept: 1.0254 (0.0279)
Ratio: 0.0142 (0.0156)

Genetic Covariance
------------------
Total Observed scale gencov: 0.0019 (0.0017)
Mean z1*z2: 0.0453
Intercept: 0.0234 (0.0078)

Genetic Correlation
-------------------
Genetic Correlation: 0.026 (0.0231)
Z-score: 1.1223
P: 0.2617


Summary of Genetic Correlation Results
p1                                  p2     rg      se       z       p  h2_obs  h2_obs_se  h2_int  h2_int_se  gcov_int  gcov_int_se
1_RawData/LDSC/mvpa_GWAS.sumstats.gz  1_RawData/LDSC/pp_GWAS.sumstats.gz  0.026  0.0231  1.1223  0.2617  0.1219      0.005  1.0254     0.0279    0.0234       0.0078

Analysis finished at Fri Nov 30 11:39:17 2018
Total time elapsed: 12.38s
