*********************************************************************
* LD Score Regression (LDSC)
* Version 1.0.0
* (C) 2014-2015 Brendan Bulik-Sullivan and Hilary Finucane
* Broad Institute of MIT and Harvard / MIT Department of Mathematics
* GNU General Public License v3
*********************************************************************
Call: 
./ldsc.py \
--ref-ld-chr /Users/sheaandrews/Programs/ldsc/eur_w_ld_chr/ \
--out 2_DerivedData/LDSC/mvpa_hdl \
--rg 1_RawData/LDSC/mvpa_GWAS.sumstats.gz,1_RawData/LDSC/hdl_GWAS.sumstats.gz \
--w-ld-chr /Users/sheaandrews/Programs/ldsc/eur_w_ld_chr/ 

Beginning analysis at Fri Nov 30 12:18:30 2018
Reading summary statistics from 1_RawData/LDSC/mvpa_GWAS.sumstats.gz ...
Read summary statistics for 1183062 SNPs.
Reading reference panel LD Score from /Users/sheaandrews/Programs/ldsc/eur_w_ld_chr/[1-22] ...
Read reference panel LD Scores for 1290028 SNPs.
Removing partitioned LD Scores with zero variance.
Reading regression weight LD Score from /Users/sheaandrews/Programs/ldsc/eur_w_ld_chr/[1-22] ...
Read regression weight LD Scores for 1290028 SNPs.
After merging with reference panel LD, 1176258 SNPs remain.
After merging with regression SNP LD, 1176258 SNPs remain.
Computing rg for phenotype 2/2
Reading summary statistics from 1_RawData/LDSC/hdl_GWAS.sumstats.gz ...
Read summary statistics for 1217311 SNPs.
After merging with summary statistics, 1176258 SNPs remain.
1028023 SNPs with valid alleles.

Heritability of phenotype 1
---------------------------
Total Observed scale h2: 0.0459 (0.0025)
Lambda GC: 1.3101
Mean Chi^2: 1.3512
Intercept: 1.0141 (0.0101)
Ratio: 0.0402 (0.0286)

Heritability of phenotype 2/2
-----------------------------
Total Observed scale h2: 0.2367 (0.0362)
Lambda GC: 1.0195
Mean Chi^2: 1.2085
Intercept: 0.8106 (0.0271)
Ratio < 0 (usually indicates GC correction).

Genetic Covariance
------------------
Total Observed scale gencov: 0.0029 (0.0027)
Mean z1*z2: 0.0205
Intercept: 0.0053 (0.0054)

Genetic Correlation
-------------------
Genetic Correlation: 0.0274 (0.0256)
Z-score: 1.0691
P: 0.285


Summary of Genetic Correlation Results
p1                                   p2      rg      se       z      p  h2_obs  h2_obs_se  h2_int  h2_int_se  gcov_int  gcov_int_se
1_RawData/LDSC/mvpa_GWAS.sumstats.gz  1_RawData/LDSC/hdl_GWAS.sumstats.gz  0.0274  0.0256  1.0691  0.285  0.2367     0.0362  0.8106     0.0271    0.0053       0.0054

Analysis finished at Fri Nov 30 12:18:44 2018
Total time elapsed: 13.43s
