*********************************************************************
* LD Score Regression (LDSC)
* Version 1.0.0
* (C) 2014-2015 Brendan Bulik-Sullivan and Hilary Finucane
* Broad Institute of MIT and Harvard / MIT Department of Mathematics
* GNU General Public License v3
*********************************************************************
Call: 
./ldsc.py \
--ref-ld-chr /Users/sheaandrews/Programs/ldsc/eur_w_ld_chr/ \
--out 2_DerivedData/LDSC/mvpa_tc \
--rg 1_RawData/LDSC/mvpa_GWAS.sumstats.gz,1_RawData/LDSC/tc_GWAS.sumstats.gz \
--w-ld-chr /Users/sheaandrews/Programs/ldsc/eur_w_ld_chr/ 

Beginning analysis at Fri Nov 30 12:19:29 2018
Reading summary statistics from 1_RawData/LDSC/mvpa_GWAS.sumstats.gz ...
Read summary statistics for 1183062 SNPs.
Reading reference panel LD Score from /Users/sheaandrews/Programs/ldsc/eur_w_ld_chr/[1-22] ...
Read reference panel LD Scores for 1290028 SNPs.
Removing partitioned LD Scores with zero variance.
Reading regression weight LD Score from /Users/sheaandrews/Programs/ldsc/eur_w_ld_chr/[1-22] ...
Read regression weight LD Scores for 1290028 SNPs.
After merging with reference panel LD, 1176258 SNPs remain.
After merging with regression SNP LD, 1176258 SNPs remain.
Computing rg for phenotype 2/2
Reading summary statistics from 1_RawData/LDSC/tc_GWAS.sumstats.gz ...
Read summary statistics for 1217311 SNPs.
After merging with summary statistics, 1176258 SNPs remain.
1027907 SNPs with valid alleles.

Heritability of phenotype 1
---------------------------
Total Observed scale h2: 0.046 (0.0025)
Lambda GC: 1.3101
Mean Chi^2: 1.3513
Intercept: 1.0136 (0.0101)
Ratio: 0.0389 (0.0288)

Heritability of phenotype 2/2
-----------------------------
Total Observed scale h2: 0.2155 (0.046)
Lambda GC: 1.0135
Mean Chi^2: 1.2335
Intercept: 0.8658 (0.0643)
Ratio < 0 (usually indicates GC correction).

Genetic Covariance
------------------
Total Observed scale gencov: -0.0032 (0.003)
Mean z1*z2: 0.0004
Intercept: 0.0073 (0.0078)

Genetic Correlation
-------------------
Genetic Correlation: -0.0321 (0.0301)
Z-score: -1.067
P: 0.286


Summary of Genetic Correlation Results
p1                                  p2      rg      se      z      p  h2_obs  h2_obs_se  h2_int  h2_int_se  gcov_int  gcov_int_se
1_RawData/LDSC/mvpa_GWAS.sumstats.gz  1_RawData/LDSC/tc_GWAS.sumstats.gz -0.0321  0.0301 -1.067  0.286  0.2155      0.046  0.8658     0.0643    0.0073       0.0078

Analysis finished at Fri Nov 30 12:19:42 2018
Total time elapsed: 13.7s
