*********************************************************************
* LD Score Regression (LDSC)
* Version 1.0.0
* (C) 2014-2015 Brendan Bulik-Sullivan and Hilary Finucane
* Broad Institute of MIT and Harvard / MIT Department of Mathematics
* GNU General Public License v3
*********************************************************************
Call: 
./ldsc.py \
--ref-ld-chr /Users/sheaandrews/Programs/ldsc/eur_w_ld_chr/ \
--out 2_DerivedData/LDSC/mvpa_sleep \
--rg 1_RawData/LDSC/mvpa_GWAS.sumstats.gz,1_RawData/LDSC/sleep_GWAS.sumstats.gz \
--w-ld-chr /Users/sheaandrews/Programs/ldsc/eur_w_ld_chr/ 

Beginning analysis at Fri Nov 30 11:54:26 2018
Reading summary statistics from 1_RawData/LDSC/mvpa_GWAS.sumstats.gz ...
Read summary statistics for 1183062 SNPs.
Reading reference panel LD Score from /Users/sheaandrews/Programs/ldsc/eur_w_ld_chr/[1-22] ...
Read reference panel LD Scores for 1290028 SNPs.
Removing partitioned LD Scores with zero variance.
Reading regression weight LD Score from /Users/sheaandrews/Programs/ldsc/eur_w_ld_chr/[1-22] ...
Read regression weight LD Scores for 1290028 SNPs.
After merging with reference panel LD, 1176258 SNPs remain.
After merging with regression SNP LD, 1176258 SNPs remain.
Computing rg for phenotype 2/2
Reading summary statistics from 1_RawData/LDSC/sleep_GWAS.sumstats.gz ...
Read summary statistics for 1217311 SNPs.
After merging with summary statistics, 1176258 SNPs remain.
1168763 SNPs with valid alleles.

Heritability of phenotype 1
---------------------------
Total Observed scale h2: 0.046 (0.0022)
Lambda GC: 1.3101
Mean Chi^2: 1.3505
Intercept: 1.0134 (0.009)
Ratio: 0.0384 (0.0256)

Heritability of phenotype 2/2
-----------------------------
Total Observed scale h2: 0.0578 (0.0059)
Lambda GC: 1.1144
Mean Chi^2: 1.1403
Intercept: 1.0127 (0.0077)
Ratio: 0.0907 (0.055)

Genetic Covariance
------------------
Total Observed scale gencov: -3.8111e-05 (0.0023)
Mean z1*z2: -0.0061
Intercept: -0.0056 (0.0054)

Genetic Correlation
-------------------
Genetic Correlation: -0.0007 (0.0444)
Z-score: -0.0167
P: 0.9867


Summary of Genetic Correlation Results
p1                                     p2      rg      se       z       p  h2_obs  h2_obs_se  h2_int  h2_int_se  gcov_int  gcov_int_se
1_RawData/LDSC/mvpa_GWAS.sumstats.gz  1_RawData/LDSC/sleep_GWAS.sumstats.gz -0.0007  0.0444 -0.0167  0.9867  0.0578     0.0059  1.0127     0.0077   -0.0056       0.0054

Analysis finished at Fri Nov 30 11:54:43 2018
Total time elapsed: 17.03s
