*********************************************************************
* LD Score Regression (LDSC)
* Version 1.0.0
* (C) 2014-2015 Brendan Bulik-Sullivan and Hilary Finucane
* Broad Institute of MIT and Harvard / MIT Department of Mathematics
* GNU General Public License v3
*********************************************************************
Call: 
./ldsc.py \
--ref-ld-chr /Users/sheaandrews/Programs/ldsc/eur_w_ld_chr/ \
--out 2_DerivedData/LDSC/mvpa_sbp \
--rg 1_RawData/LDSC/mvpa_GWAS.sumstats.gz,1_RawData/LDSC/sbp_GWAS.sumstats.gz \
--w-ld-chr /Users/sheaandrews/Programs/ldsc/eur_w_ld_chr/ 

Beginning analysis at Fri Nov 30 11:34:32 2018
Reading summary statistics from 1_RawData/LDSC/mvpa_GWAS.sumstats.gz ...
Read summary statistics for 1183062 SNPs.
Reading reference panel LD Score from /Users/sheaandrews/Programs/ldsc/eur_w_ld_chr/[1-22] ...
Read reference panel LD Scores for 1290028 SNPs.
Removing partitioned LD Scores with zero variance.
Reading regression weight LD Score from /Users/sheaandrews/Programs/ldsc/eur_w_ld_chr/[1-22] ...
Read regression weight LD Scores for 1290028 SNPs.
After merging with reference panel LD, 1176258 SNPs remain.
After merging with regression SNP LD, 1176258 SNPs remain.
Computing rg for phenotype 2/2
Reading summary statistics from 1_RawData/LDSC/sbp_GWAS.sumstats.gz ...
Read summary statistics for 1217311 SNPs.
After merging with summary statistics, 1176258 SNPs remain.
1167384 SNPs with valid alleles.

Heritability of phenotype 1
---------------------------
Total Observed scale h2: 0.046 (0.0024)
Lambda GC: 1.3101
Mean Chi^2: 1.3522
Intercept: 1.014 (0.0095)
Ratio: 0.0397 (0.0268)

Heritability of phenotype 2/2
-----------------------------
Total Observed scale h2: 0.1397 (0.0059)
Lambda GC: 2.0855
Mean Chi^2: 3.1366
Intercept: 1.0721 (0.0322)
Ratio: 0.0337 (0.0151)

Genetic Covariance
------------------
Total Observed scale gencov: 0.0004 (0.0018)
Mean z1*z2: 0.0071
Intercept: 0.0059 (0.008)

Genetic Correlation
-------------------
Genetic Correlation: 0.0051 (0.0231)
Z-score: 0.2191
P: 0.8266


Summary of Genetic Correlation Results
p1                                   p2      rg      se       z       p  h2_obs  h2_obs_se  h2_int  h2_int_se  gcov_int  gcov_int_se
1_RawData/LDSC/mvpa_GWAS.sumstats.gz  1_RawData/LDSC/sbp_GWAS.sumstats.gz  0.0051  0.0231  0.2191  0.8266  0.1397     0.0059  1.0721     0.0322    0.0059        0.008

Analysis finished at Fri Nov 30 11:34:45 2018
Total time elapsed: 12.51s
