*********************************************************************
* LD Score Regression (LDSC)
* Version 1.0.0
* (C) 2014-2015 Brendan Bulik-Sullivan and Hilary Finucane
* Broad Institute of MIT and Harvard / MIT Department of Mathematics
* GNU General Public License v3
*********************************************************************
Call: 
./ldsc.py \
--ref-ld-chr /Users/sheaandrews/Programs/ldsc/eur_w_ld_chr/ \
--out 2_DerivedData/LDSC/mvpa_svs \
--rg 1_RawData/LDSC/mvpa_GWAS.sumstats.gz,1_RawData/LDSC/svs_GWAS.sumstats.gz \
--w-ld-chr /Users/sheaandrews/Programs/ldsc/eur_w_ld_chr/ 

Beginning analysis at Fri Nov 30 14:12:25 2018
Reading summary statistics from 1_RawData/LDSC/mvpa_GWAS.sumstats.gz ...
Read summary statistics for 1183062 SNPs.
Reading reference panel LD Score from /Users/sheaandrews/Programs/ldsc/eur_w_ld_chr/[1-22] ...
Read reference panel LD Scores for 1290028 SNPs.
Removing partitioned LD Scores with zero variance.
Reading regression weight LD Score from /Users/sheaandrews/Programs/ldsc/eur_w_ld_chr/[1-22] ...
Read regression weight LD Scores for 1290028 SNPs.
After merging with reference panel LD, 1176258 SNPs remain.
After merging with regression SNP LD, 1176258 SNPs remain.
Computing rg for phenotype 2/2
Reading summary statistics from 1_RawData/LDSC/svs_GWAS.sumstats.gz ...
Read summary statistics for 1217311 SNPs.
After merging with summary statistics, 1176258 SNPs remain.
1175624 SNPs with valid alleles.

Heritability of phenotype 1
---------------------------
Total Observed scale h2: 0.0463 (0.0024)
Lambda GC: 1.3101
Mean Chi^2: 1.3504
Intercept: 1.0119 (0.0091)
Ratio: 0.0341 (0.0259)

Heritability of phenotype 2/2
-----------------------------
Total Observed scale h2: 0.0027 (0.0012)
Lambda GC: 1.0802
Mean Chi^2: 1.0937
Intercept: 1.0691 (0.0066)
Ratio: 0.7369 (0.0703)

Genetic Covariance
------------------
Total Observed scale gencov: -0.0002 (0.001)
Mean z1*z2: 0.0012
Intercept: 0.0027 (0.0051)

Genetic Correlation
-------------------
Genetic Correlation: -0.0218 (0.0917)
Z-score: -0.2377
P: 0.8121


Summary of Genetic Correlation Results
p1                                   p2      rg      se       z       p  h2_obs  h2_obs_se  h2_int  h2_int_se  gcov_int  gcov_int_se
1_RawData/LDSC/mvpa_GWAS.sumstats.gz  1_RawData/LDSC/svs_GWAS.sumstats.gz -0.0218  0.0917 -0.2377  0.8121  0.0027     0.0012  1.0691     0.0066    0.0027       0.0051

Analysis finished at Fri Nov 30 14:12:38 2018
Total time elapsed: 13.15s
