*********************************************************************
* LD Score Regression (LDSC)
* Version 1.0.0
* (C) 2014-2015 Brendan Bulik-Sullivan and Hilary Finucane
* Broad Institute of MIT and Harvard / MIT Department of Mathematics
* GNU General Public License v3
*********************************************************************
Call: 
./ldsc.py \
--ref-ld-chr /Users/sheaandrews/Programs/ldsc/eur_w_ld_chr/ \
--out 2_DerivedData/LDSC/mvpa_dep \
--rg 1_RawData/LDSC/mvpa_GWAS.sumstats.gz,1_RawData/LDSC/dep_GWAS.sumstats.gz \
--w-ld-chr /Users/sheaandrews/Programs/ldsc/eur_w_ld_chr/ 

Beginning analysis at Fri Nov 30 13:54:20 2018
Reading summary statistics from 1_RawData/LDSC/mvpa_GWAS.sumstats.gz ...
Read summary statistics for 1183062 SNPs.
Reading reference panel LD Score from /Users/sheaandrews/Programs/ldsc/eur_w_ld_chr/[1-22] ...
Read reference panel LD Scores for 1290028 SNPs.
Removing partitioned LD Scores with zero variance.
Reading regression weight LD Score from /Users/sheaandrews/Programs/ldsc/eur_w_ld_chr/[1-22] ...
Read regression weight LD Scores for 1290028 SNPs.
After merging with reference panel LD, 1176258 SNPs remain.
After merging with regression SNP LD, 1176258 SNPs remain.
Computing rg for phenotype 2/2
Reading summary statistics from 1_RawData/LDSC/dep_GWAS.sumstats.gz ...
Read summary statistics for 1217311 SNPs.
After merging with summary statistics, 1176258 SNPs remain.
1166888 SNPs with valid alleles.

Heritability of phenotype 1
---------------------------
Total Observed scale h2: 0.0465 (0.0024)
Lambda GC: 1.3101
Mean Chi^2: 1.3519
Intercept: 1.0107 (0.0092)
Ratio: 0.0304 (0.0263)

Heritability of phenotype 2/2
-----------------------------
Total Observed scale h2: 0.0623 (0.0029)
Lambda GC: 1.3272
Mean Chi^2: 1.3943
Intercept: 1.006 (0.0088)
Ratio: 0.0151 (0.0223)

Genetic Covariance
------------------
Total Observed scale gencov: 0.0006 (0.0015)
Mean z1*z2: -0.0218
Intercept: -0.0267 (0.0058)

Genetic Correlation
-------------------
Genetic Correlation: 0.0108 (0.0284)
Z-score: 0.3817
P: 0.7027


Summary of Genetic Correlation Results
p1                                   p2      rg      se       z       p  h2_obs  h2_obs_se  h2_int  h2_int_se  gcov_int  gcov_int_se
1_RawData/LDSC/mvpa_GWAS.sumstats.gz  1_RawData/LDSC/dep_GWAS.sumstats.gz  0.0108  0.0284  0.3817  0.7027  0.0623     0.0029   1.006     0.0088   -0.0267       0.0058

Analysis finished at Fri Nov 30 13:54:33 2018
Total time elapsed: 13.62s
