*********************************************************************
* LD Score Regression (LDSC)
* Version 1.0.0
* (C) 2014-2015 Brendan Bulik-Sullivan and Hilary Finucane
* Broad Institute of MIT and Harvard / MIT Department of Mathematics
* GNU General Public License v3
*********************************************************************
Call: 
./ldsc.py \
--ref-ld-chr /Users/sheaandrews/Programs/ldsc/eur_w_ld_chr/ \
--out 2_DerivedData/LDSC/mvpa_mdd \
--rg 1_RawData/LDSC/mvpa_GWAS.sumstats.gz,1_RawData/LDSC/mdd_GWAS.sumstats.gz \
--w-ld-chr /Users/sheaandrews/Programs/ldsc/eur_w_ld_chr/ 

Beginning analysis at Fri Nov 30 14:46:21 2018
Reading summary statistics from 1_RawData/LDSC/mvpa_GWAS.sumstats.gz ...
Read summary statistics for 1183062 SNPs.
Reading reference panel LD Score from /Users/sheaandrews/Programs/ldsc/eur_w_ld_chr/[1-22] ...
Read reference panel LD Scores for 1290028 SNPs.
Removing partitioned LD Scores with zero variance.
Reading regression weight LD Score from /Users/sheaandrews/Programs/ldsc/eur_w_ld_chr/[1-22] ...
Read regression weight LD Scores for 1290028 SNPs.
After merging with reference panel LD, 1176258 SNPs remain.
After merging with regression SNP LD, 1176258 SNPs remain.
Computing rg for phenotype 2/2
Reading summary statistics from 1_RawData/LDSC/mdd_GWAS.sumstats.gz ...
Read summary statistics for 1217311 SNPs.
After merging with summary statistics, 1176258 SNPs remain.
2921 SNPs with valid alleles.
WARNING: number of SNPs less than 200k; this is almost always bad.

Heritability of phenotype 1
---------------------------
Total Observed scale h2: 0.0876 (0.016)
Lambda GC: 1.2005
Mean Chi^2: 1.3446
Intercept: 0.8887 (0.072)
Ratio < 0 (usually indicates GC correction).

Heritability of phenotype 2/2
-----------------------------
Total Observed scale h2: 0.2531 (0.0234)
Lambda GC: 17.5561
Mean Chi^2: 9.3601
Intercept: 7.5356 (0.1182)
Ratio: 0.7818 (0.0141)

Genetic Covariance
------------------
Total Observed scale gencov: -0.0651 (0.0279)
Mean z1*z2: -0.1062
Intercept: 0.2891 (0.1566)

Genetic Correlation
-------------------
Genetic Correlation: -0.4372 (0.1977)
Z-score: -2.2118
P: 0.027


Summary of Genetic Correlation Results
p1                                   p2      rg      se       z      p  h2_obs  h2_obs_se  h2_int  h2_int_se  gcov_int  gcov_int_se
1_RawData/LDSC/mvpa_GWAS.sumstats.gz  1_RawData/LDSC/mdd_GWAS.sumstats.gz -0.4372  0.1977 -2.2118  0.027  0.2531     0.0234  7.5356     0.1182    0.2891       0.1566

Analysis finished at Fri Nov 30 14:46:32 2018
Total time elapsed: 10.66s
