*********************************************************************
* LD Score Regression (LDSC)
* Version 1.0.0
* (C) 2014-2015 Brendan Bulik-Sullivan and Hilary Finucane
* Broad Institute of MIT and Harvard / MIT Department of Mathematics
* GNU General Public License v3
*********************************************************************
Call: 
./ldsc.py \
--ref-ld-chr /Users/sheaandrews/Programs/ldsc/eur_w_ld_chr/ \
--out 2_DerivedData/LDSC/nft4_hipv2015 \
--rg 1_RawData/LDSC/nft4_GWAS.sumstats.gz,1_RawData/LDSC/hipv2015_GWAS.sumstats.gz \
--w-ld-chr /Users/sheaandrews/Programs/ldsc/eur_w_ld_chr/ 

Beginning analysis at Fri Nov 30 13:02:33 2018
Reading summary statistics from 1_RawData/LDSC/nft4_GWAS.sumstats.gz ...
Read summary statistics for 1193355 SNPs.
Reading reference panel LD Score from /Users/sheaandrews/Programs/ldsc/eur_w_ld_chr/[1-22] ...
Read reference panel LD Scores for 1290028 SNPs.
Removing partitioned LD Scores with zero variance.
Reading regression weight LD Score from /Users/sheaandrews/Programs/ldsc/eur_w_ld_chr/[1-22] ...
Read regression weight LD Scores for 1290028 SNPs.
After merging with reference panel LD, 1179900 SNPs remain.
After merging with regression SNP LD, 1179900 SNPs remain.
Computing rg for phenotype 2/2
Reading summary statistics from 1_RawData/LDSC/hipv2015_GWAS.sumstats.gz ...
Read summary statistics for 1217311 SNPs.
After merging with summary statistics, 1179900 SNPs remain.
1155255 SNPs with valid alleles.

Heritability of phenotype 1
---------------------------
Total Observed scale h2: -0.04 (0.0927)
Lambda GC: 0.978
Mean Chi^2: 0.9799
Intercept: 0.9839 (0.0084)
Ratio: NA (mean chi^2 < 1)

Heritability of phenotype 2/2
-----------------------------
Total Observed scale h2: 0.1429 (0.0388)
Lambda GC: 1.0105
Mean Chi^2: 1.0252
Intercept: 0.9869 (0.0065)
Ratio < 0 (usually indicates GC correction).

Genetic Covariance
------------------
Total Observed scale gencov: -0.0225 (0.0355)
Mean z1*z2: 0.0057
Intercept: 0.009 (0.004)

Genetic Correlation
-------------------
Genetic Correlation: nan (nan) (h2  out of bounds) 
Z-score: nan (nan) (h2  out of bounds)
P: nan (nan) (h2  out of bounds)
WARNING: One of the h2's was out of bounds.
This usually indicates a data-munging error or that h2 or N is low.


Summary of Genetic Correlation Results
p1                                        p2  rg  se   z   p  h2_obs  h2_obs_se  h2_int  h2_int_se  gcov_int  gcov_int_se
1_RawData/LDSC/nft4_GWAS.sumstats.gz  1_RawData/LDSC/hipv2015_GWAS.sumstats.gz  NA  NA  NA  NA  0.1429     0.0388  0.9869     0.0065     0.009        0.004

Analysis finished at Fri Nov 30 13:02:48 2018
Total time elapsed: 15.28s
