*********************************************************************
* LD Score Regression (LDSC)
* Version 1.0.0
* (C) 2014-2015 Brendan Bulik-Sullivan and Hilary Finucane
* Broad Institute of MIT and Harvard / MIT Department of Mathematics
* GNU General Public License v3
*********************************************************************
Call: 
./ldsc.py \
--ref-ld-chr /Users/sheaandrews/Programs/ldsc/eur_w_ld_chr/ \
--out 2_DerivedData/LDSC/nft4_mdd \
--rg 1_RawData/LDSC/nft4_GWAS.sumstats.gz,1_RawData/LDSC/mdd_GWAS.sumstats.gz \
--w-ld-chr /Users/sheaandrews/Programs/ldsc/eur_w_ld_chr/ 

Beginning analysis at Fri Nov 30 14:43:41 2018
Reading summary statistics from 1_RawData/LDSC/nft4_GWAS.sumstats.gz ...
Read summary statistics for 1193355 SNPs.
Reading reference panel LD Score from /Users/sheaandrews/Programs/ldsc/eur_w_ld_chr/[1-22] ...
Read reference panel LD Scores for 1290028 SNPs.
Removing partitioned LD Scores with zero variance.
Reading regression weight LD Score from /Users/sheaandrews/Programs/ldsc/eur_w_ld_chr/[1-22] ...
Read regression weight LD Scores for 1290028 SNPs.
After merging with reference panel LD, 1179900 SNPs remain.
After merging with regression SNP LD, 1179900 SNPs remain.
Computing rg for phenotype 2/2
Reading summary statistics from 1_RawData/LDSC/mdd_GWAS.sumstats.gz ...
Read summary statistics for 1217311 SNPs.
After merging with summary statistics, 1179900 SNPs remain.
2923 SNPs with valid alleles.
WARNING: number of SNPs less than 200k; this is almost always bad.

Heritability of phenotype 1
---------------------------
Total Observed scale h2: -0.2722 (0.7447)
Lambda GC: 0.9174
Mean Chi^2: 1.0058
Intercept: 1.0258 (0.057)
Ratio: 4.4391 (9.8267)

Heritability of phenotype 2/2
-----------------------------
Total Observed scale h2: 0.253 (0.0229)
Lambda GC: 17.5561
Mean Chi^2: 9.3599
Intercept: 7.5362 (0.1166)
Ratio: 0.7818 (0.014)

Genetic Covariance
------------------
Total Observed scale gencov: -0.143 (0.2086)
Mean z1*z2: 0.0724
Intercept: 0.1832 (0.1485)

Genetic Correlation
-------------------
Genetic Correlation: nan (nan) (h2  out of bounds) 
Z-score: nan (nan) (h2  out of bounds)
P: nan (nan) (h2  out of bounds)
WARNING: One of the h2's was out of bounds.
This usually indicates a data-munging error or that h2 or N is low.


Summary of Genetic Correlation Results
p1                                   p2  rg  se   z   p  h2_obs  h2_obs_se  h2_int  h2_int_se  gcov_int  gcov_int_se
1_RawData/LDSC/nft4_GWAS.sumstats.gz  1_RawData/LDSC/mdd_GWAS.sumstats.gz  NA  NA  NA  NA   0.253     0.0229  7.5362     0.1166    0.1832       0.1485

Analysis finished at Fri Nov 30 14:43:52 2018
Total time elapsed: 10.77s
