*********************************************************************
* LD Score Regression (LDSC)
* Version 1.0.0
* (C) 2014-2015 Brendan Bulik-Sullivan and Hilary Finucane
* Broad Institute of MIT and Harvard / MIT Department of Mathematics
* GNU General Public License v3
*********************************************************************
Call: 
./ldsc.py \
--ref-ld-chr /Users/sheaandrews/Programs/ldsc/eur_w_ld_chr/ \
--out 2_DerivedData/LDSC/nft4_svs \
--rg 1_RawData/LDSC/nft4_GWAS.sumstats.gz,1_RawData/LDSC/svs_GWAS.sumstats.gz \
--w-ld-chr /Users/sheaandrews/Programs/ldsc/eur_w_ld_chr/ 

Beginning analysis at Fri Nov 30 14:00:54 2018
Reading summary statistics from 1_RawData/LDSC/nft4_GWAS.sumstats.gz ...
Read summary statistics for 1193355 SNPs.
Reading reference panel LD Score from /Users/sheaandrews/Programs/ldsc/eur_w_ld_chr/[1-22] ...
Read reference panel LD Scores for 1290028 SNPs.
Removing partitioned LD Scores with zero variance.
Reading regression weight LD Score from /Users/sheaandrews/Programs/ldsc/eur_w_ld_chr/[1-22] ...
Read regression weight LD Scores for 1290028 SNPs.
After merging with reference panel LD, 1179900 SNPs remain.
After merging with regression SNP LD, 1179900 SNPs remain.
Computing rg for phenotype 2/2
Reading summary statistics from 1_RawData/LDSC/svs_GWAS.sumstats.gz ...
Read summary statistics for 1217311 SNPs.
After merging with summary statistics, 1179900 SNPs remain.
1177288 SNPs with valid alleles.

Heritability of phenotype 1
---------------------------
Total Observed scale h2: 0.0194 (0.0866)
Lambda GC: 0.978
Mean Chi^2: 0.9792
Intercept: 0.9774 (0.0077)
Ratio: NA (mean chi^2 < 1)

Heritability of phenotype 2/2
-----------------------------
Total Observed scale h2: 0.0026 (0.0012)
Lambda GC: 1.0802
Mean Chi^2: 1.0938
Intercept: 1.0698 (0.0067)
Ratio: 0.7442 (0.0718)

Genetic Covariance
------------------
Total Observed scale gencov: 0.0223 (0.0062)
Mean z1*z2: -0.0064
Intercept: -0.0269 (0.0038)

Genetic Correlation
-------------------
Genetic Correlation: nan (nan) (rg out of bounds) 
Z-score: nan (nan) (rg out of bounds)
P: nan (nan) (rg out of bounds)
WARNING: rg was out of bounds.
This often means that h2 is not significantly different from zero.


Summary of Genetic Correlation Results
p1                                   p2      rg      se       z       p  h2_obs  h2_obs_se  h2_int  h2_int_se  gcov_int  gcov_int_se
1_RawData/LDSC/nft4_GWAS.sumstats.gz  1_RawData/LDSC/svs_GWAS.sumstats.gz  3.1101  9.3792  0.3316  0.7402  0.0026     0.0012  1.0698     0.0067   -0.0269       0.0038

Analysis finished at Fri Nov 30 14:01:08 2018
Total time elapsed: 14.16s
