*********************************************************************
* LD Score Regression (LDSC)
* Version 1.0.0
* (C) 2014-2015 Brendan Bulik-Sullivan and Hilary Finucane
* Broad Institute of MIT and Harvard / MIT Department of Mathematics
* GNU General Public License v3
*********************************************************************
Call: 
./ldsc.py \
--ref-ld-chr /Users/sheaandrews/Programs/ldsc/eur_w_ld_chr/ \
--out 2_DerivedData/LDSC/nft4_hips \
--rg 1_RawData/LDSC/nft4_GWAS.sumstats.gz,1_RawData/LDSC/hips_GWAS.sumstats.gz \
--w-ld-chr /Users/sheaandrews/Programs/ldsc/eur_w_ld_chr/ 

Beginning analysis at Fri Nov 30 14:15:19 2018
Reading summary statistics from 1_RawData/LDSC/nft4_GWAS.sumstats.gz ...
Read summary statistics for 1193355 SNPs.
Reading reference panel LD Score from /Users/sheaandrews/Programs/ldsc/eur_w_ld_chr/[1-22] ...
Read reference panel LD Scores for 1290028 SNPs.
Removing partitioned LD Scores with zero variance.
Reading regression weight LD Score from /Users/sheaandrews/Programs/ldsc/eur_w_ld_chr/[1-22] ...
Read regression weight LD Scores for 1290028 SNPs.
After merging with reference panel LD, 1179900 SNPs remain.
After merging with regression SNP LD, 1179900 SNPs remain.
Computing rg for phenotype 2/2
Reading summary statistics from 1_RawData/LDSC/hips_GWAS.sumstats.gz ...
Read summary statistics for 1217311 SNPs.
After merging with summary statistics, 1179900 SNPs remain.
1174737 SNPs with valid alleles.

Heritability of phenotype 1
---------------------------
Total Observed scale h2: 0.004 (0.0864)
Lambda GC: 0.978
Mean Chi^2: 0.9797
Intercept: 0.9793 (0.0076)
Ratio: NA (mean chi^2 < 1)

Heritability of phenotype 2/2
-----------------------------
Total Observed scale h2: -0.0736 (0.0853)
Lambda GC: 0.9605
Mean Chi^2: 0.9649
Intercept: 0.9721 (0.0069)
Ratio: NA (mean chi^2 < 1)

Genetic Covariance
------------------
Total Observed scale gencov: 0.068 (0.0552)
Mean z1*z2: 0.0297
Intercept: 0.0231 (0.004)

Genetic Correlation
-------------------
Genetic Correlation: nan (nan) (h2  out of bounds) 
Z-score: nan (nan) (h2  out of bounds)
P: nan (nan) (h2  out of bounds)
WARNING: One of the h2's was out of bounds.
This usually indicates a data-munging error or that h2 or N is low.


Summary of Genetic Correlation Results
p1                                    p2  rg  se   z   p  h2_obs  h2_obs_se  h2_int  h2_int_se  gcov_int  gcov_int_se
1_RawData/LDSC/nft4_GWAS.sumstats.gz  1_RawData/LDSC/hips_GWAS.sumstats.gz  NA  NA  NA  NA -0.0736     0.0853  0.9721     0.0069    0.0231        0.004

Analysis finished at Fri Nov 30 14:15:32 2018
Total time elapsed: 12.77s
