*********************************************************************
* LD Score Regression (LDSC)
* Version 1.0.0
* (C) 2014-2015 Brendan Bulik-Sullivan and Hilary Finucane
* Broad Institute of MIT and Harvard / MIT Department of Mathematics
* GNU General Public License v3
*********************************************************************
Call: 
./ldsc.py \
--ref-ld-chr /Users/sheaandrews/Programs/ldsc/eur_w_ld_chr/ \
--out 2_DerivedData/LDSC/npany_educ \
--rg 1_RawData/LDSC/npany_GWAS.sumstats.gz,1_RawData/LDSC/educ_GWAS.sumstats.gz \
--w-ld-chr /Users/sheaandrews/Programs/ldsc/eur_w_ld_chr/ 

Beginning analysis at Fri Nov 30 14:44:45 2018
Reading summary statistics from 1_RawData/LDSC/npany_GWAS.sumstats.gz ...
Read summary statistics for 1188134 SNPs.
Reading reference panel LD Score from /Users/sheaandrews/Programs/ldsc/eur_w_ld_chr/[1-22] ...
Read reference panel LD Scores for 1290028 SNPs.
Removing partitioned LD Scores with zero variance.
Reading regression weight LD Score from /Users/sheaandrews/Programs/ldsc/eur_w_ld_chr/[1-22] ...
Read regression weight LD Scores for 1290028 SNPs.
After merging with reference panel LD, 1176488 SNPs remain.
After merging with regression SNP LD, 1176488 SNPs remain.
Computing rg for phenotype 2/2
Reading summary statistics from 1_RawData/LDSC/educ_GWAS.sumstats.gz ...
Read summary statistics for 1217311 SNPs.
After merging with summary statistics, 1176488 SNPs remain.
2143 SNPs with valid alleles.
WARNING: number of SNPs less than 200k; this is almost always bad.

Heritability of phenotype 1
---------------------------
Total Observed scale h2: 1.3906 (0.7041)
Lambda GC: 1.0375
Mean Chi^2: 1.0013
Intercept: 0.871 (0.0707)
Ratio < 0 (usually indicates GC correction).

Heritability of phenotype 2/2
-----------------------------
Total Observed scale h2: 0.3582 (0.0387)
Lambda GC: 48.0449
Mean Chi^2: 27.4433
Intercept: 19.3902 (0.6292)
Ratio: 0.6955 (0.0238)

Genetic Covariance
------------------
Total Observed scale gencov: 0.0569 (0.193)
Mean z1*z2: -0.0793
Intercept: -0.1598 (0.2874)

Genetic Correlation
-------------------
Genetic Correlation: 0.0807 (0.2753)
Z-score: 0.2931
P: 0.7695


Summary of Genetic Correlation Results
p1                                    p2      rg      se       z       p  h2_obs  h2_obs_se   h2_int  h2_int_se  gcov_int  gcov_int_se
1_RawData/LDSC/npany_GWAS.sumstats.gz  1_RawData/LDSC/educ_GWAS.sumstats.gz  0.0807  0.2753  0.2931  0.7695  0.3582     0.0387  19.3902     0.6292   -0.1598       0.2874

Analysis finished at Fri Nov 30 14:44:56 2018
Total time elapsed: 10.77s
