*********************************************************************
* LD Score Regression (LDSC)
* Version 1.0.0
* (C) 2014-2015 Brendan Bulik-Sullivan and Hilary Finucane
* Broad Institute of MIT and Harvard / MIT Department of Mathematics
* GNU General Public License v3
*********************************************************************
Call: 
./ldsc.py \
--ref-ld-chr /Users/sheaandrews/Programs/ldsc/eur_w_ld_chr/ \
--out 2_DerivedData/LDSC/pp_alcc \
--rg 1_RawData/LDSC/pp_GWAS.sumstats.gz,1_RawData/LDSC/alcc_GWAS.sumstats.gz \
--w-ld-chr /Users/sheaandrews/Programs/ldsc/eur_w_ld_chr/ 

Beginning analysis at Fri Nov 30 09:00:34 2018
Reading summary statistics from 1_RawData/LDSC/pp_GWAS.sumstats.gz ...
Read summary statistics for 1173695 SNPs.
Reading reference panel LD Score from /Users/sheaandrews/Programs/ldsc/eur_w_ld_chr/[1-22] ...
Read reference panel LD Scores for 1290028 SNPs.
Removing partitioned LD Scores with zero variance.
Reading regression weight LD Score from /Users/sheaandrews/Programs/ldsc/eur_w_ld_chr/[1-22] ...
Read regression weight LD Scores for 1290028 SNPs.
After merging with reference panel LD, 1167455 SNPs remain.
After merging with regression SNP LD, 1167455 SNPs remain.
Computing rg for phenotype 2/2
Reading summary statistics from 1_RawData/LDSC/alcc_GWAS.sumstats.gz ...
Read summary statistics for 1217311 SNPs.
After merging with summary statistics, 1167455 SNPs remain.
1073228 SNPs with valid alleles.

Heritability of phenotype 1
---------------------------
Total Observed scale h2: 0.1224 (0.005)
Lambda GC: 1.9341
Mean Chi^2: 2.8202
Intercept: 1.0404 (0.0306)
Ratio: 0.0222 (0.0168)

Heritability of phenotype 2/2
-----------------------------
Total Observed scale h2: 0.0798 (0.0063)
Lambda GC: 1.1587
Mean Chi^2: 1.1883
Intercept: 1.0118 (0.008)
Ratio: 0.0625 (0.0426)

Genetic Covariance
------------------
Total Observed scale gencov: -0.0051 (0.0031)
Mean z1*z2: 0.0002
Intercept: 0.0303 (0.0077)

Genetic Correlation
-------------------
Genetic Correlation: -0.0518 (0.031)
Z-score: -1.6701
P: 0.0949


Summary of Genetic Correlation Results
p1                                    p2      rg     se       z       p  h2_obs  h2_obs_se  h2_int  h2_int_se  gcov_int  gcov_int_se
1_RawData/LDSC/pp_GWAS.sumstats.gz  1_RawData/LDSC/alcc_GWAS.sumstats.gz -0.0518  0.031 -1.6701  0.0949  0.0798     0.0063  1.0118      0.008    0.0303       0.0077

Analysis finished at Fri Nov 30 09:00:46 2018
Total time elapsed: 12.53s
