*********************************************************************
* LD Score Regression (LDSC)
* Version 1.0.0
* (C) 2014-2015 Brendan Bulik-Sullivan and Hilary Finucane
* Broad Institute of MIT and Harvard / MIT Department of Mathematics
* GNU General Public License v3
*********************************************************************
Call: 
./ldsc.py \
--ref-ld-chr /Users/sheaandrews/Programs/ldsc/eur_w_ld_chr/ \
--out 2_DerivedData/LDSC/pp_alcd \
--rg 1_RawData/LDSC/pp_GWAS.sumstats.gz,1_RawData/LDSC/alcd_GWAS.sumstats.gz \
--w-ld-chr /Users/sheaandrews/Programs/ldsc/eur_w_ld_chr/ 

Beginning analysis at Fri Nov 30 09:45:14 2018
Reading summary statistics from 1_RawData/LDSC/pp_GWAS.sumstats.gz ...
Read summary statistics for 1173695 SNPs.
Reading reference panel LD Score from /Users/sheaandrews/Programs/ldsc/eur_w_ld_chr/[1-22] ...
Read reference panel LD Scores for 1290028 SNPs.
Removing partitioned LD Scores with zero variance.
Reading regression weight LD Score from /Users/sheaandrews/Programs/ldsc/eur_w_ld_chr/[1-22] ...
Read regression weight LD Scores for 1290028 SNPs.
After merging with reference panel LD, 1167455 SNPs remain.
After merging with regression SNP LD, 1167455 SNPs remain.
Computing rg for phenotype 2/2
Reading summary statistics from 1_RawData/LDSC/alcd_GWAS.sumstats.gz ...
Read summary statistics for 1217311 SNPs.
After merging with summary statistics, 1167455 SNPs remain.
1117005 SNPs with valid alleles.

Heritability of phenotype 1
---------------------------
Total Observed scale h2: 0.122 (0.005)
Lambda GC: 1.93
Mean Chi^2: 2.8291
Intercept: 1.0183 (0.0284)
Ratio: 0.01 (0.0155)

Heritability of phenotype 2/2
-----------------------------
Total Observed scale h2: 0.1848 (0.0513)
Lambda GC: 1.0557
Mean Chi^2: 1.054
Intercept: 1.0231 (0.0059)
Ratio: 0.4274 (0.1091)

Genetic Covariance
------------------
Total Observed scale gencov: 0.0097 (0.0083)
Mean z1*z2: 0.0113
Intercept: 0.0001 (0.0069)

Genetic Correlation
-------------------
Genetic Correlation: 0.0643 (0.0553)
Z-score: 1.1623
P: 0.2451


Summary of Genetic Correlation Results
p1                                    p2      rg      se       z       p  h2_obs  h2_obs_se  h2_int  h2_int_se  gcov_int  gcov_int_se
1_RawData/LDSC/pp_GWAS.sumstats.gz  1_RawData/LDSC/alcd_GWAS.sumstats.gz  0.0643  0.0553  1.1623  0.2451  0.1848     0.0513  1.0231     0.0059    0.0001       0.0069

Analysis finished at Fri Nov 30 09:45:27 2018
Total time elapsed: 13.58s
