*********************************************************************
* LD Score Regression (LDSC)
* Version 1.0.0
* (C) 2014-2015 Brendan Bulik-Sullivan and Hilary Finucane
* Broad Institute of MIT and Harvard / MIT Department of Mathematics
* GNU General Public License v3
*********************************************************************
Call: 
./ldsc.py \
--ref-ld-chr /Users/sheaandrews/Programs/ldsc/eur_w_ld_chr/ \
--out 2_DerivedData/LDSC/pp_aaos \
--rg 1_RawData/LDSC/pp_GWAS.sumstats.gz,1_RawData/LDSC/aaos_GWAS.sumstats.gz \
--w-ld-chr /Users/sheaandrews/Programs/ldsc/eur_w_ld_chr/ 

Beginning analysis at Fri Nov 30 11:06:33 2018
Reading summary statistics from 1_RawData/LDSC/pp_GWAS.sumstats.gz ...
Read summary statistics for 1173695 SNPs.
Reading reference panel LD Score from /Users/sheaandrews/Programs/ldsc/eur_w_ld_chr/[1-22] ...
Read reference panel LD Scores for 1290028 SNPs.
Removing partitioned LD Scores with zero variance.
Reading regression weight LD Score from /Users/sheaandrews/Programs/ldsc/eur_w_ld_chr/[1-22] ...
Read regression weight LD Scores for 1290028 SNPs.
After merging with reference panel LD, 1167455 SNPs remain.
After merging with regression SNP LD, 1167455 SNPs remain.
Computing rg for phenotype 2/2
Reading summary statistics from 1_RawData/LDSC/aaos_GWAS.sumstats.gz ...
Read summary statistics for 1217311 SNPs.
After merging with summary statistics, 1167455 SNPs remain.
1167129 SNPs with valid alleles.

Heritability of phenotype 1
---------------------------
Total Observed scale h2: 0.1219 (0.005)
Lambda GC: 1.9095
Mean Chi^2: 2.7923
Intercept: 1.0257 (0.0279)
Ratio: 0.0143 (0.0156)

Heritability of phenotype 2/2
-----------------------------
Total Observed scale h2: 0.0935 (0.0212)
Lambda GC: 1.0649
Mean Chi^2: 1.0718
Intercept: 0.9982 (0.0192)
Ratio < 0 (usually indicates GC correction).

Genetic Covariance
------------------
Total Observed scale gencov: 0.004 (0.0042)
Mean z1*z2: 0.0244
Intercept: 0.0016 (0.0081)

Genetic Correlation
-------------------
Genetic Correlation: 0.0374 (0.0379)
Z-score: 0.9873
P: 0.3235


Summary of Genetic Correlation Results
p1                                    p2      rg      se       z       p  h2_obs  h2_obs_se  h2_int  h2_int_se  gcov_int  gcov_int_se
1_RawData/LDSC/pp_GWAS.sumstats.gz  1_RawData/LDSC/aaos_GWAS.sumstats.gz  0.0374  0.0379  0.9873  0.3235  0.0935     0.0212  0.9982     0.0192    0.0016       0.0081

Analysis finished at Fri Nov 30 11:06:45 2018
Total time elapsed: 12.48s
