*********************************************************************
* LD Score Regression (LDSC)
* Version 1.0.0
* (C) 2014-2015 Brendan Bulik-Sullivan and Hilary Finucane
* Broad Institute of MIT and Harvard / MIT Department of Mathematics
* GNU General Public License v3
*********************************************************************
Call: 
./ldsc.py \
--ref-ld-chr /Users/sheaandrews/Programs/ldsc/eur_w_ld_chr/ \
--out 2_DerivedData/LDSC/pp_ces \
--rg 1_RawData/LDSC/pp_GWAS.sumstats.gz,1_RawData/LDSC/ces_GWAS.sumstats.gz \
--w-ld-chr /Users/sheaandrews/Programs/ldsc/eur_w_ld_chr/ 

Beginning analysis at Fri Nov 30 11:03:11 2018
Reading summary statistics from 1_RawData/LDSC/pp_GWAS.sumstats.gz ...
Read summary statistics for 1173695 SNPs.
Reading reference panel LD Score from /Users/sheaandrews/Programs/ldsc/eur_w_ld_chr/[1-22] ...
Read reference panel LD Scores for 1290028 SNPs.
Removing partitioned LD Scores with zero variance.
Reading regression weight LD Score from /Users/sheaandrews/Programs/ldsc/eur_w_ld_chr/[1-22] ...
Read regression weight LD Scores for 1290028 SNPs.
After merging with reference panel LD, 1167455 SNPs remain.
After merging with regression SNP LD, 1167455 SNPs remain.
Computing rg for phenotype 2/2
Reading summary statistics from 1_RawData/LDSC/ces_GWAS.sumstats.gz ...
Read summary statistics for 1217311 SNPs.
After merging with summary statistics, 1167455 SNPs remain.
1167064 SNPs with valid alleles.

Heritability of phenotype 1
---------------------------
Total Observed scale h2: 0.1219 (0.005)
Lambda GC: 1.9095
Mean Chi^2: 2.7924
Intercept: 1.0259 (0.0278)
Ratio: 0.0145 (0.0155)

Heritability of phenotype 2/2
-----------------------------
Total Observed scale h2: 0.0065 (0.0013)
Lambda GC: 1.1082
Mean Chi^2: 1.1208
Intercept: 1.0613 (0.0071)
Ratio: 0.5076 (0.0589)

Genetic Covariance
------------------
Total Observed scale gencov: 0.0047 (0.0012)
Mean z1*z2: 0.0375
Intercept: -0.0065 (0.0067)

Genetic Correlation
-------------------
Genetic Correlation: 0.165 (0.0451)
Z-score: 3.6547
P: 0.0003


Summary of Genetic Correlation Results
p1                                   p2     rg      se       z       p  h2_obs  h2_obs_se  h2_int  h2_int_se  gcov_int  gcov_int_se
1_RawData/LDSC/pp_GWAS.sumstats.gz  1_RawData/LDSC/ces_GWAS.sumstats.gz  0.165  0.0451  3.6547  0.0003  0.0065     0.0013  1.0613     0.0071   -0.0065       0.0067

Analysis finished at Fri Nov 30 11:03:24 2018
Total time elapsed: 12.46s
