*********************************************************************
* LD Score Regression (LDSC)
* Version 1.0.0
* (C) 2014-2015 Brendan Bulik-Sullivan and Hilary Finucane
* Broad Institute of MIT and Harvard / MIT Department of Mathematics
* GNU General Public License v3
*********************************************************************
Call: 
./ldsc.py \
--ref-ld-chr /Users/sheaandrews/Programs/ldsc/eur_w_ld_chr/ \
--out 2_DerivedData/LDSC/pp_educall \
--rg 1_RawData/LDSC/pp_GWAS.sumstats.gz,1_RawData/LDSC/educall_GWAS.sumstats.gz \
--w-ld-chr /Users/sheaandrews/Programs/ldsc/eur_w_ld_chr/ 

Beginning analysis at Fri Nov 30 17:25:54 2018
Reading summary statistics from 1_RawData/LDSC/pp_GWAS.sumstats.gz ...
Read summary statistics for 1173695 SNPs.
Reading reference panel LD Score from /Users/sheaandrews/Programs/ldsc/eur_w_ld_chr/[1-22] ...
Read reference panel LD Scores for 1290028 SNPs.
Removing partitioned LD Scores with zero variance.
Reading regression weight LD Score from /Users/sheaandrews/Programs/ldsc/eur_w_ld_chr/[1-22] ...
Read regression weight LD Scores for 1290028 SNPs.
After merging with reference panel LD, 1167455 SNPs remain.
After merging with regression SNP LD, 1167455 SNPs remain.
Computing rg for phenotype 2/2
Reading summary statistics from 1_RawData/LDSC/educall_GWAS.sumstats.gz ...
Read summary statistics for 1217311 SNPs.
After merging with summary statistics, 1167455 SNPs remain.
1155757 SNPs with valid alleles.

Heritability of phenotype 1
---------------------------
Total Observed scale h2: 0.1219 (0.0049)
Lambda GC: 1.9095
Mean Chi^2: 2.7954
Intercept: 1.0272 (0.0283)
Ratio: 0.0151 (0.0158)

Heritability of phenotype 2/2
-----------------------------
Total Observed scale h2: 0.1114 (0.0032)
Lambda GC: 2.1112
Mean Chi^2: 2.6665
Intercept: 0.99 (0.0171)
Ratio < 0 (usually indicates GC correction).

Genetic Covariance
------------------
Total Observed scale gencov: -0.0126 (0.0015)
Mean z1*z2: -0.2203
Intercept: -0.0338 (0.0092)

Genetic Correlation
-------------------
Genetic Correlation: -0.1085 (0.0133)
Z-score: -8.189
P: 2.6346e-16


Summary of Genetic Correlation Results
p1                                       p2      rg      se      z           p  h2_obs  h2_obs_se  h2_int  h2_int_se  gcov_int  gcov_int_se
1_RawData/LDSC/pp_GWAS.sumstats.gz  1_RawData/LDSC/educall_GWAS.sumstats.gz -0.1085  0.0133 -8.189  2.6346e-16  0.1114     0.0032    0.99     0.0171   -0.0338       0.0092

Analysis finished at Fri Nov 30 17:26:07 2018
Total time elapsed: 13.1s
