*********************************************************************
* LD Score Regression (LDSC)
* Version 1.0.0
* (C) 2014-2015 Brendan Bulik-Sullivan and Hilary Finucane
* Broad Institute of MIT and Harvard / MIT Department of Mathematics
* GNU General Public License v3
*********************************************************************
Call: 
./ldsc.py \
--ref-ld-chr /Users/sheaandrews/Programs/ldsc/eur_w_ld_chr/ \
--out 2_DerivedData/LDSC/pp_educ \
--rg 1_RawData/LDSC/pp_GWAS.sumstats.gz,1_RawData/LDSC/educ_GWAS.sumstats.gz \
--w-ld-chr /Users/sheaandrews/Programs/ldsc/eur_w_ld_chr/ 

Beginning analysis at Fri Nov 30 14:25:08 2018
Reading summary statistics from 1_RawData/LDSC/pp_GWAS.sumstats.gz ...
Read summary statistics for 1173695 SNPs.
Reading reference panel LD Score from /Users/sheaandrews/Programs/ldsc/eur_w_ld_chr/[1-22] ...
Read reference panel LD Scores for 1290028 SNPs.
Removing partitioned LD Scores with zero variance.
Reading regression weight LD Score from /Users/sheaandrews/Programs/ldsc/eur_w_ld_chr/[1-22] ...
Read regression weight LD Scores for 1290028 SNPs.
After merging with reference panel LD, 1167455 SNPs remain.
After merging with regression SNP LD, 1167455 SNPs remain.
Computing rg for phenotype 2/2
Reading summary statistics from 1_RawData/LDSC/educ_GWAS.sumstats.gz ...
Read summary statistics for 1217311 SNPs.
After merging with summary statistics, 1167455 SNPs remain.
2138 SNPs with valid alleles.
WARNING: number of SNPs less than 200k; this is almost always bad.

Heritability of phenotype 1
---------------------------
Total Observed scale h2: 0.1223 (0.0363)
Lambda GC: 2.8896
Mean Chi^2: 3.6951
Intercept: 1.8636 (0.404)
Ratio: 0.3205 (0.1499)

Heritability of phenotype 2/2
-----------------------------
Total Observed scale h2: 0.3552 (0.0402)
Lambda GC: 48.1683
Mean Chi^2: 27.5078
Intercept: 19.4873 (0.6224)
Ratio: 0.6974 (0.0235)

Genetic Covariance
------------------
Total Observed scale gencov: -0.0206 (0.0328)
Mean z1*z2: -2.1208
Intercept: -1.6702 (0.511)

Genetic Correlation
-------------------
Genetic Correlation: -0.0987 (0.1454)
Z-score: -0.6788
P: 0.4973


Summary of Genetic Correlation Results
p1                                    p2      rg      se       z       p  h2_obs  h2_obs_se   h2_int  h2_int_se  gcov_int  gcov_int_se
1_RawData/LDSC/pp_GWAS.sumstats.gz  1_RawData/LDSC/educ_GWAS.sumstats.gz -0.0987  0.1454 -0.6788  0.4973  0.3552     0.0402  19.4873     0.6224   -1.6702        0.511

Analysis finished at Fri Nov 30 14:25:19 2018
Total time elapsed: 11.06s
