*********************************************************************
* LD Score Regression (LDSC)
* Version 1.0.0
* (C) 2014-2015 Brendan Bulik-Sullivan and Hilary Finucane
* Broad Institute of MIT and Harvard / MIT Department of Mathematics
* GNU General Public License v3
*********************************************************************
Call: 
./ldsc.py \
--ref-ld-chr /Users/sheaandrews/Programs/ldsc/eur_w_ld_chr/ \
--out 2_DerivedData/LDSC/pp_fish \
--rg 1_RawData/LDSC/pp_GWAS.sumstats.gz,1_RawData/LDSC/fish_GWAS.sumstats.gz \
--w-ld-chr /Users/sheaandrews/Programs/ldsc/eur_w_ld_chr/ 

Beginning analysis at Fri Nov 30 10:44:14 2018
Reading summary statistics from 1_RawData/LDSC/pp_GWAS.sumstats.gz ...
Read summary statistics for 1173695 SNPs.
Reading reference panel LD Score from /Users/sheaandrews/Programs/ldsc/eur_w_ld_chr/[1-22] ...
Read reference panel LD Scores for 1290028 SNPs.
Removing partitioned LD Scores with zero variance.
Reading regression weight LD Score from /Users/sheaandrews/Programs/ldsc/eur_w_ld_chr/[1-22] ...
Read regression weight LD Scores for 1290028 SNPs.
After merging with reference panel LD, 1167455 SNPs remain.
After merging with regression SNP LD, 1167455 SNPs remain.
Computing rg for phenotype 2/2
Reading summary statistics from 1_RawData/LDSC/fish_GWAS.sumstats.gz ...
Read summary statistics for 1217311 SNPs.
After merging with summary statistics, 1167455 SNPs remain.
1157325 SNPs with valid alleles.

Heritability of phenotype 1
---------------------------
Total Observed scale h2: 0.1218 (0.0048)
Lambda GC: 1.9095
Mean Chi^2: 2.7966
Intercept: 1.0286 (0.0279)
Ratio: 0.0159 (0.0155)

Heritability of phenotype 2/2
-----------------------------
Total Observed scale h2: 0.0631 (0.0032)
Lambda GC: 1.4281
Mean Chi^2: 1.5887
Intercept: 1.0088 (0.0121)
Ratio: 0.0149 (0.0206)

Genetic Covariance
------------------
Total Observed scale gencov: -0.0007 (0.002)
Mean z1*z2: 0.0246
Intercept: 0.0125 (0.0094)

Genetic Correlation
-------------------
Genetic Correlation: -0.0078 (0.0225)
Z-score: -0.3477
P: 0.7281


Summary of Genetic Correlation Results
p1                                    p2      rg      se       z       p  h2_obs  h2_obs_se  h2_int  h2_int_se  gcov_int  gcov_int_se
1_RawData/LDSC/pp_GWAS.sumstats.gz  1_RawData/LDSC/fish_GWAS.sumstats.gz -0.0078  0.0225 -0.3477  0.7281  0.0631     0.0032  1.0088     0.0121    0.0125       0.0094

Analysis finished at Fri Nov 30 10:44:26 2018
Total time elapsed: 12.5s
