*********************************************************************
* LD Score Regression (LDSC)
* Version 1.0.0
* (C) 2014-2015 Brendan Bulik-Sullivan and Hilary Finucane
* Broad Institute of MIT and Harvard / MIT Department of Mathematics
* GNU General Public License v3
*********************************************************************
Call: 
./ldsc.py \
--ref-ld-chr /Users/sheaandrews/Programs/ldsc/eur_w_ld_chr/ \
--out 2_DerivedData/LDSC/pp_hear \
--rg 1_RawData/LDSC/pp_GWAS.sumstats.gz,1_RawData/LDSC/hear_GWAS.sumstats.gz \
--w-ld-chr /Users/sheaandrews/Programs/ldsc/eur_w_ld_chr/ 

Beginning analysis at Fri Nov 30 10:46:02 2018
Reading summary statistics from 1_RawData/LDSC/pp_GWAS.sumstats.gz ...
Read summary statistics for 1173695 SNPs.
Reading reference panel LD Score from /Users/sheaandrews/Programs/ldsc/eur_w_ld_chr/[1-22] ...
Read reference panel LD Scores for 1290028 SNPs.
Removing partitioned LD Scores with zero variance.
Reading regression weight LD Score from /Users/sheaandrews/Programs/ldsc/eur_w_ld_chr/[1-22] ...
Read regression weight LD Scores for 1290028 SNPs.
After merging with reference panel LD, 1167455 SNPs remain.
After merging with regression SNP LD, 1167455 SNPs remain.
Computing rg for phenotype 2/2
Reading summary statistics from 1_RawData/LDSC/hear_GWAS.sumstats.gz ...
Read summary statistics for 1217311 SNPs.
After merging with summary statistics, 1167455 SNPs remain.
1162777 SNPs with valid alleles.

Heritability of phenotype 1
---------------------------
Total Observed scale h2: 0.1217 (0.0048)
Lambda GC: 1.9095
Mean Chi^2: 2.7962
Intercept: 1.0291 (0.0283)
Ratio: 0.0162 (0.0158)

Heritability of phenotype 2/2
-----------------------------
Total Observed scale h2: 0.0412 (0.0023)
Lambda GC: 1.2431
Mean Chi^2: 1.3031
Intercept: 1.0162 (0.009)
Ratio: 0.0534 (0.0296)

Genetic Covariance
------------------
Total Observed scale gencov: 0.0026 (0.0014)
Mean z1*z2: 0.0548
Intercept: 0.0188 (0.0066)

Genetic Correlation
-------------------
Genetic Correlation: 0.0365 (0.0201)
Z-score: 1.815
P: 0.0695


Summary of Genetic Correlation Results
p1                                    p2      rg      se      z       p  h2_obs  h2_obs_se  h2_int  h2_int_se  gcov_int  gcov_int_se
1_RawData/LDSC/pp_GWAS.sumstats.gz  1_RawData/LDSC/hear_GWAS.sumstats.gz  0.0365  0.0201  1.815  0.0695  0.0412     0.0023  1.0162      0.009    0.0188       0.0066

Analysis finished at Fri Nov 30 10:46:14 2018
Total time elapsed: 12.89s
