*********************************************************************
* LD Score Regression (LDSC)
* Version 1.0.0
* (C) 2014-2015 Brendan Bulik-Sullivan and Hilary Finucane
* Broad Institute of MIT and Harvard / MIT Department of Mathematics
* GNU General Public License v3
*********************************************************************
Call: 
./ldsc.py \
--ref-ld-chr /Users/sheaandrews/Programs/ldsc/eur_w_ld_chr/ \
--out 2_DerivedData/LDSC/pp_insom \
--rg 1_RawData/LDSC/pp_GWAS.sumstats.gz,1_RawData/LDSC/insom_GWAS.sumstats.gz \
--w-ld-chr /Users/sheaandrews/Programs/ldsc/eur_w_ld_chr/ 

Beginning analysis at Fri Nov 30 08:48:17 2018
Reading summary statistics from 1_RawData/LDSC/pp_GWAS.sumstats.gz ...
Read summary statistics for 1173695 SNPs.
Reading reference panel LD Score from /Users/sheaandrews/Programs/ldsc/eur_w_ld_chr/[1-22] ...
Read reference panel LD Scores for 1290028 SNPs.
Removing partitioned LD Scores with zero variance.
Reading regression weight LD Score from /Users/sheaandrews/Programs/ldsc/eur_w_ld_chr/[1-22] ...
Read regression weight LD Scores for 1290028 SNPs.
After merging with reference panel LD, 1167455 SNPs remain.
After merging with regression SNP LD, 1167455 SNPs remain.
Computing rg for phenotype 2/2
Reading summary statistics from 1_RawData/LDSC/insom_GWAS.sumstats.gz ...
Read summary statistics for 1217311 SNPs.
After merging with summary statistics, 1167455 SNPs remain.
1124021 SNPs with valid alleles.

Heritability of phenotype 1
---------------------------
Total Observed scale h2: 0.1221 (0.0048)
Lambda GC: 1.9218
Mean Chi^2: 2.8223
Intercept: 1.0226 (0.0272)
Ratio: 0.0124 (0.0149)

Heritability of phenotype 2/2
-----------------------------
Total Observed scale h2: 0.0463 (0.0021)
Lambda GC: 1.3101
Mean Chi^2: 1.3673
Intercept: 1.012 (0.0091)
Ratio: 0.0328 (0.0248)

Genetic Covariance
------------------
Total Observed scale gencov: 0.0021 (0.0015)
Mean z1*z2: 0.0096
Intercept: -0.0083 (0.0074)

Genetic Correlation
-------------------
Genetic Correlation: 0.0283 (0.0195)
Z-score: 1.4496
P: 0.1472


Summary of Genetic Correlation Results
p1                                     p2      rg      se       z       p  h2_obs  h2_obs_se  h2_int  h2_int_se  gcov_int  gcov_int_se
1_RawData/LDSC/pp_GWAS.sumstats.gz  1_RawData/LDSC/insom_GWAS.sumstats.gz  0.0283  0.0195  1.4496  0.1472  0.0463     0.0021   1.012     0.0091   -0.0083       0.0074

Analysis finished at Fri Nov 30 08:48:30 2018
Total time elapsed: 12.84s
