*********************************************************************
* LD Score Regression (LDSC)
* Version 1.0.0
* (C) 2014-2015 Brendan Bulik-Sullivan and Hilary Finucane
* Broad Institute of MIT and Harvard / MIT Department of Mathematics
* GNU General Public License v3
*********************************************************************
Call: 
./ldsc.py \
--ref-ld-chr /Users/sheaandrews/Programs/ldsc/eur_w_ld_chr/ \
--out 2_DerivedData/LDSC/pp_load \
--rg 1_RawData/LDSC/pp_GWAS.sumstats.gz,1_RawData/LDSC/load_GWAS.sumstats.gz \
--w-ld-chr /Users/sheaandrews/Programs/ldsc/eur_w_ld_chr/ 

Beginning analysis at Fri Nov 30 10:56:41 2018
Reading summary statistics from 1_RawData/LDSC/pp_GWAS.sumstats.gz ...
Read summary statistics for 1173695 SNPs.
Reading reference panel LD Score from /Users/sheaandrews/Programs/ldsc/eur_w_ld_chr/[1-22] ...
Read reference panel LD Scores for 1290028 SNPs.
Removing partitioned LD Scores with zero variance.
Reading regression weight LD Score from /Users/sheaandrews/Programs/ldsc/eur_w_ld_chr/[1-22] ...
Read regression weight LD Scores for 1290028 SNPs.
After merging with reference panel LD, 1167455 SNPs remain.
After merging with regression SNP LD, 1167455 SNPs remain.
Computing rg for phenotype 2/2
Reading summary statistics from 1_RawData/LDSC/load_GWAS.sumstats.gz ...
Read summary statistics for 1217311 SNPs.
After merging with summary statistics, 1167455 SNPs remain.
1139927 SNPs with valid alleles.

Heritability of phenotype 1
---------------------------
Total Observed scale h2: 0.1222 (0.005)
Lambda GC: 1.9136
Mean Chi^2: 2.7975
Intercept: 1.0213 (0.0285)
Ratio: 0.0118 (0.0159)

Heritability of phenotype 2/2
-----------------------------
Total Observed scale h2: 0.0442 (0.0212)
Lambda GC: 1.0926
Mean Chi^2: 1.1146
Intercept: 1.0665 (0.0297)
Ratio: 0.5802 (0.2592)

Genetic Covariance
------------------
Total Observed scale gencov: -0.004 (0.0037)
Mean z1*z2: -0.0068
Intercept: 0.0056 (0.0088)

Genetic Correlation
-------------------
Genetic Correlation: -0.0543 (0.0532)
Z-score: -1.0212
P: 0.3072


Summary of Genetic Correlation Results
p1                                    p2      rg      se       z       p  h2_obs  h2_obs_se  h2_int  h2_int_se  gcov_int  gcov_int_se
1_RawData/LDSC/pp_GWAS.sumstats.gz  1_RawData/LDSC/load_GWAS.sumstats.gz -0.0543  0.0532 -1.0212  0.3072  0.0442     0.0212  1.0665     0.0297    0.0056       0.0088

Analysis finished at Fri Nov 30 10:56:53 2018
Total time elapsed: 12.38s
