*********************************************************************
* LD Score Regression (LDSC)
* Version 1.0.0
* (C) 2014-2015 Brendan Bulik-Sullivan and Hilary Finucane
* Broad Institute of MIT and Harvard / MIT Department of Mathematics
* GNU General Public License v3
*********************************************************************
Call: 
./ldsc.py \
--ref-ld-chr /Users/sheaandrews/Programs/ldsc/eur_w_ld_chr/ \
--out 2_DerivedData/LDSC/pp_ldl \
--rg 1_RawData/LDSC/pp_GWAS.sumstats.gz,1_RawData/LDSC/ldl_GWAS.sumstats.gz \
--w-ld-chr /Users/sheaandrews/Programs/ldsc/eur_w_ld_chr/ 

Beginning analysis at Fri Nov 30 09:54:26 2018
Reading summary statistics from 1_RawData/LDSC/pp_GWAS.sumstats.gz ...
Read summary statistics for 1173695 SNPs.
Reading reference panel LD Score from /Users/sheaandrews/Programs/ldsc/eur_w_ld_chr/[1-22] ...
Read reference panel LD Scores for 1290028 SNPs.
Removing partitioned LD Scores with zero variance.
Reading regression weight LD Score from /Users/sheaandrews/Programs/ldsc/eur_w_ld_chr/[1-22] ...
Read regression weight LD Scores for 1290028 SNPs.
After merging with reference panel LD, 1167455 SNPs remain.
After merging with regression SNP LD, 1167455 SNPs remain.
Computing rg for phenotype 2/2
Reading summary statistics from 1_RawData/LDSC/ldl_GWAS.sumstats.gz ...
Read summary statistics for 1217311 SNPs.
After merging with summary statistics, 1167455 SNPs remain.
1025479 SNPs with valid alleles.

Heritability of phenotype 1
---------------------------
Total Observed scale h2: 0.1209 (0.005)
Lambda GC: 1.9054
Mean Chi^2: 2.7773
Intercept: 1.0187 (0.0297)
Ratio: 0.0105 (0.0167)

Heritability of phenotype 2/2
-----------------------------
Total Observed scale h2: 0.2015 (0.0492)
Lambda GC: 1.0135
Mean Chi^2: 1.1923
Intercept: 0.8838 (0.0584)
Ratio < 0 (usually indicates GC correction).

Genetic Covariance
------------------
Total Observed scale gencov: -0.0042 (0.0042)
Mean z1*z2: -8.9238e-05
Intercept: 0.0267 (0.013)

Genetic Correlation
-------------------
Genetic Correlation: -0.0269 (0.0287)
Z-score: -0.936
P: 0.3493


Summary of Genetic Correlation Results
p1                                   p2      rg      se      z       p  h2_obs  h2_obs_se  h2_int  h2_int_se  gcov_int  gcov_int_se
1_RawData/LDSC/pp_GWAS.sumstats.gz  1_RawData/LDSC/ldl_GWAS.sumstats.gz -0.0269  0.0287 -0.936  0.3493  0.2015     0.0492  0.8838     0.0584    0.0267        0.013

Analysis finished at Fri Nov 30 09:54:38 2018
Total time elapsed: 12.21s
