*********************************************************************
* LD Score Regression (LDSC)
* Version 1.0.0
* (C) 2014-2015 Brendan Bulik-Sullivan and Hilary Finucane
* Broad Institute of MIT and Harvard / MIT Department of Mathematics
* GNU General Public License v3
*********************************************************************
Call: 
./ldsc.py \
--ref-ld-chr /Users/sheaandrews/Programs/ldsc/eur_w_ld_chr/ \
--out 2_DerivedData/LDSC/pp_pp \
--rg 1_RawData/LDSC/pp_GWAS.sumstats.gz,1_RawData/LDSC/pp_GWAS.sumstats.gz \
--w-ld-chr /Users/sheaandrews/Programs/ldsc/eur_w_ld_chr/ 

Beginning analysis at Fri Nov 30 09:26:45 2018
Reading summary statistics from 1_RawData/LDSC/pp_GWAS.sumstats.gz ...
Read summary statistics for 1173695 SNPs.
Reading reference panel LD Score from /Users/sheaandrews/Programs/ldsc/eur_w_ld_chr/[1-22] ...
Read reference panel LD Scores for 1290028 SNPs.
Removing partitioned LD Scores with zero variance.
Reading regression weight LD Score from /Users/sheaandrews/Programs/ldsc/eur_w_ld_chr/[1-22] ...
Read regression weight LD Scores for 1290028 SNPs.
After merging with reference panel LD, 1167455 SNPs remain.
After merging with regression SNP LD, 1167455 SNPs remain.
Computing rg for phenotype 2/2
Reading summary statistics from 1_RawData/LDSC/pp_GWAS.sumstats.gz ...
Read summary statistics for 1217311 SNPs.
After merging with summary statistics, 1167455 SNPs remain.
1167455 SNPs with valid alleles.

Heritability of phenotype 1
---------------------------
Total Observed scale h2: 0.1219 (0.005)
Lambda GC: 1.9095
Mean Chi^2: 2.7919
Intercept: 1.0256 (0.0279)
Ratio: 0.0143 (0.0155)

Heritability of phenotype 2/2
-----------------------------
Total Observed scale h2: 0.1219 (0.005)
Lambda GC: 1.9095
Mean Chi^2: 2.7919
Intercept: 1.0256 (0.0279)
Ratio: 0.0143 (0.0155)

Genetic Covariance
------------------
Total Observed scale gencov: 0.1219 (0.005)
Mean z1*z2: 2.7919
Intercept: 1.0256 (0.0279)

Genetic Correlation
-------------------
Genetic Correlation: 1. (2.0331e-07)
Z-score: 4918600.1157
P: 0.


Summary of Genetic Correlation Results
p1                                  p2   rg          se           z    p  h2_obs  h2_obs_se  h2_int  h2_int_se  gcov_int  gcov_int_se
1_RawData/LDSC/pp_GWAS.sumstats.gz  1_RawData/LDSC/pp_GWAS.sumstats.gz  1.0  2.0331e-07  4.9186e+06  0.0  0.1219      0.005  1.0256     0.0279    1.0256       0.0279

Analysis finished at Fri Nov 30 09:26:58 2018
Total time elapsed: 13.43s
