*********************************************************************
* LD Score Regression (LDSC)
* Version 1.0.0
* (C) 2014-2015 Brendan Bulik-Sullivan and Hilary Finucane
* Broad Institute of MIT and Harvard / MIT Department of Mathematics
* GNU General Public License v3
*********************************************************************
Call: 
./ldsc.py \
--ref-ld-chr /Users/sheaandrews/Programs/ldsc/eur_w_ld_chr/ \
--out 2_DerivedData/LDSC/pp_sleep \
--rg 1_RawData/LDSC/pp_GWAS.sumstats.gz,1_RawData/LDSC/sleep_GWAS.sumstats.gz \
--w-ld-chr /Users/sheaandrews/Programs/ldsc/eur_w_ld_chr/ 

Beginning analysis at Fri Nov 30 09:31:26 2018
Reading summary statistics from 1_RawData/LDSC/pp_GWAS.sumstats.gz ...
Read summary statistics for 1173695 SNPs.
Reading reference panel LD Score from /Users/sheaandrews/Programs/ldsc/eur_w_ld_chr/[1-22] ...
Read reference panel LD Scores for 1290028 SNPs.
Removing partitioned LD Scores with zero variance.
Reading regression weight LD Score from /Users/sheaandrews/Programs/ldsc/eur_w_ld_chr/[1-22] ...
Read regression weight LD Scores for 1290028 SNPs.
After merging with reference panel LD, 1167455 SNPs remain.
After merging with regression SNP LD, 1167455 SNPs remain.
Computing rg for phenotype 2/2
Reading summary statistics from 1_RawData/LDSC/sleep_GWAS.sumstats.gz ...
Read summary statistics for 1217311 SNPs.
After merging with summary statistics, 1167455 SNPs remain.
1160462 SNPs with valid alleles.

Heritability of phenotype 1
---------------------------
Total Observed scale h2: 0.1215 (0.0049)
Lambda GC: 1.9095
Mean Chi^2: 2.791
Intercept: 1.0255 (0.0289)
Ratio: 0.0142 (0.0161)

Heritability of phenotype 2/2
-----------------------------
Total Observed scale h2: 0.0574 (0.0059)
Lambda GC: 1.1144
Mean Chi^2: 1.141
Intercept: 1.0134 (0.0079)
Ratio: 0.095 (0.0562)

Genetic Covariance
------------------
Total Observed scale gencov: 0.0008 (0.0032)
Mean z1*z2: 0.0062
Intercept: -0.0007 (0.0075)

Genetic Correlation
-------------------
Genetic Correlation: 0.0094 (0.0387)
Z-score: 0.242
P: 0.8088


Summary of Genetic Correlation Results
p1                                     p2      rg      se      z       p  h2_obs  h2_obs_se  h2_int  h2_int_se  gcov_int  gcov_int_se
1_RawData/LDSC/pp_GWAS.sumstats.gz  1_RawData/LDSC/sleep_GWAS.sumstats.gz  0.0094  0.0387  0.242  0.8088  0.0574     0.0059  1.0134     0.0079   -0.0007       0.0075

Analysis finished at Fri Nov 30 09:31:38 2018
Total time elapsed: 12.78s
