*********************************************************************
* LD Score Regression (LDSC)
* Version 1.0.0
* (C) 2014-2015 Brendan Bulik-Sullivan and Hilary Finucane
* Broad Institute of MIT and Harvard / MIT Department of Mathematics
* GNU General Public License v3
*********************************************************************
Call: 
./ldsc.py \
--ref-ld-chr /Users/sheaandrews/Programs/ldsc/eur_w_ld_chr/ \
--out 2_DerivedData/LDSC/pp_smkukbb \
--rg 1_RawData/LDSC/pp_GWAS.sumstats.gz,1_RawData/LDSC/smkukbb_GWAS.sumstats.gz \
--w-ld-chr /Users/sheaandrews/Programs/ldsc/eur_w_ld_chr/ 

Beginning analysis at Fri Nov 30 10:40:28 2018
Reading summary statistics from 1_RawData/LDSC/pp_GWAS.sumstats.gz ...
Read summary statistics for 1173695 SNPs.
Reading reference panel LD Score from /Users/sheaandrews/Programs/ldsc/eur_w_ld_chr/[1-22] ...
Read reference panel LD Scores for 1290028 SNPs.
Removing partitioned LD Scores with zero variance.
Reading regression weight LD Score from /Users/sheaandrews/Programs/ldsc/eur_w_ld_chr/[1-22] ...
Read regression weight LD Scores for 1290028 SNPs.
After merging with reference panel LD, 1167455 SNPs remain.
After merging with regression SNP LD, 1167455 SNPs remain.
Computing rg for phenotype 2/2
Reading summary statistics from 1_RawData/LDSC/smkukbb_GWAS.sumstats.gz ...
Read summary statistics for 1217311 SNPs.
After merging with summary statistics, 1167455 SNPs remain.
1157325 SNPs with valid alleles.

Heritability of phenotype 1
---------------------------
Total Observed scale h2: 0.1218 (0.0048)
Lambda GC: 1.9095
Mean Chi^2: 2.7966
Intercept: 1.0286 (0.0279)
Ratio: 0.0159 (0.0155)

Heritability of phenotype 2/2
-----------------------------
Total Observed scale h2: 0.0999 (0.0035)
Lambda GC: 1.641
Mean Chi^2: 1.9233
Intercept: 1.0216 (0.0108)
Ratio: 0.0234 (0.0117)

Genetic Covariance
------------------
Total Observed scale gencov: -0.0058 (0.0019)
Mean z1*z2: -0.0696
Intercept: 7.2418e-05 (0.0082)

Genetic Correlation
-------------------
Genetic Correlation: -0.0524 (0.017)
Z-score: -3.0771
P: 0.0021


Summary of Genetic Correlation Results
p1                                       p2      rg     se       z       p  h2_obs  h2_obs_se  h2_int  h2_int_se    gcov_int  gcov_int_se
1_RawData/LDSC/pp_GWAS.sumstats.gz  1_RawData/LDSC/smkukbb_GWAS.sumstats.gz -0.0524  0.017 -3.0771  0.0021  0.0999     0.0035  1.0216     0.0108  7.2418e-05       0.0082

Analysis finished at Fri Nov 30 10:40:40 2018
Total time elapsed: 12.19s
