*********************************************************************
* LD Score Regression (LDSC)
* Version 1.0.0
* (C) 2014-2015 Brendan Bulik-Sullivan and Hilary Finucane
* Broad Institute of MIT and Harvard / MIT Department of Mathematics
* GNU General Public License v3
*********************************************************************
Call: 
./ldsc.py \
--ref-ld-chr /Users/sheaandrews/Programs/ldsc/eur_w_ld_chr/ \
--out 2_DerivedData/LDSC/pp_svs \
--rg 1_RawData/LDSC/pp_GWAS.sumstats.gz,1_RawData/LDSC/svs_GWAS.sumstats.gz \
--w-ld-chr /Users/sheaandrews/Programs/ldsc/eur_w_ld_chr/ 

Beginning analysis at Fri Nov 30 11:04:05 2018
Reading summary statistics from 1_RawData/LDSC/pp_GWAS.sumstats.gz ...
Read summary statistics for 1173695 SNPs.
Reading reference panel LD Score from /Users/sheaandrews/Programs/ldsc/eur_w_ld_chr/[1-22] ...
Read reference panel LD Scores for 1290028 SNPs.
Removing partitioned LD Scores with zero variance.
Reading regression weight LD Score from /Users/sheaandrews/Programs/ldsc/eur_w_ld_chr/[1-22] ...
Read regression weight LD Scores for 1290028 SNPs.
After merging with reference panel LD, 1167455 SNPs remain.
After merging with regression SNP LD, 1167455 SNPs remain.
Computing rg for phenotype 2/2
Reading summary statistics from 1_RawData/LDSC/svs_GWAS.sumstats.gz ...
Read summary statistics for 1217311 SNPs.
After merging with summary statistics, 1167455 SNPs remain.
1167329 SNPs with valid alleles.

Heritability of phenotype 1
---------------------------
Total Observed scale h2: 0.1219 (0.005)
Lambda GC: 1.9095
Mean Chi^2: 2.7921
Intercept: 1.0256 (0.0278)
Ratio: 0.0143 (0.0155)

Heritability of phenotype 2/2
-----------------------------
Total Observed scale h2: 0.0025 (0.0012)
Lambda GC: 1.0802
Mean Chi^2: 1.094
Intercept: 1.0709 (0.007)
Ratio: 0.7546 (0.0748)

Genetic Covariance
------------------
Total Observed scale gencov: 0.0053 (0.0012)
Mean z1*z2: 0.0585
Intercept: -0.0011 (0.0072)

Genetic Correlation
-------------------
Genetic Correlation: 0.304 (0.0881)
Z-score: 3.4511
P: 0.0006


Summary of Genetic Correlation Results
p1                                   p2     rg      se       z       p  h2_obs  h2_obs_se  h2_int  h2_int_se  gcov_int  gcov_int_se
1_RawData/LDSC/pp_GWAS.sumstats.gz  1_RawData/LDSC/svs_GWAS.sumstats.gz  0.304  0.0881  3.4511  0.0006  0.0025     0.0012  1.0709      0.007   -0.0011       0.0072

Analysis finished at Fri Nov 30 11:04:18 2018
Total time elapsed: 12.5s
