*********************************************************************
* LD Score Regression (LDSC)
* Version 1.0.0
* (C) 2014-2015 Brendan Bulik-Sullivan and Hilary Finucane
* Broad Institute of MIT and Harvard / MIT Department of Mathematics
* GNU General Public License v3
*********************************************************************
Call: 
./ldsc.py \
--ref-ld-chr /Users/sheaandrews/Programs/ldsc/eur_w_ld_chr/ \
--out 2_DerivedData/LDSC/pp_tc \
--rg 1_RawData/LDSC/pp_GWAS.sumstats.gz,1_RawData/LDSC/tc_GWAS.sumstats.gz \
--w-ld-chr /Users/sheaandrews/Programs/ldsc/eur_w_ld_chr/ 

Beginning analysis at Fri Nov 30 09:52:40 2018
Reading summary statistics from 1_RawData/LDSC/pp_GWAS.sumstats.gz ...
Read summary statistics for 1173695 SNPs.
Reading reference panel LD Score from /Users/sheaandrews/Programs/ldsc/eur_w_ld_chr/[1-22] ...
Read reference panel LD Scores for 1290028 SNPs.
Removing partitioned LD Scores with zero variance.
Reading regression weight LD Score from /Users/sheaandrews/Programs/ldsc/eur_w_ld_chr/[1-22] ...
Read regression weight LD Scores for 1290028 SNPs.
After merging with reference panel LD, 1167455 SNPs remain.
After merging with regression SNP LD, 1167455 SNPs remain.
Computing rg for phenotype 2/2
Reading summary statistics from 1_RawData/LDSC/tc_GWAS.sumstats.gz ...
Read summary statistics for 1217311 SNPs.
After merging with summary statistics, 1167455 SNPs remain.
1026308 SNPs with valid alleles.

Heritability of phenotype 1
---------------------------
Total Observed scale h2: 0.1207 (0.005)
Lambda GC: 1.9054
Mean Chi^2: 2.7768
Intercept: 1.0211 (0.0294)
Ratio: 0.0118 (0.0166)

Heritability of phenotype 2/2
-----------------------------
Total Observed scale h2: 0.2164 (0.0464)
Lambda GC: 1.0135
Mean Chi^2: 1.2336
Intercept: 0.8641 (0.0649)
Ratio < 0 (usually indicates GC correction).

Genetic Covariance
------------------
Total Observed scale gencov: -0.0021 (0.0051)
Mean z1*z2: 0.0173
Intercept: 0.0371 (0.0194)

Genetic Correlation
-------------------
Genetic Correlation: -0.0128 (0.0317)
Z-score: -0.4028
P: 0.6871


Summary of Genetic Correlation Results
p1                                  p2      rg      se       z       p  h2_obs  h2_obs_se  h2_int  h2_int_se  gcov_int  gcov_int_se
1_RawData/LDSC/pp_GWAS.sumstats.gz  1_RawData/LDSC/tc_GWAS.sumstats.gz -0.0128  0.0317 -0.4028  0.6871  0.2164     0.0464  0.8641     0.0649    0.0371       0.0194

Analysis finished at Fri Nov 30 09:52:52 2018
Total time elapsed: 12.27s
