*********************************************************************
* LD Score Regression (LDSC)
* Version 1.0.0
* (C) 2014-2015 Brendan Bulik-Sullivan and Hilary Finucane
* Broad Institute of MIT and Harvard / MIT Department of Mathematics
* GNU General Public License v3
*********************************************************************
Call: 
./ldsc.py \
--ref-ld-chr /Users/sheaandrews/Programs/ldsc/eur_w_ld_chr/ \
--out 2_DerivedData/LDSC/pp_vbiany \
--rg 1_RawData/LDSC/pp_GWAS.sumstats.gz,1_RawData/LDSC/vbiany_GWAS.sumstats.gz \
--w-ld-chr /Users/sheaandrews/Programs/ldsc/eur_w_ld_chr/ 

Beginning analysis at Fri Nov 30 11:28:19 2018
Reading summary statistics from 1_RawData/LDSC/pp_GWAS.sumstats.gz ...
Read summary statistics for 1173695 SNPs.
Reading reference panel LD Score from /Users/sheaandrews/Programs/ldsc/eur_w_ld_chr/[1-22] ...
Read reference panel LD Scores for 1290028 SNPs.
Removing partitioned LD Scores with zero variance.
Reading regression weight LD Score from /Users/sheaandrews/Programs/ldsc/eur_w_ld_chr/[1-22] ...
Read regression weight LD Scores for 1290028 SNPs.
After merging with reference panel LD, 1167455 SNPs remain.
After merging with regression SNP LD, 1167455 SNPs remain.
Computing rg for phenotype 2/2
Reading summary statistics from 1_RawData/LDSC/vbiany_GWAS.sumstats.gz ...
Read summary statistics for 1217311 SNPs.
After merging with summary statistics, 1167455 SNPs remain.
1162150 SNPs with valid alleles.

Heritability of phenotype 1
---------------------------
Total Observed scale h2: 0.1221 (0.005)
Lambda GC: 1.9095
Mean Chi^2: 2.7929
Intercept: 1.0246 (0.028)
Ratio: 0.0137 (0.0156)

Heritability of phenotype 2/2
-----------------------------
Total Observed scale h2: 0.1714 (0.0901)
Lambda GC: 0.9957
Mean Chi^2: 0.9975
Intercept: 0.981 (0.0067)
Ratio: NA (mean chi^2 < 1)

Genetic Covariance
------------------
Total Observed scale gencov: 0.0261 (0.0108)
Mean z1*z2: 0.0255
Intercept: -0.0084 (0.0064)

Genetic Correlation
-------------------
Genetic Correlation: 0.1805 (0.0927)
Z-score: 1.948
P: 0.0514


Summary of Genetic Correlation Results
p1                                      p2      rg      se      z       p  h2_obs  h2_obs_se  h2_int  h2_int_se  gcov_int  gcov_int_se
1_RawData/LDSC/pp_GWAS.sumstats.gz  1_RawData/LDSC/vbiany_GWAS.sumstats.gz  0.1805  0.0927  1.948  0.0514  0.1714     0.0901   0.981     0.0067   -0.0084       0.0064

Analysis finished at Fri Nov 30 11:28:32 2018
Total time elapsed: 12.42s
