*********************************************************************
* LD Score Regression (LDSC)
* Version 1.0.0
* (C) 2014-2015 Brendan Bulik-Sullivan and Hilary Finucane
* Broad Institute of MIT and Harvard / MIT Department of Mathematics
* GNU General Public License v3
*********************************************************************
Call: 
./ldsc.py \
--ref-ld-chr /Users/sheaandrews/Programs/ldsc/eur_w_ld_chr/ \
--out 2_DerivedData/LDSC/ptau_aaos \
--rg 1_RawData/LDSC/ptau_GWAS.sumstats.gz,1_RawData/LDSC/aaos_GWAS.sumstats.gz \
--w-ld-chr /Users/sheaandrews/Programs/ldsc/eur_w_ld_chr/ 

Beginning analysis at Fri Nov 30 12:17:19 2018
Reading summary statistics from 1_RawData/LDSC/ptau_GWAS.sumstats.gz ...
Read summary statistics for 1044357 SNPs.
Reading reference panel LD Score from /Users/sheaandrews/Programs/ldsc/eur_w_ld_chr/[1-22] ...
Read reference panel LD Scores for 1290028 SNPs.
Removing partitioned LD Scores with zero variance.
Reading regression weight LD Score from /Users/sheaandrews/Programs/ldsc/eur_w_ld_chr/[1-22] ...
Read regression weight LD Scores for 1290028 SNPs.
After merging with reference panel LD, 1040400 SNPs remain.
After merging with regression SNP LD, 1040400 SNPs remain.
Computing rg for phenotype 2/2
Reading summary statistics from 1_RawData/LDSC/aaos_GWAS.sumstats.gz ...
Read summary statistics for 1217311 SNPs.
After merging with summary statistics, 1040400 SNPs remain.
1040119 SNPs with valid alleles.

Heritability of phenotype 1
---------------------------
Total Observed scale h2: 0.1968 (0.1751)
Lambda GC: 1.0225
Mean Chi^2: 1.0161
Intercept: 1.0047 (0.0076)
Ratio: 0.2951 (0.473)

Heritability of phenotype 2/2
-----------------------------
Total Observed scale h2: 0.0848 (0.0248)
Lambda GC: 1.0741
Mean Chi^2: 1.079
Intercept: 1.0086 (0.0233)
Ratio: 0.1083 (0.2951)

Genetic Covariance
------------------
Total Observed scale gencov: 0.011 (0.045)
Mean z1*z2: 0.0278
Intercept: 0.0251 (0.0092)

Genetic Correlation
-------------------
Genetic Correlation: 0.085 (0.319)
Z-score: 0.2664
P: 0.7899


Summary of Genetic Correlation Results
p1                                    p2     rg     se       z       p  h2_obs  h2_obs_se  h2_int  h2_int_se  gcov_int  gcov_int_se
1_RawData/LDSC/ptau_GWAS.sumstats.gz  1_RawData/LDSC/aaos_GWAS.sumstats.gz  0.085  0.319  0.2664  0.7899  0.0848     0.0248  1.0086     0.0233    0.0251       0.0092

Analysis finished at Fri Nov 30 12:17:32 2018
Total time elapsed: 13.12s
