*********************************************************************
* LD Score Regression (LDSC)
* Version 1.0.0
* (C) 2014-2015 Brendan Bulik-Sullivan and Hilary Finucane
* Broad Institute of MIT and Harvard / MIT Department of Mathematics
* GNU General Public License v3
*********************************************************************
Call: 
./ldsc.py \
--ref-ld-chr /Users/sheaandrews/Programs/ldsc/eur_w_ld_chr/ \
--out 2_DerivedData/LDSC/ptau_ab42 \
--rg 1_RawData/LDSC/ptau_GWAS.sumstats.gz,1_RawData/LDSC/ab42_GWAS.sumstats.gz \
--w-ld-chr /Users/sheaandrews/Programs/ldsc/eur_w_ld_chr/ 

Beginning analysis at Fri Nov 30 10:47:35 2018
Reading summary statistics from 1_RawData/LDSC/ptau_GWAS.sumstats.gz ...
Read summary statistics for 1044357 SNPs.
Reading reference panel LD Score from /Users/sheaandrews/Programs/ldsc/eur_w_ld_chr/[1-22] ...
Read reference panel LD Scores for 1290028 SNPs.
Removing partitioned LD Scores with zero variance.
Reading regression weight LD Score from /Users/sheaandrews/Programs/ldsc/eur_w_ld_chr/[1-22] ...
Read regression weight LD Scores for 1290028 SNPs.
After merging with reference panel LD, 1040400 SNPs remain.
After merging with regression SNP LD, 1040400 SNPs remain.
Computing rg for phenotype 2/2
Reading summary statistics from 1_RawData/LDSC/ab42_GWAS.sumstats.gz ...
Read summary statistics for 1217311 SNPs.
After merging with summary statistics, 1040400 SNPs remain.
1003935 SNPs with valid alleles.

Heritability of phenotype 1
---------------------------
Total Observed scale h2: 0.203 (0.1721)
Lambda GC: 1.0225
Mean Chi^2: 1.016
Intercept: 1.0042 (0.0076)
Ratio: 0.2614 (0.4726)

Heritability of phenotype 2/2
-----------------------------
Total Observed scale h2: 0.1828 (0.1673)
Lambda GC: 1.0285
Mean Chi^2: 1.0377
Intercept: 1.0261 (0.01)
Ratio: 0.6933 (0.2649)

Genetic Covariance
------------------
Total Observed scale gencov: 0.1142 (0.124)
Mean z1*z2: -0.3059
Intercept: -0.3126 (0.0067)

Genetic Correlation
-------------------
Genetic Correlation: 0.5928 (0.91)
Z-score: 0.6515
P: 0.5147


Summary of Genetic Correlation Results
p1                                    p2      rg    se       z       p  h2_obs  h2_obs_se  h2_int  h2_int_se  gcov_int  gcov_int_se
1_RawData/LDSC/ptau_GWAS.sumstats.gz  1_RawData/LDSC/ab42_GWAS.sumstats.gz  0.5928  0.91  0.6515  0.5147  0.1828     0.1673  1.0261       0.01   -0.3126       0.0067

Analysis finished at Fri Nov 30 10:47:47 2018
Total time elapsed: 12.19s
