*********************************************************************
* LD Score Regression (LDSC)
* Version 1.0.0
* (C) 2014-2015 Brendan Bulik-Sullivan and Hilary Finucane
* Broad Institute of MIT and Harvard / MIT Department of Mathematics
* GNU General Public License v3
*********************************************************************
Call: 
./ldsc.py \
--ref-ld-chr /Users/sheaandrews/Programs/ldsc/eur_w_ld_chr/ \
--out 2_DerivedData/LDSC/ptau_svs \
--rg 1_RawData/LDSC/ptau_GWAS.sumstats.gz,1_RawData/LDSC/svs_GWAS.sumstats.gz \
--w-ld-chr /Users/sheaandrews/Programs/ldsc/eur_w_ld_chr/ 

Beginning analysis at Fri Nov 30 12:07:34 2018
Reading summary statistics from 1_RawData/LDSC/ptau_GWAS.sumstats.gz ...
Read summary statistics for 1044357 SNPs.
Reading reference panel LD Score from /Users/sheaandrews/Programs/ldsc/eur_w_ld_chr/[1-22] ...
Read reference panel LD Scores for 1290028 SNPs.
Removing partitioned LD Scores with zero variance.
Reading regression weight LD Score from /Users/sheaandrews/Programs/ldsc/eur_w_ld_chr/[1-22] ...
Read regression weight LD Scores for 1290028 SNPs.
After merging with reference panel LD, 1040400 SNPs remain.
After merging with regression SNP LD, 1040400 SNPs remain.
Computing rg for phenotype 2/2
Reading summary statistics from 1_RawData/LDSC/svs_GWAS.sumstats.gz ...
Read summary statistics for 1217311 SNPs.
After merging with summary statistics, 1040400 SNPs remain.
1040292 SNPs with valid alleles.

Heritability of phenotype 1
---------------------------
Total Observed scale h2: 0.1889 (0.176)
Lambda GC: 1.0225
Mean Chi^2: 1.0161
Intercept: 1.0053 (0.0077)
Ratio: 0.3261 (0.4749)

Heritability of phenotype 2/2
-----------------------------
Total Observed scale h2: 0.0027 (0.0012)
Lambda GC: 1.0802
Mean Chi^2: 1.0946
Intercept: 1.0686 (0.0077)
Ratio: 0.7248 (0.0809)

Genetic Covariance
------------------
Total Observed scale gencov: 0.015 (0.0101)
Mean z1*z2: 0.0006
Intercept: -0.0105 (0.0044)

Genetic Correlation
-------------------
Genetic Correlation: 0.6607 (0.561)
Z-score: 1.1778
P: 0.2389


Summary of Genetic Correlation Results
p1                                   p2      rg     se       z       p  h2_obs  h2_obs_se  h2_int  h2_int_se  gcov_int  gcov_int_se
1_RawData/LDSC/ptau_GWAS.sumstats.gz  1_RawData/LDSC/svs_GWAS.sumstats.gz  0.6607  0.561  1.1778  0.2389  0.0027     0.0012  1.0686     0.0077   -0.0105       0.0044

Analysis finished at Fri Nov 30 12:07:47 2018
Total time elapsed: 13.03s
