*********************************************************************
* LD Score Regression (LDSC)
* Version 1.0.0
* (C) 2014-2015 Brendan Bulik-Sullivan and Hilary Finucane
* Broad Institute of MIT and Harvard / MIT Department of Mathematics
* GNU General Public License v3
*********************************************************************
Call: 
./ldsc.py \
--ref-ld-chr /Users/sheaandrews/Programs/ldsc/eur_w_ld_chr/ \
--out 2_DerivedData/LDSC/ptau_sbp \
--rg 1_RawData/LDSC/ptau_GWAS.sumstats.gz,1_RawData/LDSC/sbp_GWAS.sumstats.gz \
--w-ld-chr /Users/sheaandrews/Programs/ldsc/eur_w_ld_chr/ 

Beginning analysis at Fri Nov 30 10:06:56 2018
Reading summary statistics from 1_RawData/LDSC/ptau_GWAS.sumstats.gz ...
Read summary statistics for 1044357 SNPs.
Reading reference panel LD Score from /Users/sheaandrews/Programs/ldsc/eur_w_ld_chr/[1-22] ...
Read reference panel LD Scores for 1290028 SNPs.
Removing partitioned LD Scores with zero variance.
Reading regression weight LD Score from /Users/sheaandrews/Programs/ldsc/eur_w_ld_chr/[1-22] ...
Read regression weight LD Scores for 1290028 SNPs.
After merging with reference panel LD, 1040400 SNPs remain.
After merging with regression SNP LD, 1040400 SNPs remain.
Computing rg for phenotype 2/2
Reading summary statistics from 1_RawData/LDSC/sbp_GWAS.sumstats.gz ...
Read summary statistics for 1217311 SNPs.
After merging with summary statistics, 1040400 SNPs remain.
1038491 SNPs with valid alleles.

Heritability of phenotype 1
---------------------------
Total Observed scale h2: 0.1885 (0.1745)
Lambda GC: 1.0225
Mean Chi^2: 1.0162
Intercept: 1.0053 (0.0075)
Ratio: 0.3305 (0.4658)

Heritability of phenotype 2/2
-----------------------------
Total Observed scale h2: 0.1395 (0.0058)
Lambda GC: 2.1458
Mean Chi^2: 3.2398
Intercept: 1.0689 (0.0346)
Ratio: 0.0308 (0.0154)

Genetic Covariance
------------------
Total Observed scale gencov: 0.0082 (0.0146)
Mean z1*z2: 0.0216
Intercept: 0.0107 (0.0073)

Genetic Correlation
-------------------
Genetic Correlation: 0.0508 (0.0933)
Z-score: 0.5444
P: 0.5861


Summary of Genetic Correlation Results
p1                                   p2      rg      se       z       p  h2_obs  h2_obs_se  h2_int  h2_int_se  gcov_int  gcov_int_se
1_RawData/LDSC/ptau_GWAS.sumstats.gz  1_RawData/LDSC/sbp_GWAS.sumstats.gz  0.0508  0.0933  0.5444  0.5861  0.1395     0.0058  1.0689     0.0346    0.0107       0.0073

Analysis finished at Fri Nov 30 10:07:08 2018
Total time elapsed: 12.26s
