*********************************************************************
* LD Score Regression (LDSC)
* Version 1.0.0
* (C) 2014-2015 Brendan Bulik-Sullivan and Hilary Finucane
* Broad Institute of MIT and Harvard / MIT Department of Mathematics
* GNU General Public License v3
*********************************************************************
Call: 
./ldsc.py \
--ref-ld-chr /Users/sheaandrews/Programs/ldsc/eur_w_ld_chr/ \
--out 2_DerivedData/LDSC/ptau_as \
--rg 1_RawData/LDSC/ptau_GWAS.sumstats.gz,1_RawData/LDSC/as_GWAS.sumstats.gz \
--w-ld-chr /Users/sheaandrews/Programs/ldsc/eur_w_ld_chr/ 

Beginning analysis at Fri Nov 30 12:06:11 2018
Reading summary statistics from 1_RawData/LDSC/ptau_GWAS.sumstats.gz ...
Read summary statistics for 1044357 SNPs.
Reading reference panel LD Score from /Users/sheaandrews/Programs/ldsc/eur_w_ld_chr/[1-22] ...
Read reference panel LD Scores for 1290028 SNPs.
Removing partitioned LD Scores with zero variance.
Reading regression weight LD Score from /Users/sheaandrews/Programs/ldsc/eur_w_ld_chr/[1-22] ...
Read regression weight LD Scores for 1290028 SNPs.
After merging with reference panel LD, 1040400 SNPs remain.
After merging with regression SNP LD, 1040400 SNPs remain.
Computing rg for phenotype 2/2
Reading summary statistics from 1_RawData/LDSC/as_GWAS.sumstats.gz ...
Read summary statistics for 1217311 SNPs.
After merging with summary statistics, 1040400 SNPs remain.
1040312 SNPs with valid alleles.

Heritability of phenotype 1
---------------------------
Total Observed scale h2: 0.1887 (0.176)
Lambda GC: 1.0225
Mean Chi^2: 1.0161
Intercept: 1.0053 (0.0076)
Ratio: 0.3265 (0.4743)

Heritability of phenotype 2/2
-----------------------------
Total Observed scale h2: 0.0122 (0.0015)
Lambda GC: 1.1301
Mean Chi^2: 1.1555
Intercept: 1.0408 (0.0084)
Ratio: 0.2625 (0.0541)

Genetic Covariance
------------------
Total Observed scale gencov: 0.0038 (0.0106)
Mean z1*z2: 0.0054
Intercept: 0.0016 (0.0048)

Genetic Correlation
-------------------
Genetic Correlation: 0.0801 (0.2265)
Z-score: 0.3534
P: 0.7238


Summary of Genetic Correlation Results
p1                                  p2      rg      se       z       p  h2_obs  h2_obs_se  h2_int  h2_int_se  gcov_int  gcov_int_se
1_RawData/LDSC/ptau_GWAS.sumstats.gz  1_RawData/LDSC/as_GWAS.sumstats.gz  0.0801  0.2265  0.3534  0.7238  0.0122     0.0015  1.0408     0.0084    0.0016       0.0048

Analysis finished at Fri Nov 30 12:06:23 2018
Total time elapsed: 12.83s
