*********************************************************************
* LD Score Regression (LDSC)
* Version 1.0.0
* (C) 2014-2015 Brendan Bulik-Sullivan and Hilary Finucane
* Broad Institute of MIT and Harvard / MIT Department of Mathematics
* GNU General Public License v3
*********************************************************************
Call: 
./ldsc.py \
--ref-ld-chr /Users/sheaandrews/Programs/ldsc/eur_w_ld_chr/ \
--out 2_DerivedData/LDSC/ptau_audit \
--rg 1_RawData/LDSC/ptau_GWAS.sumstats.gz,1_RawData/LDSC/audit_GWAS.sumstats.gz \
--w-ld-chr /Users/sheaandrews/Programs/ldsc/eur_w_ld_chr/ 

Beginning analysis at Fri Nov 30 09:03:28 2018
Reading summary statistics from 1_RawData/LDSC/ptau_GWAS.sumstats.gz ...
Read summary statistics for 1044357 SNPs.
Reading reference panel LD Score from /Users/sheaandrews/Programs/ldsc/eur_w_ld_chr/[1-22] ...
Read reference panel LD Scores for 1290028 SNPs.
Removing partitioned LD Scores with zero variance.
Reading regression weight LD Score from /Users/sheaandrews/Programs/ldsc/eur_w_ld_chr/[1-22] ...
Read regression weight LD Scores for 1290028 SNPs.
After merging with reference panel LD, 1040400 SNPs remain.
After merging with regression SNP LD, 1040400 SNPs remain.
Computing rg for phenotype 2/2
Reading summary statistics from 1_RawData/LDSC/audit_GWAS.sumstats.gz ...
Read summary statistics for 1217311 SNPs.
After merging with summary statistics, 1040400 SNPs remain.
1032218 SNPs with valid alleles.

Heritability of phenotype 1
---------------------------
Total Observed scale h2: 0.1986 (0.1761)
Lambda GC: 1.0225
Mean Chi^2: 1.0162
Intercept: 1.0047 (0.0078)
Ratio: 0.2914 (0.4812)

Heritability of phenotype 2/2
-----------------------------
Total Observed scale h2: 0.0947 (0.0057)
Lambda GC: 1.2038
Mean Chi^2: 1.2314
Intercept: 0.9955 (0.0082)
Ratio < 0 (usually indicates GC correction).

Genetic Covariance
------------------
Total Observed scale gencov: -0.0005 (0.0219)
Mean z1*z2: -0.0019
Intercept: -0.0014 (0.0054)

Genetic Correlation
-------------------
Genetic Correlation: -0.0035 (0.1615)
Z-score: -0.0216
P: 0.9828


Summary of Genetic Correlation Results
p1                                     p2      rg      se       z       p  h2_obs  h2_obs_se  h2_int  h2_int_se  gcov_int  gcov_int_se
1_RawData/LDSC/ptau_GWAS.sumstats.gz  1_RawData/LDSC/audit_GWAS.sumstats.gz -0.0035  0.1615 -0.0216  0.9828  0.0947     0.0057  0.9955     0.0082   -0.0014       0.0054

Analysis finished at Fri Nov 30 09:03:40 2018
Total time elapsed: 12.57s
