*********************************************************************
* LD Score Regression (LDSC)
* Version 1.0.0
* (C) 2014-2015 Brendan Bulik-Sullivan and Hilary Finucane
* Broad Institute of MIT and Harvard / MIT Department of Mathematics
* GNU General Public License v3
*********************************************************************
Call: 
./ldsc.py \
--ref-ld-chr /Users/sheaandrews/Programs/ldsc/eur_w_ld_chr/ \
--out 2_DerivedData/LDSC/ptau_dep \
--rg 1_RawData/LDSC/ptau_GWAS.sumstats.gz,1_RawData/LDSC/dep_GWAS.sumstats.gz \
--w-ld-chr /Users/sheaandrews/Programs/ldsc/eur_w_ld_chr/ 

Beginning analysis at Fri Nov 30 11:45:32 2018
Reading summary statistics from 1_RawData/LDSC/ptau_GWAS.sumstats.gz ...
Read summary statistics for 1044357 SNPs.
Reading reference panel LD Score from /Users/sheaandrews/Programs/ldsc/eur_w_ld_chr/[1-22] ...
Read reference panel LD Scores for 1290028 SNPs.
Removing partitioned LD Scores with zero variance.
Reading regression weight LD Score from /Users/sheaandrews/Programs/ldsc/eur_w_ld_chr/[1-22] ...
Read regression weight LD Scores for 1290028 SNPs.
After merging with reference panel LD, 1040400 SNPs remain.
After merging with regression SNP LD, 1040400 SNPs remain.
Computing rg for phenotype 2/2
Reading summary statistics from 1_RawData/LDSC/dep_GWAS.sumstats.gz ...
Read summary statistics for 1217311 SNPs.
After merging with summary statistics, 1040400 SNPs remain.
1034122 SNPs with valid alleles.

Heritability of phenotype 1
---------------------------
Total Observed scale h2: 0.1955 (0.1762)
Lambda GC: 1.0225
Mean Chi^2: 1.0164
Intercept: 1.0051 (0.0078)
Ratio: 0.3113 (0.4761)

Heritability of phenotype 2/2
-----------------------------
Total Observed scale h2: 0.0633 (0.003)
Lambda GC: 1.3477
Mean Chi^2: 1.4177
Intercept: 1.0028 (0.0106)
Ratio: 0.0066 (0.0254)

Genetic Covariance
------------------
Total Observed scale gencov: -0.0056 (0.0136)
Mean z1*z2: -0.0015
Intercept: 0.0004 (0.0054)

Genetic Correlation
-------------------
Genetic Correlation: -0.05 (0.1266)
Z-score: -0.3947
P: 0.6931


Summary of Genetic Correlation Results
p1                                   p2    rg      se       z       p  h2_obs  h2_obs_se  h2_int  h2_int_se  gcov_int  gcov_int_se
1_RawData/LDSC/ptau_GWAS.sumstats.gz  1_RawData/LDSC/dep_GWAS.sumstats.gz -0.05  0.1266 -0.3947  0.6931  0.0633      0.003  1.0028     0.0106    0.0004       0.0054

Analysis finished at Fri Nov 30 11:45:45 2018
Total time elapsed: 12.99s
