*********************************************************************
* LD Score Regression (LDSC)
* Version 1.0.0
* (C) 2014-2015 Brendan Bulik-Sullivan and Hilary Finucane
* Broad Institute of MIT and Harvard / MIT Department of Mathematics
* GNU General Public License v3
*********************************************************************
Call: 
./ldsc.py \
--ref-ld-chr /Users/sheaandrews/Programs/ldsc/eur_w_ld_chr/ \
--out 2_DerivedData/LDSC/ptau_ptau \
--rg 1_RawData/LDSC/ptau_GWAS.sumstats.gz,1_RawData/LDSC/ptau_GWAS.sumstats.gz \
--w-ld-chr /Users/sheaandrews/Programs/ldsc/eur_w_ld_chr/ 

Beginning analysis at Fri Nov 30 10:36:32 2018
Reading summary statistics from 1_RawData/LDSC/ptau_GWAS.sumstats.gz ...
Read summary statistics for 1044357 SNPs.
Reading reference panel LD Score from /Users/sheaandrews/Programs/ldsc/eur_w_ld_chr/[1-22] ...
Read reference panel LD Scores for 1290028 SNPs.
Removing partitioned LD Scores with zero variance.
Reading regression weight LD Score from /Users/sheaandrews/Programs/ldsc/eur_w_ld_chr/[1-22] ...
Read regression weight LD Scores for 1290028 SNPs.
After merging with reference panel LD, 1040400 SNPs remain.
After merging with regression SNP LD, 1040400 SNPs remain.
Computing rg for phenotype 2/2
Reading summary statistics from 1_RawData/LDSC/ptau_GWAS.sumstats.gz ...
Read summary statistics for 1217311 SNPs.
After merging with summary statistics, 1040400 SNPs remain.
1040400 SNPs with valid alleles.

Heritability of phenotype 1
---------------------------
Total Observed scale h2: 0.1888 (0.1759)
Lambda GC: 1.0225
Mean Chi^2: 1.0161
Intercept: 1.0053 (0.0076)
Ratio: 0.3259 (0.4738)

Heritability of phenotype 2/2
-----------------------------
Total Observed scale h2: 0.1888 (0.1759)
Lambda GC: 1.0225
Mean Chi^2: 1.0161
Intercept: 1.0053 (0.0076)
Ratio: 0.3259 (0.4738)

Genetic Covariance
------------------
Total Observed scale gencov: 0.1888 (0.1759)
Mean z1*z2: 1.0161
Intercept: 1.0053 (0.0076)

Genetic Correlation
-------------------
Genetic Correlation: 1. (4.0380e-06)
Z-score: 247648.7651
P: 0.


Summary of Genetic Correlation Results
p1                                    p2   rg          se            z    p  h2_obs  h2_obs_se  h2_int  h2_int_se  gcov_int  gcov_int_se
1_RawData/LDSC/ptau_GWAS.sumstats.gz  1_RawData/LDSC/ptau_GWAS.sumstats.gz  1.0  4.0380e-06  247648.7651  0.0  0.1888     0.1759  1.0053     0.0076    1.0053       0.0076

Analysis finished at Fri Nov 30 10:36:44 2018
Total time elapsed: 12.2s
