*********************************************************************
* LD Score Regression (LDSC)
* Version 1.0.0
* (C) 2014-2015 Brendan Bulik-Sullivan and Hilary Finucane
* Broad Institute of MIT and Harvard / MIT Department of Mathematics
* GNU General Public License v3
*********************************************************************
Call: 
./ldsc.py \
--ref-ld-chr /Users/sheaandrews/Programs/ldsc/eur_w_ld_chr/ \
--out 2_DerivedData/LDSC/sbp_dbp \
--rg 1_RawData/LDSC/sbp_GWAS.sumstats.gz,1_RawData/LDSC/dbp_GWAS.sumstats.gz \
--w-ld-chr /Users/sheaandrews/Programs/ldsc/eur_w_ld_chr/ 

Beginning analysis at Fri Nov 30 09:24:53 2018
Reading summary statistics from 1_RawData/LDSC/sbp_GWAS.sumstats.gz ...
Read summary statistics for 1173675 SNPs.
Reading reference panel LD Score from /Users/sheaandrews/Programs/ldsc/eur_w_ld_chr/[1-22] ...
Read reference panel LD Scores for 1290028 SNPs.
Removing partitioned LD Scores with zero variance.
Reading regression weight LD Score from /Users/sheaandrews/Programs/ldsc/eur_w_ld_chr/[1-22] ...
Read regression weight LD Scores for 1290028 SNPs.
After merging with reference panel LD, 1167433 SNPs remain.
After merging with regression SNP LD, 1167433 SNPs remain.
Computing rg for phenotype 2/2
Reading summary statistics from 1_RawData/LDSC/dbp_GWAS.sumstats.gz ...
Read summary statistics for 1217311 SNPs.
After merging with summary statistics, 1167433 SNPs remain.
1167301 SNPs with valid alleles.

Heritability of phenotype 1
---------------------------
Total Observed scale h2: 0.1397 (0.0059)
Lambda GC: 2.0855
Mean Chi^2: 3.1364
Intercept: 1.0722 (0.0322)
Ratio: 0.0338 (0.0151)

Heritability of phenotype 2/2
-----------------------------
Total Observed scale h2: 0.1355 (0.006)
Lambda GC: 2.0386
Mean Chi^2: 3.144
Intercept: 1.0846 (0.0326)
Ratio: 0.0394 (0.0152)

Genetic Covariance
------------------
Total Observed scale gencov: 0.1115 (0.0053)
Mean z1*z2: 2.4872
Intercept: 0.8053 (0.0275)

Genetic Correlation
-------------------
Genetic Correlation: 0.81 (0.0102)
Z-score: 79.2837
P: 0.


Summary of Genetic Correlation Results
p1                                   p2    rg      se        z    p  h2_obs  h2_obs_se  h2_int  h2_int_se  gcov_int  gcov_int_se
1_RawData/LDSC/sbp_GWAS.sumstats.gz  1_RawData/LDSC/dbp_GWAS.sumstats.gz  0.81  0.0102  79.2837  0.0  0.1355      0.006  1.0846     0.0326    0.8053       0.0275

Analysis finished at Fri Nov 30 09:25:06 2018
Total time elapsed: 12.85s
