*********************************************************************
* LD Score Regression (LDSC)
* Version 1.0.0
* (C) 2014-2015 Brendan Bulik-Sullivan and Hilary Finucane
* Broad Institute of MIT and Harvard / MIT Department of Mathematics
* GNU General Public License v3
*********************************************************************
Call: 
./ldsc.py \
--ref-ld-chr /Users/sheaandrews/Programs/ldsc/eur_w_ld_chr/ \
--out 2_DerivedData/LDSC/sbp_hipv \
--rg 1_RawData/LDSC/sbp_GWAS.sumstats.gz,1_RawData/LDSC/hipv_GWAS.sumstats.gz \
--w-ld-chr /Users/sheaandrews/Programs/ldsc/eur_w_ld_chr/ 

Beginning analysis at Fri Nov 30 10:31:02 2018
Reading summary statistics from 1_RawData/LDSC/sbp_GWAS.sumstats.gz ...
Read summary statistics for 1173675 SNPs.
Reading reference panel LD Score from /Users/sheaandrews/Programs/ldsc/eur_w_ld_chr/[1-22] ...
Read reference panel LD Scores for 1290028 SNPs.
Removing partitioned LD Scores with zero variance.
Reading regression weight LD Score from /Users/sheaandrews/Programs/ldsc/eur_w_ld_chr/[1-22] ...
Read regression weight LD Scores for 1290028 SNPs.
After merging with reference panel LD, 1167433 SNPs remain.
After merging with regression SNP LD, 1167433 SNPs remain.
Computing rg for phenotype 2/2
Reading summary statistics from 1_RawData/LDSC/hipv_GWAS.sumstats.gz ...
Read summary statistics for 1217311 SNPs.
After merging with summary statistics, 1167433 SNPs remain.
1155301 SNPs with valid alleles.

Heritability of phenotype 1
---------------------------
Total Observed scale h2: 0.1399 (0.006)
Lambda GC: 2.094
Mean Chi^2: 3.1493
Intercept: 1.0681 (0.0335)
Ratio: 0.0317 (0.0156)

Heritability of phenotype 2/2
-----------------------------
Total Observed scale h2: 0.1439 (0.0242)
Lambda GC: 1.0588
Mean Chi^2: 1.0799
Intercept: 1.0025 (0.0079)
Ratio: 0.0319 (0.0989)

Genetic Covariance
------------------
Total Observed scale gencov: 0.0076 (0.0051)
Mean z1*z2: -0.0002
Intercept: -0.0259 (0.0069)

Genetic Correlation
-------------------
Genetic Correlation: 0.0536 (0.0354)
Z-score: 1.5119
P: 0.1306


Summary of Genetic Correlation Results
p1                                    p2      rg      se       z       p  h2_obs  h2_obs_se  h2_int  h2_int_se  gcov_int  gcov_int_se
1_RawData/LDSC/sbp_GWAS.sumstats.gz  1_RawData/LDSC/hipv_GWAS.sumstats.gz  0.0536  0.0354  1.5119  0.1306  0.1439     0.0242  1.0025     0.0079   -0.0259       0.0069

Analysis finished at Fri Nov 30 10:31:15 2018
Total time elapsed: 12.46s
