*********************************************************************
* LD Score Regression (LDSC)
* Version 1.0.0
* (C) 2014-2015 Brendan Bulik-Sullivan and Hilary Finucane
* Broad Institute of MIT and Harvard / MIT Department of Mathematics
* GNU General Public License v3
*********************************************************************
Call: 
./ldsc.py \
--ref-ld-chr /Users/sheaandrews/Programs/ldsc/eur_w_ld_chr/ \
--out 2_DerivedData/LDSC/sbp_fish \
--rg 1_RawData/LDSC/sbp_GWAS.sumstats.gz,1_RawData/LDSC/fish_GWAS.sumstats.gz \
--w-ld-chr /Users/sheaandrews/Programs/ldsc/eur_w_ld_chr/ 

Beginning analysis at Fri Nov 30 10:41:07 2018
Reading summary statistics from 1_RawData/LDSC/sbp_GWAS.sumstats.gz ...
Read summary statistics for 1173675 SNPs.
Reading reference panel LD Score from /Users/sheaandrews/Programs/ldsc/eur_w_ld_chr/[1-22] ...
Read reference panel LD Scores for 1290028 SNPs.
Removing partitioned LD Scores with zero variance.
Reading regression weight LD Score from /Users/sheaandrews/Programs/ldsc/eur_w_ld_chr/[1-22] ...
Read regression weight LD Scores for 1290028 SNPs.
After merging with reference panel LD, 1167433 SNPs remain.
After merging with regression SNP LD, 1167433 SNPs remain.
Computing rg for phenotype 2/2
Reading summary statistics from 1_RawData/LDSC/fish_GWAS.sumstats.gz ...
Read summary statistics for 1217311 SNPs.
After merging with summary statistics, 1167433 SNPs remain.
1157301 SNPs with valid alleles.

Heritability of phenotype 1
---------------------------
Total Observed scale h2: 0.1395 (0.0058)
Lambda GC: 2.0897
Mean Chi^2: 3.141
Intercept: 1.0757 (0.0319)
Ratio: 0.0354 (0.0149)

Heritability of phenotype 2/2
-----------------------------
Total Observed scale h2: 0.0632 (0.0032)
Lambda GC: 1.4281
Mean Chi^2: 1.5886
Intercept: 1.0083 (0.0122)
Ratio: 0.014 (0.0207)

Genetic Covariance
------------------
Total Observed scale gencov: -0.0004 (0.0023)
Mean z1*z2: 0.0411
Intercept: 0.018 (0.0102)

Genetic Correlation
-------------------
Genetic Correlation: -0.0037 (0.0247)
Z-score: -0.1516
P: 0.8795


Summary of Genetic Correlation Results
p1                                    p2      rg      se       z       p  h2_obs  h2_obs_se  h2_int  h2_int_se  gcov_int  gcov_int_se
1_RawData/LDSC/sbp_GWAS.sumstats.gz  1_RawData/LDSC/fish_GWAS.sumstats.gz -0.0037  0.0247 -0.1516  0.8795  0.0632     0.0032  1.0083     0.0122     0.018       0.0102

Analysis finished at Fri Nov 30 10:41:20 2018
Total time elapsed: 12.57s
