*********************************************************************
* LD Score Regression (LDSC)
* Version 1.0.0
* (C) 2014-2015 Brendan Bulik-Sullivan and Hilary Finucane
* Broad Institute of MIT and Harvard / MIT Department of Mathematics
* GNU General Public License v3
*********************************************************************
Call: 
./ldsc.py \
--ref-ld-chr /Users/sheaandrews/Programs/ldsc/eur_w_ld_chr/ \
--out 2_DerivedData/LDSC/sbp_mdd \
--rg 1_RawData/LDSC/sbp_GWAS.sumstats.gz,1_RawData/LDSC/mdd_GWAS.sumstats.gz \
--w-ld-chr /Users/sheaandrews/Programs/ldsc/eur_w_ld_chr/ 

Beginning analysis at Fri Nov 30 14:23:14 2018
Reading summary statistics from 1_RawData/LDSC/sbp_GWAS.sumstats.gz ...
Read summary statistics for 1173675 SNPs.
Reading reference panel LD Score from /Users/sheaandrews/Programs/ldsc/eur_w_ld_chr/[1-22] ...
Read reference panel LD Scores for 1290028 SNPs.
Removing partitioned LD Scores with zero variance.
Reading regression weight LD Score from /Users/sheaandrews/Programs/ldsc/eur_w_ld_chr/[1-22] ...
Read regression weight LD Scores for 1290028 SNPs.
After merging with reference panel LD, 1167433 SNPs remain.
After merging with regression SNP LD, 1167433 SNPs remain.
Computing rg for phenotype 2/2
Reading summary statistics from 1_RawData/LDSC/mdd_GWAS.sumstats.gz ...
Read summary statistics for 1217311 SNPs.
After merging with summary statistics, 1167433 SNPs remain.
2917 SNPs with valid alleles.
WARNING: number of SNPs less than 200k; this is almost always bad.

Heritability of phenotype 1
---------------------------
Total Observed scale h2: 0.1614 (0.0359)
Lambda GC: 1.8931
Mean Chi^2: 3.0622
Intercept: 1.2216 (0.2383)
Ratio: 0.1075 (0.1155)

Heritability of phenotype 2/2
-----------------------------
Total Observed scale h2: 0.2539 (0.0234)
Lambda GC: 17.5561
Mean Chi^2: 9.3623
Intercept: 7.5313 (0.1188)
Ratio: 0.781 (0.0142)

Genetic Covariance
------------------
Total Observed scale gencov: 0.0248 (0.0259)
Mean z1*z2: -0.0199
Intercept: -0.1993 (0.1854)

Genetic Correlation
-------------------
Genetic Correlation: 0.1226 (0.1291)
Z-score: 0.9497
P: 0.3422


Summary of Genetic Correlation Results
p1                                   p2      rg      se       z       p  h2_obs  h2_obs_se  h2_int  h2_int_se  gcov_int  gcov_int_se
1_RawData/LDSC/sbp_GWAS.sumstats.gz  1_RawData/LDSC/mdd_GWAS.sumstats.gz  0.1226  0.1291  0.9497  0.3422  0.2539     0.0234  7.5313     0.1188   -0.1993       0.1854

Analysis finished at Fri Nov 30 14:23:25 2018
Total time elapsed: 10.51s
