*********************************************************************
* LD Score Regression (LDSC)
* Version 1.0.0
* (C) 2014-2015 Brendan Bulik-Sullivan and Hilary Finucane
* Broad Institute of MIT and Harvard / MIT Department of Mathematics
* GNU General Public License v3
*********************************************************************
Call: 
./ldsc.py \
--ref-ld-chr /Users/sheaandrews/Programs/ldsc/eur_w_ld_chr/ \
--out 2_DerivedData/LDSC/sbp_insom \
--rg 1_RawData/LDSC/sbp_GWAS.sumstats.gz,1_RawData/LDSC/insom_GWAS.sumstats.gz \
--w-ld-chr /Users/sheaandrews/Programs/ldsc/eur_w_ld_chr/ 

Beginning analysis at Fri Nov 30 08:46:56 2018
Reading summary statistics from 1_RawData/LDSC/sbp_GWAS.sumstats.gz ...
Read summary statistics for 1173675 SNPs.
Reading reference panel LD Score from /Users/sheaandrews/Programs/ldsc/eur_w_ld_chr/[1-22] ...
Read reference panel LD Scores for 1290028 SNPs.
Removing partitioned LD Scores with zero variance.
Reading regression weight LD Score from /Users/sheaandrews/Programs/ldsc/eur_w_ld_chr/[1-22] ...
Read regression weight LD Scores for 1290028 SNPs.
After merging with reference panel LD, 1167433 SNPs remain.
After merging with regression SNP LD, 1167433 SNPs remain.
Computing rg for phenotype 2/2
Reading summary statistics from 1_RawData/LDSC/insom_GWAS.sumstats.gz ...
Read summary statistics for 1217311 SNPs.
After merging with summary statistics, 1167433 SNPs remain.
1123996 SNPs with valid alleles.

Heritability of phenotype 1
---------------------------
Total Observed scale h2: 0.1395 (0.0058)
Lambda GC: 2.1026
Mean Chi^2: 3.1732
Intercept: 1.074 (0.0316)
Ratio: 0.034 (0.0145)

Heritability of phenotype 2/2
-----------------------------
Total Observed scale h2: 0.0463 (0.0021)
Lambda GC: 1.3101
Mean Chi^2: 1.3674
Intercept: 1.0121 (0.0091)
Ratio: 0.0329 (0.0248)

Genetic Covariance
------------------
Total Observed scale gencov: 0.0047 (0.0016)
Mean z1*z2: 0.0328
Intercept: -0.0132 (0.0072)

Genetic Correlation
-------------------
Genetic Correlation: 0.0583 (0.0199)
Z-score: 2.9244
P: 0.0035


Summary of Genetic Correlation Results
p1                                     p2      rg      se       z       p  h2_obs  h2_obs_se  h2_int  h2_int_se  gcov_int  gcov_int_se
1_RawData/LDSC/sbp_GWAS.sumstats.gz  1_RawData/LDSC/insom_GWAS.sumstats.gz  0.0583  0.0199  2.9244  0.0035  0.0463     0.0021  1.0121     0.0091   -0.0132       0.0072

Analysis finished at Fri Nov 30 08:47:08 2018
Total time elapsed: 12.67s
