*********************************************************************
* LD Score Regression (LDSC)
* Version 1.0.0
* (C) 2014-2015 Brendan Bulik-Sullivan and Hilary Finucane
* Broad Institute of MIT and Harvard / MIT Department of Mathematics
* GNU General Public License v3
*********************************************************************
Call: 
./ldsc.py \
--ref-ld-chr /Users/sheaandrews/Programs/ldsc/eur_w_ld_chr/ \
--out 2_DerivedData/LDSC/sbp_svs \
--rg 1_RawData/LDSC/sbp_GWAS.sumstats.gz,1_RawData/LDSC/svs_GWAS.sumstats.gz \
--w-ld-chr /Users/sheaandrews/Programs/ldsc/eur_w_ld_chr/ 

Beginning analysis at Fri Nov 30 10:59:35 2018
Reading summary statistics from 1_RawData/LDSC/sbp_GWAS.sumstats.gz ...
Read summary statistics for 1173675 SNPs.
Reading reference panel LD Score from /Users/sheaandrews/Programs/ldsc/eur_w_ld_chr/[1-22] ...
Read reference panel LD Scores for 1290028 SNPs.
Removing partitioned LD Scores with zero variance.
Reading regression weight LD Score from /Users/sheaandrews/Programs/ldsc/eur_w_ld_chr/[1-22] ...
Read regression weight LD Scores for 1290028 SNPs.
After merging with reference panel LD, 1167433 SNPs remain.
After merging with regression SNP LD, 1167433 SNPs remain.
Computing rg for phenotype 2/2
Reading summary statistics from 1_RawData/LDSC/svs_GWAS.sumstats.gz ...
Read summary statistics for 1217311 SNPs.
After merging with summary statistics, 1167433 SNPs remain.
1167307 SNPs with valid alleles.

Heritability of phenotype 1
---------------------------
Total Observed scale h2: 0.1397 (0.0059)
Lambda GC: 2.0855
Mean Chi^2: 3.1369
Intercept: 1.0728 (0.0322)
Ratio: 0.034 (0.0151)

Heritability of phenotype 2/2
-----------------------------
Total Observed scale h2: 0.0025 (0.0012)
Lambda GC: 1.0802
Mean Chi^2: 1.0939
Intercept: 1.0709 (0.007)
Ratio: 0.7551 (0.0742)

Genetic Covariance
------------------
Total Observed scale gencov: 0.0083 (0.0014)
Mean z1*z2: 0.101
Intercept: 0.0039 (0.0078)

Genetic Correlation
-------------------
Genetic Correlation: 0.4441 (0.1118)
Z-score: 3.9727
P: 7.1056e-05


Summary of Genetic Correlation Results
p1                                   p2      rg      se       z           p  h2_obs  h2_obs_se  h2_int  h2_int_se  gcov_int  gcov_int_se
1_RawData/LDSC/sbp_GWAS.sumstats.gz  1_RawData/LDSC/svs_GWAS.sumstats.gz  0.4441  0.1118  3.9727  7.1056e-05  0.0025     0.0012  1.0709      0.007    0.0039       0.0078

Analysis finished at Fri Nov 30 10:59:47 2018
Total time elapsed: 12.77s
