*********************************************************************
* LD Score Regression (LDSC)
* Version 1.0.0
* (C) 2014-2015 Brendan Bulik-Sullivan and Hilary Finucane
* Broad Institute of MIT and Harvard / MIT Department of Mathematics
* GNU General Public License v3
*********************************************************************
Call: 
./ldsc.py \
--ref-ld-chr /Users/sheaandrews/Programs/ldsc/eur_w_ld_chr/ \
--out 2_DerivedData/LDSC/sbp_alcc \
--rg 1_RawData/LDSC/sbp_GWAS.sumstats.gz,1_RawData/LDSC/alcc_GWAS.sumstats.gz \
--w-ld-chr /Users/sheaandrews/Programs/ldsc/eur_w_ld_chr/ 

Beginning analysis at Fri Nov 30 08:54:42 2018
Reading summary statistics from 1_RawData/LDSC/sbp_GWAS.sumstats.gz ...
Read summary statistics for 1173675 SNPs.
Reading reference panel LD Score from /Users/sheaandrews/Programs/ldsc/eur_w_ld_chr/[1-22] ...
Read reference panel LD Scores for 1290028 SNPs.
Removing partitioned LD Scores with zero variance.
Reading regression weight LD Score from /Users/sheaandrews/Programs/ldsc/eur_w_ld_chr/[1-22] ...
Read regression weight LD Scores for 1290028 SNPs.
After merging with reference panel LD, 1167433 SNPs remain.
After merging with regression SNP LD, 1167433 SNPs remain.
Computing rg for phenotype 2/2
Reading summary statistics from 1_RawData/LDSC/alcc_GWAS.sumstats.gz ...
Read summary statistics for 1217311 SNPs.
After merging with summary statistics, 1167433 SNPs remain.
1073205 SNPs with valid alleles.

Heritability of phenotype 1
---------------------------
Total Observed scale h2: 0.1402 (0.006)
Lambda GC: 2.1155
Mean Chi^2: 3.1638
Intercept: 1.091 (0.0357)
Ratio: 0.042 (0.0165)

Heritability of phenotype 2/2
-----------------------------
Total Observed scale h2: 0.0799 (0.0063)
Lambda GC: 1.1587
Mean Chi^2: 1.1883
Intercept: 1.0115 (0.008)
Ratio: 0.0612 (0.0423)

Genetic Covariance
------------------
Total Observed scale gencov: -0.0019 (0.0031)
Mean z1*z2: 0.0178
Intercept: 0.0314 (0.008)

Genetic Correlation
-------------------
Genetic Correlation: -0.0176 (0.0293)
Z-score: -0.601
P: 0.5479


Summary of Genetic Correlation Results
p1                                    p2      rg      se      z       p  h2_obs  h2_obs_se  h2_int  h2_int_se  gcov_int  gcov_int_se
1_RawData/LDSC/sbp_GWAS.sumstats.gz  1_RawData/LDSC/alcc_GWAS.sumstats.gz -0.0176  0.0293 -0.601  0.5479  0.0799     0.0063  1.0115      0.008    0.0314        0.008

Analysis finished at Fri Nov 30 08:54:54 2018
Total time elapsed: 12.79s
