*********************************************************************
* LD Score Regression (LDSC)
* Version 1.0.0
* (C) 2014-2015 Brendan Bulik-Sullivan and Hilary Finucane
* Broad Institute of MIT and Harvard / MIT Department of Mathematics
* GNU General Public License v3
*********************************************************************
Call: 
./ldsc.py \
--ref-ld-chr /Users/sheaandrews/Programs/ldsc/eur_w_ld_chr/ \
--out 2_DerivedData/LDSC/sbp_tc \
--rg 1_RawData/LDSC/sbp_GWAS.sumstats.gz,1_RawData/LDSC/tc_GWAS.sumstats.gz \
--w-ld-chr /Users/sheaandrews/Programs/ldsc/eur_w_ld_chr/ 

Beginning analysis at Fri Nov 30 09:50:27 2018
Reading summary statistics from 1_RawData/LDSC/sbp_GWAS.sumstats.gz ...
Read summary statistics for 1173675 SNPs.
Reading reference panel LD Score from /Users/sheaandrews/Programs/ldsc/eur_w_ld_chr/[1-22] ...
Read reference panel LD Scores for 1290028 SNPs.
Removing partitioned LD Scores with zero variance.
Reading regression weight LD Score from /Users/sheaandrews/Programs/ldsc/eur_w_ld_chr/[1-22] ...
Read regression weight LD Scores for 1290028 SNPs.
After merging with reference panel LD, 1167433 SNPs remain.
After merging with regression SNP LD, 1167433 SNPs remain.
Computing rg for phenotype 2/2
Reading summary statistics from 1_RawData/LDSC/tc_GWAS.sumstats.gz ...
Read summary statistics for 1217311 SNPs.
After merging with summary statistics, 1167433 SNPs remain.
1026295 SNPs with valid alleles.

Heritability of phenotype 1
---------------------------
Total Observed scale h2: 0.138 (0.0059)
Lambda GC: 2.0812
Mean Chi^2: 3.1229
Intercept: 1.0711 (0.0349)
Ratio: 0.0335 (0.0164)

Heritability of phenotype 2/2
-----------------------------
Total Observed scale h2: 0.2163 (0.0464)
Lambda GC: 1.0135
Mean Chi^2: 1.2335
Intercept: 0.8642 (0.0649)
Ratio < 0 (usually indicates GC correction).

Genetic Covariance
------------------
Total Observed scale gencov: -0.0028 (0.0045)
Mean z1*z2: 0.0105
Intercept: 0.0395 (0.0166)

Genetic Correlation
-------------------
Genetic Correlation: -0.0163 (0.0263)
Z-score: -0.6192
P: 0.5358


Summary of Genetic Correlation Results
p1                                  p2      rg      se       z       p  h2_obs  h2_obs_se  h2_int  h2_int_se  gcov_int  gcov_int_se
1_RawData/LDSC/sbp_GWAS.sumstats.gz  1_RawData/LDSC/tc_GWAS.sumstats.gz -0.0163  0.0263 -0.6192  0.5358  0.2163     0.0464  0.8642     0.0649    0.0395       0.0166

Analysis finished at Fri Nov 30 09:50:40 2018
Total time elapsed: 12.35s
