*********************************************************************
* LD Score Regression (LDSC)
* Version 1.0.0
* (C) 2014-2015 Brendan Bulik-Sullivan and Hilary Finucane
* Broad Institute of MIT and Harvard / MIT Department of Mathematics
* GNU General Public License v3
*********************************************************************
Call: 
./ldsc.py \
--ref-ld-chr /Users/sheaandrews/Programs/ldsc/eur_w_ld_chr/ \
--out 2_DerivedData/LDSC/sbp_vbiany \
--rg 1_RawData/LDSC/sbp_GWAS.sumstats.gz,1_RawData/LDSC/vbiany_GWAS.sumstats.gz \
--w-ld-chr /Users/sheaandrews/Programs/ldsc/eur_w_ld_chr/ 

Beginning analysis at Fri Nov 30 11:26:18 2018
Reading summary statistics from 1_RawData/LDSC/sbp_GWAS.sumstats.gz ...
Read summary statistics for 1173675 SNPs.
Reading reference panel LD Score from /Users/sheaandrews/Programs/ldsc/eur_w_ld_chr/[1-22] ...
Read reference panel LD Scores for 1290028 SNPs.
Removing partitioned LD Scores with zero variance.
Reading regression weight LD Score from /Users/sheaandrews/Programs/ldsc/eur_w_ld_chr/[1-22] ...
Read regression weight LD Scores for 1290028 SNPs.
After merging with reference panel LD, 1167433 SNPs remain.
After merging with regression SNP LD, 1167433 SNPs remain.
Computing rg for phenotype 2/2
Reading summary statistics from 1_RawData/LDSC/vbiany_GWAS.sumstats.gz ...
Read summary statistics for 1217311 SNPs.
After merging with summary statistics, 1167433 SNPs remain.
1162131 SNPs with valid alleles.

Heritability of phenotype 1
---------------------------
Total Observed scale h2: 0.14 (0.0059)
Lambda GC: 2.0855
Mean Chi^2: 3.1374
Intercept: 1.0704 (0.0327)
Ratio: 0.0329 (0.0153)

Heritability of phenotype 2/2
-----------------------------
Total Observed scale h2: 0.1695 (0.09)
Lambda GC: 0.9957
Mean Chi^2: 0.9976
Intercept: 0.9812 (0.0066)
Ratio: NA (mean chi^2 < 1)

Genetic Covariance
------------------
Total Observed scale gencov: 0.0314 (0.0111)
Mean z1*z2: 0.0347
Intercept: -0.0078 (0.0064)

Genetic Correlation
-------------------
Genetic Correlation: 0.2036 (0.0934)
Z-score: 2.1812
P: 0.0292


Summary of Genetic Correlation Results
p1                                      p2      rg      se       z       p  h2_obs  h2_obs_se  h2_int  h2_int_se  gcov_int  gcov_int_se
1_RawData/LDSC/sbp_GWAS.sumstats.gz  1_RawData/LDSC/vbiany_GWAS.sumstats.gz  0.2036  0.0934  2.1812  0.0292  0.1695       0.09  0.9812     0.0066   -0.0078       0.0064

Analysis finished at Fri Nov 30 11:26:30 2018
Total time elapsed: 12.47s
