*********************************************************************
* LD Score Regression (LDSC)
* Version 1.0.0
* (C) 2014-2015 Brendan Bulik-Sullivan and Hilary Finucane
* Broad Institute of MIT and Harvard / MIT Department of Mathematics
* GNU General Public License v3
*********************************************************************
Call: 
./ldsc.py \
--ref-ld-chr /Users/sheaandrews/Programs/ldsc/eur_w_ld_chr/ \
--out 2_DerivedData/LDSC/sleep_smkukbb \
--rg 1_RawData/LDSC/sleep_GWAS.sumstats.gz,1_RawData/LDSC/smkukbb_GWAS.sumstats.gz \
--w-ld-chr /Users/sheaandrews/Programs/ldsc/eur_w_ld_chr/ 

Beginning analysis at Fri Nov 30 10:46:55 2018
Reading summary statistics from 1_RawData/LDSC/sleep_GWAS.sumstats.gz ...
Read summary statistics for 1175801 SNPs.
Reading reference panel LD Score from /Users/sheaandrews/Programs/ldsc/eur_w_ld_chr/[1-22] ...
Read reference panel LD Scores for 1290028 SNPs.
Removing partitioned LD Scores with zero variance.
Reading regression weight LD Score from /Users/sheaandrews/Programs/ldsc/eur_w_ld_chr/[1-22] ...
Read regression weight LD Scores for 1290028 SNPs.
After merging with reference panel LD, 1169208 SNPs remain.
After merging with regression SNP LD, 1169208 SNPs remain.
Computing rg for phenotype 2/2
Reading summary statistics from 1_RawData/LDSC/smkukbb_GWAS.sumstats.gz ...
Read summary statistics for 1217311 SNPs.
After merging with summary statistics, 1169208 SNPs remain.
1159501 SNPs with valid alleles.

Heritability of phenotype 1
---------------------------
Total Observed scale h2: 0.058 (0.0059)
Lambda GC: 1.1144
Mean Chi^2: 1.1406
Intercept: 1.0122 (0.0076)
Ratio: 0.0871 (0.0543)

Heritability of phenotype 2/2
-----------------------------
Total Observed scale h2: 0.0995 (0.0035)
Lambda GC: 1.6372
Mean Chi^2: 1.9185
Intercept: 1.0236 (0.0107)
Ratio: 0.0257 (0.0116)

Genetic Covariance
------------------
Total Observed scale gencov: -0.0078 (0.003)
Mean z1*z2: -0.0371
Intercept: -0.0138 (0.0067)

Genetic Correlation
-------------------
Genetic Correlation: -0.1026 (0.0396)
Z-score: -2.5903
P: 0.0096


Summary of Genetic Correlation Results
p1                                       p2      rg      se       z       p  h2_obs  h2_obs_se  h2_int  h2_int_se  gcov_int  gcov_int_se
1_RawData/LDSC/sleep_GWAS.sumstats.gz  1_RawData/LDSC/smkukbb_GWAS.sumstats.gz -0.1026  0.0396 -2.5903  0.0096  0.0995     0.0035  1.0236     0.0107   -0.0138       0.0067

Analysis finished at Fri Nov 30 10:47:08 2018
Total time elapsed: 12.51s
