*********************************************************************
* LD Score Regression (LDSC)
* Version 1.0.0
* (C) 2014-2015 Brendan Bulik-Sullivan and Hilary Finucane
* Broad Institute of MIT and Harvard / MIT Department of Mathematics
* GNU General Public License v3
*********************************************************************
Call: 
./ldsc.py \
--ref-ld-chr /Users/sheaandrews/Programs/ldsc/eur_w_ld_chr/ \
--out 2_DerivedData/LDSC/sleep_vbiany \
--rg 1_RawData/LDSC/sleep_GWAS.sumstats.gz,1_RawData/LDSC/vbiany_GWAS.sumstats.gz \
--w-ld-chr /Users/sheaandrews/Programs/ldsc/eur_w_ld_chr/ 

Beginning analysis at Fri Nov 30 11:40:25 2018
Reading summary statistics from 1_RawData/LDSC/sleep_GWAS.sumstats.gz ...
Read summary statistics for 1175801 SNPs.
Reading reference panel LD Score from /Users/sheaandrews/Programs/ldsc/eur_w_ld_chr/[1-22] ...
Read reference panel LD Scores for 1290028 SNPs.
Removing partitioned LD Scores with zero variance.
Reading regression weight LD Score from /Users/sheaandrews/Programs/ldsc/eur_w_ld_chr/[1-22] ...
Read regression weight LD Scores for 1290028 SNPs.
After merging with reference panel LD, 1169208 SNPs remain.
After merging with regression SNP LD, 1169208 SNPs remain.
Computing rg for phenotype 2/2
Reading summary statistics from 1_RawData/LDSC/vbiany_GWAS.sumstats.gz ...
Read summary statistics for 1217311 SNPs.
After merging with summary statistics, 1169208 SNPs remain.
1162057 SNPs with valid alleles.

Heritability of phenotype 1
---------------------------
Total Observed scale h2: 0.058 (0.0059)
Lambda GC: 1.1144
Mean Chi^2: 1.1404
Intercept: 1.0123 (0.0079)
Ratio: 0.0876 (0.0564)

Heritability of phenotype 2/2
-----------------------------
Total Observed scale h2: 0.1863 (0.0875)
Lambda GC: 0.9957
Mean Chi^2: 0.9973
Intercept: 0.9793 (0.0071)
Ratio: NA (mean chi^2 < 1)

Genetic Covariance
------------------
Total Observed scale gencov: -0.0059 (0.0152)
Mean z1*z2: -0.0088
Intercept: -0.0063 (0.0047)

Genetic Correlation
-------------------
Genetic Correlation: -0.0565 (0.1496)
Z-score: -0.3777
P: 0.7057


Summary of Genetic Correlation Results
p1                                      p2      rg      se       z       p  h2_obs  h2_obs_se  h2_int  h2_int_se  gcov_int  gcov_int_se
1_RawData/LDSC/sleep_GWAS.sumstats.gz  1_RawData/LDSC/vbiany_GWAS.sumstats.gz -0.0565  0.1496 -0.3777  0.7057  0.1863     0.0875  0.9793     0.0071   -0.0063       0.0047

Analysis finished at Fri Nov 30 11:40:38 2018
Total time elapsed: 12.41s
