*********************************************************************
* LD Score Regression (LDSC)
* Version 1.0.0
* (C) 2014-2015 Brendan Bulik-Sullivan and Hilary Finucane
* Broad Institute of MIT and Harvard / MIT Department of Mathematics
* GNU General Public License v3
*********************************************************************
Call: 
./ldsc.py \
--ref-ld-chr /Users/sheaandrews/Programs/ldsc/eur_w_ld_chr/ \
--out 2_DerivedData/LDSC/sleep_ab42 \
--rg 1_RawData/LDSC/sleep_GWAS.sumstats.gz,1_RawData/LDSC/ab42_GWAS.sumstats.gz \
--w-ld-chr /Users/sheaandrews/Programs/ldsc/eur_w_ld_chr/ 

Beginning analysis at Fri Nov 30 10:24:15 2018
Reading summary statistics from 1_RawData/LDSC/sleep_GWAS.sumstats.gz ...
Read summary statistics for 1175801 SNPs.
Reading reference panel LD Score from /Users/sheaandrews/Programs/ldsc/eur_w_ld_chr/[1-22] ...
Read reference panel LD Scores for 1290028 SNPs.
Removing partitioned LD Scores with zero variance.
Reading regression weight LD Score from /Users/sheaandrews/Programs/ldsc/eur_w_ld_chr/[1-22] ...
Read regression weight LD Scores for 1290028 SNPs.
After merging with reference panel LD, 1169208 SNPs remain.
After merging with regression SNP LD, 1169208 SNPs remain.
Computing rg for phenotype 2/2
Reading summary statistics from 1_RawData/LDSC/ab42_GWAS.sumstats.gz ...
Read summary statistics for 1217311 SNPs.
After merging with summary statistics, 1169208 SNPs remain.
998485 SNPs with valid alleles.

Heritability of phenotype 1
---------------------------
Total Observed scale h2: 0.0585 (0.0064)
Lambda GC: 1.1238
Mean Chi^2: 1.1485
Intercept: 1.0115 (0.0086)
Ratio: 0.0772 (0.058)

Heritability of phenotype 2/2
-----------------------------
Total Observed scale h2: 0.1868 (0.171)
Lambda GC: 1.0285
Mean Chi^2: 1.0378
Intercept: 1.026 (0.0097)
Ratio: 0.6872 (0.2563)

Genetic Covariance
------------------
Total Observed scale gencov: 0.0108 (0.0209)
Mean z1*z2: 0.0124
Intercept: 0.0081 (0.0052)

Genetic Correlation
-------------------
Genetic Correlation: 0.1031 (0.2094)
Z-score: 0.4921
P: 0.6226


Summary of Genetic Correlation Results
p1                                    p2      rg      se       z       p  h2_obs  h2_obs_se  h2_int  h2_int_se  gcov_int  gcov_int_se
1_RawData/LDSC/sleep_GWAS.sumstats.gz  1_RawData/LDSC/ab42_GWAS.sumstats.gz  0.1031  0.2094  0.4921  0.6226  0.1868      0.171   1.026     0.0097    0.0081       0.0052

Analysis finished at Fri Nov 30 10:24:28 2018
Total time elapsed: 12.71s
