*********************************************************************
* LD Score Regression (LDSC)
* Version 1.0.0
* (C) 2014-2015 Brendan Bulik-Sullivan and Hilary Finucane
* Broad Institute of MIT and Harvard / MIT Department of Mathematics
* GNU General Public License v3
*********************************************************************
Call: 
./ldsc.py \
--ref-ld-chr /Users/sheaandrews/Programs/ldsc/eur_w_ld_chr/ \
--out 2_DerivedData/LDSC/sleep_educall \
--rg 1_RawData/LDSC/sleep_GWAS.sumstats.gz,1_RawData/LDSC/educall_GWAS.sumstats.gz \
--w-ld-chr /Users/sheaandrews/Programs/ldsc/eur_w_ld_chr/ 

Beginning analysis at Fri Nov 30 17:26:08 2018
Reading summary statistics from 1_RawData/LDSC/sleep_GWAS.sumstats.gz ...
Read summary statistics for 1175801 SNPs.
Reading reference panel LD Score from /Users/sheaandrews/Programs/ldsc/eur_w_ld_chr/[1-22] ...
Read reference panel LD Scores for 1290028 SNPs.
Removing partitioned LD Scores with zero variance.
Reading regression weight LD Score from /Users/sheaandrews/Programs/ldsc/eur_w_ld_chr/[1-22] ...
Read regression weight LD Scores for 1290028 SNPs.
After merging with reference panel LD, 1169208 SNPs remain.
After merging with regression SNP LD, 1169208 SNPs remain.
Computing rg for phenotype 2/2
Reading summary statistics from 1_RawData/LDSC/educall_GWAS.sumstats.gz ...
Read summary statistics for 1217311 SNPs.
After merging with summary statistics, 1169208 SNPs remain.
1159835 SNPs with valid alleles.

Heritability of phenotype 1
---------------------------
Total Observed scale h2: 0.0581 (0.0063)
Lambda GC: 1.1144
Mean Chi^2: 1.1404
Intercept: 1.0121 (0.008)
Ratio: 0.0864 (0.0566)

Heritability of phenotype 2/2
-----------------------------
Total Observed scale h2: 0.1124 (0.0033)
Lambda GC: 2.1026
Mean Chi^2: 2.6589
Intercept: 0.9801 (0.0162)
Ratio < 0 (usually indicates GC correction).

Genetic Covariance
------------------
Total Observed scale gencov: 0.0067 (0.0024)
Mean z1*z2: 0.0376
Intercept: 0.0038 (0.0066)

Genetic Correlation
-------------------
Genetic Correlation: 0.0825 (0.0302)
Z-score: 2.7312
P: 0.0063


Summary of Genetic Correlation Results
p1                                       p2      rg      se       z       p  h2_obs  h2_obs_se  h2_int  h2_int_se  gcov_int  gcov_int_se
1_RawData/LDSC/sleep_GWAS.sumstats.gz  1_RawData/LDSC/educall_GWAS.sumstats.gz  0.0825  0.0302  2.7312  0.0063  0.1124     0.0033  0.9801     0.0162    0.0038       0.0066

Analysis finished at Fri Nov 30 17:26:21 2018
Total time elapsed: 12.79s
