*********************************************************************
* LD Score Regression (LDSC)
* Version 1.0.0
* (C) 2014-2015 Brendan Bulik-Sullivan and Hilary Finucane
* Broad Institute of MIT and Harvard / MIT Department of Mathematics
* GNU General Public License v3
*********************************************************************
Call: 
./ldsc.py \
--ref-ld-chr /Users/sheaandrews/Programs/ldsc/eur_w_ld_chr/ \
--out 2_DerivedData/LDSC/sleep_hipv \
--rg 1_RawData/LDSC/sleep_GWAS.sumstats.gz,1_RawData/LDSC/hipv_GWAS.sumstats.gz \
--w-ld-chr /Users/sheaandrews/Programs/ldsc/eur_w_ld_chr/ 

Beginning analysis at Fri Nov 30 10:33:55 2018
Reading summary statistics from 1_RawData/LDSC/sleep_GWAS.sumstats.gz ...
Read summary statistics for 1175801 SNPs.
Reading reference panel LD Score from /Users/sheaandrews/Programs/ldsc/eur_w_ld_chr/[1-22] ...
Read reference panel LD Scores for 1290028 SNPs.
Removing partitioned LD Scores with zero variance.
Reading regression weight LD Score from /Users/sheaandrews/Programs/ldsc/eur_w_ld_chr/[1-22] ...
Read regression weight LD Scores for 1290028 SNPs.
After merging with reference panel LD, 1169208 SNPs remain.
After merging with regression SNP LD, 1169208 SNPs remain.
Computing rg for phenotype 2/2
Reading summary statistics from 1_RawData/LDSC/hipv_GWAS.sumstats.gz ...
Read summary statistics for 1217311 SNPs.
After merging with summary statistics, 1169208 SNPs remain.
1149292 SNPs with valid alleles.

Heritability of phenotype 1
---------------------------
Total Observed scale h2: 0.0583 (0.006)
Lambda GC: 1.1175
Mean Chi^2: 1.1419
Intercept: 1.0117 (0.0083)
Ratio: 0.0824 (0.0587)

Heritability of phenotype 2/2
-----------------------------
Total Observed scale h2: 0.1465 (0.0245)
Lambda GC: 1.0588
Mean Chi^2: 1.0797
Intercept: 1.0009 (0.0076)
Ratio: 0.0119 (0.095)

Genetic Covariance
------------------
Total Observed scale gencov: -0.0032 (0.0081)
Mean z1*z2: 0.0027
Intercept: 0.0041 (0.0059)

Genetic Correlation
-------------------
Genetic Correlation: -0.035 (0.0891)
Z-score: -0.3929
P: 0.6944


Summary of Genetic Correlation Results
p1                                    p2     rg      se       z       p  h2_obs  h2_obs_se  h2_int  h2_int_se  gcov_int  gcov_int_se
1_RawData/LDSC/sleep_GWAS.sumstats.gz  1_RawData/LDSC/hipv_GWAS.sumstats.gz -0.035  0.0891 -0.3929  0.6944  0.1465     0.0245  1.0009     0.0076    0.0041       0.0059

Analysis finished at Fri Nov 30 10:34:07 2018
Total time elapsed: 12.49s
