*********************************************************************
* LD Score Regression (LDSC)
* Version 1.0.0
* (C) 2014-2015 Brendan Bulik-Sullivan and Hilary Finucane
* Broad Institute of MIT and Harvard / MIT Department of Mathematics
* GNU General Public License v3
*********************************************************************
Call: 
./ldsc.py \
--ref-ld-chr /Users/sheaandrews/Programs/ldsc/eur_w_ld_chr/ \
--out 2_DerivedData/LDSC/sleep_as \
--rg 1_RawData/LDSC/sleep_GWAS.sumstats.gz,1_RawData/LDSC/as_GWAS.sumstats.gz \
--w-ld-chr /Users/sheaandrews/Programs/ldsc/eur_w_ld_chr/ 

Beginning analysis at Fri Nov 30 11:08:20 2018
Reading summary statistics from 1_RawData/LDSC/sleep_GWAS.sumstats.gz ...
Read summary statistics for 1175801 SNPs.
Reading reference panel LD Score from /Users/sheaandrews/Programs/ldsc/eur_w_ld_chr/[1-22] ...
Read reference panel LD Scores for 1290028 SNPs.
Removing partitioned LD Scores with zero variance.
Reading regression weight LD Score from /Users/sheaandrews/Programs/ldsc/eur_w_ld_chr/[1-22] ...
Read regression weight LD Scores for 1290028 SNPs.
After merging with reference panel LD, 1169208 SNPs remain.
After merging with regression SNP LD, 1169208 SNPs remain.
Computing rg for phenotype 2/2
Reading summary statistics from 1_RawData/LDSC/as_GWAS.sumstats.gz ...
Read summary statistics for 1217311 SNPs.
After merging with summary statistics, 1169208 SNPs remain.
1168729 SNPs with valid alleles.

Heritability of phenotype 1
---------------------------
Total Observed scale h2: 0.0577 (0.0059)
Lambda GC: 1.1144
Mean Chi^2: 1.1404
Intercept: 1.0129 (0.0077)
Ratio: 0.0921 (0.0548)

Heritability of phenotype 2/2
-----------------------------
Total Observed scale h2: 0.0128 (0.0014)
Lambda GC: 1.1238
Mean Chi^2: 1.1481
Intercept: 1.0349 (0.0071)
Ratio: 0.2358 (0.0476)

Genetic Covariance
------------------
Total Observed scale gencov: -0.0015 (0.0018)
Mean z1*z2: -0.0004
Intercept: 0.0061 (0.0047)

Genetic Correlation
-------------------
Genetic Correlation: -0.0563 (0.0651)
Z-score: -0.8648
P: 0.3871


Summary of Genetic Correlation Results
p1                                  p2      rg      se       z       p  h2_obs  h2_obs_se  h2_int  h2_int_se  gcov_int  gcov_int_se
1_RawData/LDSC/sleep_GWAS.sumstats.gz  1_RawData/LDSC/as_GWAS.sumstats.gz -0.0563  0.0651 -0.8648  0.3871  0.0128     0.0014  1.0349     0.0071    0.0061       0.0047

Analysis finished at Fri Nov 30 11:08:32 2018
Total time elapsed: 12.47s
