*********************************************************************
* LD Score Regression (LDSC)
* Version 1.0.0
* (C) 2014-2015 Brendan Bulik-Sullivan and Hilary Finucane
* Broad Institute of MIT and Harvard / MIT Department of Mathematics
* GNU General Public License v3
*********************************************************************
Call: 
./ldsc.py \
--ref-ld-chr /Users/sheaandrews/Programs/ldsc/eur_w_ld_chr/ \
--out 2_DerivedData/LDSC/sleep_sbp \
--rg 1_RawData/LDSC/sleep_GWAS.sumstats.gz,1_RawData/LDSC/sbp_GWAS.sumstats.gz \
--w-ld-chr /Users/sheaandrews/Programs/ldsc/eur_w_ld_chr/ 

Beginning analysis at Fri Nov 30 09:30:15 2018
Reading summary statistics from 1_RawData/LDSC/sleep_GWAS.sumstats.gz ...
Read summary statistics for 1175801 SNPs.
Reading reference panel LD Score from /Users/sheaandrews/Programs/ldsc/eur_w_ld_chr/[1-22] ...
Read reference panel LD Scores for 1290028 SNPs.
Removing partitioned LD Scores with zero variance.
Reading regression weight LD Score from /Users/sheaandrews/Programs/ldsc/eur_w_ld_chr/[1-22] ...
Read regression weight LD Scores for 1290028 SNPs.
After merging with reference panel LD, 1169208 SNPs remain.
After merging with regression SNP LD, 1169208 SNPs remain.
Computing rg for phenotype 2/2
Reading summary statistics from 1_RawData/LDSC/sbp_GWAS.sumstats.gz ...
Read summary statistics for 1217311 SNPs.
After merging with summary statistics, 1169208 SNPs remain.
1160435 SNPs with valid alleles.

Heritability of phenotype 1
---------------------------
Total Observed scale h2: 0.0573 (0.0059)
Lambda GC: 1.1144
Mean Chi^2: 1.141
Intercept: 1.0136 (0.0079)
Ratio: 0.0965 (0.0563)

Heritability of phenotype 2/2
-----------------------------
Total Observed scale h2: 0.1396 (0.0059)
Lambda GC: 2.0855
Mean Chi^2: 3.138
Intercept: 1.072 (0.0347)
Ratio: 0.0337 (0.0162)

Genetic Covariance
------------------
Total Observed scale gencov: -0.0004 (0.0036)
Mean z1*z2: 0.0216
Intercept: 0.018 (0.0082)

Genetic Correlation
-------------------
Genetic Correlation: -0.0046 (0.0402)
Z-score: -0.1147
P: 0.9087


Summary of Genetic Correlation Results
p1                                   p2      rg      se       z       p  h2_obs  h2_obs_se  h2_int  h2_int_se  gcov_int  gcov_int_se
1_RawData/LDSC/sleep_GWAS.sumstats.gz  1_RawData/LDSC/sbp_GWAS.sumstats.gz -0.0046  0.0402 -0.1147  0.9087  0.1396     0.0059   1.072     0.0347     0.018       0.0082

Analysis finished at Fri Nov 30 09:30:28 2018
Total time elapsed: 12.77s
