*********************************************************************
* LD Score Regression (LDSC)
* Version 1.0.0
* (C) 2014-2015 Brendan Bulik-Sullivan and Hilary Finucane
* Broad Institute of MIT and Harvard / MIT Department of Mathematics
* GNU General Public License v3
*********************************************************************
Call: 
./ldsc.py \
--ref-ld-chr /Users/sheaandrews/Programs/ldsc/eur_w_ld_chr/ \
--out 2_DerivedData/LDSC/sleep_ptau \
--rg 1_RawData/LDSC/sleep_GWAS.sumstats.gz,1_RawData/LDSC/ptau_GWAS.sumstats.gz \
--w-ld-chr /Users/sheaandrews/Programs/ldsc/eur_w_ld_chr/ 

Beginning analysis at Fri Nov 30 10:12:12 2018
Reading summary statistics from 1_RawData/LDSC/sleep_GWAS.sumstats.gz ...
Read summary statistics for 1175801 SNPs.
Reading reference panel LD Score from /Users/sheaandrews/Programs/ldsc/eur_w_ld_chr/[1-22] ...
Read reference panel LD Scores for 1290028 SNPs.
Removing partitioned LD Scores with zero variance.
Reading regression weight LD Score from /Users/sheaandrews/Programs/ldsc/eur_w_ld_chr/[1-22] ...
Read regression weight LD Scores for 1290028 SNPs.
After merging with reference panel LD, 1169208 SNPs remain.
After merging with regression SNP LD, 1169208 SNPs remain.
Computing rg for phenotype 2/2
Reading summary statistics from 1_RawData/LDSC/ptau_GWAS.sumstats.gz ...
Read summary statistics for 1217311 SNPs.
After merging with summary statistics, 1169208 SNPs remain.
1034462 SNPs with valid alleles.

Heritability of phenotype 1
---------------------------
Total Observed scale h2: 0.0581 (0.006)
Lambda GC: 1.1207
Mean Chi^2: 1.1469
Intercept: 1.0122 (0.0083)
Ratio: 0.0829 (0.0568)

Heritability of phenotype 2/2
-----------------------------
Total Observed scale h2: 0.1743 (0.1741)
Lambda GC: 1.0225
Mean Chi^2: 1.016
Intercept: 1.006 (0.0077)
Ratio: 0.3733 (0.4832)

Genetic Covariance
------------------
Total Observed scale gencov: 0.0412 (0.0205)
Mean z1*z2: 0.0083
Intercept: -0.0067 (0.0053)

Genetic Correlation
-------------------
Genetic Correlation: 0.4096 (0.2594)
Z-score: 1.5793
P: 0.1143


Summary of Genetic Correlation Results
p1                                    p2      rg      se       z       p  h2_obs  h2_obs_se  h2_int  h2_int_se  gcov_int  gcov_int_se
1_RawData/LDSC/sleep_GWAS.sumstats.gz  1_RawData/LDSC/ptau_GWAS.sumstats.gz  0.4096  0.2594  1.5793  0.1143  0.1743     0.1741   1.006     0.0077   -0.0067       0.0053

Analysis finished at Fri Nov 30 10:12:24 2018
Total time elapsed: 12.26s
