*********************************************************************
* LD Score Regression (LDSC)
* Version 1.0.0
* (C) 2014-2015 Brendan Bulik-Sullivan and Hilary Finucane
* Broad Institute of MIT and Harvard / MIT Department of Mathematics
* GNU General Public License v3
*********************************************************************
Call: 
./ldsc.py \
--ref-ld-chr /Users/sheaandrews/Programs/ldsc/eur_w_ld_chr/ \
--out 2_DerivedData/LDSC/sleep_insom \
--rg 1_RawData/LDSC/sleep_GWAS.sumstats.gz,1_RawData/LDSC/insom_GWAS.sumstats.gz \
--w-ld-chr /Users/sheaandrews/Programs/ldsc/eur_w_ld_chr/ 

Beginning analysis at Fri Nov 30 08:49:29 2018
Reading summary statistics from 1_RawData/LDSC/sleep_GWAS.sumstats.gz ...
Read summary statistics for 1175801 SNPs.
Reading reference panel LD Score from /Users/sheaandrews/Programs/ldsc/eur_w_ld_chr/[1-22] ...
Read reference panel LD Scores for 1290028 SNPs.
Removing partitioned LD Scores with zero variance.
Reading regression weight LD Score from /Users/sheaandrews/Programs/ldsc/eur_w_ld_chr/[1-22] ...
Read regression weight LD Scores for 1290028 SNPs.
After merging with reference panel LD, 1169208 SNPs remain.
After merging with regression SNP LD, 1169208 SNPs remain.
Computing rg for phenotype 2/2
Reading summary statistics from 1_RawData/LDSC/insom_GWAS.sumstats.gz ...
Read summary statistics for 1217311 SNPs.
After merging with summary statistics, 1169208 SNPs remain.
1123488 SNPs with valid alleles.

Heritability of phenotype 1
---------------------------
Total Observed scale h2: 0.0571 (0.0057)
Lambda GC: 1.1175
Mean Chi^2: 1.143
Intercept: 1.0144 (0.0077)
Ratio: 0.1009 (0.0539)

Heritability of phenotype 2/2
-----------------------------
Total Observed scale h2: 0.0459 (0.002)
Lambda GC: 1.3101
Mean Chi^2: 1.366
Intercept: 1.014 (0.0087)
Ratio: 0.0383 (0.0237)

Genetic Covariance
------------------
Total Observed scale gencov: -0.0249 (0.0027)
Mean z1*z2: -0.2212
Intercept: -0.1172 (0.0059)

Genetic Correlation
-------------------
Genetic Correlation: -0.4855 (0.0467)
Z-score: -10.3861
P: 2.8688e-25


Summary of Genetic Correlation Results
p1                                     p2      rg      se        z           p  h2_obs  h2_obs_se  h2_int  h2_int_se  gcov_int  gcov_int_se
1_RawData/LDSC/sleep_GWAS.sumstats.gz  1_RawData/LDSC/insom_GWAS.sumstats.gz -0.4855  0.0467 -10.3861  2.8688e-25  0.0459      0.002   1.014     0.0087   -0.1172       0.0059

Analysis finished at Fri Nov 30 08:49:42 2018
Total time elapsed: 12.81s
