*********************************************************************
* LD Score Regression (LDSC)
* Version 1.0.0
* (C) 2014-2015 Brendan Bulik-Sullivan and Hilary Finucane
* Broad Institute of MIT and Harvard / MIT Department of Mathematics
* GNU General Public License v3
*********************************************************************
Call: 
./ldsc.py \
--ref-ld-chr /Users/sheaandrews/Programs/ldsc/eur_w_ld_chr/ \
--out 2_DerivedData/LDSC/sleep_alcc \
--rg 1_RawData/LDSC/sleep_GWAS.sumstats.gz,1_RawData/LDSC/alcc_GWAS.sumstats.gz \
--w-ld-chr /Users/sheaandrews/Programs/ldsc/eur_w_ld_chr/ 

Beginning analysis at Fri Nov 30 09:01:13 2018
Reading summary statistics from 1_RawData/LDSC/sleep_GWAS.sumstats.gz ...
Read summary statistics for 1175801 SNPs.
Reading reference panel LD Score from /Users/sheaandrews/Programs/ldsc/eur_w_ld_chr/[1-22] ...
Read reference panel LD Scores for 1290028 SNPs.
Removing partitioned LD Scores with zero variance.
Reading regression weight LD Score from /Users/sheaandrews/Programs/ldsc/eur_w_ld_chr/[1-22] ...
Read regression weight LD Scores for 1290028 SNPs.
After merging with reference panel LD, 1169208 SNPs remain.
After merging with regression SNP LD, 1169208 SNPs remain.
Computing rg for phenotype 2/2
Reading summary statistics from 1_RawData/LDSC/alcc_GWAS.sumstats.gz ...
Read summary statistics for 1217311 SNPs.
After merging with summary statistics, 1169208 SNPs remain.
1077383 SNPs with valid alleles.

Heritability of phenotype 1
---------------------------
Total Observed scale h2: 0.0612 (0.0059)
Lambda GC: 1.1175
Mean Chi^2: 1.1431
Intercept: 1.0084 (0.008)
Ratio: 0.0585 (0.0557)

Heritability of phenotype 2/2
-----------------------------
Total Observed scale h2: 0.0797 (0.0059)
Lambda GC: 1.1587
Mean Chi^2: 1.1877
Intercept: 1.0121 (0.0075)
Ratio: 0.0644 (0.04)

Genetic Covariance
------------------
Total Observed scale gencov: -0.0003 (0.0039)
Mean z1*z2: 0.0075
Intercept: 0.0108 (0.0052)

Genetic Correlation
-------------------
Genetic Correlation: -0.0039 (0.0557)
Z-score: -0.0702
P: 0.944


Summary of Genetic Correlation Results
p1                                    p2      rg      se       z      p  h2_obs  h2_obs_se  h2_int  h2_int_se  gcov_int  gcov_int_se
1_RawData/LDSC/sleep_GWAS.sumstats.gz  1_RawData/LDSC/alcc_GWAS.sumstats.gz -0.0039  0.0557 -0.0702  0.944  0.0797     0.0059  1.0121     0.0075    0.0108       0.0052

Analysis finished at Fri Nov 30 09:01:26 2018
Total time elapsed: 12.3s
