*********************************************************************
* LD Score Regression (LDSC)
* Version 1.0.0
* (C) 2014-2015 Brendan Bulik-Sullivan and Hilary Finucane
* Broad Institute of MIT and Harvard / MIT Department of Mathematics
* GNU General Public License v3
*********************************************************************
Call: 
./ldsc.py \
--ref-ld-chr /Users/sheaandrews/Programs/ldsc/eur_w_ld_chr/ \
--out 2_DerivedData/LDSC/sleep_audit \
--rg 1_RawData/LDSC/sleep_GWAS.sumstats.gz,1_RawData/LDSC/audit_GWAS.sumstats.gz \
--w-ld-chr /Users/sheaandrews/Programs/ldsc/eur_w_ld_chr/ 

Beginning analysis at Fri Nov 30 08:50:10 2018
Reading summary statistics from 1_RawData/LDSC/sleep_GWAS.sumstats.gz ...
Read summary statistics for 1175801 SNPs.
Reading reference panel LD Score from /Users/sheaandrews/Programs/ldsc/eur_w_ld_chr/[1-22] ...
Read reference panel LD Scores for 1290028 SNPs.
Removing partitioned LD Scores with zero variance.
Reading regression weight LD Score from /Users/sheaandrews/Programs/ldsc/eur_w_ld_chr/[1-22] ...
Read regression weight LD Scores for 1290028 SNPs.
After merging with reference panel LD, 1169208 SNPs remain.
After merging with regression SNP LD, 1169208 SNPs remain.
Computing rg for phenotype 2/2
Reading summary statistics from 1_RawData/LDSC/audit_GWAS.sumstats.gz ...
Read summary statistics for 1217311 SNPs.
After merging with summary statistics, 1169208 SNPs remain.
1159821 SNPs with valid alleles.

Heritability of phenotype 1
---------------------------
Total Observed scale h2: 0.0577 (0.0058)
Lambda GC: 1.1144
Mean Chi^2: 1.1401
Intercept: 1.0127 (0.0076)
Ratio: 0.0909 (0.0541)

Heritability of phenotype 2/2
-----------------------------
Total Observed scale h2: 0.0915 (0.0058)
Lambda GC: 1.194
Mean Chi^2: 1.2201
Intercept: 1.0035 (0.0073)
Ratio: 0.016 (0.0331)

Genetic Covariance
------------------
Total Observed scale gencov: -0.0043 (0.0037)
Mean z1*z2: -0.0068
Intercept: 0.0037 (0.0049)

Genetic Correlation
-------------------
Genetic Correlation: -0.0597 (0.0515)
Z-score: -1.1597
P: 0.2462


Summary of Genetic Correlation Results
p1                                     p2      rg      se       z       p  h2_obs  h2_obs_se  h2_int  h2_int_se  gcov_int  gcov_int_se
1_RawData/LDSC/sleep_GWAS.sumstats.gz  1_RawData/LDSC/audit_GWAS.sumstats.gz -0.0597  0.0515 -1.1597  0.2462  0.0915     0.0058  1.0035     0.0073    0.0037       0.0049

Analysis finished at Fri Nov 30 08:50:22 2018
Total time elapsed: 12.44s
