*********************************************************************
* LD Score Regression (LDSC)
* Version 1.0.0
* (C) 2014-2015 Brendan Bulik-Sullivan and Hilary Finucane
* Broad Institute of MIT and Harvard / MIT Department of Mathematics
* GNU General Public License v3
*********************************************************************
Call: 
./ldsc.py \
--ref-ld-chr /Users/sheaandrews/Programs/ldsc/eur_w_ld_chr/ \
--out 2_DerivedData/LDSC/smkukbb_educ \
--rg 1_RawData/LDSC/smkukbb_GWAS.sumstats.gz,1_RawData/LDSC/educ_GWAS.sumstats.gz \
--w-ld-chr /Users/sheaandrews/Programs/ldsc/eur_w_ld_chr/ 

Beginning analysis at Fri Nov 30 14:33:51 2018
Reading summary statistics from 1_RawData/LDSC/smkukbb_GWAS.sumstats.gz ...
Read summary statistics for 1171135 SNPs.
Reading reference panel LD Score from /Users/sheaandrews/Programs/ldsc/eur_w_ld_chr/[1-22] ...
Read reference panel LD Scores for 1290028 SNPs.
Removing partitioned LD Scores with zero variance.
Reading regression weight LD Score from /Users/sheaandrews/Programs/ldsc/eur_w_ld_chr/[1-22] ...
Read regression weight LD Scores for 1290028 SNPs.
After merging with reference panel LD, 1164572 SNPs remain.
After merging with regression SNP LD, 1164572 SNPs remain.
Computing rg for phenotype 2/2
Reading summary statistics from 1_RawData/LDSC/educ_GWAS.sumstats.gz ...
Read summary statistics for 1217311 SNPs.
After merging with summary statistics, 1164572 SNPs remain.
2138 SNPs with valid alleles.
WARNING: number of SNPs less than 200k; this is almost always bad.

Heritability of phenotype 1
---------------------------
Total Observed scale h2: 0.1897 (0.0375)
Lambda GC: 3.2425
Mean Chi^2: 3.7581
Intercept: 1.9804 (0.2577)
Ratio: 0.3555 (0.0934)

Heritability of phenotype 2/2
-----------------------------
Total Observed scale h2: 0.3627 (0.038)
Lambda GC: 48.1683
Mean Chi^2: 27.5087
Intercept: 19.366 (0.6115)
Ratio: 0.6928 (0.0231)

Genetic Covariance
------------------
Total Observed scale gencov: -0.1185 (0.0396)
Mean z1*z2: -5.4808
Intercept: -3.6943 (0.447)

Genetic Correlation
-------------------
Genetic Correlation: -0.4517 (0.1125)
Z-score: -4.0156
P: 5.9301e-05


Summary of Genetic Correlation Results
p1                                    p2      rg      se       z           p  h2_obs  h2_obs_se  h2_int  h2_int_se  gcov_int  gcov_int_se
1_RawData/LDSC/smkukbb_GWAS.sumstats.gz  1_RawData/LDSC/educ_GWAS.sumstats.gz -0.4517  0.1125 -4.0156  5.9301e-05  0.3627      0.038  19.366     0.6115   -3.6943        0.447

Analysis finished at Fri Nov 30 14:34:02 2018
Total time elapsed: 10.82s
