*********************************************************************
* LD Score Regression (LDSC)
* Version 1.0.0
* (C) 2014-2015 Brendan Bulik-Sullivan and Hilary Finucane
* Broad Institute of MIT and Harvard / MIT Department of Mathematics
* GNU General Public License v3
*********************************************************************
Call: 
./ldsc.py \
--ref-ld-chr /Users/sheaandrews/Programs/ldsc/eur_w_ld_chr/ \
--out 2_DerivedData/LDSC/smkukbb_alcc \
--rg 1_RawData/LDSC/smkukbb_GWAS.sumstats.gz,1_RawData/LDSC/alcc_GWAS.sumstats.gz \
--w-ld-chr /Users/sheaandrews/Programs/ldsc/eur_w_ld_chr/ 

Beginning analysis at Fri Nov 30 09:38:57 2018
Reading summary statistics from 1_RawData/LDSC/smkukbb_GWAS.sumstats.gz ...
Read summary statistics for 1171135 SNPs.
Reading reference panel LD Score from /Users/sheaandrews/Programs/ldsc/eur_w_ld_chr/[1-22] ...
Read reference panel LD Scores for 1290028 SNPs.
Removing partitioned LD Scores with zero variance.
Reading regression weight LD Score from /Users/sheaandrews/Programs/ldsc/eur_w_ld_chr/[1-22] ...
Read regression weight LD Scores for 1290028 SNPs.
After merging with reference panel LD, 1164572 SNPs remain.
After merging with regression SNP LD, 1164572 SNPs remain.
Computing rg for phenotype 2/2
Reading summary statistics from 1_RawData/LDSC/alcc_GWAS.sumstats.gz ...
Read summary statistics for 1217311 SNPs.
After merging with summary statistics, 1164572 SNPs remain.
1073786 SNPs with valid alleles.

Heritability of phenotype 1
---------------------------
Total Observed scale h2: 0.1017 (0.0037)
Lambda GC: 1.6601
Mean Chi^2: 1.9404
Intercept: 1.0228 (0.0114)
Ratio: 0.0242 (0.0121)

Heritability of phenotype 2/2
-----------------------------
Total Observed scale h2: 0.0796 (0.006)
Lambda GC: 1.1587
Mean Chi^2: 1.1883
Intercept: 1.0128 (0.0078)
Ratio: 0.0679 (0.0416)

Genetic Covariance
------------------
Total Observed scale gencov: 0.0241 (0.0029)
Mean z1*z2: 0.1594
Intercept: 0.0563 (0.0065)

Genetic Correlation
-------------------
Genetic Correlation: 0.2676 (0.0314)
Z-score: 8.5117
P: 1.7140e-17


Summary of Genetic Correlation Results
p1                                    p2      rg      se       z           p  h2_obs  h2_obs_se  h2_int  h2_int_se  gcov_int  gcov_int_se
1_RawData/LDSC/smkukbb_GWAS.sumstats.gz  1_RawData/LDSC/alcc_GWAS.sumstats.gz  0.2676  0.0314  8.5117  1.7140e-17  0.0796      0.006  1.0128     0.0078    0.0563       0.0065

Analysis finished at Fri Nov 30 09:39:10 2018
Total time elapsed: 13.24s
