*********************************************************************
* LD Score Regression (LDSC)
* Version 1.0.0
* (C) 2014-2015 Brendan Bulik-Sullivan and Hilary Finucane
* Broad Institute of MIT and Harvard / MIT Department of Mathematics
* GNU General Public License v3
*********************************************************************
Call: 
./ldsc.py \
--ref-ld-chr /Users/sheaandrews/Programs/ldsc/eur_w_ld_chr/ \
--out 2_DerivedData/LDSC/smkukbb_evrsmk \
--rg 1_RawData/LDSC/smkukbb_GWAS.sumstats.gz,1_RawData/LDSC/evrsmk_GWAS.sumstats.gz \
--w-ld-chr /Users/sheaandrews/Programs/ldsc/eur_w_ld_chr/ 

Beginning analysis at Fri Nov 30 12:42:57 2018
Reading summary statistics from 1_RawData/LDSC/smkukbb_GWAS.sumstats.gz ...
Read summary statistics for 1171135 SNPs.
Reading reference panel LD Score from /Users/sheaandrews/Programs/ldsc/eur_w_ld_chr/[1-22] ...
Read reference panel LD Scores for 1290028 SNPs.
Removing partitioned LD Scores with zero variance.
Reading regression weight LD Score from /Users/sheaandrews/Programs/ldsc/eur_w_ld_chr/[1-22] ...
Read regression weight LD Scores for 1290028 SNPs.
After merging with reference panel LD, 1164572 SNPs remain.
After merging with regression SNP LD, 1164572 SNPs remain.
Computing rg for phenotype 2/2
Reading summary statistics from 1_RawData/LDSC/evrsmk_GWAS.sumstats.gz ...
Read summary statistics for 1217311 SNPs.
After merging with summary statistics, 1164572 SNPs remain.
1163920 SNPs with valid alleles.

Heritability of phenotype 1
---------------------------
Total Observed scale h2: 0.0999 (0.0035)
Lambda GC: 1.6372
Mean Chi^2: 1.9196
Intercept: 1.022 (0.0104)
Ratio: 0.0239 (0.0113)

Heritability of phenotype 2/2
-----------------------------
Total Observed scale h2: 0.0752 (0.0032)
Lambda GC: 1.4245
Mean Chi^2: 1.5512
Intercept: 1.0172 (0.0099)
Ratio: 0.0312 (0.0179)

Genetic Covariance
------------------
Total Observed scale gencov: 0.0781 (0.0029)
Mean z1*z2: 1.2197
Intercept: 0.5964 (0.0087)

Genetic Correlation
-------------------
Genetic Correlation: 0.9007 (0.0081)
Z-score: 110.8725
P: 0.


Summary of Genetic Correlation Results
p1                                      p2      rg      se         z    p  h2_obs  h2_obs_se  h2_int  h2_int_se  gcov_int  gcov_int_se
1_RawData/LDSC/smkukbb_GWAS.sumstats.gz  1_RawData/LDSC/evrsmk_GWAS.sumstats.gz  0.9007  0.0081  110.8725  0.0  0.0752     0.0032  1.0172     0.0099    0.5964       0.0087

Analysis finished at Fri Nov 30 12:43:10 2018
Total time elapsed: 12.95s
