*********************************************************************
* LD Score Regression (LDSC)
* Version 1.0.0
* (C) 2014-2015 Brendan Bulik-Sullivan and Hilary Finucane
* Broad Institute of MIT and Harvard / MIT Department of Mathematics
* GNU General Public License v3
*********************************************************************
Call: 
./ldsc.py \
--ref-ld-chr /Users/sheaandrews/Programs/ldsc/eur_w_ld_chr/ \
--out 2_DerivedData/LDSC/smkukbb_mdd \
--rg 1_RawData/LDSC/smkukbb_GWAS.sumstats.gz,1_RawData/LDSC/mdd_GWAS.sumstats.gz \
--w-ld-chr /Users/sheaandrews/Programs/ldsc/eur_w_ld_chr/ 

Beginning analysis at Fri Nov 30 14:33:30 2018
Reading summary statistics from 1_RawData/LDSC/smkukbb_GWAS.sumstats.gz ...
Read summary statistics for 1171135 SNPs.
Reading reference panel LD Score from /Users/sheaandrews/Programs/ldsc/eur_w_ld_chr/[1-22] ...
Read reference panel LD Scores for 1290028 SNPs.
Removing partitioned LD Scores with zero variance.
Reading regression weight LD Score from /Users/sheaandrews/Programs/ldsc/eur_w_ld_chr/[1-22] ...
Read regression weight LD Scores for 1290028 SNPs.
After merging with reference panel LD, 1164572 SNPs remain.
After merging with regression SNP LD, 1164572 SNPs remain.
Computing rg for phenotype 2/2
Reading summary statistics from 1_RawData/LDSC/mdd_GWAS.sumstats.gz ...
Read summary statistics for 1217311 SNPs.
After merging with summary statistics, 1164572 SNPs remain.
2887 SNPs with valid alleles.
WARNING: number of SNPs less than 200k; this is almost always bad.

Heritability of phenotype 1
---------------------------
Total Observed scale h2: 0.1736 (0.0272)
Lambda GC: 1.7688
Mean Chi^2: 2.1567
Intercept: 0.9541 (0.1249)
Ratio < 0 (usually indicates GC correction).

Heritability of phenotype 2/2
-----------------------------
Total Observed scale h2: 0.2529 (0.0232)
Lambda GC: 17.5561
Mean Chi^2: 9.3665
Intercept: 7.5376 (0.1165)
Ratio: 0.7814 (0.0139)

Genetic Covariance
------------------
Total Observed scale gencov: 0.1666 (0.036)
Mean z1*z2: 1.1754
Intercept: 0.0953 (0.2053)

Genetic Correlation
-------------------
Genetic Correlation: 0.7953 (0.154)
Z-score: 5.163
P: 2.4305e-07


Summary of Genetic Correlation Results
p1                                   p2      rg     se      z           p  h2_obs  h2_obs_se  h2_int  h2_int_se  gcov_int  gcov_int_se
1_RawData/LDSC/smkukbb_GWAS.sumstats.gz  1_RawData/LDSC/mdd_GWAS.sumstats.gz  0.7953  0.154  5.163  2.4305e-07  0.2529     0.0232  7.5376     0.1165    0.0953       0.2053

Analysis finished at Fri Nov 30 14:33:41 2018
Total time elapsed: 10.95s
