*********************************************************************
* LD Score Regression (LDSC)
* Version 1.0.0
* (C) 2014-2015 Brendan Bulik-Sullivan and Hilary Finucane
* Broad Institute of MIT and Harvard / MIT Department of Mathematics
* GNU General Public License v3
*********************************************************************
Call: 
./ldsc.py \
--ref-ld-chr /Users/sheaandrews/Programs/ldsc/eur_w_ld_chr/ \
--out 2_DerivedData/LDSC/smkukbb_mvpa \
--rg 1_RawData/LDSC/smkukbb_GWAS.sumstats.gz,1_RawData/LDSC/mvpa_GWAS.sumstats.gz \
--w-ld-chr /Users/sheaandrews/Programs/ldsc/eur_w_ld_chr/ 

Beginning analysis at Fri Nov 30 13:51:46 2018
Reading summary statistics from 1_RawData/LDSC/smkukbb_GWAS.sumstats.gz ...
Read summary statistics for 1171135 SNPs.
Reading reference panel LD Score from /Users/sheaandrews/Programs/ldsc/eur_w_ld_chr/[1-22] ...
Read reference panel LD Scores for 1290028 SNPs.
Removing partitioned LD Scores with zero variance.
Reading regression weight LD Score from /Users/sheaandrews/Programs/ldsc/eur_w_ld_chr/[1-22] ...
Read regression weight LD Scores for 1290028 SNPs.
After merging with reference panel LD, 1164572 SNPs remain.
After merging with regression SNP LD, 1164572 SNPs remain.
Computing rg for phenotype 2/2
Reading summary statistics from 1_RawData/LDSC/mvpa_GWAS.sumstats.gz ...
Read summary statistics for 1217311 SNPs.
After merging with summary statistics, 1164572 SNPs remain.
1164568 SNPs with valid alleles.

Heritability of phenotype 1
---------------------------
Total Observed scale h2: 0.0997 (0.0035)
Lambda GC: 1.6372
Mean Chi^2: 1.9192
Intercept: 1.0226 (0.0104)
Ratio: 0.0246 (0.0113)

Heritability of phenotype 2/2
-----------------------------
Total Observed scale h2: 0.0462 (0.0024)
Lambda GC: 1.3101
Mean Chi^2: 1.3515
Intercept: 1.0127 (0.0094)
Ratio: 0.0362 (0.0267)

Genetic Covariance
------------------
Total Observed scale gencov: 0.0038 (0.0018)
Mean z1*z2: 0.0227
Intercept: -0.013 (0.0066)

Genetic Correlation
-------------------
Genetic Correlation: 0.0553 (0.0271)
Z-score: 2.0397
P: 0.0414


Summary of Genetic Correlation Results
p1                                    p2      rg      se       z       p  h2_obs  h2_obs_se  h2_int  h2_int_se  gcov_int  gcov_int_se
1_RawData/LDSC/smkukbb_GWAS.sumstats.gz  1_RawData/LDSC/mvpa_GWAS.sumstats.gz  0.0553  0.0271  2.0397  0.0414  0.0462     0.0024  1.0127     0.0094    -0.013       0.0066

Analysis finished at Fri Nov 30 13:51:59 2018
Total time elapsed: 12.84s
