*********************************************************************
* LD Score Regression (LDSC)
* Version 1.0.0
* (C) 2014-2015 Brendan Bulik-Sullivan and Hilary Finucane
* Broad Institute of MIT and Harvard / MIT Department of Mathematics
* GNU General Public License v3
*********************************************************************
Call: 
./ldsc.py \
--ref-ld-chr /Users/sheaandrews/Programs/ldsc/eur_w_ld_chr/ \
--out 2_DerivedData/LDSC/smkukbb_hipv \
--rg 1_RawData/LDSC/smkukbb_GWAS.sumstats.gz,1_RawData/LDSC/hipv_GWAS.sumstats.gz \
--w-ld-chr /Users/sheaandrews/Programs/ldsc/eur_w_ld_chr/ 

Beginning analysis at Fri Nov 30 12:25:19 2018
Reading summary statistics from 1_RawData/LDSC/smkukbb_GWAS.sumstats.gz ...
Read summary statistics for 1171135 SNPs.
Reading reference panel LD Score from /Users/sheaandrews/Programs/ldsc/eur_w_ld_chr/[1-22] ...
Read reference panel LD Scores for 1290028 SNPs.
Removing partitioned LD Scores with zero variance.
Reading regression weight LD Score from /Users/sheaandrews/Programs/ldsc/eur_w_ld_chr/[1-22] ...
Read regression weight LD Scores for 1290028 SNPs.
After merging with reference panel LD, 1164572 SNPs remain.
After merging with regression SNP LD, 1164572 SNPs remain.
Computing rg for phenotype 2/2
Reading summary statistics from 1_RawData/LDSC/hipv_GWAS.sumstats.gz ...
Read summary statistics for 1217311 SNPs.
After merging with summary statistics, 1164572 SNPs remain.
1145993 SNPs with valid alleles.

Heritability of phenotype 1
---------------------------
Total Observed scale h2: 0.1001 (0.0036)
Lambda GC: 1.6448
Mean Chi^2: 1.9294
Intercept: 1.0203 (0.0114)
Ratio: 0.0218 (0.0122)

Heritability of phenotype 2/2
-----------------------------
Total Observed scale h2: 0.1449 (0.0246)
Lambda GC: 1.0588
Mean Chi^2: 1.0804
Intercept: 1.0024 (0.0078)
Ratio: 0.0304 (0.0973)

Genetic Covariance
------------------
Total Observed scale gencov: -0.012 (0.0053)
Mean z1*z2: -0.017
Intercept: 0.0102 (0.0063)

Genetic Correlation
-------------------
Genetic Correlation: -0.1 (0.0438)
Z-score: -2.2824
P: 0.0225


Summary of Genetic Correlation Results
p1                                    p2   rg      se       z       p  h2_obs  h2_obs_se  h2_int  h2_int_se  gcov_int  gcov_int_se
1_RawData/LDSC/smkukbb_GWAS.sumstats.gz  1_RawData/LDSC/hipv_GWAS.sumstats.gz -0.1  0.0438 -2.2824  0.0225  0.1449     0.0246  1.0024     0.0078    0.0102       0.0063

Analysis finished at Fri Nov 30 12:25:32 2018
Total time elapsed: 13.38s
