*********************************************************************
* LD Score Regression (LDSC)
* Version 1.0.0
* (C) 2014-2015 Brendan Bulik-Sullivan and Hilary Finucane
* Broad Institute of MIT and Harvard / MIT Department of Mathematics
* GNU General Public License v3
*********************************************************************
Call: 
./ldsc.py \
--ref-ld-chr /Users/sheaandrews/Programs/ldsc/eur_w_ld_chr/ \
--out 2_DerivedData/LDSC/smkukbb_dbp \
--rg 1_RawData/LDSC/smkukbb_GWAS.sumstats.gz,1_RawData/LDSC/dbp_GWAS.sumstats.gz \
--w-ld-chr /Users/sheaandrews/Programs/ldsc/eur_w_ld_chr/ 

Beginning analysis at Fri Nov 30 10:39:22 2018
Reading summary statistics from 1_RawData/LDSC/smkukbb_GWAS.sumstats.gz ...
Read summary statistics for 1171135 SNPs.
Reading reference panel LD Score from /Users/sheaandrews/Programs/ldsc/eur_w_ld_chr/[1-22] ...
Read reference panel LD Scores for 1290028 SNPs.
Removing partitioned LD Scores with zero variance.
Reading regression weight LD Score from /Users/sheaandrews/Programs/ldsc/eur_w_ld_chr/[1-22] ...
Read regression weight LD Scores for 1290028 SNPs.
After merging with reference panel LD, 1164572 SNPs remain.
After merging with regression SNP LD, 1164572 SNPs remain.
Computing rg for phenotype 2/2
Reading summary statistics from 1_RawData/LDSC/dbp_GWAS.sumstats.gz ...
Read summary statistics for 1217311 SNPs.
After merging with summary statistics, 1164572 SNPs remain.
1158904 SNPs with valid alleles.

Heritability of phenotype 1
---------------------------
Total Observed scale h2: 0.0999 (0.0035)
Lambda GC: 1.641
Mean Chi^2: 1.922
Intercept: 1.0212 (0.0107)
Ratio: 0.023 (0.0116)

Heritability of phenotype 2/2
-----------------------------
Total Observed scale h2: 0.1354 (0.0059)
Lambda GC: 2.0429
Mean Chi^2: 3.1465
Intercept: 1.0872 (0.0318)
Ratio: 0.0406 (0.0148)

Genetic Covariance
------------------
Total Observed scale gencov: -0.0045 (0.0021)
Mean z1*z2: -0.063
Intercept: -0.0187 (0.0092)

Genetic Correlation
-------------------
Genetic Correlation: -0.0384 (0.0182)
Z-score: -2.1024
P: 0.0355


Summary of Genetic Correlation Results
p1                                   p2      rg      se       z       p  h2_obs  h2_obs_se  h2_int  h2_int_se  gcov_int  gcov_int_se
1_RawData/LDSC/smkukbb_GWAS.sumstats.gz  1_RawData/LDSC/dbp_GWAS.sumstats.gz -0.0384  0.0182 -2.1024  0.0355  0.1354     0.0059  1.0872     0.0318   -0.0187       0.0092

Analysis finished at Fri Nov 30 10:39:34 2018
Total time elapsed: 12.15s
