*********************************************************************
* LD Score Regression (LDSC)
* Version 1.0.0
* (C) 2014-2015 Brendan Bulik-Sullivan and Hilary Finucane
* Broad Institute of MIT and Harvard / MIT Department of Mathematics
* GNU General Public License v3
*********************************************************************
Call: 
./ldsc.py \
--ref-ld-chr /Users/sheaandrews/Programs/ldsc/eur_w_ld_chr/ \
--out 2_DerivedData/LDSC/sociso_alcc \
--rg 1_RawData/LDSC/sociso_GWAS.sumstats.gz,1_RawData/LDSC/alcc_GWAS.sumstats.gz \
--w-ld-chr /Users/sheaandrews/Programs/ldsc/eur_w_ld_chr/ 

Beginning analysis at Fri Nov 30 09:40:53 2018
Reading summary statistics from 1_RawData/LDSC/sociso_GWAS.sumstats.gz ...
Read summary statistics for 1182150 SNPs.
Reading reference panel LD Score from /Users/sheaandrews/Programs/ldsc/eur_w_ld_chr/[1-22] ...
Read reference panel LD Scores for 1290028 SNPs.
Removing partitioned LD Scores with zero variance.
Reading regression weight LD Score from /Users/sheaandrews/Programs/ldsc/eur_w_ld_chr/[1-22] ...
Read regression weight LD Scores for 1290028 SNPs.
After merging with reference panel LD, 1175503 SNPs remain.
After merging with regression SNP LD, 1175503 SNPs remain.
Computing rg for phenotype 2/2
Reading summary statistics from 1_RawData/LDSC/alcc_GWAS.sumstats.gz ...
Read summary statistics for 1217311 SNPs.
After merging with summary statistics, 1175503 SNPs remain.
1079019 SNPs with valid alleles.

Heritability of phenotype 1
---------------------------
Total Observed scale h2: 0.0421 (0.0021)
Lambda GC: 1.2899
Mean Chi^2: 1.3541
Intercept: 0.9866 (0.0087)
Ratio < 0 (usually indicates GC correction).

Heritability of phenotype 2/2
-----------------------------
Total Observed scale h2: 0.0795 (0.0063)
Lambda GC: 1.1587
Mean Chi^2: 1.1878
Intercept: 1.0125 (0.0081)
Ratio: 0.0668 (0.0433)

Genetic Covariance
------------------
Total Observed scale gencov: -0.0108 (0.0022)
Mean z1*z2: -0.0708
Intercept: -0.0266 (0.0057)

Genetic Correlation
-------------------
Genetic Correlation: -0.1872 (0.0379)
Z-score: -4.9388
P: 7.8621e-07


Summary of Genetic Correlation Results
p1                                    p2      rg      se       z           p  h2_obs  h2_obs_se  h2_int  h2_int_se  gcov_int  gcov_int_se
1_RawData/LDSC/sociso_GWAS.sumstats.gz  1_RawData/LDSC/alcc_GWAS.sumstats.gz -0.1872  0.0379 -4.9388  7.8621e-07  0.0795     0.0063  1.0125     0.0081   -0.0266       0.0057

Analysis finished at Fri Nov 30 09:41:06 2018
Total time elapsed: 12.96s
