*********************************************************************
* LD Score Regression (LDSC)
* Version 1.0.0
* (C) 2014-2015 Brendan Bulik-Sullivan and Hilary Finucane
* Broad Institute of MIT and Harvard / MIT Department of Mathematics
* GNU General Public License v3
*********************************************************************
Call: 
./ldsc.py \
--ref-ld-chr /Users/sheaandrews/Programs/ldsc/eur_w_ld_chr/ \
--out 2_DerivedData/LDSC/sociso_hipv \
--rg 1_RawData/LDSC/sociso_GWAS.sumstats.gz,1_RawData/LDSC/hipv_GWAS.sumstats.gz \
--w-ld-chr /Users/sheaandrews/Programs/ldsc/eur_w_ld_chr/ 

Beginning analysis at Fri Nov 30 12:29:12 2018
Reading summary statistics from 1_RawData/LDSC/sociso_GWAS.sumstats.gz ...
Read summary statistics for 1182150 SNPs.
Reading reference panel LD Score from /Users/sheaandrews/Programs/ldsc/eur_w_ld_chr/[1-22] ...
Read reference panel LD Scores for 1290028 SNPs.
Removing partitioned LD Scores with zero variance.
Reading regression weight LD Score from /Users/sheaandrews/Programs/ldsc/eur_w_ld_chr/[1-22] ...
Read regression weight LD Scores for 1290028 SNPs.
After merging with reference panel LD, 1175503 SNPs remain.
After merging with regression SNP LD, 1175503 SNPs remain.
Computing rg for phenotype 2/2
Reading summary statistics from 1_RawData/LDSC/hipv_GWAS.sumstats.gz ...
Read summary statistics for 1217311 SNPs.
After merging with summary statistics, 1175503 SNPs remain.
1155348 SNPs with valid alleles.

Heritability of phenotype 1
---------------------------
Total Observed scale h2: 0.0417 (0.0022)
Lambda GC: 1.2932
Mean Chi^2: 1.3547
Intercept: 0.9869 (0.0089)
Ratio < 0 (usually indicates GC correction).

Heritability of phenotype 2/2
-----------------------------
Total Observed scale h2: 0.144 (0.0241)
Lambda GC: 1.0588
Mean Chi^2: 1.08
Intercept: 1.0026 (0.0079)
Ratio: 0.033 (0.0982)

Genetic Covariance
------------------
Total Observed scale gencov: -0.0028 (0.0041)
Mean z1*z2: -0.0046
Intercept: 0.0011 (0.0054)

Genetic Correlation
-------------------
Genetic Correlation: -0.0357 (0.0533)
Z-score: -0.6694
P: 0.5032


Summary of Genetic Correlation Results
p1                                    p2      rg      se       z       p  h2_obs  h2_obs_se  h2_int  h2_int_se  gcov_int  gcov_int_se
1_RawData/LDSC/sociso_GWAS.sumstats.gz  1_RawData/LDSC/hipv_GWAS.sumstats.gz -0.0357  0.0533 -0.6694  0.5032   0.144     0.0241  1.0026     0.0079    0.0011       0.0054

Analysis finished at Fri Nov 30 12:29:26 2018
Total time elapsed: 13.12s
