*********************************************************************
* LD Score Regression (LDSC)
* Version 1.0.0
* (C) 2014-2015 Brendan Bulik-Sullivan and Hilary Finucane
* Broad Institute of MIT and Harvard / MIT Department of Mathematics
* GNU General Public License v3
*********************************************************************
Call: 
./ldsc.py \
--ref-ld-chr /Users/sheaandrews/Programs/ldsc/eur_w_ld_chr/ \
--out 2_DerivedData/LDSC/sociso_tc \
--rg 1_RawData/LDSC/sociso_GWAS.sumstats.gz,1_RawData/LDSC/tc_GWAS.sumstats.gz \
--w-ld-chr /Users/sheaandrews/Programs/ldsc/eur_w_ld_chr/ 

Beginning analysis at Fri Nov 30 11:16:32 2018
Reading summary statistics from 1_RawData/LDSC/sociso_GWAS.sumstats.gz ...
Read summary statistics for 1182150 SNPs.
Reading reference panel LD Score from /Users/sheaandrews/Programs/ldsc/eur_w_ld_chr/[1-22] ...
Read reference panel LD Scores for 1290028 SNPs.
Removing partitioned LD Scores with zero variance.
Reading regression weight LD Score from /Users/sheaandrews/Programs/ldsc/eur_w_ld_chr/[1-22] ...
Read regression weight LD Scores for 1290028 SNPs.
After merging with reference panel LD, 1175503 SNPs remain.
After merging with regression SNP LD, 1175503 SNPs remain.
Computing rg for phenotype 2/2
Reading summary statistics from 1_RawData/LDSC/tc_GWAS.sumstats.gz ...
Read summary statistics for 1217311 SNPs.
After merging with summary statistics, 1175503 SNPs remain.
1027523 SNPs with valid alleles.

Heritability of phenotype 1
---------------------------
Total Observed scale h2: 0.0414 (0.0021)
Lambda GC: 1.2932
Mean Chi^2: 1.3542
Intercept: 0.9908 (0.0084)
Ratio < 0 (usually indicates GC correction).

Heritability of phenotype 2/2
-----------------------------
Total Observed scale h2: 0.2154 (0.0461)
Lambda GC: 1.0135
Mean Chi^2: 1.2335
Intercept: 0.8659 (0.0643)
Ratio < 0 (usually indicates GC correction).

Genetic Covariance
------------------
Total Observed scale gencov: 0.0037 (0.003)
Mean z1*z2: 0.0178
Intercept: 0.0022 (0.0074)

Genetic Correlation
-------------------
Genetic Correlation: 0.0394 (0.0349)
Z-score: 1.1277
P: 0.2594


Summary of Genetic Correlation Results
p1                                  p2      rg      se       z       p  h2_obs  h2_obs_se  h2_int  h2_int_se  gcov_int  gcov_int_se
1_RawData/LDSC/sociso_GWAS.sumstats.gz  1_RawData/LDSC/tc_GWAS.sumstats.gz  0.0394  0.0349  1.1277  0.2594  0.2154     0.0461  0.8659     0.0643    0.0022       0.0074

Analysis finished at Fri Nov 30 11:16:45 2018
Total time elapsed: 12.32s
