*********************************************************************
* LD Score Regression (LDSC)
* Version 1.0.0
* (C) 2014-2015 Brendan Bulik-Sullivan and Hilary Finucane
* Broad Institute of MIT and Harvard / MIT Department of Mathematics
* GNU General Public License v3
*********************************************************************
Call: 
./ldsc.py \
--ref-ld-chr /Users/sheaandrews/Programs/ldsc/eur_w_ld_chr/ \
--out 2_DerivedData/LDSC/sociso_hdl \
--rg 1_RawData/LDSC/sociso_GWAS.sumstats.gz,1_RawData/LDSC/hdl_GWAS.sumstats.gz \
--w-ld-chr /Users/sheaandrews/Programs/ldsc/eur_w_ld_chr/ 

Beginning analysis at Fri Nov 30 11:13:39 2018
Reading summary statistics from 1_RawData/LDSC/sociso_GWAS.sumstats.gz ...
Read summary statistics for 1182150 SNPs.
Reading reference panel LD Score from /Users/sheaandrews/Programs/ldsc/eur_w_ld_chr/[1-22] ...
Read reference panel LD Scores for 1290028 SNPs.
Removing partitioned LD Scores with zero variance.
Reading regression weight LD Score from /Users/sheaandrews/Programs/ldsc/eur_w_ld_chr/[1-22] ...
Read regression weight LD Scores for 1290028 SNPs.
After merging with reference panel LD, 1175503 SNPs remain.
After merging with regression SNP LD, 1175503 SNPs remain.
Computing rg for phenotype 2/2
Reading summary statistics from 1_RawData/LDSC/hdl_GWAS.sumstats.gz ...
Read summary statistics for 1217311 SNPs.
After merging with summary statistics, 1175503 SNPs remain.
1027638 SNPs with valid alleles.

Heritability of phenotype 1
---------------------------
Total Observed scale h2: 0.0414 (0.0021)
Lambda GC: 1.2932
Mean Chi^2: 1.3542
Intercept: 0.9907 (0.0084)
Ratio < 0 (usually indicates GC correction).

Heritability of phenotype 2/2
-----------------------------
Total Observed scale h2: 0.2367 (0.0362)
Lambda GC: 1.0195
Mean Chi^2: 1.2085
Intercept: 0.8106 (0.0271)
Ratio < 0 (usually indicates GC correction).

Genetic Covariance
------------------
Total Observed scale gencov: -0.01 (0.0025)
Mean z1*z2: -0.0345
Intercept: 0.003 (0.006)

Genetic Correlation
-------------------
Genetic Correlation: -0.1012 (0.0254)
Z-score: -3.9828
P: 6.8106e-05


Summary of Genetic Correlation Results
p1                                   p2      rg      se       z           p  h2_obs  h2_obs_se  h2_int  h2_int_se  gcov_int  gcov_int_se
1_RawData/LDSC/sociso_GWAS.sumstats.gz  1_RawData/LDSC/hdl_GWAS.sumstats.gz -0.1012  0.0254 -3.9828  6.8106e-05  0.2367     0.0362  0.8106     0.0271     0.003        0.006

Analysis finished at Fri Nov 30 11:13:51 2018
Total time elapsed: 12.14s
