*********************************************************************
* LD Score Regression (LDSC)
* Version 1.0.0
* (C) 2014-2015 Brendan Bulik-Sullivan and Hilary Finucane
* Broad Institute of MIT and Harvard / MIT Department of Mathematics
* GNU General Public License v3
*********************************************************************
Call: 
./ldsc.py \
--ref-ld-chr /Users/sheaandrews/Programs/ldsc/eur_w_ld_chr/ \
--out 2_DerivedData/LDSC/sociso_load \
--rg 1_RawData/LDSC/sociso_GWAS.sumstats.gz,1_RawData/LDSC/load_GWAS.sumstats.gz \
--w-ld-chr /Users/sheaandrews/Programs/ldsc/eur_w_ld_chr/ 

Beginning analysis at Fri Nov 30 13:00:29 2018
Reading summary statistics from 1_RawData/LDSC/sociso_GWAS.sumstats.gz ...
Read summary statistics for 1182150 SNPs.
Reading reference panel LD Score from /Users/sheaandrews/Programs/ldsc/eur_w_ld_chr/[1-22] ...
Read reference panel LD Scores for 1290028 SNPs.
Removing partitioned LD Scores with zero variance.
Reading regression weight LD Score from /Users/sheaandrews/Programs/ldsc/eur_w_ld_chr/[1-22] ...
Read regression weight LD Scores for 1290028 SNPs.
After merging with reference panel LD, 1175503 SNPs remain.
After merging with regression SNP LD, 1175503 SNPs remain.
Computing rg for phenotype 2/2
Reading summary statistics from 1_RawData/LDSC/load_GWAS.sumstats.gz ...
Read summary statistics for 1217311 SNPs.
After merging with summary statistics, 1175503 SNPs remain.
1142034 SNPs with valid alleles.

Heritability of phenotype 1
---------------------------
Total Observed scale h2: 0.0418 (0.002)
Lambda GC: 1.2899
Mean Chi^2: 1.353
Intercept: 0.9862 (0.0086)
Ratio < 0 (usually indicates GC correction).

Heritability of phenotype 2/2
-----------------------------
Total Observed scale h2: 0.0451 (0.0208)
Lambda GC: 1.0926
Mean Chi^2: 1.1144
Intercept: 1.0655 (0.0293)
Ratio: 0.5723 (0.2563)

Genetic Covariance
------------------
Total Observed scale gencov: 0.0063 (0.0029)
Mean z1*z2: 0.0117
Intercept: -0.0093 (0.0055)

Genetic Correlation
-------------------
Genetic Correlation: 0.1459 (0.0758)
Z-score: 1.9248
P: 0.0543


Summary of Genetic Correlation Results
p1                                    p2      rg      se       z       p  h2_obs  h2_obs_se  h2_int  h2_int_se  gcov_int  gcov_int_se
1_RawData/LDSC/sociso_GWAS.sumstats.gz  1_RawData/LDSC/load_GWAS.sumstats.gz  0.1459  0.0758  1.9248  0.0543  0.0451     0.0208  1.0655     0.0293   -0.0093       0.0055

Analysis finished at Fri Nov 30 13:00:44 2018
Total time elapsed: 15.04s
