*********************************************************************
* LD Score Regression (LDSC)
* Version 1.0.0
* (C) 2014-2015 Brendan Bulik-Sullivan and Hilary Finucane
* Broad Institute of MIT and Harvard / MIT Department of Mathematics
* GNU General Public License v3
*********************************************************************
Call: 
./ldsc.py \
--ref-ld-chr /Users/sheaandrews/Programs/ldsc/eur_w_ld_chr/ \
--out 2_DerivedData/LDSC/sociso_sleep \
--rg 1_RawData/LDSC/sociso_GWAS.sumstats.gz,1_RawData/LDSC/sleep_GWAS.sumstats.gz \
--w-ld-chr /Users/sheaandrews/Programs/ldsc/eur_w_ld_chr/ 

Beginning analysis at Fri Nov 30 10:49:21 2018
Reading summary statistics from 1_RawData/LDSC/sociso_GWAS.sumstats.gz ...
Read summary statistics for 1182150 SNPs.
Reading reference panel LD Score from /Users/sheaandrews/Programs/ldsc/eur_w_ld_chr/[1-22] ...
Read reference panel LD Scores for 1290028 SNPs.
Removing partitioned LD Scores with zero variance.
Reading regression weight LD Score from /Users/sheaandrews/Programs/ldsc/eur_w_ld_chr/[1-22] ...
Read regression weight LD Scores for 1290028 SNPs.
After merging with reference panel LD, 1175503 SNPs remain.
After merging with regression SNP LD, 1175503 SNPs remain.
Computing rg for phenotype 2/2
Reading summary statistics from 1_RawData/LDSC/sleep_GWAS.sumstats.gz ...
Read summary statistics for 1217311 SNPs.
After merging with summary statistics, 1175503 SNPs remain.
1168630 SNPs with valid alleles.

Heritability of phenotype 1
---------------------------
Total Observed scale h2: 0.042 (0.0021)
Lambda GC: 1.2865
Mean Chi^2: 1.3509
Intercept: 0.985 (0.008)
Ratio < 0 (usually indicates GC correction).

Heritability of phenotype 2/2
-----------------------------
Total Observed scale h2: 0.0578 (0.0059)
Lambda GC: 1.1144
Mean Chi^2: 1.1403
Intercept: 1.0126 (0.0077)
Ratio: 0.0897 (0.0549)

Genetic Covariance
------------------
Total Observed scale gencov: -0.0092 (0.0022)
Mean z1*z2: -0.0737
Intercept: -0.0323 (0.0053)

Genetic Correlation
-------------------
Genetic Correlation: -0.1868 (0.0437)
Z-score: -4.2711
P: 1.9454e-05


Summary of Genetic Correlation Results
p1                                     p2      rg      se       z           p  h2_obs  h2_obs_se  h2_int  h2_int_se  gcov_int  gcov_int_se
1_RawData/LDSC/sociso_GWAS.sumstats.gz  1_RawData/LDSC/sleep_GWAS.sumstats.gz -0.1868  0.0437 -4.2711  1.9454e-05  0.0578     0.0059  1.0126     0.0077   -0.0323       0.0053

Analysis finished at Fri Nov 30 10:49:33 2018
Total time elapsed: 12.29s
