*********************************************************************
* LD Score Regression (LDSC)
* Version 1.0.0
* (C) 2014-2015 Brendan Bulik-Sullivan and Hilary Finucane
* Broad Institute of MIT and Harvard / MIT Department of Mathematics
* GNU General Public License v3
*********************************************************************
Call: 
./ldsc.py \
--ref-ld-chr /Users/sheaandrews/Programs/ldsc/eur_w_ld_chr/ \
--out 2_DerivedData/LDSC/svs_las \
--rg 1_RawData/LDSC/svs_GWAS.sumstats.gz,1_RawData/LDSC/las_GWAS.sumstats.gz \
--w-ld-chr /Users/sheaandrews/Programs/ldsc/eur_w_ld_chr/ 

Beginning analysis at Fri Nov 30 13:35:09 2018
Reading summary statistics from 1_RawData/LDSC/svs_GWAS.sumstats.gz ...
Read summary statistics for 1188722 SNPs.
Reading reference panel LD Score from /Users/sheaandrews/Programs/ldsc/eur_w_ld_chr/[1-22] ...
Read reference panel LD Scores for 1290028 SNPs.
Removing partitioned LD Scores with zero variance.
Reading regression weight LD Score from /Users/sheaandrews/Programs/ldsc/eur_w_ld_chr/[1-22] ...
Read regression weight LD Scores for 1290028 SNPs.
After merging with reference panel LD, 1180054 SNPs remain.
After merging with regression SNP LD, 1180054 SNPs remain.
Computing rg for phenotype 2/2
Reading summary statistics from 1_RawData/LDSC/las_GWAS.sumstats.gz ...
Read summary statistics for 1217311 SNPs.
After merging with summary statistics, 1180054 SNPs remain.
1179815 SNPs with valid alleles.

Heritability of phenotype 1
---------------------------
Total Observed scale h2: 0.0026 (0.0012)
Lambda GC: 1.0802
Mean Chi^2: 1.0938
Intercept: 1.0704 (0.0067)
Ratio: 0.75 (0.0716)

Heritability of phenotype 2/2
-----------------------------
Total Observed scale h2: 0.0005 (0.0011)
Lambda GC: 1.1082
Mean Chi^2: 1.1113
Intercept: 1.107 (0.0072)
Ratio: 0.9611 (0.065)

Genetic Covariance
------------------
Total Observed scale gencov: -0.0006 (0.0008)
Mean z1*z2: 0.1537
Intercept: 0.1586 (0.0049)

Genetic Correlation
-------------------
Genetic Correlation: -0.523 (1.2188)
Z-score: -0.4291
P: 0.6679


Summary of Genetic Correlation Results
p1                                   p2     rg      se       z       p  h2_obs  h2_obs_se  h2_int  h2_int_se  gcov_int  gcov_int_se
1_RawData/LDSC/svs_GWAS.sumstats.gz  1_RawData/LDSC/las_GWAS.sumstats.gz -0.523  1.2188 -0.4291  0.6679  0.0005     0.0011   1.107     0.0072    0.1586       0.0049

Analysis finished at Fri Nov 30 13:35:22 2018
Total time elapsed: 12.98s
