*********************************************************************
* LD Score Regression (LDSC)
* Version 1.0.0
* (C) 2014-2015 Brendan Bulik-Sullivan and Hilary Finucane
* Broad Institute of MIT and Harvard / MIT Department of Mathematics
* GNU General Public License v3
*********************************************************************
Call: 
./ldsc.py \
--ref-ld-chr /Users/sheaandrews/Programs/ldsc/eur_w_ld_chr/ \
--out 2_DerivedData/LDSC/svs_svs \
--rg 1_RawData/LDSC/svs_GWAS.sumstats.gz,1_RawData/LDSC/svs_GWAS.sumstats.gz \
--w-ld-chr /Users/sheaandrews/Programs/ldsc/eur_w_ld_chr/ 

Beginning analysis at Fri Nov 30 13:39:01 2018
Reading summary statistics from 1_RawData/LDSC/svs_GWAS.sumstats.gz ...
Read summary statistics for 1188722 SNPs.
Reading reference panel LD Score from /Users/sheaandrews/Programs/ldsc/eur_w_ld_chr/[1-22] ...
Read reference panel LD Scores for 1290028 SNPs.
Removing partitioned LD Scores with zero variance.
Reading regression weight LD Score from /Users/sheaandrews/Programs/ldsc/eur_w_ld_chr/[1-22] ...
Read regression weight LD Scores for 1290028 SNPs.
After merging with reference panel LD, 1180054 SNPs remain.
After merging with regression SNP LD, 1180054 SNPs remain.
Computing rg for phenotype 2/2
Reading summary statistics from 1_RawData/LDSC/svs_GWAS.sumstats.gz ...
Read summary statistics for 1217311 SNPs.
After merging with summary statistics, 1180054 SNPs remain.
1180054 SNPs with valid alleles.

Heritability of phenotype 1
---------------------------
Total Observed scale h2: 0.0026 (0.0012)
Lambda GC: 1.0802
Mean Chi^2: 1.0939
Intercept: 1.0705 (0.0067)
Ratio: 0.7509 (0.0713)

Heritability of phenotype 2/2
-----------------------------
Total Observed scale h2: 0.0026 (0.0012)
Lambda GC: 1.0802
Mean Chi^2: 1.0939
Intercept: 1.0705 (0.0067)
Ratio: 0.7509 (0.0713)

Genetic Covariance
------------------
Total Observed scale gencov: 0.0026 (0.0012)
Mean z1*z2: 1.0939
Intercept: 1.0705 (0.0067)

Genetic Correlation
-------------------
Genetic Correlation: 0.9999 (3.5462e-05)
Z-score: 28197.2381
P: 0.


Summary of Genetic Correlation Results
p1                                   p2      rg          se           z    p  h2_obs  h2_obs_se  h2_int  h2_int_se  gcov_int  gcov_int_se
1_RawData/LDSC/svs_GWAS.sumstats.gz  1_RawData/LDSC/svs_GWAS.sumstats.gz  0.9999  3.5462e-05  28197.2381  0.0  0.0026     0.0012  1.0705     0.0067    1.0705       0.0067

Analysis finished at Fri Nov 30 13:39:14 2018
Total time elapsed: 13.09s
