*********************************************************************
* LD Score Regression (LDSC)
* Version 1.0.0
* (C) 2014-2015 Brendan Bulik-Sullivan and Hilary Finucane
* Broad Institute of MIT and Harvard / MIT Department of Mathematics
* GNU General Public License v3
*********************************************************************
Call: 
./ldsc.py \
--ref-ld-chr /Users/sheaandrews/Programs/ldsc/eur_w_ld_chr/ \
--out 2_DerivedData/LDSC/svs_cpd \
--rg 1_RawData/LDSC/svs_GWAS.sumstats.gz,1_RawData/LDSC/cpd_GWAS.sumstats.gz \
--w-ld-chr /Users/sheaandrews/Programs/ldsc/eur_w_ld_chr/ 

Beginning analysis at Fri Nov 30 13:28:03 2018
Reading summary statistics from 1_RawData/LDSC/svs_GWAS.sumstats.gz ...
Read summary statistics for 1188722 SNPs.
Reading reference panel LD Score from /Users/sheaandrews/Programs/ldsc/eur_w_ld_chr/[1-22] ...
Read reference panel LD Scores for 1290028 SNPs.
Removing partitioned LD Scores with zero variance.
Reading regression weight LD Score from /Users/sheaandrews/Programs/ldsc/eur_w_ld_chr/[1-22] ...
Read regression weight LD Scores for 1290028 SNPs.
After merging with reference panel LD, 1180054 SNPs remain.
After merging with regression SNP LD, 1180054 SNPs remain.
Computing rg for phenotype 2/2
Reading summary statistics from 1_RawData/LDSC/cpd_GWAS.sumstats.gz ...
Read summary statistics for 1217311 SNPs.
After merging with summary statistics, 1180054 SNPs remain.
1169916 SNPs with valid alleles.

Heritability of phenotype 1
---------------------------
Total Observed scale h2: 0.0027 (0.0012)
Lambda GC: 1.0802
Mean Chi^2: 1.0939
Intercept: 1.069 (0.0068)
Ratio: 0.7345 (0.0725)

Heritability of phenotype 2/2
-----------------------------
Total Observed scale h2: 0.0955 (0.0129)
Lambda GC: 1.1396
Mean Chi^2: 1.1639
Intercept: 1.0052 (0.0092)
Ratio: 0.0316 (0.056)

Genetic Covariance
------------------
Total Observed scale gencov: 0.0022 (0.0019)
Mean z1*z2: 0.0125
Intercept: 0.0046 (0.0048)

Genetic Correlation
-------------------
Genetic Correlation: 0.1385 (0.1216)
Z-score: 1.1388
P: 0.2548


Summary of Genetic Correlation Results
p1                                   p2      rg      se       z       p  h2_obs  h2_obs_se  h2_int  h2_int_se  gcov_int  gcov_int_se
1_RawData/LDSC/svs_GWAS.sumstats.gz  1_RawData/LDSC/cpd_GWAS.sumstats.gz  0.1385  0.1216  1.1388  0.2548  0.0955     0.0129  1.0052     0.0092    0.0046       0.0048

Analysis finished at Fri Nov 30 13:28:16 2018
Total time elapsed: 12.91s
