*********************************************************************
* LD Score Regression (LDSC)
* Version 1.0.0
* (C) 2014-2015 Brendan Bulik-Sullivan and Hilary Finucane
* Broad Institute of MIT and Harvard / MIT Department of Mathematics
* GNU General Public License v3
*********************************************************************
Call: 
./ldsc.py \
--ref-ld-chr /Users/sheaandrews/Programs/ldsc/eur_w_ld_chr/ \
--out 2_DerivedData/LDSC/svs_insom \
--rg 1_RawData/LDSC/svs_GWAS.sumstats.gz,1_RawData/LDSC/insom_GWAS.sumstats.gz \
--w-ld-chr /Users/sheaandrews/Programs/ldsc/eur_w_ld_chr/ 

Beginning analysis at Fri Nov 30 09:34:31 2018
Reading summary statistics from 1_RawData/LDSC/svs_GWAS.sumstats.gz ...
Read summary statistics for 1188722 SNPs.
Reading reference panel LD Score from /Users/sheaandrews/Programs/ldsc/eur_w_ld_chr/[1-22] ...
Read reference panel LD Scores for 1290028 SNPs.
Removing partitioned LD Scores with zero variance.
Reading regression weight LD Score from /Users/sheaandrews/Programs/ldsc/eur_w_ld_chr/[1-22] ...
Read regression weight LD Scores for 1290028 SNPs.
After merging with reference panel LD, 1180054 SNPs remain.
After merging with regression SNP LD, 1180054 SNPs remain.
Computing rg for phenotype 2/2
Reading summary statistics from 1_RawData/LDSC/insom_GWAS.sumstats.gz ...
Read summary statistics for 1217311 SNPs.
After merging with summary statistics, 1180054 SNPs remain.
1129621 SNPs with valid alleles.

Heritability of phenotype 1
---------------------------
Total Observed scale h2: 0.0023 (0.0011)
Lambda GC: 1.0833
Mean Chi^2: 1.0958
Intercept: 1.0748 (0.0069)
Ratio: 0.7807 (0.0717)

Heritability of phenotype 2/2
-----------------------------
Total Observed scale h2: 0.046 (0.0021)
Lambda GC: 1.3101
Mean Chi^2: 1.366
Intercept: 1.0138 (0.009)
Ratio: 0.0377 (0.0246)

Genetic Covariance
------------------
Total Observed scale gencov: 0.0045 (0.001)
Mean z1*z2: 0.0358
Intercept: 0.0003 (0.0053)

Genetic Correlation
-------------------
Genetic Correlation: 0.4404 (0.1532)
Z-score: 2.8739
P: 0.0041


Summary of Genetic Correlation Results
p1                                     p2      rg      se       z       p  h2_obs  h2_obs_se  h2_int  h2_int_se  gcov_int  gcov_int_se
1_RawData/LDSC/svs_GWAS.sumstats.gz  1_RawData/LDSC/insom_GWAS.sumstats.gz  0.4404  0.1532  2.8739  0.0041   0.046     0.0021  1.0138      0.009    0.0003       0.0053

Analysis finished at Fri Nov 30 09:34:44 2018
Total time elapsed: 12.62s
