*********************************************************************
* LD Score Regression (LDSC)
* Version 1.0.0
* (C) 2014-2015 Brendan Bulik-Sullivan and Hilary Finucane
* Broad Institute of MIT and Harvard / MIT Department of Mathematics
* GNU General Public License v3
*********************************************************************
Call: 
./ldsc.py \
--ref-ld-chr /Users/sheaandrews/Programs/ldsc/eur_w_ld_chr/ \
--out 2_DerivedData/LDSC/svs_audit \
--rg 1_RawData/LDSC/svs_GWAS.sumstats.gz,1_RawData/LDSC/audit_GWAS.sumstats.gz \
--w-ld-chr /Users/sheaandrews/Programs/ldsc/eur_w_ld_chr/ 

Beginning analysis at Fri Nov 30 09:35:55 2018
Reading summary statistics from 1_RawData/LDSC/svs_GWAS.sumstats.gz ...
Read summary statistics for 1188722 SNPs.
Reading reference panel LD Score from /Users/sheaandrews/Programs/ldsc/eur_w_ld_chr/[1-22] ...
Read reference panel LD Scores for 1290028 SNPs.
Removing partitioned LD Scores with zero variance.
Reading regression weight LD Score from /Users/sheaandrews/Programs/ldsc/eur_w_ld_chr/[1-22] ...
Read regression weight LD Scores for 1290028 SNPs.
After merging with reference panel LD, 1180054 SNPs remain.
After merging with regression SNP LD, 1180054 SNPs remain.
Computing rg for phenotype 2/2
Reading summary statistics from 1_RawData/LDSC/audit_GWAS.sumstats.gz ...
Read summary statistics for 1217311 SNPs.
After merging with summary statistics, 1180054 SNPs remain.
1168200 SNPs with valid alleles.

Heritability of phenotype 1
---------------------------
Total Observed scale h2: 0.0026 (0.0012)
Lambda GC: 1.0802
Mean Chi^2: 1.0941
Intercept: 1.0703 (0.0069)
Ratio: 0.7468 (0.0737)

Heritability of phenotype 2/2
-----------------------------
Total Observed scale h2: 0.0912 (0.0058)
Lambda GC: 1.194
Mean Chi^2: 1.2197
Intercept: 1.0041 (0.0072)
Ratio: 0.0185 (0.0327)

Genetic Covariance
------------------
Total Observed scale gencov: 0.0001 (0.0018)
Mean z1*z2: 0.0007
Intercept: 0.0009 (0.0046)

Genetic Correlation
-------------------
Genetic Correlation: 0.0085 (0.1193)
Z-score: 0.0712
P: 0.9433


Summary of Genetic Correlation Results
p1                                     p2      rg      se       z       p  h2_obs  h2_obs_se  h2_int  h2_int_se  gcov_int  gcov_int_se
1_RawData/LDSC/svs_GWAS.sumstats.gz  1_RawData/LDSC/audit_GWAS.sumstats.gz  0.0085  0.1193  0.0712  0.9433  0.0912     0.0058  1.0041     0.0072    0.0009       0.0046

Analysis finished at Fri Nov 30 09:36:08 2018
Total time elapsed: 13.02s
