*********************************************************************
* LD Score Regression (LDSC)
* Version 1.0.0
* (C) 2014-2015 Brendan Bulik-Sullivan and Hilary Finucane
* Broad Institute of MIT and Harvard / MIT Department of Mathematics
* GNU General Public License v3
*********************************************************************
Call: 
./ldsc.py \
--ref-ld-chr /Users/sheaandrews/Programs/ldsc/eur_w_ld_chr/ \
--out 2_DerivedData/LDSC/svs_as \
--rg 1_RawData/LDSC/svs_GWAS.sumstats.gz,1_RawData/LDSC/as_GWAS.sumstats.gz \
--w-ld-chr /Users/sheaandrews/Programs/ldsc/eur_w_ld_chr/ 

Beginning analysis at Fri Nov 30 13:36:23 2018
Reading summary statistics from 1_RawData/LDSC/svs_GWAS.sumstats.gz ...
Read summary statistics for 1188722 SNPs.
Reading reference panel LD Score from /Users/sheaandrews/Programs/ldsc/eur_w_ld_chr/[1-22] ...
Read reference panel LD Scores for 1290028 SNPs.
Removing partitioned LD Scores with zero variance.
Reading regression weight LD Score from /Users/sheaandrews/Programs/ldsc/eur_w_ld_chr/[1-22] ...
Read regression weight LD Scores for 1290028 SNPs.
After merging with reference panel LD, 1180054 SNPs remain.
After merging with regression SNP LD, 1180054 SNPs remain.
Computing rg for phenotype 2/2
Reading summary statistics from 1_RawData/LDSC/as_GWAS.sumstats.gz ...
Read summary statistics for 1217311 SNPs.
After merging with summary statistics, 1180054 SNPs remain.
1179420 SNPs with valid alleles.

Heritability of phenotype 1
---------------------------
Total Observed scale h2: 0.0025 (0.0012)
Lambda GC: 1.0802
Mean Chi^2: 1.0939
Intercept: 1.0709 (0.0066)
Ratio: 0.7555 (0.0704)

Heritability of phenotype 2/2
-----------------------------
Total Observed scale h2: 0.0128 (0.0014)
Lambda GC: 1.1238
Mean Chi^2: 1.1477
Intercept: 1.0347 (0.0075)
Ratio: 0.2351 (0.0509)

Genetic Covariance
------------------
Total Observed scale gencov: 0.0062 (0.001)
Mean z1*z2: 0.4721
Intercept: 0.4165 (0.0052)

Genetic Correlation
-------------------
Genetic Correlation: 1.0949 (0.178)
Z-score: 6.152
P: 7.6534e-10


Summary of Genetic Correlation Results
p1                                  p2      rg     se      z           p  h2_obs  h2_obs_se  h2_int  h2_int_se  gcov_int  gcov_int_se
1_RawData/LDSC/svs_GWAS.sumstats.gz  1_RawData/LDSC/as_GWAS.sumstats.gz  1.0949  0.178  6.152  7.6534e-10  0.0128     0.0014  1.0347     0.0075    0.4165       0.0052

Analysis finished at Fri Nov 30 13:36:36 2018
Total time elapsed: 13.14s
