*********************************************************************
* LD Score Regression (LDSC)
* Version 1.0.0
* (C) 2014-2015 Brendan Bulik-Sullivan and Hilary Finucane
* Broad Institute of MIT and Harvard / MIT Department of Mathematics
* GNU General Public License v3
*********************************************************************
Call: 
./ldsc.py \
--ref-ld-chr /Users/sheaandrews/Programs/ldsc/eur_w_ld_chr/ \
--out 2_DerivedData/LDSC/svs_dbp \
--rg 1_RawData/LDSC/svs_GWAS.sumstats.gz,1_RawData/LDSC/dbp_GWAS.sumstats.gz \
--w-ld-chr /Users/sheaandrews/Programs/ldsc/eur_w_ld_chr/ 

Beginning analysis at Fri Nov 30 11:03:25 2018
Reading summary statistics from 1_RawData/LDSC/svs_GWAS.sumstats.gz ...
Read summary statistics for 1188722 SNPs.
Reading reference panel LD Score from /Users/sheaandrews/Programs/ldsc/eur_w_ld_chr/[1-22] ...
Read reference panel LD Scores for 1290028 SNPs.
Removing partitioned LD Scores with zero variance.
Reading regression weight LD Score from /Users/sheaandrews/Programs/ldsc/eur_w_ld_chr/[1-22] ...
Read regression weight LD Scores for 1290028 SNPs.
After merging with reference panel LD, 1180054 SNPs remain.
After merging with regression SNP LD, 1180054 SNPs remain.
Computing rg for phenotype 2/2
Reading summary statistics from 1_RawData/LDSC/dbp_GWAS.sumstats.gz ...
Read summary statistics for 1217311 SNPs.
After merging with summary statistics, 1180054 SNPs remain.
1169042 SNPs with valid alleles.

Heritability of phenotype 1
---------------------------
Total Observed scale h2: 0.0025 (0.0012)
Lambda GC: 1.0802
Mean Chi^2: 1.094
Intercept: 1.0715 (0.007)
Ratio: 0.7608 (0.0745)

Heritability of phenotype 2/2
-----------------------------
Total Observed scale h2: 0.1353 (0.006)
Lambda GC: 2.0386
Mean Chi^2: 3.1424
Intercept: 1.087 (0.0317)
Ratio: 0.0406 (0.0148)

Genetic Covariance
------------------
Total Observed scale gencov: 0.008 (0.0015)
Mean z1*z2: 0.1062
Intercept: 0.0083 (0.0082)

Genetic Correlation
-------------------
Genetic Correlation: 0.4399 (0.1208)
Z-score: 3.6432
P: 0.0003


Summary of Genetic Correlation Results
p1                                   p2      rg      se       z       p  h2_obs  h2_obs_se  h2_int  h2_int_se  gcov_int  gcov_int_se
1_RawData/LDSC/svs_GWAS.sumstats.gz  1_RawData/LDSC/dbp_GWAS.sumstats.gz  0.4399  0.1208  3.6432  0.0003  0.1353      0.006   1.087     0.0317    0.0083       0.0082

Analysis finished at Fri Nov 30 11:03:37 2018
Total time elapsed: 12.71s
