*********************************************************************
* LD Score Regression (LDSC)
* Version 1.0.0
* (C) 2014-2015 Brendan Bulik-Sullivan and Hilary Finucane
* Broad Institute of MIT and Harvard / MIT Department of Mathematics
* GNU General Public License v3
*********************************************************************
Call: 
./ldsc.py \
--ref-ld-chr /Users/sheaandrews/Programs/ldsc/eur_w_ld_chr/ \
--out 2_DerivedData/LDSC/svs_sleep \
--rg 1_RawData/LDSC/svs_GWAS.sumstats.gz,1_RawData/LDSC/sleep_GWAS.sumstats.gz \
--w-ld-chr /Users/sheaandrews/Programs/ldsc/eur_w_ld_chr/ 

Beginning analysis at Fri Nov 30 11:09:40 2018
Reading summary statistics from 1_RawData/LDSC/svs_GWAS.sumstats.gz ...
Read summary statistics for 1188722 SNPs.
Reading reference panel LD Score from /Users/sheaandrews/Programs/ldsc/eur_w_ld_chr/[1-22] ...
Read reference panel LD Scores for 1290028 SNPs.
Removing partitioned LD Scores with zero variance.
Reading regression weight LD Score from /Users/sheaandrews/Programs/ldsc/eur_w_ld_chr/[1-22] ...
Read regression weight LD Scores for 1290028 SNPs.
After merging with reference panel LD, 1180054 SNPs remain.
After merging with regression SNP LD, 1180054 SNPs remain.
Computing rg for phenotype 2/2
Reading summary statistics from 1_RawData/LDSC/sleep_GWAS.sumstats.gz ...
Read summary statistics for 1217311 SNPs.
After merging with summary statistics, 1180054 SNPs remain.
1168599 SNPs with valid alleles.

Heritability of phenotype 1
---------------------------
Total Observed scale h2: 0.0027 (0.0011)
Lambda GC: 1.0802
Mean Chi^2: 1.0935
Intercept: 1.0686 (0.0068)
Ratio: 0.7332 (0.0722)

Heritability of phenotype 2/2
-----------------------------
Total Observed scale h2: 0.0577 (0.0058)
Lambda GC: 1.1144
Mean Chi^2: 1.1404
Intercept: 1.013 (0.0077)
Ratio: 0.0927 (0.0549)

Genetic Covariance
------------------
Total Observed scale gencov: -0.0008 (0.0018)
Mean z1*z2: -0.0027
Intercept: 0.0008 (0.0048)

Genetic Correlation
-------------------
Genetic Correlation: -0.0667 (0.1405)
Z-score: -0.4748
P: 0.6349


Summary of Genetic Correlation Results
p1                                     p2      rg      se       z       p  h2_obs  h2_obs_se  h2_int  h2_int_se  gcov_int  gcov_int_se
1_RawData/LDSC/svs_GWAS.sumstats.gz  1_RawData/LDSC/sleep_GWAS.sumstats.gz -0.0667  0.1405 -0.4748  0.6349  0.0577     0.0058   1.013     0.0077    0.0008       0.0048

Analysis finished at Fri Nov 30 11:09:53 2018
Total time elapsed: 12.81s
