*********************************************************************
* LD Score Regression (LDSC)
* Version 1.0.0
* (C) 2014-2015 Brendan Bulik-Sullivan and Hilary Finucane
* Broad Institute of MIT and Harvard / MIT Department of Mathematics
* GNU General Public License v3
*********************************************************************
Call: 
./ldsc.py \
--ref-ld-chr /Users/sheaandrews/Programs/ldsc/eur_w_ld_chr/ \
--out 2_DerivedData/LDSC/svs_mdd \
--rg 1_RawData/LDSC/svs_GWAS.sumstats.gz,1_RawData/LDSC/mdd_GWAS.sumstats.gz \
--w-ld-chr /Users/sheaandrews/Programs/ldsc/eur_w_ld_chr/ 

Beginning analysis at Fri Nov 30 14:41:47 2018
Reading summary statistics from 1_RawData/LDSC/svs_GWAS.sumstats.gz ...
Read summary statistics for 1188722 SNPs.
Reading reference panel LD Score from /Users/sheaandrews/Programs/ldsc/eur_w_ld_chr/[1-22] ...
Read reference panel LD Scores for 1290028 SNPs.
Removing partitioned LD Scores with zero variance.
Reading regression weight LD Score from /Users/sheaandrews/Programs/ldsc/eur_w_ld_chr/[1-22] ...
Read regression weight LD Scores for 1290028 SNPs.
After merging with reference panel LD, 1180054 SNPs remain.
After merging with regression SNP LD, 1180054 SNPs remain.
Computing rg for phenotype 2/2
Reading summary statistics from 1_RawData/LDSC/mdd_GWAS.sumstats.gz ...
Read summary statistics for 1217311 SNPs.
After merging with summary statistics, 1180054 SNPs remain.
2925 SNPs with valid alleles.
WARNING: number of SNPs less than 200k; this is almost always bad.

Heritability of phenotype 1
---------------------------
Total Observed scale h2: 0.0068 (0.0089)
Lambda GC: 1.1396
Mean Chi^2: 1.1351
Intercept: 1.089 (0.0658)
Ratio: 0.6582 (0.487)

Heritability of phenotype 2/2
-----------------------------
Total Observed scale h2: 0.2531 (0.0228)
Lambda GC: 17.5561
Mean Chi^2: 9.3595
Intercept: 7.5358 (0.1146)
Ratio: 0.7818 (0.0137)

Genetic Covariance
------------------
Total Observed scale gencov: 0.0438 (0.021)
Mean z1*z2: 0.0914
Intercept: -0.2055 (0.1448)

Genetic Correlation
-------------------
Genetic Correlation: 1.0575 (0.8648)
Z-score: 1.2229
P: 0.2214


Summary of Genetic Correlation Results
p1                                   p2      rg      se       z       p  h2_obs  h2_obs_se  h2_int  h2_int_se  gcov_int  gcov_int_se
1_RawData/LDSC/svs_GWAS.sumstats.gz  1_RawData/LDSC/mdd_GWAS.sumstats.gz  1.0575  0.8648  1.2229  0.2214  0.2531     0.0228  7.5358     0.1146   -0.2055       0.1448

Analysis finished at Fri Nov 30 14:41:58 2018
Total time elapsed: 11.0s
