*********************************************************************
* LD Score Regression (LDSC)
* Version 1.0.0
* (C) 2014-2015 Brendan Bulik-Sullivan and Hilary Finucane
* Broad Institute of MIT and Harvard / MIT Department of Mathematics
* GNU General Public License v3
*********************************************************************
Call: 
./ldsc.py \
--ref-ld-chr /Users/sheaandrews/Programs/ldsc/eur_w_ld_chr/ \
--out 2_DerivedData/LDSC/svs_load \
--rg 1_RawData/LDSC/svs_GWAS.sumstats.gz,1_RawData/LDSC/load_GWAS.sumstats.gz \
--w-ld-chr /Users/sheaandrews/Programs/ldsc/eur_w_ld_chr/ 

Beginning analysis at Fri Nov 30 13:30:40 2018
Reading summary statistics from 1_RawData/LDSC/svs_GWAS.sumstats.gz ...
Read summary statistics for 1188722 SNPs.
Reading reference panel LD Score from /Users/sheaandrews/Programs/ldsc/eur_w_ld_chr/[1-22] ...
Read reference panel LD Scores for 1290028 SNPs.
Removing partitioned LD Scores with zero variance.
Reading regression weight LD Score from /Users/sheaandrews/Programs/ldsc/eur_w_ld_chr/[1-22] ...
Read regression weight LD Scores for 1290028 SNPs.
After merging with reference panel LD, 1180054 SNPs remain.
After merging with regression SNP LD, 1180054 SNPs remain.
Computing rg for phenotype 2/2
Reading summary statistics from 1_RawData/LDSC/load_GWAS.sumstats.gz ...
Read summary statistics for 1217311 SNPs.
After merging with summary statistics, 1180054 SNPs remain.
1144383 SNPs with valid alleles.

Heritability of phenotype 1
---------------------------
Total Observed scale h2: 0.0025 (0.0012)
Lambda GC: 1.0802
Mean Chi^2: 1.094
Intercept: 1.0708 (0.0072)
Ratio: 0.7529 (0.0766)

Heritability of phenotype 2/2
-----------------------------
Total Observed scale h2: 0.0451 (0.0208)
Lambda GC: 1.0926
Mean Chi^2: 1.1145
Intercept: 1.0655 (0.0292)
Ratio: 0.5724 (0.2549)

Genetic Covariance
------------------
Total Observed scale gencov: -0.0024 (0.0023)
Mean z1*z2: 0.0218
Intercept: 0.0294 (0.0046)

Genetic Correlation
-------------------
Genetic Correlation: -0.2267 (0.2212)
Z-score: -1.0245
P: 0.3056


Summary of Genetic Correlation Results
p1                                    p2      rg      se       z       p  h2_obs  h2_obs_se  h2_int  h2_int_se  gcov_int  gcov_int_se
1_RawData/LDSC/svs_GWAS.sumstats.gz  1_RawData/LDSC/load_GWAS.sumstats.gz -0.2267  0.2212 -1.0245  0.3056  0.0451     0.0208  1.0655     0.0292    0.0294       0.0046

Analysis finished at Fri Nov 30 13:30:54 2018
Total time elapsed: 14.07s
