*********************************************************************
* LD Score Regression (LDSC)
* Version 1.0.0
* (C) 2014-2015 Brendan Bulik-Sullivan and Hilary Finucane
* Broad Institute of MIT and Harvard / MIT Department of Mathematics
* GNU General Public License v3
*********************************************************************
Call: 
./ldsc.py \
--ref-ld-chr /Users/sheaandrews/Programs/ldsc/eur_w_ld_chr/ \
--out 2_DerivedData/LDSC/svs_hipv \
--rg 1_RawData/LDSC/svs_GWAS.sumstats.gz,1_RawData/LDSC/hipv_GWAS.sumstats.gz \
--w-ld-chr /Users/sheaandrews/Programs/ldsc/eur_w_ld_chr/ 

Beginning analysis at Fri Nov 30 12:44:20 2018
Reading summary statistics from 1_RawData/LDSC/svs_GWAS.sumstats.gz ...
Read summary statistics for 1188722 SNPs.
Reading reference panel LD Score from /Users/sheaandrews/Programs/ldsc/eur_w_ld_chr/[1-22] ...
Read reference panel LD Scores for 1290028 SNPs.
Removing partitioned LD Scores with zero variance.
Reading regression weight LD Score from /Users/sheaandrews/Programs/ldsc/eur_w_ld_chr/[1-22] ...
Read regression weight LD Scores for 1290028 SNPs.
After merging with reference panel LD, 1180054 SNPs remain.
After merging with regression SNP LD, 1180054 SNPs remain.
Computing rg for phenotype 2/2
Reading summary statistics from 1_RawData/LDSC/hipv_GWAS.sumstats.gz ...
Read summary statistics for 1217311 SNPs.
After merging with summary statistics, 1180054 SNPs remain.
1159044 SNPs with valid alleles.

Heritability of phenotype 1
---------------------------
Total Observed scale h2: 0.0022 (0.0011)
Lambda GC: 1.0802
Mean Chi^2: 1.0946
Intercept: 1.0742 (0.0072)
Ratio: 0.7842 (0.0765)

Heritability of phenotype 2/2
-----------------------------
Total Observed scale h2: 0.1424 (0.0241)
Lambda GC: 1.0588
Mean Chi^2: 1.0799
Intercept: 1.0034 (0.0078)
Ratio: 0.043 (0.0979)

Genetic Covariance
------------------
Total Observed scale gencov: -0.0003 (0.0032)
Mean z1*z2: 0.0005
Intercept: 0.0004 (0.0047)

Genetic Correlation
-------------------
Genetic Correlation: -0.0166 (0.1803)
Z-score: -0.0919
P: 0.9268


Summary of Genetic Correlation Results
p1                                    p2      rg      se       z       p  h2_obs  h2_obs_se  h2_int  h2_int_se  gcov_int  gcov_int_se
1_RawData/LDSC/svs_GWAS.sumstats.gz  1_RawData/LDSC/hipv_GWAS.sumstats.gz -0.0166  0.1803 -0.0919  0.9268  0.1424     0.0241  1.0034     0.0078    0.0004       0.0047

Analysis finished at Fri Nov 30 12:44:33 2018
Total time elapsed: 13.24s
