*********************************************************************
* LD Score Regression (LDSC)
* Version 1.0.0
* (C) 2014-2015 Brendan Bulik-Sullivan and Hilary Finucane
* Broad Institute of MIT and Harvard / MIT Department of Mathematics
* GNU General Public License v3
*********************************************************************
Call: 
./ldsc.py \
--ref-ld-chr /Users/sheaandrews/Programs/ldsc/eur_w_ld_chr/ \
--out 2_DerivedData/LDSC/tau_diab \
--rg 1_RawData/LDSC/tau_GWAS.sumstats.gz,1_RawData/LDSC/diab_GWAS.sumstats.gz \
--w-ld-chr /Users/sheaandrews/Programs/ldsc/eur_w_ld_chr/ 

Beginning analysis at Fri Nov 30 09:17:17 2018
Reading summary statistics from 1_RawData/LDSC/tau_GWAS.sumstats.gz ...
Read summary statistics for 1007523 SNPs.
Reading reference panel LD Score from /Users/sheaandrews/Programs/ldsc/eur_w_ld_chr/[1-22] ...
Read reference panel LD Scores for 1290028 SNPs.
Removing partitioned LD Scores with zero variance.
Reading regression weight LD Score from /Users/sheaandrews/Programs/ldsc/eur_w_ld_chr/[1-22] ...
Read regression weight LD Scores for 1290028 SNPs.
After merging with reference panel LD, 1003938 SNPs remain.
After merging with regression SNP LD, 1003938 SNPs remain.
Computing rg for phenotype 2/2
Reading summary statistics from 1_RawData/LDSC/diab_GWAS.sumstats.gz ...
Read summary statistics for 1217311 SNPs.
After merging with summary statistics, 1003938 SNPs remain.
912081 SNPs with valid alleles.

Heritability of phenotype 1
---------------------------
Total Observed scale h2: 0.1028 (0.1599)
Lambda GC: 1.0225
Mean Chi^2: 1.027
Intercept: 1.0201 (0.0079)
Ratio: 0.7431 (0.2916)

Heritability of phenotype 2/2
-----------------------------
Total Observed scale h2: 0.0537 (0.0034)
Lambda GC: 1.4602
Mean Chi^2: 1.6993
Intercept: 1.0356 (0.0186)
Ratio: 0.0509 (0.0266)

Genetic Covariance
------------------
Total Observed scale gencov: 0.019 (0.0108)
Mean z1*z2: 0.0107
Intercept: -0.0067 (0.0062)

Genetic Correlation
-------------------
Genetic Correlation: 0.2561 (0.2648)
Z-score: 0.967
P: 0.3335


Summary of Genetic Correlation Results
p1                                    p2      rg      se      z       p  h2_obs  h2_obs_se  h2_int  h2_int_se  gcov_int  gcov_int_se
1_RawData/LDSC/tau_GWAS.sumstats.gz  1_RawData/LDSC/diab_GWAS.sumstats.gz  0.2561  0.2648  0.967  0.3335  0.0537     0.0034  1.0356     0.0186   -0.0067       0.0062

Analysis finished at Fri Nov 30 09:17:30 2018
Total time elapsed: 12.84s
