*********************************************************************
* LD Score Regression (LDSC)
* Version 1.0.0
* (C) 2014-2015 Brendan Bulik-Sullivan and Hilary Finucane
* Broad Institute of MIT and Harvard / MIT Department of Mathematics
* GNU General Public License v3
*********************************************************************
Call: 
./ldsc.py \
--ref-ld-chr /Users/sheaandrews/Programs/ldsc/eur_w_ld_chr/ \
--out 2_DerivedData/LDSC/tau_alcd \
--rg 1_RawData/LDSC/tau_GWAS.sumstats.gz,1_RawData/LDSC/alcd_GWAS.sumstats.gz \
--w-ld-chr /Users/sheaandrews/Programs/ldsc/eur_w_ld_chr/ 

Beginning analysis at Fri Nov 30 10:34:34 2018
Reading summary statistics from 1_RawData/LDSC/tau_GWAS.sumstats.gz ...
Read summary statistics for 1007523 SNPs.
Reading reference panel LD Score from /Users/sheaandrews/Programs/ldsc/eur_w_ld_chr/[1-22] ...
Read reference panel LD Scores for 1290028 SNPs.
Removing partitioned LD Scores with zero variance.
Reading regression weight LD Score from /Users/sheaandrews/Programs/ldsc/eur_w_ld_chr/[1-22] ...
Read regression weight LD Scores for 1290028 SNPs.
After merging with reference panel LD, 1003938 SNPs remain.
After merging with regression SNP LD, 1003938 SNPs remain.
Computing rg for phenotype 2/2
Reading summary statistics from 1_RawData/LDSC/alcd_GWAS.sumstats.gz ...
Read summary statistics for 1217311 SNPs.
After merging with summary statistics, 1003938 SNPs remain.
994092 SNPs with valid alleles.

Heritability of phenotype 1
---------------------------
Total Observed scale h2: 0.0518 (0.1621)
Lambda GC: 1.0225
Mean Chi^2: 1.0276
Intercept: 1.0243 (0.0075)
Ratio: 0.8805 (0.2722)

Heritability of phenotype 2/2
-----------------------------
Total Observed scale h2: 0.1759 (0.0493)
Lambda GC: 1.0588
Mean Chi^2: 1.0565
Intercept: 1.0255 (0.0063)
Ratio: 0.4509 (0.1122)

Genetic Covariance
------------------
Total Observed scale gencov: 0.098 (0.0635)
Mean z1*z2: 0.0018
Intercept: -0.0088 (0.0047)

Genetic Correlation
-------------------
Genetic Correlation: 1.0272 (3.4824)
Z-score: 0.295
P: 0.768


Summary of Genetic Correlation Results
p1                                    p2      rg      se      z      p  h2_obs  h2_obs_se  h2_int  h2_int_se  gcov_int  gcov_int_se
1_RawData/LDSC/tau_GWAS.sumstats.gz  1_RawData/LDSC/alcd_GWAS.sumstats.gz  1.0272  3.4824  0.295  0.768  0.1759     0.0493  1.0255     0.0063   -0.0088       0.0047

Analysis finished at Fri Nov 30 10:34:46 2018
Total time elapsed: 12.02s
