*********************************************************************
* LD Score Regression (LDSC)
* Version 1.0.0
* (C) 2014-2015 Brendan Bulik-Sullivan and Hilary Finucane
* Broad Institute of MIT and Harvard / MIT Department of Mathematics
* GNU General Public License v3
*********************************************************************
Call: 
./ldsc.py \
--ref-ld-chr /Users/sheaandrews/Programs/ldsc/eur_w_ld_chr/ \
--out 2_DerivedData/LDSC/tc_as \
--rg 1_RawData/LDSC/tc_GWAS.sumstats.gz,1_RawData/LDSC/as_GWAS.sumstats.gz \
--w-ld-chr /Users/sheaandrews/Programs/ldsc/eur_w_ld_chr/ 

Beginning analysis at Fri Nov 30 11:48:39 2018
Reading summary statistics from 1_RawData/LDSC/tc_GWAS.sumstats.gz ...
Read summary statistics for 1031603 SNPs.
Reading reference panel LD Score from /Users/sheaandrews/Programs/ldsc/eur_w_ld_chr/[1-22] ...
Read reference panel LD Scores for 1290028 SNPs.
Removing partitioned LD Scores with zero variance.
Reading regression weight LD Score from /Users/sheaandrews/Programs/ldsc/eur_w_ld_chr/[1-22] ...
Read regression weight LD Scores for 1290028 SNPs.
After merging with reference panel LD, 1029197 SNPs remain.
After merging with regression SNP LD, 1029197 SNPs remain.
Computing rg for phenotype 2/2
Reading summary statistics from 1_RawData/LDSC/as_GWAS.sumstats.gz ...
Read summary statistics for 1217311 SNPs.
After merging with summary statistics, 1029197 SNPs remain.
1028894 SNPs with valid alleles.

Heritability of phenotype 1
---------------------------
Total Observed scale h2: 0.2153 (0.046)
Lambda GC: 1.0135
Mean Chi^2: 1.2333
Intercept: 0.866 (0.0641)
Ratio < 0 (usually indicates GC correction).

Heritability of phenotype 2/2
-----------------------------
Total Observed scale h2: 0.0123 (0.0015)
Lambda GC: 1.127
Mean Chi^2: 1.1499
Intercept: 1.0397 (0.0083)
Ratio: 0.2647 (0.0551)

Genetic Covariance
------------------
Total Observed scale gencov: 0.001 (0.0023)
Mean z1*z2: 0.0079
Intercept: 0.0069 (0.0058)

Genetic Correlation
-------------------
Genetic Correlation: 0.0203 (0.0453)
Z-score: 0.4477
P: 0.6544


Summary of Genetic Correlation Results
p1                                  p2      rg      se       z       p  h2_obs  h2_obs_se  h2_int  h2_int_se  gcov_int  gcov_int_se
1_RawData/LDSC/tc_GWAS.sumstats.gz  1_RawData/LDSC/as_GWAS.sumstats.gz  0.0203  0.0453  0.4477  0.6544  0.0123     0.0015  1.0397     0.0083    0.0069       0.0058

Analysis finished at Fri Nov 30 11:48:53 2018
Total time elapsed: 14.37s
