*********************************************************************
* LD Score Regression (LDSC)
* Version 1.0.0
* (C) 2014-2015 Brendan Bulik-Sullivan and Hilary Finucane
* Broad Institute of MIT and Harvard / MIT Department of Mathematics
* GNU General Public License v3
*********************************************************************
Call: 
./ldsc.py \
--ref-ld-chr /Users/sheaandrews/Programs/ldsc/eur_w_ld_chr/ \
--out 2_DerivedData/LDSC/tc_audit \
--rg 1_RawData/LDSC/tc_GWAS.sumstats.gz,1_RawData/LDSC/audit_GWAS.sumstats.gz \
--w-ld-chr /Users/sheaandrews/Programs/ldsc/eur_w_ld_chr/ 

Beginning analysis at Fri Nov 30 08:53:19 2018
Reading summary statistics from 1_RawData/LDSC/tc_GWAS.sumstats.gz ...
Read summary statistics for 1031603 SNPs.
Reading reference panel LD Score from /Users/sheaandrews/Programs/ldsc/eur_w_ld_chr/[1-22] ...
Read reference panel LD Scores for 1290028 SNPs.
Removing partitioned LD Scores with zero variance.
Reading regression weight LD Score from /Users/sheaandrews/Programs/ldsc/eur_w_ld_chr/[1-22] ...
Read regression weight LD Scores for 1290028 SNPs.
After merging with reference panel LD, 1029197 SNPs remain.
After merging with regression SNP LD, 1029197 SNPs remain.
Computing rg for phenotype 2/2
Reading summary statistics from 1_RawData/LDSC/audit_GWAS.sumstats.gz ...
Read summary statistics for 1217311 SNPs.
After merging with summary statistics, 1029197 SNPs remain.
1020378 SNPs with valid alleles.

Heritability of phenotype 1
---------------------------
Total Observed scale h2: 0.2148 (0.0465)
Lambda GC: 1.0135
Mean Chi^2: 1.2315
Intercept: 0.8665 (0.065)
Ratio < 0 (usually indicates GC correction).

Heritability of phenotype 2/2
-----------------------------
Total Observed scale h2: 0.0906 (0.0059)
Lambda GC: 1.194
Mean Chi^2: 1.2215
Intercept: 1.0059 (0.0078)
Ratio: 0.0268 (0.0354)

Genetic Covariance
------------------
Total Observed scale gencov: 0.0007 (0.0041)
Mean z1*z2: -0.0024
Intercept: -0.002 (0.0057)

Genetic Correlation
-------------------
Genetic Correlation: 0.0053 (0.0298)
Z-score: 0.177
P: 0.8595


Summary of Genetic Correlation Results
p1                                     p2      rg      se      z       p  h2_obs  h2_obs_se  h2_int  h2_int_se  gcov_int  gcov_int_se
1_RawData/LDSC/tc_GWAS.sumstats.gz  1_RawData/LDSC/audit_GWAS.sumstats.gz  0.0053  0.0298  0.177  0.8595  0.0906     0.0059  1.0059     0.0078    -0.002       0.0057

Analysis finished at Fri Nov 30 08:53:32 2018
Total time elapsed: 12.59s
