*********************************************************************
* LD Score Regression (LDSC)
* Version 1.0.0
* (C) 2014-2015 Brendan Bulik-Sullivan and Hilary Finucane
* Broad Institute of MIT and Harvard / MIT Department of Mathematics
* GNU General Public License v3
*********************************************************************
Call: 
./ldsc.py \
--ref-ld-chr /Users/sheaandrews/Programs/ldsc/eur_w_ld_chr/ \
--out 2_DerivedData/LDSC/tc_dbp \
--rg 1_RawData/LDSC/tc_GWAS.sumstats.gz,1_RawData/LDSC/dbp_GWAS.sumstats.gz \
--w-ld-chr /Users/sheaandrews/Programs/ldsc/eur_w_ld_chr/ 

Beginning analysis at Fri Nov 30 09:51:47 2018
Reading summary statistics from 1_RawData/LDSC/tc_GWAS.sumstats.gz ...
Read summary statistics for 1031603 SNPs.
Reading reference panel LD Score from /Users/sheaandrews/Programs/ldsc/eur_w_ld_chr/[1-22] ...
Read reference panel LD Scores for 1290028 SNPs.
Removing partitioned LD Scores with zero variance.
Reading regression weight LD Score from /Users/sheaandrews/Programs/ldsc/eur_w_ld_chr/[1-22] ...
Read regression weight LD Scores for 1290028 SNPs.
After merging with reference panel LD, 1029197 SNPs remain.
After merging with regression SNP LD, 1029197 SNPs remain.
Computing rg for phenotype 2/2
Reading summary statistics from 1_RawData/LDSC/dbp_GWAS.sumstats.gz ...
Read summary statistics for 1217311 SNPs.
After merging with summary statistics, 1029197 SNPs remain.
1026712 SNPs with valid alleles.

Heritability of phenotype 1
---------------------------
Total Observed scale h2: 0.2162 (0.0463)
Lambda GC: 1.0135
Mean Chi^2: 1.2335
Intercept: 0.8645 (0.0648)
Ratio < 0 (usually indicates GC correction).

Heritability of phenotype 2/2
-----------------------------
Total Observed scale h2: 0.1338 (0.0061)
Lambda GC: 2.0302
Mean Chi^2: 3.1242
Intercept: 1.0823 (0.0362)
Ratio: 0.0387 (0.0171)

Genetic Covariance
------------------
Total Observed scale gencov: -0.0028 (0.0038)
Mean z1*z2: -0.0055
Intercept: 0.0232 (0.0091)

Genetic Correlation
-------------------
Genetic Correlation: -0.0162 (0.0228)
Z-score: -0.7082
P: 0.4788


Summary of Genetic Correlation Results
p1                                   p2      rg      se       z       p  h2_obs  h2_obs_se  h2_int  h2_int_se  gcov_int  gcov_int_se
1_RawData/LDSC/tc_GWAS.sumstats.gz  1_RawData/LDSC/dbp_GWAS.sumstats.gz -0.0162  0.0228 -0.7082  0.4788  0.1338     0.0061  1.0823     0.0362    0.0232       0.0091

Analysis finished at Fri Nov 30 09:52:00 2018
Total time elapsed: 12.15s
