*********************************************************************
* LD Score Regression (LDSC)
* Version 1.0.0
* (C) 2014-2015 Brendan Bulik-Sullivan and Hilary Finucane
* Broad Institute of MIT and Harvard / MIT Department of Mathematics
* GNU General Public License v3
*********************************************************************
Call: 
./ldsc.py \
--ref-ld-chr /Users/sheaandrews/Programs/ldsc/eur_w_ld_chr/ \
--out 2_DerivedData/LDSC/tc_dep \
--rg 1_RawData/LDSC/tc_GWAS.sumstats.gz,1_RawData/LDSC/dep_GWAS.sumstats.gz \
--w-ld-chr /Users/sheaandrews/Programs/ldsc/eur_w_ld_chr/ 

Beginning analysis at Fri Nov 30 11:19:50 2018
Reading summary statistics from 1_RawData/LDSC/tc_GWAS.sumstats.gz ...
Read summary statistics for 1031603 SNPs.
Reading reference panel LD Score from /Users/sheaandrews/Programs/ldsc/eur_w_ld_chr/[1-22] ...
Read reference panel LD Scores for 1290028 SNPs.
Removing partitioned LD Scores with zero variance.
Reading regression weight LD Score from /Users/sheaandrews/Programs/ldsc/eur_w_ld_chr/[1-22] ...
Read regression weight LD Scores for 1290028 SNPs.
After merging with reference panel LD, 1029197 SNPs remain.
After merging with regression SNP LD, 1029197 SNPs remain.
Computing rg for phenotype 2/2
Reading summary statistics from 1_RawData/LDSC/dep_GWAS.sumstats.gz ...
Read summary statistics for 1217311 SNPs.
After merging with summary statistics, 1029197 SNPs remain.
1021598 SNPs with valid alleles.

Heritability of phenotype 1
---------------------------
Total Observed scale h2: 0.215 (0.0468)
Lambda GC: 1.0135
Mean Chi^2: 1.2342
Intercept: 0.8663 (0.0657)
Ratio < 0 (usually indicates GC correction).

Heritability of phenotype 2/2
-----------------------------
Total Observed scale h2: 0.0625 (0.0032)
Lambda GC: 1.3306
Mean Chi^2: 1.3988
Intercept: 1.0069 (0.0102)
Ratio: 0.0173 (0.0257)

Genetic Covariance
------------------
Total Observed scale gencov: 0.005 (0.0029)
Mean z1*z2: 0.0032
Intercept: -0.0104 (0.006)

Genetic Correlation
-------------------
Genetic Correlation: 0.0433 (0.0264)
Z-score: 1.6413
P: 0.1007


Summary of Genetic Correlation Results
p1                                   p2      rg      se       z       p  h2_obs  h2_obs_se  h2_int  h2_int_se  gcov_int  gcov_int_se
1_RawData/LDSC/tc_GWAS.sumstats.gz  1_RawData/LDSC/dep_GWAS.sumstats.gz  0.0433  0.0264  1.6413  0.1007  0.0625     0.0032  1.0069     0.0102   -0.0104        0.006

Analysis finished at Fri Nov 30 11:20:02 2018
Total time elapsed: 12.19s
