*********************************************************************
* LD Score Regression (LDSC)
* Version 1.0.0
* (C) 2014-2015 Brendan Bulik-Sullivan and Hilary Finucane
* Broad Institute of MIT and Harvard / MIT Department of Mathematics
* GNU General Public License v3
*********************************************************************
Call: 
./ldsc.py \
--ref-ld-chr /Users/sheaandrews/Programs/ldsc/eur_w_ld_chr/ \
--out 2_DerivedData/LDSC/tc_hear \
--rg 1_RawData/LDSC/tc_GWAS.sumstats.gz,1_RawData/LDSC/hear_GWAS.sumstats.gz \
--w-ld-chr /Users/sheaandrews/Programs/ldsc/eur_w_ld_chr/ 

Beginning analysis at Fri Nov 30 11:21:22 2018
Reading summary statistics from 1_RawData/LDSC/tc_GWAS.sumstats.gz ...
Read summary statistics for 1031603 SNPs.
Reading reference panel LD Score from /Users/sheaandrews/Programs/ldsc/eur_w_ld_chr/[1-22] ...
Read reference panel LD Scores for 1290028 SNPs.
Removing partitioned LD Scores with zero variance.
Reading regression weight LD Score from /Users/sheaandrews/Programs/ldsc/eur_w_ld_chr/[1-22] ...
Read regression weight LD Scores for 1290028 SNPs.
After merging with reference panel LD, 1029197 SNPs remain.
After merging with regression SNP LD, 1029197 SNPs remain.
Computing rg for phenotype 2/2
Reading summary statistics from 1_RawData/LDSC/hear_GWAS.sumstats.gz ...
Read summary statistics for 1217311 SNPs.
After merging with summary statistics, 1029197 SNPs remain.
1024427 SNPs with valid alleles.

Heritability of phenotype 1
---------------------------
Total Observed scale h2: 0.2154 (0.0466)
Lambda GC: 1.0135
Mean Chi^2: 1.2338
Intercept: 0.8657 (0.0652)
Ratio < 0 (usually indicates GC correction).

Heritability of phenotype 2/2
-----------------------------
Total Observed scale h2: 0.0409 (0.0023)
Lambda GC: 1.2398
Mean Chi^2: 1.2986
Intercept: 1.0133 (0.0086)
Ratio: 0.0447 (0.0289)

Genetic Covariance
------------------
Total Observed scale gencov: -0.0013 (0.0028)
Mean z1*z2: -0.0023
Intercept: 0.0012 (0.0058)

Genetic Correlation
-------------------
Genetic Correlation: -0.0135 (0.0305)
Z-score: -0.4429
P: 0.6578


Summary of Genetic Correlation Results
p1                                    p2      rg      se       z       p  h2_obs  h2_obs_se  h2_int  h2_int_se  gcov_int  gcov_int_se
1_RawData/LDSC/tc_GWAS.sumstats.gz  1_RawData/LDSC/hear_GWAS.sumstats.gz -0.0135  0.0305 -0.4429  0.6578  0.0409     0.0023  1.0133     0.0086    0.0012       0.0058

Analysis finished at Fri Nov 30 11:21:34 2018
Total time elapsed: 12.29s
