*********************************************************************
* LD Score Regression (LDSC)
* Version 1.0.0
* (C) 2014-2015 Brendan Bulik-Sullivan and Hilary Finucane
* Broad Institute of MIT and Harvard / MIT Department of Mathematics
* GNU General Public License v3
*********************************************************************
Call: 
./ldsc.py \
--ref-ld-chr /Users/sheaandrews/Programs/ldsc/eur_w_ld_chr/ \
--out 2_DerivedData/LDSC/tc_load \
--rg 1_RawData/LDSC/tc_GWAS.sumstats.gz,1_RawData/LDSC/load_GWAS.sumstats.gz \
--w-ld-chr /Users/sheaandrews/Programs/ldsc/eur_w_ld_chr/ 

Beginning analysis at Fri Nov 30 11:36:25 2018
Reading summary statistics from 1_RawData/LDSC/tc_GWAS.sumstats.gz ...
Read summary statistics for 1031603 SNPs.
Reading reference panel LD Score from /Users/sheaandrews/Programs/ldsc/eur_w_ld_chr/[1-22] ...
Read reference panel LD Scores for 1290028 SNPs.
Removing partitioned LD Scores with zero variance.
Reading regression weight LD Score from /Users/sheaandrews/Programs/ldsc/eur_w_ld_chr/[1-22] ...
Read regression weight LD Scores for 1290028 SNPs.
After merging with reference panel LD, 1029197 SNPs remain.
After merging with regression SNP LD, 1029197 SNPs remain.
Computing rg for phenotype 2/2
Reading summary statistics from 1_RawData/LDSC/load_GWAS.sumstats.gz ...
Read summary statistics for 1217311 SNPs.
After merging with summary statistics, 1029197 SNPs remain.
1010174 SNPs with valid alleles.

Heritability of phenotype 1
---------------------------
Total Observed scale h2: 0.2264 (0.043)
Lambda GC: 1.0135
Mean Chi^2: 1.2316
Intercept: 0.8447 (0.0528)
Ratio < 0 (usually indicates GC correction).

Heritability of phenotype 2/2
-----------------------------
Total Observed scale h2: 0.0448 (0.0216)
Lambda GC: 1.0926
Mean Chi^2: 1.1105
Intercept: 1.0619 (0.0301)
Ratio: 0.5607 (0.2726)

Genetic Covariance
------------------
Total Observed scale gencov: 0.0028 (0.0102)
Mean z1*z2: 0.019
Intercept: 0.0146 (0.0172)

Genetic Correlation
-------------------
Genetic Correlation: 0.0283 (0.0862)
Z-score: 0.3278
P: 0.743


Summary of Genetic Correlation Results
p1                                    p2      rg      se       z      p  h2_obs  h2_obs_se  h2_int  h2_int_se  gcov_int  gcov_int_se
1_RawData/LDSC/tc_GWAS.sumstats.gz  1_RawData/LDSC/load_GWAS.sumstats.gz  0.0283  0.0862  0.3278  0.743  0.0448     0.0216  1.0619     0.0301    0.0146       0.0172

Analysis finished at Fri Nov 30 11:36:37 2018
Total time elapsed: 12.44s
