*********************************************************************
* LD Score Regression (LDSC)
* Version 1.0.0
* (C) 2014-2015 Brendan Bulik-Sullivan and Hilary Finucane
* Broad Institute of MIT and Harvard / MIT Department of Mathematics
* GNU General Public License v3
*********************************************************************
Call: 
./ldsc.py \
--ref-ld-chr /Users/sheaandrews/Programs/ldsc/eur_w_ld_chr/ \
--out 2_DerivedData/LDSC/trig_bmi \
--rg 1_RawData/LDSC/trig_GWAS.sumstats.gz,1_RawData/LDSC/bmi_GWAS.sumstats.gz \
--w-ld-chr /Users/sheaandrews/Programs/ldsc/eur_w_ld_chr/ 

Beginning analysis at Fri Nov 30 09:12:17 2018
Reading summary statistics from 1_RawData/LDSC/trig_GWAS.sumstats.gz ...
Read summary statistics for 1030697 SNPs.
Reading reference panel LD Score from /Users/sheaandrews/Programs/ldsc/eur_w_ld_chr/[1-22] ...
Read reference panel LD Scores for 1290028 SNPs.
Removing partitioned LD Scores with zero variance.
Reading regression weight LD Score from /Users/sheaandrews/Programs/ldsc/eur_w_ld_chr/[1-22] ...
Read regression weight LD Scores for 1290028 SNPs.
After merging with reference panel LD, 1028294 SNPs remain.
After merging with regression SNP LD, 1028294 SNPs remain.
Computing rg for phenotype 2/2
Reading summary statistics from 1_RawData/LDSC/bmi_GWAS.sumstats.gz ...
Read summary statistics for 1217311 SNPs.
After merging with summary statistics, 1028294 SNPs remain.
971695 SNPs with valid alleles.

Heritability of phenotype 1
---------------------------
Total Observed scale h2: 0.2703 (0.058)
Lambda GC: 1.0046
Mean Chi^2: 1.2211
Intercept: 0.7525 (0.0365)
Ratio < 0 (usually indicates GC correction).

Heritability of phenotype 2/2
-----------------------------
Total Observed scale h2: 0.2116 (0.0067)
Lambda GC: 2.7872
Mean Chi^2: 3.9668
Intercept: 1.0192 (0.0293)
Ratio: 0.0065 (0.0099)

Genetic Covariance
------------------
Total Observed scale gencov: 0.0534 (0.0051)
Mean z1*z2: 0.2629
Intercept: 0.0318 (0.0088)

Genetic Correlation
-------------------
Genetic Correlation: 0.2232 (0.0333)
Z-score: 6.7004
P: 2.0788e-11


Summary of Genetic Correlation Results
p1                                   p2      rg      se       z           p  h2_obs  h2_obs_se  h2_int  h2_int_se  gcov_int  gcov_int_se
1_RawData/LDSC/trig_GWAS.sumstats.gz  1_RawData/LDSC/bmi_GWAS.sumstats.gz  0.2232  0.0333  6.7004  2.0788e-11  0.2116     0.0067  1.0192     0.0293    0.0318       0.0088

Analysis finished at Fri Nov 30 09:12:29 2018
Total time elapsed: 12.08s
