*********************************************************************
* LD Score Regression (LDSC)
* Version 1.0.0
* (C) 2014-2015 Brendan Bulik-Sullivan and Hilary Finucane
* Broad Institute of MIT and Harvard / MIT Department of Mathematics
* GNU General Public License v3
*********************************************************************
Call: 
./ldsc.py \
--ref-ld-chr /Users/sheaandrews/Programs/ldsc/eur_w_ld_chr/ \
--out 2_DerivedData/LDSC/trig_vbiany \
--rg 1_RawData/LDSC/trig_GWAS.sumstats.gz,1_RawData/LDSC/vbiany_GWAS.sumstats.gz \
--w-ld-chr /Users/sheaandrews/Programs/ldsc/eur_w_ld_chr/ 

Beginning analysis at Fri Nov 30 12:13:47 2018
Reading summary statistics from 1_RawData/LDSC/trig_GWAS.sumstats.gz ...
Read summary statistics for 1030697 SNPs.
Reading reference panel LD Score from /Users/sheaandrews/Programs/ldsc/eur_w_ld_chr/[1-22] ...
Read reference panel LD Scores for 1290028 SNPs.
Removing partitioned LD Scores with zero variance.
Reading regression weight LD Score from /Users/sheaandrews/Programs/ldsc/eur_w_ld_chr/[1-22] ...
Read regression weight LD Scores for 1290028 SNPs.
After merging with reference panel LD, 1028294 SNPs remain.
After merging with regression SNP LD, 1028294 SNPs remain.
Computing rg for phenotype 2/2
Reading summary statistics from 1_RawData/LDSC/vbiany_GWAS.sumstats.gz ...
Read summary statistics for 1217311 SNPs.
After merging with summary statistics, 1028294 SNPs remain.
1024818 SNPs with valid alleles.

Heritability of phenotype 1
---------------------------
Total Observed scale h2: 0.2703 (0.0577)
Lambda GC: 1.0016
Mean Chi^2: 1.2162
Intercept: 0.7565 (0.0352)
Ratio < 0 (usually indicates GC correction).

Heritability of phenotype 2/2
-----------------------------
Total Observed scale h2: 0.1456 (0.0849)
Lambda GC: 0.9927
Mean Chi^2: 0.996
Intercept: 0.9819 (0.0071)
Ratio: NA (mean chi^2 < 1)

Genetic Covariance
------------------
Total Observed scale gencov: -0.0042 (0.0184)
Mean z1*z2: 0.0011
Intercept: 0.002 (0.0043)

Genetic Correlation
-------------------
Genetic Correlation: -0.0211 (0.0942)
Z-score: -0.2239
P: 0.8228


Summary of Genetic Correlation Results
p1                                      p2      rg      se       z       p  h2_obs  h2_obs_se  h2_int  h2_int_se  gcov_int  gcov_int_se
1_RawData/LDSC/trig_GWAS.sumstats.gz  1_RawData/LDSC/vbiany_GWAS.sumstats.gz -0.0211  0.0942 -0.2239  0.8228  0.1456     0.0849  0.9819     0.0071     0.002       0.0043

Analysis finished at Fri Nov 30 12:13:59 2018
Total time elapsed: 12.43s
