*********************************************************************
* LD Score Regression (LDSC)
* Version 1.0.0
* (C) 2014-2015 Brendan Bulik-Sullivan and Hilary Finucane
* Broad Institute of MIT and Harvard / MIT Department of Mathematics
* GNU General Public License v3
*********************************************************************
Call: 
./ldsc.py \
--ref-ld-chr /Users/sheaandrews/Programs/ldsc/eur_w_ld_chr/ \
--out 2_DerivedData/LDSC/trig_ldl \
--rg 1_RawData/LDSC/trig_GWAS.sumstats.gz,1_RawData/LDSC/ldl_GWAS.sumstats.gz \
--w-ld-chr /Users/sheaandrews/Programs/ldsc/eur_w_ld_chr/ 

Beginning analysis at Fri Nov 30 10:23:36 2018
Reading summary statistics from 1_RawData/LDSC/trig_GWAS.sumstats.gz ...
Read summary statistics for 1030697 SNPs.
Reading reference panel LD Score from /Users/sheaandrews/Programs/ldsc/eur_w_ld_chr/[1-22] ...
Read reference panel LD Scores for 1290028 SNPs.
Removing partitioned LD Scores with zero variance.
Reading regression weight LD Score from /Users/sheaandrews/Programs/ldsc/eur_w_ld_chr/[1-22] ...
Read regression weight LD Scores for 1290028 SNPs.
After merging with reference panel LD, 1028294 SNPs remain.
After merging with regression SNP LD, 1028294 SNPs remain.
Computing rg for phenotype 2/2
Reading summary statistics from 1_RawData/LDSC/ldl_GWAS.sumstats.gz ...
Read summary statistics for 1217311 SNPs.
After merging with summary statistics, 1028294 SNPs remain.
1028009 SNPs with valid alleles.

Heritability of phenotype 1
---------------------------
Total Observed scale h2: 0.2715 (0.0573)
Lambda GC: 1.0016
Mean Chi^2: 1.2163
Intercept: 0.7539 (0.0338)
Ratio < 0 (usually indicates GC correction).

Heritability of phenotype 2/2
-----------------------------
Total Observed scale h2: 0.2007 (0.0488)
Lambda GC: 1.0135
Mean Chi^2: 1.1921
Intercept: 0.8853 (0.0577)
Ratio < 0 (usually indicates GC correction).

Genetic Covariance
------------------
Total Observed scale gencov: 0.0843 (0.0192)
Mean z1*z2: 0.2978
Intercept: 0.1653 (0.011)

Genetic Correlation
-------------------
Genetic Correlation: 0.361 (0.0552)
Z-score: 6.5441
P: 5.9849e-11


Summary of Genetic Correlation Results
p1                                   p2     rg      se       z           p  h2_obs  h2_obs_se  h2_int  h2_int_se  gcov_int  gcov_int_se
1_RawData/LDSC/trig_GWAS.sumstats.gz  1_RawData/LDSC/ldl_GWAS.sumstats.gz  0.361  0.0552  6.5441  5.9849e-11  0.2007     0.0488  0.8853     0.0577    0.1653        0.011

Analysis finished at Fri Nov 30 10:23:48 2018
Total time elapsed: 12.16s
