*********************************************************************
* LD Score Regression (LDSC)
* Version 1.0.0
* (C) 2014-2015 Brendan Bulik-Sullivan and Hilary Finucane
* Broad Institute of MIT and Harvard / MIT Department of Mathematics
* GNU General Public License v3
*********************************************************************
Call: 
./ldsc.py \
--ref-ld-chr /Users/sheaandrews/Programs/ldsc/eur_w_ld_chr/ \
--out 2_DerivedData/LDSC/trig_mvpa \
--rg 1_RawData/LDSC/trig_GWAS.sumstats.gz,1_RawData/LDSC/mvpa_GWAS.sumstats.gz \
--w-ld-chr /Users/sheaandrews/Programs/ldsc/eur_w_ld_chr/ 

Beginning analysis at Fri Nov 30 12:19:59 2018
Reading summary statistics from 1_RawData/LDSC/trig_GWAS.sumstats.gz ...
Read summary statistics for 1030697 SNPs.
Reading reference panel LD Score from /Users/sheaandrews/Programs/ldsc/eur_w_ld_chr/[1-22] ...
Read reference panel LD Scores for 1290028 SNPs.
Removing partitioned LD Scores with zero variance.
Reading regression weight LD Score from /Users/sheaandrews/Programs/ldsc/eur_w_ld_chr/[1-22] ...
Read regression weight LD Scores for 1290028 SNPs.
After merging with reference panel LD, 1028294 SNPs remain.
After merging with regression SNP LD, 1028294 SNPs remain.
Computing rg for phenotype 2/2
Reading summary statistics from 1_RawData/LDSC/mvpa_GWAS.sumstats.gz ...
Read summary statistics for 1217311 SNPs.
After merging with summary statistics, 1028294 SNPs remain.
1027047 SNPs with valid alleles.

Heritability of phenotype 1
---------------------------
Total Observed scale h2: 0.27 (0.0576)
Lambda GC: 1.0016
Mean Chi^2: 1.2167
Intercept: 0.7569 (0.0351)
Ratio < 0 (usually indicates GC correction).

Heritability of phenotype 2/2
-----------------------------
Total Observed scale h2: 0.046 (0.0025)
Lambda GC: 1.3101
Mean Chi^2: 1.3514
Intercept: 1.0134 (0.0103)
Ratio: 0.0382 (0.0294)

Genetic Covariance
------------------
Total Observed scale gencov: -0.0013 (0.0025)
Mean z1*z2: -0.011
Intercept: -0.0107 (0.0052)

Genetic Correlation
-------------------
Genetic Correlation: -0.012 (0.0228)
Z-score: -0.5269
P: 0.5982


Summary of Genetic Correlation Results
p1                                    p2     rg      se       z       p  h2_obs  h2_obs_se  h2_int  h2_int_se  gcov_int  gcov_int_se
1_RawData/LDSC/trig_GWAS.sumstats.gz  1_RawData/LDSC/mvpa_GWAS.sumstats.gz -0.012  0.0228 -0.5269  0.5982   0.046     0.0025  1.0134     0.0103   -0.0107       0.0052

Analysis finished at Fri Nov 30 12:20:13 2018
Total time elapsed: 14.24s
