*********************************************************************
* LD Score Regression (LDSC)
* Version 1.0.0
* (C) 2014-2015 Brendan Bulik-Sullivan and Hilary Finucane
* Broad Institute of MIT and Harvard / MIT Department of Mathematics
* GNU General Public License v3
*********************************************************************
Call: 
./ldsc.py \
--ref-ld-chr /Users/sheaandrews/Programs/ldsc/eur_w_ld_chr/ \
--out 2_DerivedData/LDSC/trig_audit \
--rg 1_RawData/LDSC/trig_GWAS.sumstats.gz,1_RawData/LDSC/audit_GWAS.sumstats.gz \
--w-ld-chr /Users/sheaandrews/Programs/ldsc/eur_w_ld_chr/ 

Beginning analysis at Fri Nov 30 08:53:33 2018
Reading summary statistics from 1_RawData/LDSC/trig_GWAS.sumstats.gz ...
Read summary statistics for 1030697 SNPs.
Reading reference panel LD Score from /Users/sheaandrews/Programs/ldsc/eur_w_ld_chr/[1-22] ...
Read reference panel LD Scores for 1290028 SNPs.
Removing partitioned LD Scores with zero variance.
Reading regression weight LD Score from /Users/sheaandrews/Programs/ldsc/eur_w_ld_chr/[1-22] ...
Read regression weight LD Scores for 1290028 SNPs.
After merging with reference panel LD, 1028294 SNPs remain.
After merging with regression SNP LD, 1028294 SNPs remain.
Computing rg for phenotype 2/2
Reading summary statistics from 1_RawData/LDSC/audit_GWAS.sumstats.gz ...
Read summary statistics for 1217311 SNPs.
After merging with summary statistics, 1028294 SNPs remain.
1019500 SNPs with valid alleles.

Heritability of phenotype 1
---------------------------
Total Observed scale h2: 0.2689 (0.057)
Lambda GC: 1.0016
Mean Chi^2: 1.2157
Intercept: 0.7574 (0.0347)
Ratio < 0 (usually indicates GC correction).

Heritability of phenotype 2/2
-----------------------------
Total Observed scale h2: 0.0906 (0.006)
Lambda GC: 1.194
Mean Chi^2: 1.2216
Intercept: 1.0061 (0.0079)
Ratio: 0.0275 (0.0355)

Genetic Covariance
------------------
Total Observed scale gencov: -0.0205 (0.0057)
Mean z1*z2: -0.0408
Intercept: 0.0061 (0.0063)

Genetic Correlation
-------------------
Genetic Correlation: -0.1314 (0.037)
Z-score: -3.5478
P: 0.0004


Summary of Genetic Correlation Results
p1                                     p2      rg     se       z       p  h2_obs  h2_obs_se  h2_int  h2_int_se  gcov_int  gcov_int_se
1_RawData/LDSC/trig_GWAS.sumstats.gz  1_RawData/LDSC/audit_GWAS.sumstats.gz -0.1314  0.037 -3.5478  0.0004  0.0906      0.006  1.0061     0.0079    0.0061       0.0063

Analysis finished at Fri Nov 30 08:53:46 2018
Total time elapsed: 13.01s
