*********************************************************************
* LD Score Regression (LDSC)
* Version 1.0.0
* (C) 2014-2015 Brendan Bulik-Sullivan and Hilary Finucane
* Broad Institute of MIT and Harvard / MIT Department of Mathematics
* GNU General Public License v3
*********************************************************************
Call: 
./ldsc.py \
--ref-ld-chr /Users/sheaandrews/Programs/ldsc/eur_w_ld_chr/ \
--out 2_DerivedData/LDSC/trig_hear \
--rg 1_RawData/LDSC/trig_GWAS.sumstats.gz,1_RawData/LDSC/hear_GWAS.sumstats.gz \
--w-ld-chr /Users/sheaandrews/Programs/ldsc/eur_w_ld_chr/ 

Beginning analysis at Fri Nov 30 11:21:49 2018
Reading summary statistics from 1_RawData/LDSC/trig_GWAS.sumstats.gz ...
Read summary statistics for 1030697 SNPs.
Reading reference panel LD Score from /Users/sheaandrews/Programs/ldsc/eur_w_ld_chr/[1-22] ...
Read reference panel LD Scores for 1290028 SNPs.
Removing partitioned LD Scores with zero variance.
Reading regression weight LD Score from /Users/sheaandrews/Programs/ldsc/eur_w_ld_chr/[1-22] ...
Read regression weight LD Scores for 1290028 SNPs.
After merging with reference panel LD, 1028294 SNPs remain.
After merging with regression SNP LD, 1028294 SNPs remain.
Computing rg for phenotype 2/2
Reading summary statistics from 1_RawData/LDSC/hear_GWAS.sumstats.gz ...
Read summary statistics for 1217311 SNPs.
After merging with summary statistics, 1028294 SNPs remain.
1023585 SNPs with valid alleles.

Heritability of phenotype 1
---------------------------
Total Observed scale h2: 0.2695 (0.0573)
Lambda GC: 1.0016
Mean Chi^2: 1.2165
Intercept: 0.757 (0.0351)
Ratio < 0 (usually indicates GC correction).

Heritability of phenotype 2/2
-----------------------------
Total Observed scale h2: 0.0408 (0.0023)
Lambda GC: 1.2398
Mean Chi^2: 1.2988
Intercept: 1.0141 (0.0087)
Ratio: 0.0473 (0.0293)

Genetic Covariance
------------------
Total Observed scale gencov: -0.0048 (0.0028)
Mean z1*z2: -0.0272
Intercept: -0.008 (0.0058)

Genetic Correlation
-------------------
Genetic Correlation: -0.046 (0.0291)
Z-score: -1.5836
P: 0.1133


Summary of Genetic Correlation Results
p1                                    p2     rg      se       z       p  h2_obs  h2_obs_se  h2_int  h2_int_se  gcov_int  gcov_int_se
1_RawData/LDSC/trig_GWAS.sumstats.gz  1_RawData/LDSC/hear_GWAS.sumstats.gz -0.046  0.0291 -1.5836  0.1133  0.0408     0.0023  1.0141     0.0087    -0.008       0.0058

Analysis finished at Fri Nov 30 11:22:01 2018
Total time elapsed: 12.3s
