*********************************************************************
* LD Score Regression (LDSC)
* Version 1.0.0
* (C) 2014-2015 Brendan Bulik-Sullivan and Hilary Finucane
* Broad Institute of MIT and Harvard / MIT Department of Mathematics
* GNU General Public License v3
*********************************************************************
Call: 
./ldsc.py \
--ref-ld-chr /Users/sheaandrews/Programs/ldsc/eur_w_ld_chr/ \
--out 2_DerivedData/LDSC/trig_alcd \
--rg 1_RawData/LDSC/trig_GWAS.sumstats.gz,1_RawData/LDSC/alcd_GWAS.sumstats.gz \
--w-ld-chr /Users/sheaandrews/Programs/ldsc/eur_w_ld_chr/ 

Beginning analysis at Fri Nov 30 10:13:33 2018
Reading summary statistics from 1_RawData/LDSC/trig_GWAS.sumstats.gz ...
Read summary statistics for 1030697 SNPs.
Reading reference panel LD Score from /Users/sheaandrews/Programs/ldsc/eur_w_ld_chr/[1-22] ...
Read reference panel LD Scores for 1290028 SNPs.
Removing partitioned LD Scores with zero variance.
Reading regression weight LD Score from /Users/sheaandrews/Programs/ldsc/eur_w_ld_chr/[1-22] ...
Read regression weight LD Scores for 1290028 SNPs.
After merging with reference panel LD, 1028294 SNPs remain.
After merging with regression SNP LD, 1028294 SNPs remain.
Computing rg for phenotype 2/2
Reading summary statistics from 1_RawData/LDSC/alcd_GWAS.sumstats.gz ...
Read summary statistics for 1217311 SNPs.
After merging with summary statistics, 1028294 SNPs remain.
994128 SNPs with valid alleles.

Heritability of phenotype 1
---------------------------
Total Observed scale h2: 0.2791 (0.0593)
Lambda GC: 1.0046
Mean Chi^2: 1.2221
Intercept: 0.7388 (0.0369)
Ratio < 0 (usually indicates GC correction).

Heritability of phenotype 2/2
-----------------------------
Total Observed scale h2: 0.1861 (0.0527)
Lambda GC: 1.0557
Mean Chi^2: 1.0548
Intercept: 1.0238 (0.0061)
Ratio: 0.4346 (0.1111)

Genetic Covariance
------------------
Total Observed scale gencov: 0.0142 (0.0154)
Mean z1*z2: 0.0106
Intercept: 0.0037 (0.0052)

Genetic Correlation
-------------------
Genetic Correlation: 0.0622 (0.0699)
Z-score: 0.8898
P: 0.3736


Summary of Genetic Correlation Results
p1                                    p2      rg      se       z       p  h2_obs  h2_obs_se  h2_int  h2_int_se  gcov_int  gcov_int_se
1_RawData/LDSC/trig_GWAS.sumstats.gz  1_RawData/LDSC/alcd_GWAS.sumstats.gz  0.0622  0.0699  0.8898  0.3736  0.1861     0.0527  1.0238     0.0061    0.0037       0.0052

Analysis finished at Fri Nov 30 10:13:45 2018
Total time elapsed: 12.0s
