*********************************************************************
* LD Score Regression (LDSC)
* Version 1.0.0
* (C) 2014-2015 Brendan Bulik-Sullivan and Hilary Finucane
* Broad Institute of MIT and Harvard / MIT Department of Mathematics
* GNU General Public License v3
*********************************************************************
Call: 
./ldsc.py \
--ref-ld-chr /Users/sheaandrews/Programs/ldsc/eur_w_ld_chr/ \
--out 2_DerivedData/LDSC/vbiany_load \
--rg 1_RawData/LDSC/vbiany_GWAS.sumstats.gz,1_RawData/LDSC/load_GWAS.sumstats.gz \
--w-ld-chr /Users/sheaandrews/Programs/ldsc/eur_w_ld_chr/ 

Beginning analysis at Fri Nov 30 13:57:46 2018
Reading summary statistics from 1_RawData/LDSC/vbiany_GWAS.sumstats.gz ...
Read summary statistics for 1184667 SNPs.
Reading reference panel LD Score from /Users/sheaandrews/Programs/ldsc/eur_w_ld_chr/[1-22] ...
Read reference panel LD Scores for 1290028 SNPs.
Removing partitioned LD Scores with zero variance.
Reading regression weight LD Score from /Users/sheaandrews/Programs/ldsc/eur_w_ld_chr/[1-22] ...
Read regression weight LD Scores for 1290028 SNPs.
After merging with reference panel LD, 1173832 SNPs remain.
After merging with regression SNP LD, 1173832 SNPs remain.
Computing rg for phenotype 2/2
Reading summary statistics from 1_RawData/LDSC/load_GWAS.sumstats.gz ...
Read summary statistics for 1217311 SNPs.
After merging with summary statistics, 1173832 SNPs remain.
1144186 SNPs with valid alleles.

Heritability of phenotype 1
---------------------------
Total Observed scale h2: 0.1287 (0.0887)
Lambda GC: 0.9927
Mean Chi^2: 0.994
Intercept: 0.9815 (0.0067)
Ratio: NA (mean chi^2 < 1)

Heritability of phenotype 2/2
-----------------------------
Total Observed scale h2: 0.0452 (0.0207)
Lambda GC: 1.0926
Mean Chi^2: 1.1144
Intercept: 1.0653 (0.0291)
Ratio: 0.5708 (0.2547)

Genetic Covariance
------------------
Total Observed scale gencov: 0.0089 (0.0219)
Mean z1*z2: 0.0076
Intercept: 0.0043 (0.0049)

Genetic Correlation
-------------------
Genetic Correlation: 0.1171 (0.2923)
Z-score: 0.4006
P: 0.6887


Summary of Genetic Correlation Results
p1                                    p2      rg      se       z       p  h2_obs  h2_obs_se  h2_int  h2_int_se  gcov_int  gcov_int_se
1_RawData/LDSC/vbiany_GWAS.sumstats.gz  1_RawData/LDSC/load_GWAS.sumstats.gz  0.1171  0.2923  0.4006  0.6887  0.0452     0.0207  1.0653     0.0291    0.0043       0.0049

Analysis finished at Fri Nov 30 13:58:00 2018
Total time elapsed: 14.1s
