*********************************************************************
* LD Score Regression (LDSC)
* Version 1.0.0
* (C) 2014-2015 Brendan Bulik-Sullivan and Hilary Finucane
* Broad Institute of MIT and Harvard / MIT Department of Mathematics
* GNU General Public License v3
*********************************************************************
Call: 
./ldsc.py \
--ref-ld-chr /Users/sheaandrews/Programs/ldsc/eur_w_ld_chr/ \
--out 2_DerivedData/LDSC/vbiany_hdl \
--rg 1_RawData/LDSC/vbiany_GWAS.sumstats.gz,1_RawData/LDSC/hdl_GWAS.sumstats.gz \
--w-ld-chr /Users/sheaandrews/Programs/ldsc/eur_w_ld_chr/ 

Beginning analysis at Fri Nov 30 12:11:03 2018
Reading summary statistics from 1_RawData/LDSC/vbiany_GWAS.sumstats.gz ...
Read summary statistics for 1184667 SNPs.
Reading reference panel LD Score from /Users/sheaandrews/Programs/ldsc/eur_w_ld_chr/[1-22] ...
Read reference panel LD Scores for 1290028 SNPs.
Removing partitioned LD Scores with zero variance.
Reading regression weight LD Score from /Users/sheaandrews/Programs/ldsc/eur_w_ld_chr/[1-22] ...
Read regression weight LD Scores for 1290028 SNPs.
After merging with reference panel LD, 1173832 SNPs remain.
After merging with regression SNP LD, 1173832 SNPs remain.
Computing rg for phenotype 2/2
Reading summary statistics from 1_RawData/LDSC/hdl_GWAS.sumstats.gz ...
Read summary statistics for 1217311 SNPs.
After merging with summary statistics, 1173832 SNPs remain.
1025823 SNPs with valid alleles.

Heritability of phenotype 1
---------------------------
Total Observed scale h2: 0.1414 (0.084)
Lambda GC: 0.9927
Mean Chi^2: 0.996
Intercept: 0.9823 (0.0071)
Ratio: NA (mean chi^2 < 1)

Heritability of phenotype 2/2
-----------------------------
Total Observed scale h2: 0.2368 (0.0364)
Lambda GC: 1.0195
Mean Chi^2: 1.2083
Intercept: 0.8106 (0.0273)
Ratio < 0 (usually indicates GC correction).

Genetic Covariance
------------------
Total Observed scale gencov: 0.0177 (0.0171)
Mean z1*z2: 0.0044
Intercept: -0.0029 (0.0049)

Genetic Correlation
-------------------
Genetic Correlation: 0.0969 (0.1011)
Z-score: 0.9587
P: 0.3377


Summary of Genetic Correlation Results
p1                                   p2      rg      se       z       p  h2_obs  h2_obs_se  h2_int  h2_int_se  gcov_int  gcov_int_se
1_RawData/LDSC/vbiany_GWAS.sumstats.gz  1_RawData/LDSC/hdl_GWAS.sumstats.gz  0.0969  0.1011  0.9587  0.3377  0.2368     0.0364  0.8106     0.0273   -0.0029       0.0049

Analysis finished at Fri Nov 30 12:11:16 2018
Total time elapsed: 12.55s
