*********************************************************************
* LD Score Regression (LDSC)
* Version 1.0.0
* (C) 2014-2015 Brendan Bulik-Sullivan and Hilary Finucane
* Broad Institute of MIT and Harvard / MIT Department of Mathematics
* GNU General Public License v3
*********************************************************************
Call: 
./ldsc.py \
--ref-ld-chr /Users/sheaandrews/Programs/ldsc/eur_w_ld_chr/ \
--out 2_DerivedData/LDSC/vbiany_educ \
--rg 1_RawData/LDSC/vbiany_GWAS.sumstats.gz,1_RawData/LDSC/educ_GWAS.sumstats.gz \
--w-ld-chr /Users/sheaandrews/Programs/ldsc/eur_w_ld_chr/ 

Beginning analysis at Fri Nov 30 14:45:18 2018
Reading summary statistics from 1_RawData/LDSC/vbiany_GWAS.sumstats.gz ...
Read summary statistics for 1184667 SNPs.
Reading reference panel LD Score from /Users/sheaandrews/Programs/ldsc/eur_w_ld_chr/[1-22] ...
Read reference panel LD Scores for 1290028 SNPs.
Removing partitioned LD Scores with zero variance.
Reading regression weight LD Score from /Users/sheaandrews/Programs/ldsc/eur_w_ld_chr/[1-22] ...
Read regression weight LD Scores for 1290028 SNPs.
After merging with reference panel LD, 1173832 SNPs remain.
After merging with regression SNP LD, 1173832 SNPs remain.
Computing rg for phenotype 2/2
Reading summary statistics from 1_RawData/LDSC/educ_GWAS.sumstats.gz ...
Read summary statistics for 1217311 SNPs.
After merging with summary statistics, 1173832 SNPs remain.
2142 SNPs with valid alleles.
WARNING: number of SNPs less than 200k; this is almost always bad.

Heritability of phenotype 1
---------------------------
Total Observed scale h2: -0.2782 (0.98)
Lambda GC: 1.024
Mean Chi^2: 1.034
Intercept: 1.0626 (0.1054)
Ratio: 1.841 (3.0986)

Heritability of phenotype 2/2
-----------------------------
Total Observed scale h2: 0.3606 (0.0384)
Lambda GC: 48.0449
Mean Chi^2: 27.4486
Intercept: 19.3543 (0.6033)
Ratio: 0.694 (0.0228)

Genetic Covariance
------------------
Total Observed scale gencov: 0.2746 (0.2177)
Mean z1*z2: -0.0075
Intercept: -0.4436 (0.3414)

Genetic Correlation
-------------------
Genetic Correlation: nan (nan) (h2  out of bounds) 
Z-score: nan (nan) (h2  out of bounds)
P: nan (nan) (h2  out of bounds)
WARNING: One of the h2's was out of bounds.
This usually indicates a data-munging error or that h2 or N is low.


Summary of Genetic Correlation Results
p1                                    p2  rg  se   z   p  h2_obs  h2_obs_se   h2_int  h2_int_se  gcov_int  gcov_int_se
1_RawData/LDSC/vbiany_GWAS.sumstats.gz  1_RawData/LDSC/educ_GWAS.sumstats.gz  NA  NA  NA  NA  0.3606     0.0384  19.3543     0.6033   -0.4436       0.3414

Analysis finished at Fri Nov 30 14:45:29 2018
Total time elapsed: 10.93s
