*********************************************************************
* LD Score Regression (LDSC)
* Version 1.0.0
* (C) 2014-2015 Brendan Bulik-Sullivan and Hilary Finucane
* Broad Institute of MIT and Harvard / MIT Department of Mathematics
* GNU General Public License v3
*********************************************************************
Call: 
./ldsc.py \
--ref-ld-chr /Users/sheaandrews/Programs/ldsc/eur_w_ld_chr/ \
--out 2_DerivedData/LDSC/vbiany_mvpa \
--rg 1_RawData/LDSC/vbiany_GWAS.sumstats.gz,1_RawData/LDSC/mvpa_GWAS.sumstats.gz \
--w-ld-chr /Users/sheaandrews/Programs/ldsc/eur_w_ld_chr/ 

Beginning analysis at Fri Nov 30 14:18:52 2018
Reading summary statistics from 1_RawData/LDSC/vbiany_GWAS.sumstats.gz ...
Read summary statistics for 1184667 SNPs.
Reading reference panel LD Score from /Users/sheaandrews/Programs/ldsc/eur_w_ld_chr/[1-22] ...
Read reference panel LD Scores for 1290028 SNPs.
Removing partitioned LD Scores with zero variance.
Reading regression weight LD Score from /Users/sheaandrews/Programs/ldsc/eur_w_ld_chr/[1-22] ...
Read regression weight LD Scores for 1290028 SNPs.
After merging with reference panel LD, 1173832 SNPs remain.
After merging with regression SNP LD, 1173832 SNPs remain.
Computing rg for phenotype 2/2
Reading summary statistics from 1_RawData/LDSC/mvpa_GWAS.sumstats.gz ...
Read summary statistics for 1217311 SNPs.
After merging with summary statistics, 1173832 SNPs remain.
1169041 SNPs with valid alleles.

Heritability of phenotype 1
---------------------------
Total Observed scale h2: 0.1863 (0.088)
Lambda GC: 0.9957
Mean Chi^2: 0.9973
Intercept: 0.9793 (0.0068)
Ratio: NA (mean chi^2 < 1)

Heritability of phenotype 2/2
-----------------------------
Total Observed scale h2: 0.0461 (0.0024)
Lambda GC: 1.3101
Mean Chi^2: 1.3511
Intercept: 1.0132 (0.0092)
Ratio: 0.0376 (0.0261)

Genetic Covariance
------------------
Total Observed scale gencov: 0.0125 (0.0094)
Mean z1*z2: 0.009
Intercept: -0.0023 (0.0044)

Genetic Correlation
-------------------
Genetic Correlation: 0.1351 (0.1059)
Z-score: 1.2755
P: 0.2021


Summary of Genetic Correlation Results
p1                                    p2      rg      se       z       p  h2_obs  h2_obs_se  h2_int  h2_int_se  gcov_int  gcov_int_se
1_RawData/LDSC/vbiany_GWAS.sumstats.gz  1_RawData/LDSC/mvpa_GWAS.sumstats.gz  0.1351  0.1059  1.2755  0.2021  0.0461     0.0024  1.0132     0.0092   -0.0023       0.0044

Analysis finished at Fri Nov 30 14:19:04 2018
Total time elapsed: 12.71s
