*********************************************************************
* LD Score Regression (LDSC)
* Version 1.0.0
* (C) 2014-2015 Brendan Bulik-Sullivan and Hilary Finucane
* Broad Institute of MIT and Harvard / MIT Department of Mathematics
* GNU General Public License v3
*********************************************************************
Call: 
./ldsc.py \
--ref-ld-chr /Users/sheaandrews/Programs/ldsc/eur_w_ld_chr/ \
--out 2_DerivedData/LDSC/vbiany_nft4 \
--rg 1_RawData/LDSC/vbiany_GWAS.sumstats.gz,1_RawData/LDSC/nft4_GWAS.sumstats.gz \
--w-ld-chr /Users/sheaandrews/Programs/ldsc/eur_w_ld_chr/ 

Beginning analysis at Fri Nov 30 14:14:36 2018
Reading summary statistics from 1_RawData/LDSC/vbiany_GWAS.sumstats.gz ...
Read summary statistics for 1184667 SNPs.
Reading reference panel LD Score from /Users/sheaandrews/Programs/ldsc/eur_w_ld_chr/[1-22] ...
Read reference panel LD Scores for 1290028 SNPs.
Removing partitioned LD Scores with zero variance.
Reading regression weight LD Score from /Users/sheaandrews/Programs/ldsc/eur_w_ld_chr/[1-22] ...
Read regression weight LD Scores for 1290028 SNPs.
After merging with reference panel LD, 1173832 SNPs remain.
After merging with regression SNP LD, 1173832 SNPs remain.
Computing rg for phenotype 2/2
Reading summary statistics from 1_RawData/LDSC/nft4_GWAS.sumstats.gz ...
Read summary statistics for 1217311 SNPs.
After merging with summary statistics, 1173832 SNPs remain.
1173673 SNPs with valid alleles.

Heritability of phenotype 1
---------------------------
Total Observed scale h2: 0.2 (0.0871)
Lambda GC: 0.9957
Mean Chi^2: 0.9969
Intercept: 0.9777 (0.0068)
Ratio: NA (mean chi^2 < 1)

Heritability of phenotype 2/2
-----------------------------
Total Observed scale h2: 0.017 (0.086)
Lambda GC: 0.9751
Mean Chi^2: 0.9794
Intercept: 0.9778 (0.0076)
Ratio: NA (mean chi^2 < 1)

Genetic Covariance
------------------
Total Observed scale gencov: 0.0549 (0.0628)
Mean z1*z2: 0.0187
Intercept: 0.0135 (0.0042)

Genetic Correlation
-------------------
Genetic Correlation: 0.941 (4.4632)
Z-score: 0.2108
P: 0.833


Summary of Genetic Correlation Results
p1                                    p2     rg      se       z      p  h2_obs  h2_obs_se  h2_int  h2_int_se  gcov_int  gcov_int_se
1_RawData/LDSC/vbiany_GWAS.sumstats.gz  1_RawData/LDSC/nft4_GWAS.sumstats.gz  0.941  4.4632  0.2108  0.833   0.017      0.086  0.9778     0.0076    0.0135       0.0042

Analysis finished at Fri Nov 30 14:14:49 2018
Total time elapsed: 12.97s
